Log file open, 01/11/22 23:21:05
LogWindows: Failed to load 'aqProf.dll' (GetLastError=126)
LogWindows: File 'aqProf.dll' does not exist
LogWindows: Failed to load 'VtuneApi.dll' (GetLastError=126)
LogWindows: File 'VtuneApi.dll' does not exist
LogWindows: Failed to load 'VtuneApi32e.dll' (GetLastError=126)
LogWindows: File 'VtuneApi32e.dll' does not exist
LogConsoleResponse: Display: Failed to find resolution value strings in scalability ini. Falling back to default.
LogConsoleResponse: Display: Failed to find resolution value strings in scalability ini. Falling back to default.
LogInit: Display: Running engine for game: Alice
LogPlatformFile: Not using cached read wrapper
LogTaskGraph: Started task graph with 5 named threads and 23 total threads with 3 sets of task threads.
LogStats: Stats thread started at 0.444286
LogICUInternationalization: ICU TimeZone Detection - Raw Offset: +1:00, Platform Override: ''
LogInit: Display: Loading text-based GConfig....
LogPluginManager: Mounting plugin MeshPainting
LogPluginManager: Mounting plugin XGEController
LogPluginManager: Mounting plugin Paper2D
LogPluginManager: Mounting plugin AISupport
LogPluginManager: Mounting plugin EnvironmentQueryEditor
LogPluginManager: Mounting plugin LiveLink
LogPluginManager: Mounting plugin LightPropagationVolume
LogPluginManager: Mounting plugin CameraShakePreviewer
LogPluginManager: Mounting plugin GameplayCameras
LogPluginManager: Mounting plugin DatasmithContent
LogPluginManager: Mounting plugin VariantManagerContent
LogPluginManager: Mounting plugin OodleData
LogPluginManager: Mounting plugin OodleNetwork
LogPluginManager: Mounting plugin Niagara
LogPluginManager: Mounting plugin AnimationSharing
LogPluginManager: Mounting plugin CLionSourceCodeAccess
LogPluginManager: Mounting plugin CodeLiteSourceCodeAccess
LogPluginManager: Mounting plugin GitSourceControl
LogPluginManager: Mounting plugin KDevelopSourceCodeAccess
LogPluginManager: Mounting plugin NullSourceCodeAccess
LogPluginManager: Mounting plugin PerforceSourceControl
LogPluginManager: Mounting plugin PlasticSourceControl
LogPluginManager: Mounting plugin PixWinPlugin
LogPluginManager: Mounting plugin RiderSourceCodeAccess
LogPluginManager: Mounting plugin AssetManagerEditor
LogPluginManager: Mounting plugin PropertyAccessNode
LogPluginManager: Mounting plugin PluginUtils
LogPluginManager: Mounting plugin SubversionSourceControl
LogPluginManager: Mounting plugin UObjectPlugin
LogPluginManager: Mounting plugin CryptoKeys
LogPluginManager: Mounting plugin CurveEditorTools
LogPluginManager: Mounting plugin DataValidation
LogPluginManager: Mounting plugin TextureFormatOodle
LogPluginManager: Mounting plugin VisualStudioCodeSourceCodeAccess
LogPluginManager: Mounting plugin FacialAnimation
LogPluginManager: Mounting plugin VisualStudioSourceCodeAccess
LogPluginManager: Mounting plugin XCodeSourceCodeAccess
LogPluginManager: Mounting plugin GeometryMode
LogPluginManager: Mounting plugin GameplayTagsEditor
LogPluginManager: Mounting plugin MacGraphicsSwitching
LogPluginManager: Mounting plugin MaterialAnalyzer
LogPluginManager: Mounting plugin MobileLauncherProfileWizard
LogPluginManager: Mounting plugin PluginBrowser
LogPluginManager: Mounting plugin SpeedTreeImporter
LogPluginManager: Mounting plugin AlembicImporter
LogPluginManager: Mounting plugin AutomationUtils
LogPluginManager: Mounting plugin BackChannel
LogPluginManager: Mounting plugin ChaosCloth
LogPluginManager: Mounting plugin ChaosClothEditor
LogPluginManager: Mounting plugin ChaosEditor
LogPluginManager: Mounting plugin ChaosNiagara
LogPluginManager: Mounting plugin ChaosSolverPlugin
LogPluginManager: Mounting plugin CharacterAI
LogPluginManager: Mounting plugin GeometryCache
LogPluginManager: Mounting plugin GeometryCollectionPlugin
LogPluginManager: Mounting plugin GeometryProcessing
LogPluginManager: Mounting plugin LuminPlatformFeatures
LogPluginManager: Mounting plugin MagicLeap
LogPluginManager: Mounting plugin MotoSynth
LogPluginManager: Mounting plugin OpenImageDenoise
LogPluginManager: Mounting plugin PlatformCrypto
LogPluginManager: Mounting plugin PlanarCut
LogPluginManager: Mounting plugin ProxyLODPlugin
LogPluginManager: Mounting plugin MagicLeapLightEstimation
LogPluginManager: Mounting plugin PythonScriptPlugin
LogPluginManager: Mounting plugin AndroidMedia
LogPluginManager: Mounting plugin MagicLeapMedia
LogPluginManager: Mounting plugin MagicLeapPassableWorld
LogPluginManager: Mounting plugin AvfMedia
LogPluginManager: Mounting plugin SkeletalReduction
LogPluginManager: Mounting plugin MLSDK
LogPluginManager: Mounting plugin ImgMedia
LogPluginManager: Mounting plugin MediaCompositing
LogPluginManager: Mounting plugin MediaPlayerEditor
LogPluginManager: Mounting plugin WebMMedia
LogPluginManager: Mounting plugin WmfMedia
LogPluginManager: Mounting plugin UdpMessaging
LogPluginManager: Mounting plugin TcpMessaging
LogPluginManager: Mounting plugin ActorSequence
LogPluginManager: Mounting plugin LevelSequenceEditor
LogPluginManager: Mounting plugin MatineeToLevelSequence
LogPluginManager: Mounting plugin TemplateSequence
LogPluginManager: Mounting plugin LauncherChunkInstaller
LogPluginManager: Mounting plugin ActorLayerUtilities
LogPluginManager: Mounting plugin AndroidMoviePlayer
LogPluginManager: Mounting plugin AndroidPermission
LogPluginManager: Mounting plugin AndroidDeviceProfileSelector
LogPluginManager: Mounting plugin AppleImageUtils
LogPluginManager: Mounting plugin AssetTags
LogPluginManager: Mounting plugin AudioCapture
LogPluginManager: Mounting plugin AppleMoviePlayer
LogPluginManager: Mounting plugin ArchVisCharacter
LogPluginManager: Mounting plugin ChunkDownloader
LogPluginManager: Mounting plugin CableComponent
LogPluginManager: Mounting plugin CustomMeshComponent
LogPluginManager: Mounting plugin EditableMesh
LogPluginManager: Mounting plugin AudioSynesthesia
LogPluginManager: Mounting plugin ExampleDeviceProfileSelector
LogPluginManager: Mounting plugin GoogleCloudMessaging
LogPluginManager: Mounting plugin GooglePAD
LogPluginManager: Mounting plugin OnlineSubsystem
LogPluginManager: Mounting plugin OnlineSubsystemNull
LogPluginManager: Mounting plugin OnlineSubsystemUtils
LogPluginManager: Mounting plugin IOSDeviceProfileSelector
LogPluginManager: Mounting plugin LinuxDeviceProfileSelector
LogPluginManager: Mounting plugin LocationServicesBPLibrary
LogPluginManager: Mounting plugin MobilePatchingUtils
LogPluginManager: Mounting plugin OpenXR
LogPluginManager: Mounting plugin OpenXREyeTracker
LogPluginManager: Mounting plugin OpenXRHandTracking
LogPluginManager: Mounting plugin PhysXVehicles
LogPluginManager: Mounting plugin PostSplashScreen
LogPluginManager: Mounting plugin ProceduralMeshComponent
LogPluginManager: Mounting plugin PropertyAccessEditor
LogPluginManager: Mounting plugin RuntimePhysXCooking
LogPluginManager: Mounting plugin SignificanceManager
LogPluginManager: Mounting plugin SoundFields
LogPluginManager: Mounting plugin Synthesis
LogPluginManager: Mounting plugin WebMMoviePlayer
LogPluginManager: Mounting plugin WindowsMoviePlayer
LogPluginManager: Mounting plugin ScreenshotTools
LogPluginManager: Mounting plugin Takes
LogPluginManager: Mounting plugin ContentBrowserAssetDataSource
LogPluginManager: Mounting plugin ContentBrowserClassDataSource
LogPluginManager: Mounting plugin ContentBrowserFileDataSource
LogPluginManager: Mounting plugin OnlineSubsystemGooglePlay
LogPluginManager: Mounting plugin OnlineSubsystemIOS
LogPluginManager: Mounting plugin OculusVR
LogPluginManager: Mounting plugin SteamVR
PixWinPlugin: PIX capture plugin failed to initialize! Check that the process is launched from PIX.
LogInit: Using libcurl 7.55.1-DEV
LogInit:  - built for x86_64-pc-win32
LogInit:  - supports SSL with OpenSSL/1.1.1
LogInit:  - supports HTTP deflate (compression) using libz 1.2.8
LogInit:  - other features:
LogInit:      CURL_VERSION_SSL
LogInit:      CURL_VERSION_LIBZ
LogInit:      CURL_VERSION_IPV6
LogInit:      CURL_VERSION_ASYNCHDNS
LogInit:      CURL_VERSION_LARGEFILE
LogInit:      CURL_VERSION_IDN
LogInit:  CurlRequestOptions (configurable via config and command line):
LogInit:  - bVerifyPeer = true  - Libcurl will verify peer certificate
LogInit:  - bUseHttpProxy = false  - Libcurl will NOT use HTTP proxy
LogInit:  - bDontReuseConnections = false  - Libcurl will reuse connections
LogInit:  - MaxHostConnections = 16  - Libcurl will limit the number of connections to a host
LogInit:  - LocalHostAddr = Default
LogInit:  - BufferSize = 65536
LogOnline: OSS: Creating online subsystem instance for: NULL
LogInit: WinSock: version 1.1 (2.2), MaxSocks=32767, MaxUdp=65467
LogOnline: OSS: TryLoadSubsystemAndSetDefault: Loaded subsystem for module [NULL]
LogOculusPluginWrapper: OculusPlugin initialized successfully
LogHMD: Failed initializing OVRPlugin 1.59.0
LogInit: Build: ++UE4+Release-4.27-CL-18319896
LogInit: Engine Version: 4.27.2-18319896+++UE4+Release-4.27
LogInit: Compatible Engine Version: 4.27.0-17155196+++UE4+Release-4.27
LogInit: Net CL: 17155196
LogInit: OS: Windows 10 (Release 2009) (), CPU: AMD Ryzen 7 3700U with Radeon Vega Mobile Gfx  , GPU: AMD Radeon(TM) RX Vega 10 Graphics
LogInit: Compiled (64-bit): Nov 30 2021 07:12:08
LogInit: Compiled with Visual C++: 19.24.28315.00
LogInit: Build Configuration: Development
LogInit: Branch Name: ++UE4+Release-4.27
LogInit: Command Line:  /Game/Maps/MainMenu -game -PIEVIACONSOLE -Multiprocess GameUserSettingsINI=D:/kinde/Alice/Saved/Config/Windows/PIEGameUserSettings0.ini -MultiprocessSaveConfig -forcepassthrough -messaging -SessionName="Play in Standalone Game" -windowed -ResX=1280 -ResY=720
LogInit: Base Directory: D:/Program Files/Epic Games/UE_4.27/Engine/Binaries/Win64/
LogInit: Allocator: TBB
LogInit: Installed Engine Build: 1
LogDevObjectVersion: Number of dev versions registered: 29
LogDevObjectVersion:   Dev-Blueprints (B0D832E4-1F89-4F0D-ACCF-7EB736FD4AA2): 10
LogDevObjectVersion:   Dev-Build (E1C64328-A22C-4D53-A36C-8E866417BD8C): 0
LogDevObjectVersion:   Dev-Core (375EC13C-06E4-48FB-B500-84F0262A717E): 4
LogDevObjectVersion:   Dev-Editor (E4B068ED-F494-42E9-A231-DA0B2E46BB41): 40
LogDevObjectVersion:   Dev-Framework (CFFC743F-43B0-4480-9391-14DF171D2073): 37
LogDevObjectVersion:   Dev-Mobile (B02B49B5-BB20-44E9-A304-32B752E40360): 3
LogDevObjectVersion:   Dev-Networking (A4E4105C-59A1-49B5-A7C5-40C4547EDFEE): 0
LogDevObjectVersion:   Dev-Online (39C831C9-5AE6-47DC-9A44-9C173E1C8E7C): 0
LogDevObjectVersion:   Dev-Physics (78F01B33-EBEA-4F98-B9B4-84EACCB95AA2): 14
LogDevObjectVersion:   Dev-Platform (6631380F-2D4D-43E0-8009-CF276956A95A): 0
LogDevObjectVersion:   Dev-Rendering (12F88B9F-8875-4AFC-A67C-D90C383ABD29): 45
LogDevObjectVersion:   Dev-Sequencer (7B5AE74C-D270-4C10-A958-57980B212A5A): 13
LogDevObjectVersion:   Dev-VR (D7296918-1DD6-4BDD-9DE2-64A83CC13884): 3
LogDevObjectVersion:   Dev-LoadTimes (C2A15278-BFE7-4AFE-6C17-90FF531DF755): 1
LogDevObjectVersion:   Private-Geometry (6EACA3D4-40EC-4CC1-B786-8BED09428FC5): 3
LogDevObjectVersion:   Dev-AnimPhys (29E575DD-E0A3-4627-9D10-D276232CDCEA): 17
LogDevObjectVersion:   Dev-Anim (AF43A65D-7FD3-4947-9873-3E8ED9C1BB05): 15
LogDevObjectVersion:   Dev-ReflectionCapture (6B266CEC-1EC7-4B8F-A30B-E4D90942FC07): 1
LogDevObjectVersion:   Dev-Automation (0DF73D61-A23F-47EA-B727-89E90C41499A): 1
LogDevObjectVersion:   FortniteMain (601D1886-AC64-4F84-AA16-D3DE0DEAC7D6): 47
LogDevObjectVersion:   FortniteRelease (E7086368-6B23-4C58-8439-1B7016265E91): 1
LogDevObjectVersion:   Dev-Enterprise (9DFFBCD6-494F-0158-E221-12823C92A888): 10
LogDevObjectVersion:   Dev-Niagara (F2AED0AC-9AFE-416F-8664-AA7FFA26D6FC): 1
LogDevObjectVersion:   Dev-Destruction (174F1F0B-B4C6-45A5-B13F-2EE8D0FB917D): 10
LogDevObjectVersion:   Dev-Physics-Ext (35F94A83-E258-406C-A318-09F59610247C): 41
LogDevObjectVersion:   Dev-PhysicsMaterial-Chaos (B68FC16E-8B1B-42E2-B453-215C058844FE): 1
LogDevObjectVersion:   Dev-CineCamera (B2E18506-4273-CFC2-A54E-F4BB758BBA07): 1
LogDevObjectVersion:   Dev-VirtualProduction (64F58936-FD1B-42BA-BA96-7289D5D0FA4E): 1
LogDevObjectVersion:   Dev-MediaFramework (6F0ED827-A609-4895-9C91-998D90180EA4): 2
LogInit: Presizing for max 25165824 objects, including 0 objects not considered by GC, pre-allocating 0 bytes for permanent pool.
LogConfig: Applying CVar settings from Section [/Script/Engine.StreamingSettings] File [D:/kinde/Alice/Saved/Config/Windows/Engine.ini]
LogConfig: Setting CVar [[s.MinBulkDataSizeForAsyncLoading:131072]]
LogConfig: Setting CVar [[s.AsyncLoadingThreadEnabled:0]]
LogConfig: Setting CVar [[s.EventDrivenLoaderEnabled:1]]
LogConfig: Setting CVar [[s.WarnIfTimeLimitExceeded:0]]
LogConfig: Setting CVar [[s.TimeLimitExceededMultiplier:1.5]]
LogConfig: Setting CVar [[s.TimeLimitExceededMinTime:0.005]]
LogConfig: Setting CVar [[s.UseBackgroundLevelStreaming:1]]
LogConfig: Setting CVar [[s.PriorityAsyncLoadingExtraTime:15.0]]
LogConfig: Setting CVar [[s.LevelStreamingActorsUpdateTimeLimit:5.0]]
LogConfig: Setting CVar [[s.PriorityLevelStreamingActorsUpdateExtraTime:5.0]]
LogConfig: Setting CVar [[s.LevelStreamingComponentsRegistrationGranularity:10]]
LogConfig: Setting CVar [[s.UnregisterComponentsTimeLimit:1.0]]
LogConfig: Setting CVar [[s.LevelStreamingComponentsUnregistrationGranularity:5]]
LogConfig: Setting CVar [[s.FlushStreamingOnExit:1]]
LogInit: Object subsystem initialized
LogConfig: Setting CVar [[con.DebugEarlyDefault:1]]
LogConfig: Setting CVar [[r.setres:1280x720]]
[2022.01.11-22.21.06:922][  0]LogConfig: Setting CVar [[con.DebugEarlyDefault:1]]
[2022.01.11-22.21.06:922][  0]LogConfig: Setting CVar [[r.setres:1280x720]]
[2022.01.11-22.21.06:922][  0]LogConfig: Applying CVar settings from Section [/Script/Engine.RendererSettings] File [D:/kinde/Alice/Saved/Config/Windows/Engine.ini]
[2022.01.11-22.21.06:922][  0]LogConfig: Setting CVar [[r.GPUCrashDebugging:0]]
[2022.01.11-22.21.06:922][  0]LogConfig: Applying CVar settings from Section [/Script/Engine.RendererOverrideSettings] File [D:/kinde/Alice/Saved/Config/Windows/Engine.ini]
[2022.01.11-22.21.06:922][  0]LogConfig: Applying CVar settings from Section [/Script/Engine.StreamingSettings] File [D:/kinde/Alice/Saved/Config/Windows/Engine.ini]
[2022.01.11-22.21.06:922][  0]LogConfig: Setting CVar [[s.MinBulkDataSizeForAsyncLoading:131072]]
[2022.01.11-22.21.06:922][  0]LogConfig: Setting CVar [[s.AsyncLoadingThreadEnabled:0]]
[2022.01.11-22.21.06:922][  0]LogConfig: Setting CVar [[s.EventDrivenLoaderEnabled:1]]
[2022.01.11-22.21.06:923][  0]LogConfig: Setting CVar [[s.WarnIfTimeLimitExceeded:0]]
[2022.01.11-22.21.06:923][  0]LogConfig: Setting CVar [[s.TimeLimitExceededMultiplier:1.5]]
[2022.01.11-22.21.06:923][  0]LogConfig: Setting CVar [[s.TimeLimitExceededMinTime:0.005]]
[2022.01.11-22.21.06:923][  0]LogConfig: Setting CVar [[s.UseBackgroundLevelStreaming:1]]
[2022.01.11-22.21.06:923][  0]LogConfig: Setting CVar [[s.PriorityAsyncLoadingExtraTime:15.0]]
[2022.01.11-22.21.06:923][  0]LogConfig: Setting CVar [[s.LevelStreamingActorsUpdateTimeLimit:5.0]]
[2022.01.11-22.21.06:923][  0]LogConfig: Setting CVar [[s.PriorityLevelStreamingActorsUpdateExtraTime:5.0]]
[2022.01.11-22.21.06:923][  0]LogConfig: Setting CVar [[s.LevelStreamingComponentsRegistrationGranularity:10]]
[2022.01.11-22.21.06:923][  0]LogConfig: Setting CVar [[s.UnregisterComponentsTimeLimit:1.0]]
[2022.01.11-22.21.06:923][  0]LogConfig: Setting CVar [[s.LevelStreamingComponentsUnregistrationGranularity:5]]
[2022.01.11-22.21.06:923][  0]LogConfig: Setting CVar [[s.FlushStreamingOnExit:1]]
[2022.01.11-22.21.06:923][  0]LogConfig: Applying CVar settings from Section [/Script/Engine.GarbageCollectionSettings] File [D:/kinde/Alice/Saved/Config/Windows/Engine.ini]
[2022.01.11-22.21.06:923][  0]LogConfig: Setting CVar [[gc.MaxObjectsNotConsideredByGC:1]]
[2022.01.11-22.21.06:923][  0]LogConfig: Setting CVar [[gc.SizeOfPermanentObjectPool:0]]
[2022.01.11-22.21.06:923][  0]LogConfig: Setting CVar [[gc.FlushStreamingOnGC:0]]
[2022.01.11-22.21.06:923][  0]LogConfig: Setting CVar [[gc.NumRetriesBeforeForcingGC:10]]
[2022.01.11-22.21.06:923][  0]LogConfig: Setting CVar [[gc.AllowParallelGC:1]]
[2022.01.11-22.21.06:923][  0]LogConfig: Setting CVar [[gc.TimeBetweenPurgingPendingKillObjects:61.1]]
[2022.01.11-22.21.06:923][  0]LogConfig: Setting CVar [[gc.MaxObjectsInEditor:25165824]]
[2022.01.11-22.21.06:923][  0]LogConfig: Setting CVar [[gc.IncrementalBeginDestroyEnabled:1]]
[2022.01.11-22.21.06:923][  0]LogConfig: Setting CVar [[gc.CreateGCClusters:1]]
[2022.01.11-22.21.06:923][  0]LogConfig: Setting CVar [[gc.MinGCClusterSize:5]]
[2022.01.11-22.21.06:923][  0]LogConfig: Setting CVar [[gc.ActorClusteringEnabled:0]]
[2022.01.11-22.21.06:923][  0]LogConfig: Setting CVar [[gc.BlueprintClusteringEnabled:0]]
[2022.01.11-22.21.06:923][  0]LogConfig: Setting CVar [[gc.UseDisregardForGCOnDedicatedServers:0]]
[2022.01.11-22.21.06:923][  0]LogConfig: Setting CVar [[gc.MultithreadedDestructionEnabled:1]]
[2022.01.11-22.21.06:923][  0]LogConfig: Applying CVar settings from Section [/Script/Engine.NetworkSettings] File [D:/kinde/Alice/Saved/Config/Windows/Engine.ini]
[2022.01.11-22.21.06:923][  0]LogConfig: Applying CVar settings from Section [/Script/UnrealEd.CookerSettings] File [D:/kinde/Alice/Saved/Config/Windows/Engine.ini]
[2022.01.11-22.21.06:931][  0]LogConfig: Applying CVar settings from Section [ViewDistanceQuality@3] File [D:/kinde/Alice/Saved/Config/Windows/Scalability.ini]
[2022.01.11-22.21.06:931][  0]LogConfig: Setting CVar [[r.SkeletalMeshLODBias:0]]
[2022.01.11-22.21.06:931][  0]LogConfig: Setting CVar [[r.ViewDistanceScale:1.0]]
[2022.01.11-22.21.06:931][  0]LogConfig: Applying CVar settings from Section [AntiAliasingQuality@3] File [D:/kinde/Alice/Saved/Config/Windows/Scalability.ini]
[2022.01.11-22.21.06:931][  0]LogConfig: Setting CVar [[r.PostProcessAAQuality:4]]
[2022.01.11-22.21.06:931][  0]LogConfig: Applying CVar settings from Section [ShadowQuality@3] File [D:/kinde/Alice/Saved/Config/Windows/Scalability.ini]
[2022.01.11-22.21.06:931][  0]LogConfig: Setting CVar [[r.LightFunctionQuality:1]]
[2022.01.11-22.21.06:931][  0]LogConfig: Setting CVar [[r.ShadowQuality:5]]
[2022.01.11-22.21.06:931][  0]LogConfig: Setting CVar [[r.Shadow.CSM.MaxCascades:10]]
[2022.01.11-22.21.06:931][  0]LogConfig: Setting CVar [[r.Shadow.MaxResolution:2048]]
[2022.01.11-22.21.06:931][  0]LogConfig: Setting CVar [[r.Shadow.MaxCSMResolution:2048]]
[2022.01.11-22.21.06:931][  0]LogConfig: Setting CVar [[r.Shadow.RadiusThreshold:0.01]]
[2022.01.11-22.21.06:931][  0]LogConfig: Setting CVar [[r.Shadow.DistanceScale:1.0]]
[2022.01.11-22.21.06:931][  0]LogConfig: Setting CVar [[r.Shadow.CSM.TransitionScale:1.0]]
[2022.01.11-22.21.06:931][  0]LogConfig: Setting CVar [[r.Shadow.PreShadowResolutionFactor:1.0]]
[2022.01.11-22.21.06:931][  0]LogConfig: Setting CVar [[r.DistanceFieldShadowing:1]]
[2022.01.11-22.21.06:931][  0]LogConfig: Setting CVar [[r.DistanceFieldAO:1]]
[2022.01.11-22.21.06:931][  0]LogConfig: Setting CVar [[r.AOQuality:2]]
[2022.01.11-22.21.06:931][  0]LogConfig: Setting CVar [[r.VolumetricFog:1]]
[2022.01.11-22.21.06:931][  0]LogConfig: Setting CVar [[r.VolumetricFog.GridPixelSize:8]]
[2022.01.11-22.21.06:931][  0]LogConfig: Setting CVar [[r.VolumetricFog.GridSizeZ:128]]
[2022.01.11-22.21.06:931][  0]LogConfig: Setting CVar [[r.VolumetricFog.HistoryMissSupersampleCount:4]]
[2022.01.11-22.21.06:931][  0]LogConfig: Setting CVar [[r.LightMaxDrawDistanceScale:1]]
[2022.01.11-22.21.06:931][  0]LogConfig: Setting CVar [[r.CapsuleShadows:1]]
[2022.01.11-22.21.06:931][  0]LogConfig: Applying CVar settings from Section [PostProcessQuality@3] File [D:/kinde/Alice/Saved/Config/Windows/Scalability.ini]
[2022.01.11-22.21.06:931][  0]LogConfig: Setting CVar [[r.MotionBlurQuality:4]]
[2022.01.11-22.21.06:931][  0]LogConfig: Setting CVar [[r.AmbientOcclusionMipLevelFactor:0.4]]
[2022.01.11-22.21.06:931][  0]LogConfig: Setting CVar [[r.AmbientOcclusionMaxQuality:100]]
[2022.01.11-22.21.06:931][  0]LogConfig: Setting CVar [[r.AmbientOcclusionLevels:-1]]
[2022.01.11-22.21.06:931][  0]LogConfig: Setting CVar [[r.AmbientOcclusionRadiusScale:1.0]]
[2022.01.11-22.21.06:931][  0]LogConfig: Setting CVar [[r.DepthOfFieldQuality:2]]
[2022.01.11-22.21.06:931][  0]LogConfig: Setting CVar [[r.RenderTargetPoolMin:400]]
[2022.01.11-22.21.06:931][  0]LogConfig: Setting CVar [[r.LensFlareQuality:2]]
[2022.01.11-22.21.06:931][  0]LogConfig: Setting CVar [[r.SceneColorFringeQuality:1]]
[2022.01.11-22.21.06:931][  0]LogConfig: Setting CVar [[r.EyeAdaptationQuality:2]]
[2022.01.11-22.21.06:931][  0]LogConfig: Setting CVar [[r.BloomQuality:5]]
[2022.01.11-22.21.06:931][  0]LogConfig: Setting CVar [[r.FastBlurThreshold:100]]
[2022.01.11-22.21.06:931][  0]LogConfig: Setting CVar [[r.Upscale.Quality:3]]
[2022.01.11-22.21.06:931][  0]LogConfig: Setting CVar [[r.Tonemapper.GrainQuantization:1]]
[2022.01.11-22.21.06:931][  0]LogConfig: Setting CVar [[r.LightShaftQuality:1]]
[2022.01.11-22.21.06:931][  0]LogConfig: Setting CVar [[r.Filter.SizeScale:1]]
[2022.01.11-22.21.06:931][  0]LogConfig: Setting CVar [[r.Tonemapper.Quality:5]]
[2022.01.11-22.21.06:931][  0]LogConfig: Setting CVar [[r.DOF.Gather.AccumulatorQuality:1        ; higher gathering accumulator quality]]
[2022.01.11-22.21.06:931][  0]LogConfig: Setting CVar [[r.DOF.Gather.PostfilterMethod:1          ; Median3x3 postfilering method]]
[2022.01.11-22.21.06:931][  0]LogConfig: Setting CVar [[r.DOF.Gather.EnableBokehSettings:0       ; no bokeh simulation when gathering]]
[2022.01.11-22.21.06:931][  0]LogConfig: Setting CVar [[r.DOF.Gather.RingCount:4                 ; medium number of samples when gathering]]
[2022.01.11-22.21.06:931][  0]LogConfig: Setting CVar [[r.DOF.Scatter.ForegroundCompositing:1    ; additive foreground scattering]]
[2022.01.11-22.21.06:931][  0]LogConfig: Setting CVar [[r.DOF.Scatter.BackgroundCompositing:2    ; additive background scattering]]
[2022.01.11-22.21.06:931][  0]LogConfig: Setting CVar [[r.DOF.Scatter.EnableBokehSettings:1      ; bokeh simulation when scattering]]
[2022.01.11-22.21.06:931][  0]LogConfig: Setting CVar [[r.DOF.Scatter.MaxSpriteRatio:0.1         ; only a maximum of 10% of scattered bokeh]]
[2022.01.11-22.21.06:931][  0]LogConfig: Setting CVar [[r.DOF.Recombine.Quality:1                ; cheap slight out of focus]]
[2022.01.11-22.21.06:932][  0]LogConfig: Setting CVar [[r.DOF.Recombine.EnableBokehSettings:0    ; no bokeh simulation on slight out of focus]]
[2022.01.11-22.21.06:932][  0]LogConfig: Setting CVar [[r.DOF.TemporalAAQuality:1                ; more stable temporal accumulation]]
[2022.01.11-22.21.06:932][  0]LogConfig: Setting CVar [[r.DOF.Kernel.MaxForegroundRadius:0.025]]
[2022.01.11-22.21.06:932][  0]LogConfig: Setting CVar [[r.DOF.Kernel.MaxBackgroundRadius:0.025]]
[2022.01.11-22.21.06:932][  0]LogConfig: Applying CVar settings from Section [TextureQuality@3] File [D:/kinde/Alice/Saved/Config/Windows/Scalability.ini]
[2022.01.11-22.21.06:932][  0]LogConfig: Setting CVar [[r.Streaming.MipBias:0]]
[2022.01.11-22.21.06:932][  0]LogConfig: Setting CVar [[r.Streaming.AmortizeCPUToGPUCopy:0]]
[2022.01.11-22.21.06:932][  0]LogConfig: Setting CVar [[r.Streaming.MaxNumTexturesToStreamPerFrame:0]]
[2022.01.11-22.21.06:932][  0]LogConfig: Setting CVar [[r.Streaming.Boost:1]]
[2022.01.11-22.21.06:932][  0]LogConfig: Setting CVar [[r.MaxAnisotropy:8]]
[2022.01.11-22.21.06:932][  0]LogConfig: Setting CVar [[r.VT.MaxAnisotropy:8]]
[2022.01.11-22.21.06:932][  0]LogConfig: Setting CVar [[r.Streaming.LimitPoolSizeToVRAM:0]]
[2022.01.11-22.21.06:932][  0]LogConfig: Setting CVar [[r.Streaming.PoolSize:1000]]
[2022.01.11-22.21.06:932][  0]LogConfig: Setting CVar [[r.Streaming.MaxEffectiveScreenSize:0]]
[2022.01.11-22.21.06:932][  0]LogConfig: Applying CVar settings from Section [EffectsQuality@3] File [D:/kinde/Alice/Saved/Config/Windows/Scalability.ini]
[2022.01.11-22.21.06:932][  0]LogConfig: Setting CVar [[r.TranslucencyLightingVolumeDim:64]]
[2022.01.11-22.21.06:932][  0]LogConfig: Setting CVar [[r.RefractionQuality:2]]
[2022.01.11-22.21.06:932][  0]LogConfig: Setting CVar [[r.SSR.Quality:3]]
[2022.01.11-22.21.06:932][  0]LogConfig: Setting CVar [[r.SSR.HalfResSceneColor:0]]
[2022.01.11-22.21.06:932][  0]LogConfig: Setting CVar [[r.SceneColorFormat:4]]
[2022.01.11-22.21.06:932][  0]LogConfig: Setting CVar [[r.DetailMode:2]]
[2022.01.11-22.21.06:932][  0]LogConfig: Setting CVar [[r.TranslucencyVolumeBlur:1]]
[2022.01.11-22.21.06:932][  0]LogConfig: Setting CVar [[r.MaterialQualityLevel:1 ; High quality]]
[2022.01.11-22.21.06:932][  0]LogConfig: Setting CVar [[r.AnisotropicMaterials:1]]
[2022.01.11-22.21.06:932][  0]LogConfig: Setting CVar [[r.SSS.Scale:1]]
[2022.01.11-22.21.06:932][  0]LogConfig: Setting CVar [[r.SSS.SampleSet:2]]
[2022.01.11-22.21.06:932][  0]LogConfig: Setting CVar [[r.SSS.Quality:1]]
[2022.01.11-22.21.06:932][  0]LogConfig: Setting CVar [[r.SSS.HalfRes:0]]
[2022.01.11-22.21.06:932][  0]LogConfig: Setting CVar [[r.SSGI.Quality:3]]
[2022.01.11-22.21.06:932][  0]LogConfig: Setting CVar [[r.EmitterSpawnRateScale:1.0]]
[2022.01.11-22.21.06:932][  0]LogConfig: Setting CVar [[r.ParticleLightQuality:2]]
[2022.01.11-22.21.06:932][  0]LogConfig: Setting CVar [[r.SkyAtmosphere.AerialPerspectiveLUT.FastApplyOnOpaque:1 ; Always have FastSkyLUT 1 in this case to avoid wrong sky]]
[2022.01.11-22.21.06:932][  0]LogConfig: Setting CVar [[r.SkyAtmosphere.AerialPerspectiveLUT.SampleCountMaxPerSlice:4]]
[2022.01.11-22.21.06:932][  0]LogConfig: Setting CVar [[r.SkyAtmosphere.AerialPerspectiveLUT.DepthResolution:16.0]]
[2022.01.11-22.21.06:932][  0]LogConfig: Setting CVar [[r.SkyAtmosphere.FastSkyLUT:1]]
[2022.01.11-22.21.06:932][  0]LogConfig: Setting CVar [[r.SkyAtmosphere.FastSkyLUT.SampleCountMin:4.0]]
[2022.01.11-22.21.06:932][  0]LogConfig: Setting CVar [[r.SkyAtmosphere.FastSkyLUT.SampleCountMax:128.0]]
[2022.01.11-22.21.06:932][  0]LogConfig: Setting CVar [[r.SkyAtmosphere.SampleCountMin:4.0]]
[2022.01.11-22.21.06:932][  0]LogConfig: Setting CVar [[r.SkyAtmosphere.SampleCountMax:128.0]]
[2022.01.11-22.21.06:932][  0]LogConfig: Setting CVar [[r.SkyAtmosphere.TransmittanceLUT.UseSmallFormat:0]]
[2022.01.11-22.21.06:932][  0]LogConfig: Setting CVar [[r.SkyAtmosphere.TransmittanceLUT.SampleCount:10.0]]
[2022.01.11-22.21.06:932][  0]LogConfig: Setting CVar [[r.SkyAtmosphere.MultiScatteringLUT.SampleCount:15.0]]
[2022.01.11-22.21.06:932][  0]LogConfig: Setting CVar [[r.SkyLight.RealTimeReflectionCapture:1]]
[2022.01.11-22.21.06:932][  0]LogConfig: Applying CVar settings from Section [FoliageQuality@3] File [D:/kinde/Alice/Saved/Config/Windows/Scalability.ini]
[2022.01.11-22.21.06:932][  0]LogConfig: Setting CVar [[foliage.DensityScale:1.0]]
[2022.01.11-22.21.06:932][  0]LogConfig: Setting CVar [[grass.DensityScale:1.0]]
[2022.01.11-22.21.06:932][  0]LogConfig: Applying CVar settings from Section [ShadingQuality@3] File [D:/kinde/Alice/Saved/Config/Windows/Scalability.ini]
[2022.01.11-22.21.06:932][  0]LogConfig: Setting CVar [[r.HairStrands.SkyLighting.IntegrationType:2]]
[2022.01.11-22.21.06:932][  0]LogConfig: Setting CVar [[r.HairStrands.SkyAO.SampleCount:4]]
[2022.01.11-22.21.06:932][  0]LogConfig: Setting CVar [[r.HairStrands.Visibility.MSAA.SamplePerPixel:4]]
[2022.01.11-22.21.06:932][  0]LogInit: Selected Device Profile: [Windows]
[2022.01.11-22.21.06:932][  0]LogInit: Applying CVar settings loaded from the selected device profile: [Windows]
[2022.01.11-22.21.06:933][  0]LogHAL: Display: Platform has ~ 14 GB [14942519296 / 17179869184 / 14], which maps to Larger [LargestMinGB=32, LargerMinGB=12, DefaultMinGB=8, SmallerMinGB=6, SmallestMinGB=0)
[2022.01.11-22.21.06:933][  0]LogInit: Going up to parent DeviceProfile []
[2022.01.11-22.21.06:933][  0]LogConfig: Applying CVar settings from Section [ViewDistanceQuality@3] File [D:/kinde/Alice/Saved/Config/Windows/Scalability.ini]
[2022.01.11-22.21.06:933][  0]LogConfig: Setting CVar [[r.SkeletalMeshLODBias:0]]
[2022.01.11-22.21.06:933][  0]LogConfig: Setting CVar [[r.ViewDistanceScale:1.0]]
[2022.01.11-22.21.06:933][  0]LogConfig: Applying CVar settings from Section [AntiAliasingQuality@3] File [D:/kinde/Alice/Saved/Config/Windows/Scalability.ini]
[2022.01.11-22.21.06:933][  0]LogConfig: Setting CVar [[r.PostProcessAAQuality:4]]
[2022.01.11-22.21.06:933][  0]LogConfig: Applying CVar settings from Section [ShadowQuality@3] File [D:/kinde/Alice/Saved/Config/Windows/Scalability.ini]
[2022.01.11-22.21.06:933][  0]LogConfig: Setting CVar [[r.LightFunctionQuality:1]]
[2022.01.11-22.21.06:933][  0]LogConfig: Setting CVar [[r.ShadowQuality:5]]
[2022.01.11-22.21.06:933][  0]LogConfig: Setting CVar [[r.Shadow.CSM.MaxCascades:10]]
[2022.01.11-22.21.06:933][  0]LogConfig: Setting CVar [[r.Shadow.MaxResolution:2048]]
[2022.01.11-22.21.06:933][  0]LogConfig: Setting CVar [[r.Shadow.MaxCSMResolution:2048]]
[2022.01.11-22.21.06:933][  0]LogConfig: Setting CVar [[r.Shadow.RadiusThreshold:0.01]]
[2022.01.11-22.21.06:933][  0]LogConfig: Setting CVar [[r.Shadow.DistanceScale:1.0]]
[2022.01.11-22.21.06:933][  0]LogConfig: Setting CVar [[r.Shadow.CSM.TransitionScale:1.0]]
[2022.01.11-22.21.06:933][  0]LogConfig: Setting CVar [[r.Shadow.PreShadowResolutionFactor:1.0]]
[2022.01.11-22.21.06:933][  0]LogConfig: Setting CVar [[r.DistanceFieldShadowing:1]]
[2022.01.11-22.21.06:933][  0]LogConfig: Setting CVar [[r.DistanceFieldAO:1]]
[2022.01.11-22.21.06:933][  0]LogConfig: Setting CVar [[r.AOQuality:2]]
[2022.01.11-22.21.06:933][  0]LogConfig: Setting CVar [[r.VolumetricFog:1]]
[2022.01.11-22.21.06:933][  0]LogConfig: Setting CVar [[r.VolumetricFog.GridPixelSize:8]]
[2022.01.11-22.21.06:933][  0]LogConfig: Setting CVar [[r.VolumetricFog.GridSizeZ:128]]
[2022.01.11-22.21.06:933][  0]LogConfig: Setting CVar [[r.VolumetricFog.HistoryMissSupersampleCount:4]]
[2022.01.11-22.21.06:933][  0]LogConfig: Setting CVar [[r.LightMaxDrawDistanceScale:1]]
[2022.01.11-22.21.06:933][  0]LogConfig: Setting CVar [[r.CapsuleShadows:1]]
[2022.01.11-22.21.06:933][  0]LogConfig: Applying CVar settings from Section [PostProcessQuality@3] File [D:/kinde/Alice/Saved/Config/Windows/Scalability.ini]
[2022.01.11-22.21.06:933][  0]LogConfig: Setting CVar [[r.MotionBlurQuality:4]]
[2022.01.11-22.21.06:933][  0]LogConfig: Setting CVar [[r.AmbientOcclusionMipLevelFactor:0.4]]
[2022.01.11-22.21.06:933][  0]LogConfig: Setting CVar [[r.AmbientOcclusionMaxQuality:100]]
[2022.01.11-22.21.06:933][  0]LogConfig: Setting CVar [[r.AmbientOcclusionLevels:-1]]
[2022.01.11-22.21.06:933][  0]LogConfig: Setting CVar [[r.AmbientOcclusionRadiusScale:1.0]]
[2022.01.11-22.21.06:933][  0]LogConfig: Setting CVar [[r.DepthOfFieldQuality:2]]
[2022.01.11-22.21.06:933][  0]LogConfig: Setting CVar [[r.RenderTargetPoolMin:400]]
[2022.01.11-22.21.06:933][  0]LogConfig: Setting CVar [[r.LensFlareQuality:2]]
[2022.01.11-22.21.06:933][  0]LogConfig: Setting CVar [[r.SceneColorFringeQuality:1]]
[2022.01.11-22.21.06:933][  0]LogConfig: Setting CVar [[r.EyeAdaptationQuality:2]]
[2022.01.11-22.21.06:933][  0]LogConfig: Setting CVar [[r.BloomQuality:5]]
[2022.01.11-22.21.06:933][  0]LogConfig: Setting CVar [[r.FastBlurThreshold:100]]
[2022.01.11-22.21.06:933][  0]LogConfig: Setting CVar [[r.Upscale.Quality:3]]
[2022.01.11-22.21.06:933][  0]LogConfig: Setting CVar [[r.Tonemapper.GrainQuantization:1]]
[2022.01.11-22.21.06:933][  0]LogConfig: Setting CVar [[r.LightShaftQuality:1]]
[2022.01.11-22.21.06:933][  0]LogConfig: Setting CVar [[r.Filter.SizeScale:1]]
[2022.01.11-22.21.06:933][  0]LogConfig: Setting CVar [[r.Tonemapper.Quality:5]]
[2022.01.11-22.21.06:934][  0]LogConfig: Setting CVar [[r.DOF.Gather.AccumulatorQuality:1        ; higher gathering accumulator quality]]
[2022.01.11-22.21.06:934][  0]LogConfig: Setting CVar [[r.DOF.Gather.PostfilterMethod:1          ; Median3x3 postfilering method]]
[2022.01.11-22.21.06:934][  0]LogConfig: Setting CVar [[r.DOF.Gather.EnableBokehSettings:0       ; no bokeh simulation when gathering]]
[2022.01.11-22.21.06:934][  0]LogConfig: Setting CVar [[r.DOF.Gather.RingCount:4                 ; medium number of samples when gathering]]
[2022.01.11-22.21.06:934][  0]LogConfig: Setting CVar [[r.DOF.Scatter.ForegroundCompositing:1    ; additive foreground scattering]]
[2022.01.11-22.21.06:934][  0]LogConfig: Setting CVar [[r.DOF.Scatter.BackgroundCompositing:2    ; additive background scattering]]
[2022.01.11-22.21.06:934][  0]LogConfig: Setting CVar [[r.DOF.Scatter.EnableBokehSettings:1      ; bokeh simulation when scattering]]
[2022.01.11-22.21.06:934][  0]LogConfig: Setting CVar [[r.DOF.Scatter.MaxSpriteRatio:0.1         ; only a maximum of 10% of scattered bokeh]]
[2022.01.11-22.21.06:934][  0]LogConfig: Setting CVar [[r.DOF.Recombine.Quality:1                ; cheap slight out of focus]]
[2022.01.11-22.21.06:934][  0]LogConfig: Setting CVar [[r.DOF.Recombine.EnableBokehSettings:0    ; no bokeh simulation on slight out of focus]]
[2022.01.11-22.21.06:934][  0]LogConfig: Setting CVar [[r.DOF.TemporalAAQuality:1                ; more stable temporal accumulation]]
[2022.01.11-22.21.06:934][  0]LogConfig: Setting CVar [[r.DOF.Kernel.MaxForegroundRadius:0.025]]
[2022.01.11-22.21.06:934][  0]LogConfig: Setting CVar [[r.DOF.Kernel.MaxBackgroundRadius:0.025]]
[2022.01.11-22.21.06:934][  0]LogConfig: Applying CVar settings from Section [TextureQuality@3] File [D:/kinde/Alice/Saved/Config/Windows/Scalability.ini]
[2022.01.11-22.21.06:934][  0]LogConfig: Setting CVar [[r.Streaming.MipBias:0]]
[2022.01.11-22.21.06:934][  0]LogConfig: Setting CVar [[r.Streaming.AmortizeCPUToGPUCopy:0]]
[2022.01.11-22.21.06:934][  0]LogConfig: Setting CVar [[r.Streaming.MaxNumTexturesToStreamPerFrame:0]]
[2022.01.11-22.21.06:934][  0]LogConfig: Setting CVar [[r.Streaming.Boost:1]]
[2022.01.11-22.21.06:934][  0]LogConfig: Setting CVar [[r.MaxAnisotropy:8]]
[2022.01.11-22.21.06:934][  0]LogConfig: Setting CVar [[r.VT.MaxAnisotropy:8]]
[2022.01.11-22.21.06:934][  0]LogConfig: Setting CVar [[r.Streaming.LimitPoolSizeToVRAM:0]]
[2022.01.11-22.21.06:934][  0]LogConfig: Setting CVar [[r.Streaming.PoolSize:1000]]
[2022.01.11-22.21.06:934][  0]LogConfig: Setting CVar [[r.Streaming.MaxEffectiveScreenSize:0]]
[2022.01.11-22.21.06:934][  0]LogConfig: Applying CVar settings from Section [EffectsQuality@3] File [D:/kinde/Alice/Saved/Config/Windows/Scalability.ini]
[2022.01.11-22.21.06:934][  0]LogConfig: Setting CVar [[r.TranslucencyLightingVolumeDim:64]]
[2022.01.11-22.21.06:934][  0]LogConfig: Setting CVar [[r.RefractionQuality:2]]
[2022.01.11-22.21.06:934][  0]LogConfig: Setting CVar [[r.SSR.Quality:3]]
[2022.01.11-22.21.06:934][  0]LogConfig: Setting CVar [[r.SSR.HalfResSceneColor:0]]
[2022.01.11-22.21.06:934][  0]LogConfig: Setting CVar [[r.SceneColorFormat:4]]
[2022.01.11-22.21.06:934][  0]LogConfig: Setting CVar [[r.DetailMode:2]]
[2022.01.11-22.21.06:934][  0]LogConfig: Setting CVar [[r.TranslucencyVolumeBlur:1]]
[2022.01.11-22.21.06:934][  0]LogConfig: Setting CVar [[r.MaterialQualityLevel:1 ; High quality]]
[2022.01.11-22.21.06:934][  0]LogConfig: Setting CVar [[r.AnisotropicMaterials:1]]
[2022.01.11-22.21.06:934][  0]LogConfig: Setting CVar [[r.SSS.Scale:1]]
[2022.01.11-22.21.06:934][  0]LogConfig: Setting CVar [[r.SSS.SampleSet:2]]
[2022.01.11-22.21.06:934][  0]LogConfig: Setting CVar [[r.SSS.Quality:1]]
[2022.01.11-22.21.06:934][  0]LogConfig: Setting CVar [[r.SSS.HalfRes:0]]
[2022.01.11-22.21.06:934][  0]LogConfig: Setting CVar [[r.SSGI.Quality:3]]
[2022.01.11-22.21.06:934][  0]LogConfig: Setting CVar [[r.EmitterSpawnRateScale:1.0]]
[2022.01.11-22.21.06:934][  0]LogConfig: Setting CVar [[r.ParticleLightQuality:2]]
[2022.01.11-22.21.06:934][  0]LogConfig: Setting CVar [[r.SkyAtmosphere.AerialPerspectiveLUT.FastApplyOnOpaque:1 ; Always have FastSkyLUT 1 in this case to avoid wrong sky]]
[2022.01.11-22.21.06:934][  0]LogConfig: Setting CVar [[r.SkyAtmosphere.AerialPerspectiveLUT.SampleCountMaxPerSlice:4]]
[2022.01.11-22.21.06:934][  0]LogConfig: Setting CVar [[r.SkyAtmosphere.AerialPerspectiveLUT.DepthResolution:16.0]]
[2022.01.11-22.21.06:934][  0]LogConfig: Setting CVar [[r.SkyAtmosphere.FastSkyLUT:1]]
[2022.01.11-22.21.06:934][  0]LogConfig: Setting CVar [[r.SkyAtmosphere.FastSkyLUT.SampleCountMin:4.0]]
[2022.01.11-22.21.06:934][  0]LogConfig: Setting CVar [[r.SkyAtmosphere.FastSkyLUT.SampleCountMax:128.0]]
[2022.01.11-22.21.06:934][  0]LogConfig: Setting CVar [[r.SkyAtmosphere.SampleCountMin:4.0]]
[2022.01.11-22.21.06:934][  0]LogConfig: Setting CVar [[r.SkyAtmosphere.SampleCountMax:128.0]]
[2022.01.11-22.21.06:934][  0]LogConfig: Setting CVar [[r.SkyAtmosphere.TransmittanceLUT.UseSmallFormat:0]]
[2022.01.11-22.21.06:934][  0]LogConfig: Setting CVar [[r.SkyAtmosphere.TransmittanceLUT.SampleCount:10.0]]
[2022.01.11-22.21.06:934][  0]LogConfig: Setting CVar [[r.SkyAtmosphere.MultiScatteringLUT.SampleCount:15.0]]
[2022.01.11-22.21.06:934][  0]LogConfig: Setting CVar [[r.SkyLight.RealTimeReflectionCapture:1]]
[2022.01.11-22.21.06:934][  0]LogConfig: Applying CVar settings from Section [FoliageQuality@3] File [D:/kinde/Alice/Saved/Config/Windows/Scalability.ini]
[2022.01.11-22.21.06:934][  0]LogConfig: Setting CVar [[foliage.DensityScale:1.0]]
[2022.01.11-22.21.06:934][  0]LogConfig: Setting CVar [[grass.DensityScale:1.0]]
[2022.01.11-22.21.06:934][  0]LogConfig: Applying CVar settings from Section [ShadingQuality@3] File [D:/kinde/Alice/Saved/Config/Windows/Scalability.ini]
[2022.01.11-22.21.06:934][  0]LogConfig: Setting CVar [[r.HairStrands.SkyLighting.IntegrationType:2]]
[2022.01.11-22.21.06:935][  0]LogConfig: Setting CVar [[r.HairStrands.SkyAO.SampleCount:4]]
[2022.01.11-22.21.06:935][  0]LogConfig: Setting CVar [[r.HairStrands.Visibility.MSAA.SamplePerPixel:4]]
[2022.01.11-22.21.06:935][  0]LogConfig: Applying CVar settings from Section [Startup] File [../../../Engine/Config/ConsoleVariables.ini]
[2022.01.11-22.21.06:937][  0]LogConfig: Setting CVar [[net.UseAdaptiveNetUpdateFrequency:0]]
[2022.01.11-22.21.06:937][  0]LogConfig: Setting CVar [[p.chaos.AllowCreatePhysxBodies:1]]
[2022.01.11-22.21.06:937][  0]LogConfig: Setting CVar [[fx.SkipVectorVMBackendOptimizations:1]]
[2022.01.11-22.21.06:937][  0]LogConfig: Applying CVar settings from Section [ConsoleVariables] File [D:/kinde/Alice/Saved/Config/Windows/Engine.ini]
[2022.01.11-22.21.06:937][  0]LogConfig: Applying CVar settings from Section [ConsoleVariables] File [D:/kinde/Alice/Saved/Config/Windows/Editor.ini]
[2022.01.11-22.21.06:937][  0]LogInit: Computer: LAPTOP-NS2BGKLM
[2022.01.11-22.21.06:937][  0]LogInit: User: kinde
[2022.01.11-22.21.06:937][  0]LogInit: CPU Page size=4096, Cores=4
[2022.01.11-22.21.06:937][  0]LogInit: High frequency timer resolution =10.000000 MHz
[2022.01.11-22.21.06:937][  0]LogMemory: Memory total: Physical=13.9GB (14GB approx)
[2022.01.11-22.21.06:937][  0]LogMemory: Platform Memory Stats for Windows
[2022.01.11-22.21.06:937][  0]LogMemory: Process Physical Memory: 143.60 MB used, 143.60 MB peak
[2022.01.11-22.21.06:937][  0]LogMemory: Process Virtual Memory: 128.68 MB used, 128.68 MB peak
[2022.01.11-22.21.06:937][  0]LogMemory: Physical Memory: 9555.86 MB used,  4694.43 MB free, 14250.30 MB total
[2022.01.11-22.21.06:937][  0]LogMemory: Virtual Memory: 134212528.00 MB used,  5198.43 MB free, 134217728.00 MB total
[2022.01.11-22.21.06:950][  0]LogWindows: WindowsPlatformFeatures enabled
[2022.01.11-22.21.07:013][  0]LogInit: Physics initialised using underlying interface: PhysX
[2022.01.11-22.21.07:013][  0]LogInit: Using OS detected language (fr-FR).
[2022.01.11-22.21.07:013][  0]LogInit: Using OS detected locale (fr-FR).
[2022.01.11-22.21.07:018][  0]LogTextLocalizationManager: No specific localization for 'fr-FR' exists, so the 'fr' localization will be used.
[2022.01.11-22.21.07:021][  0]LogTextLocalizationResource: LocRes '../../../Engine/Content/Localization/Editor/fr/Editor.locres' could not be opened for reading!
[2022.01.11-22.21.07:021][  0]LogTextLocalizationResource: LocRes '../../../Engine/Content/Localization/EditorTutorials/fr/EditorTutorials.locres' could not be opened for reading!
[2022.01.11-22.21.07:021][  0]LogTextLocalizationResource: LocRes '../../../Engine/Content/Localization/Keywords/fr/Keywords.locres' could not be opened for reading!
[2022.01.11-22.21.07:021][  0]LogTextLocalizationResource: LocRes '../../../Engine/Content/Localization/Category/fr/Category.locres' could not be opened for reading!
[2022.01.11-22.21.07:021][  0]LogTextLocalizationResource: LocRes '../../../Engine/Content/Localization/ToolTips/fr/ToolTips.locres' could not be opened for reading!
[2022.01.11-22.21.07:021][  0]LogTextLocalizationResource: LocRes '../../../Engine/Content/Localization/PropertyNames/fr/PropertyNames.locres' could not be opened for reading!
[2022.01.11-22.21.07:022][  0]LogTextLocalizationResource: LocRes '../../../Engine/Content/Localization/Engine/fr/Engine.locres' could not be opened for reading!
[2022.01.11-22.21.07:042][  0]LogWindowsTextInputMethodSystem: Display: IME system deactivated.
[2022.01.11-22.21.07:074][  0]LogSlate: New Slate User Created.  User Index 0, Is Virtual User: 0
[2022.01.11-22.21.07:074][  0]LogSlate: Slate User Registered.  User Index 0, Is Virtual User: 0
[2022.01.11-22.21.07:100][  0]LogD3D11RHI: Loaded GFSDK_Aftermath_Lib.x64.dll
[2022.01.11-22.21.07:107][  0]LogHMD: Failed to initialize OpenVR with code 110
[2022.01.11-22.21.07:107][  0]LogD3D11RHI: D3D11 min allowed feature level: 11_0
[2022.01.11-22.21.07:107][  0]LogD3D11RHI: D3D11 max allowed feature level: 11_0
[2022.01.11-22.21.07:107][  0]LogD3D11RHI: D3D11 adapters:
[2022.01.11-22.21.07:172][  0]LogD3D11RHI:    0. 'AMD Radeon(TM) RX Vega 10 Graphics' (Feature Level 11_0)
[2022.01.11-22.21.07:172][  0]LogD3D11RHI:       2034/0/7125 MB DedicatedVideo/DedicatedSystem/SharedSystem, Outputs:1, VendorId:0x1002
[2022.01.11-22.21.07:177][  0]LogD3D11RHI:    1. 'Microsoft Basic Render Driver' (Feature Level 11_0)
[2022.01.11-22.21.07:177][  0]LogD3D11RHI:       0/0/7125 MB DedicatedVideo/DedicatedSystem/SharedSystem, Outputs:0, VendorId:0x1414
[2022.01.11-22.21.07:177][  0]LogD3D11RHI: Chosen D3D11 Adapter:
[2022.01.11-22.21.07:177][  0]LogD3D11RHI:     Description : AMD Radeon(TM) RX Vega 10 Graphics
[2022.01.11-22.21.07:177][  0]LogD3D11RHI:     VendorId    : 1002
[2022.01.11-22.21.07:177][  0]LogD3D11RHI:     DeviceId    : 15d8
[2022.01.11-22.21.07:177][  0]LogD3D11RHI:     SubSysId    : 85b3103c
[2022.01.11-22.21.07:177][  0]LogD3D11RHI:     Revision    : 00c1
[2022.01.11-22.21.07:177][  0]LogD3D11RHI:     DedicatedVideoMemory : 2133184512 bytes
[2022.01.11-22.21.07:177][  0]LogD3D11RHI:     DedicatedSystemMemory : 0 bytes
[2022.01.11-22.21.07:177][  0]LogD3D11RHI:     SharedSystemMemory : 7471259648 bytes
[2022.01.11-22.21.07:177][  0]LogD3D11RHI:     AdapterLuid : 0 66087
[2022.01.11-22.21.07:188][  0]LogD3D11RHI: Creating new Direct3DDevice
[2022.01.11-22.21.07:188][  0]LogD3D11RHI:     GPU DeviceId: 0x15d8 (for the marketing name, search the web for "GPU Device Id")
[2022.01.11-22.21.07:188][  0]LogWindows: EnumDisplayDevices:
[2022.01.11-22.21.07:188][  0]LogWindows:    0. 'AMD Radeon(TM) RX Vega 10 Graphics' (P:1 D:1)
[2022.01.11-22.21.07:189][  0]LogWindows:    1. 'AMD Radeon(TM) RX Vega 10 Graphics' (P:0 D:0)
[2022.01.11-22.21.07:189][  0]LogWindows:    2. 'AMD Radeon(TM) RX Vega 10 Graphics' (P:0 D:0)
[2022.01.11-22.21.07:190][  0]LogWindows:    3. 'AMD Radeon(TM) RX Vega 10 Graphics' (P:0 D:0)
[2022.01.11-22.21.07:190][  0]LogWindows:    4. 'AMD Radeon(TM) RX Vega 10 Graphics' (P:0 D:0)
[2022.01.11-22.21.07:190][  0]LogWindows:    5. 'AMD Radeon(TM) RX Vega 10 Graphics' (P:0 D:0)
[2022.01.11-22.21.07:191][  0]LogWindows: DebugString: FoundDriverCount:6 
[2022.01.11-22.21.07:191][  0]LogD3D11RHI:     Adapter Name: AMD Radeon(TM) RX Vega 10 Graphics
[2022.01.11-22.21.07:191][  0]LogD3D11RHI:   Driver Version: Adrenalin 20.50.30.04 (internal:27.20.15030.4000, unified:27.20.15030.4000)
[2022.01.11-22.21.07:191][  0]LogD3D11RHI:      Driver Date: 9-7-2021
[2022.01.11-22.21.07:191][  0]LogRHI: Texture pool is 5911 MB (70% of 8445 MB)
[2022.01.11-22.21.07:214][  0]LogD3D11RHI: Creating D3DDevice with AMD AGS, using adapter:
[2022.01.11-22.21.07:214][  0]LogD3D11RHI:     Description : AMD Radeon(TM) RX Vega 10 Graphics
[2022.01.11-22.21.07:214][  0]LogD3D11RHI:     VendorId    : 1002
[2022.01.11-22.21.07:214][  0]LogD3D11RHI:     DeviceId    : 15d8
[2022.01.11-22.21.07:214][  0]LogD3D11RHI:     SubSysId    : 85b3103c
[2022.01.11-22.21.07:214][  0]LogD3D11RHI:     Revision    : 00c1
[2022.01.11-22.21.07:214][  0]LogD3D11RHI:     DedicatedVideoMemory : 2133184512 bytes
[2022.01.11-22.21.07:214][  0]LogD3D11RHI:     DedicatedSystemMemory : 0 bytes
[2022.01.11-22.21.07:214][  0]LogD3D11RHI:     SharedSystemMemory : 7471259648 bytes
[2022.01.11-22.21.07:214][  0]LogD3D11RHI:     AdapterLuid : 0 66087
[2022.01.11-22.21.07:270][  0]LogD3D11RHI: Created device via AGS, feature level 11_0, supported extensions 1fffffbf.
[2022.01.11-22.21.07:270][  0]LogD3D11RHI: RHI has support for 64 bit atomics
[2022.01.11-22.21.07:270][  0]LogD3D11RHI: Async texture creation enabled
[2022.01.11-22.21.07:270][  0]LogD3D11RHI: Array index from any shader is supported
[2022.01.11-22.21.07:284][  0]LogD3D11RHI: GPU Timing Frequency: 25.000000 (Debug: 2 1)
[2022.01.11-22.21.07:746][  0]LogTargetPlatformManager: Display: Loaded TargetPlatform 'WindowsNoEditor'
[2022.01.11-22.21.07:758][  0]LogTargetPlatformManager: Display: Loaded TargetPlatform 'Windows'
[2022.01.11-22.21.07:769][  0]LogTargetPlatformManager: Display: Loaded TargetPlatform 'WindowsClient'
[2022.01.11-22.21.07:778][  0]LogTargetPlatformManager: Display: Loaded TargetPlatform 'WindowsServer'
[2022.01.11-22.21.07:778][  0]LogTargetPlatformManager: Display: Building Assets For Windows
[2022.01.11-22.21.07:793][  0]LogAudioDebug: Display: Lib vorbis DLL was dynamically loaded.
[2022.01.11-22.21.07:851][  0]LogTextureFormatOodle: Display: Oodle Texture 2.9.0 init RDO Off
[2022.01.11-22.21.07:910][  0]LogRendererCore: Ray tracing is disabled. Reason: r.RayTracing=0.
[2022.01.11-22.21.07:910][  0]LogShaderCompilers: Guid format shader working directory is 16 characters bigger than the processId version (../../../../../../kinde/Alice/Intermediate/Shaders/WorkingDirectory/13720/).
[2022.01.11-22.21.07:911][  0]LogShaderCompilers: Cleaned the shader compiler working directory 'C:/Users/kinde/AppData/Local/Temp/UnrealShaderWorkingDir/455F59DA4E5BD1AC8D3379AAA74CC7A5/'.
[2022.01.11-22.21.07:911][  0]LogXGEController: Cannot use XGE Controller as Incredibuild is not installed on this machine.
[2022.01.11-22.21.07:911][  0]LogShaderCompilers: Cannot use XGE Shader Compiler as Incredibuild is not installed on this machine.
[2022.01.11-22.21.07:911][  0]LogShaderCompilers: Display: Using Local Shader Compiler.
[2022.01.11-22.21.08:850][  0]LogDerivedDataCache: Display: Max Cache Size: 512 MB
[2022.01.11-22.21.08:909][  0]LogDerivedDataCache: Loaded boot cache 0.06s 94MB C:/Users/kinde/AppData/Local/UnrealEngine/4.27/DerivedDataCache/Boot.ddc.
[2022.01.11-22.21.08:910][  0]LogDerivedDataCache: Display: Loaded Boot cache: C:/Users/kinde/AppData/Local/UnrealEngine/4.27/DerivedDataCache/Boot.ddc
[2022.01.11-22.21.08:910][  0]LogDerivedDataCache: FDerivedDataBackendGraph:  Pak pak cache file ../../../../../../kinde/Alice/DerivedDataCache/DDC.ddp not found, will not use a pak cache.
[2022.01.11-22.21.08:910][  0]LogDerivedDataCache: Unable to find inner node Pak for hierarchical cache Hierarchy.
[2022.01.11-22.21.08:910][  0]LogDerivedDataCache: FDerivedDataBackendGraph:  CompressedPak pak cache file ../../../../../../kinde/Alice/DerivedDataCache/Compressed.ddp not found, will not use a pak cache.
[2022.01.11-22.21.08:910][  0]LogDerivedDataCache: Unable to find inner node CompressedPak for hierarchical cache Hierarchy.
[2022.01.11-22.21.08:931][  0]LogDerivedDataCache: Display: Pak cache opened for reading ../../../Engine/DerivedDataCache/Compressed.ddp.
[2022.01.11-22.21.08:931][  0]LogDerivedDataCache: FDerivedDataBackendGraph:  EnterprisePak pak cache file ../../../Enterprise/DerivedDataCache/Compressed.ddp not found, will not use a pak cache.
[2022.01.11-22.21.08:931][  0]LogDerivedDataCache: Unable to find inner node EnterprisePak for hierarchical cache Hierarchy.
[2022.01.11-22.21.08:954][  0]LogDerivedDataCache: Speed tests for C:/Users/kinde/AppData/Local/UnrealEngine/Common/DerivedDataCache took 0.02 seconds
[2022.01.11-22.21.08:955][  0]LogDerivedDataCache: Display: Performance to C:/Users/kinde/AppData/Local/UnrealEngine/Common/DerivedDataCache: Latency=0.05ms. RandomReadSpeed=85.47MBs, RandomWriteSpeed=78.57MBs. Assigned SpeedClass 'Local'
[2022.01.11-22.21.08:955][  0]LogDerivedDataCache: Using Local data cache path C:/Users/kinde/AppData/Local/UnrealEngine/Common/DerivedDataCache: Writable
[2022.01.11-22.21.08:955][  0]LogDerivedDataCache: Shared data cache path not found in *engine.ini, will not use an Shared cache.
[2022.01.11-22.21.08:955][  0]LogDerivedDataCache: Unable to find inner node Shared for hierarchical cache Hierarchy.
[2022.01.11-22.21.09:001][  0]LogSlate: Using FreeType 2.10.0
[2022.01.11-22.21.09:002][  0]LogSlate: SlateFontServices - WITH_FREETYPE: 1, WITH_HARFBUZZ: 1
[2022.01.11-22.21.09:127][  0]LogInit: Using OS detected language (fr-FR).
[2022.01.11-22.21.09:127][  0]LogInit: Using OS detected locale (fr-FR).
[2022.01.11-22.21.09:127][  0]LogTextLocalizationManager: No localization for 'fr-FR' exists, so 'en' will be used for the language.
[2022.01.11-22.21.09:127][  0]LogTextLocalizationManager: No localization for 'fr-FR' exists, so 'en' will be used for the locale.
[2022.01.11-22.21.09:127][  0]LogSlate: FontCache flush requested. Reason: Culture for localization was changed
[2022.01.11-22.21.09:127][  0]LogSlate: FontCache flush requested. Reason: Culture for localization was changed
[2022.01.11-22.21.09:133][  0]LogAssetRegistry: FAssetRegistry took 0.0043 seconds to start up
[2022.01.11-22.21.09:353][  0]LogTextLocalizationManager: Compacting localization data took   0.01ms
[2022.01.11-22.21.09:353][  0]LogPackageLocalizationCache: Processed 27 localized package path(s) for 1 prioritized culture(s) in 0.002132 seconds
[2022.01.11-22.21.09:451][  0]LogInit: Selected Device Profile: [Windows]
[2022.01.11-22.21.09:452][  0]LogInit: Active device profile: [0000029496CCA800][000002948CE75A40 49] Windows
[2022.01.11-22.21.09:452][  0]LogInit: Profiles: [0000029496CCA800][000002948CE75A40 49] Windows, [0000029496C89A00][0000029491F3DBC0 49] WindowsNoEditor, [0000029496CC9900][00000294927241C0 49] WindowsServer, [0000029496C88D00][0000029492728340 49] WindowsClient, [0000029496CCAA00][000002949272C4C0 49] IOS, [0000029496C89E00][0000029492730640 49] iPadAir, [0000029496CC9C00][00000294927347C0 49] iPadAir2, [0000029496C2F500][000002949273CA80 49] IPadPro, [0000029496C2F600][0000029492738AC0 49] iPadAir3, [0000029496CC8F00][0000029492740C40 49] iPadAir4, [0000029496C2DE00][0000029492744DC0 49] iPadMini2, [0000029496CCB400][0000029492748F40 49] iPadMini3, [0000029496C2E000][000002949274D0C0 49] iPadMini4, [0000029496CCA100][0000029492751240 49] iPadMini5, [0000029496CC2E00][0000029491F394C0 49] iPhone6, [0000029496CC2F00][0000029492755500 49] iPodTouch6, [0000029496C2CD00][000002949275D740 49] iPhone7, [0000029496C2CB00][0000029492759780 49] iPodTouch7, [0000029496CC1D00][000002949210F8C0 49] iPhone5S, [0000029496C2F800][0000029492117A40 49] iPhone6Plus, [0000029496CC2100][000002949211BBC0 49] iPhone6S, [0000029496C2DA00][000002949211E1C0 49] iPhone6SPlus, [0000029496CC2000][0000029492122340 49] iPhone7Plus, [0000029496C2E100][00000294921264C0 49] iPhoneSE, [0000029496CC1900][000002949212A640 49] iPhone8, [0000029496C2FA00][000002949212E7C0 49] iPhone8Plus, [0000029496CC1C00][0000029492132940 49] iPhoneX, [0000029496C2E500][0000029492136AC0 49] iPhoneXS, [0000029496CC3100][000002949213AC40 49] iPhoneXSMax, [0000029496C2E200][000002949213EDC0 49] iPhoneXR, [0000029496CC3800][0000029492142F40 49] iPhone11, [0000029496C2DB00][00000294921470C0 49] iPhone11Pro, [0000029496CC1000][000002949214B240 49] iPhone11ProMax, [0000029496C2ED00][000002949214F3C0 49] iPhoneSE2, [0000029496CC3E00][0000029492153540 49] iPhone12Mini, [0000029496C2F700][00000294921576C0 49] iPhone12, [0000029496CC2400][0000029492113800 49] iPhone12Pro, [0000029496C2EF00][000002949215B940 49] iPhone12ProMax, [0000029496CC3300][000002949215FA80 49] iPadPro105, [0000029496C2E900][0000029492167C00 49] iPadPro129, [0000029496CC0400][000002949216A200 49] iPadPro97, [0000029496C2F100][000002949216E380 49] iPadPro2_129, [0000029496CC0200][0000029492172500 49] iPad5, [0000029496C2C700][0000029492176680 49] iPad6, [0000029496CC1200][000002949217A800 49] iPad7, [0000029496C2EA00][000002949217E980 49] iPad8, [0000029496CC0500][0000029492182B00 49] iPadPro11, [0000029496C2D900][0000029492186C80 49] iPadPro2_11, [0000029496CC0700][000002949218AE00 49] iPadPro3_129, [0000029496D04800][000002949218EF80 49] iPadPro4_129, [0000029496C8B300][0000029492193100 49] AppleTV, [0000029496D04100][0000029492197280 49] AppleTV4K, [0000029496C8AB00][000002949219B400 49] TVOS, [0000029496D04F00][000002949219F580 49] Mac, [0000029496C88B00][00000294921A3700 49] MacClient, [0000029496D04E00][00000294921A7880 49] MacNoEditor, [0000029496C8A500][00000294921639C0 49] MacServer, [0000029496D04B00][00000294921ABB00 49] Linux, [0000029496C8B000][00000294921AE0C0 49] LinuxAArch64, [0000029496D05300][00000294921B6240 49] LinuxNoEditor, [0000029496C89D00][00000294921BA3C0 49] LinuxAArch64NoEditor, [0000029496C2EB00][00000294921BE540 49] LinuxClient, [0000029496C89700][00000294921C26C0 49] LinuxAArch64Client, [0000029496C2C500][00000294921C6840 49] LinuxServer, [0000029496C88E00][00000294921CA9C0 49] LinuxAArch64Server, [0000029496C2CA00][00000294921CEB40 49] Android, [0000029496C8A700][00000294921D2CC0 49] Android_Low, [0000029496C2FB00][00000294921D6E40 49] Android_Mid, [0000029496C8A200][00000294921DAFC0 49] Android_High, [0000029496C2F000][00000294921DF140 49] Android_Default, [0000029496C8A800][00000294921E32C0 49] Android_Adreno4xx, [0000029496C2F200][00000294921E7440 49] Android_Adreno5xx_Low, [0000029496C88700][00000294921EB5C0 49] Android_Adreno5xx, [0000029496C2D800][00000294921EF740 49] Android_Adreno6xx, [0000029496C8BF00][00000294921F38C0 49] Android_Adreno6xx_Vulkan, [0000029496C2D100][00000294921F7A40 49] Android_Mali_T6xx, [0000029496C8A300][00000294921B3B80 49] Android_Mali_T7xx, [0000029496C2DF00][00000294921FA140 49] Android_Mali_T8xx, [0000029496C8B900][00000294921FE280 49] Android_Mali_G71, [0000029496C2FD00][00000294922023C0 49] Android_Mali_G72, [0000029496C88C00][000002949220A540 49] Android_Mali_G72_Vulkan, [0000029496C2C400][000002949220E6C0 49] Android_Mali_G76, [0000029496C88300][0000029492212840 49] Android_Mali_G76_Vulkan, [0000029496C2D200][00000294922169C0 49] Android_Mali_G77, [0000029496C89200][000002949221AB40 49] Android_Mali_G77_Vulkan, [0000029496C2CC00][000002949221ECC0 49] Android_Mali_G78, [0000029496C8A000][0000029492222E40 49] Android_Mali_G78_Vulkan, [0000029496C2E700][0000029492226FC0 49] Android_Mali_G710, [0000029496C8BA00][000002949222B140 49] Android_Mali_G710_Vulkan, [0000029496C2D400][000002949222F2C0 49] Android_Vulkan_SM5, [0000029496C88800][0000029492233440 49] Android_PowerVR_G6xxx, [0000029496C2C600][00000294922375C0 49] Android_PowerVR_GT7xxx, [0000029496C8B200][000002949223B740 49] Android_PowerVR_GE8xxx, [0000029496C2E300][000002949223F8C0 49] Android_PowerVR_GM9xxx, [0000029496CC3A00][0000029492243A40 49] Android_PowerVR_GM9xxx_Vulkan, [0000029496CC9000][0000029492247BC0 49] Android_TegraK1, [0000029496CC2C00][0000029492206180 49] Android_Unknown_Vulkan, [0000029496CC8C00][000002949224A2C0 49] Lumin, [0000029496CC3900][000002949224E400 49] Lumin_Desktop, [0000029496CCB800][0000029492252540 49] HoloLens, 
[2022.01.11-22.21.09:526][  0]LogMeshReduction: Using QuadricMeshReduction for automatic static mesh reduction
[2022.01.11-22.21.09:526][  0]LogMeshReduction: Using SimplygonMeshReduction for automatic skeletal mesh reduction
[2022.01.11-22.21.09:526][  0]LogMeshReduction: Using ProxyLODMeshReduction for automatic mesh merging
[2022.01.11-22.21.09:526][  0]LogMeshReduction: No distributed automatic mesh merging module available
[2022.01.11-22.21.09:526][  0]LogMeshMerging: No distributed automatic mesh merging module available
[2022.01.11-22.21.09:630][  0]LogNetVersion: Alice 1.0.0, NetCL: 17155196, EngineNetVer: 17, GameNetVer: 0 (Checksum: 885693577)
[2022.01.11-22.21.09:935][  0]LogTexture: Default maximum texture size for cubemaps generated from long-lat sources has been changed from 512 to unlimited. In order to preserve old behaiour for '/Engine/MapTemplates/Sky/DaylightAmbientCubemap.DaylightAmbientCubemap', its maximum texture size has been explicitly set to 512.
[2022.01.11-22.21.10:003][  0]LogHMD: PokeAHoleMaterial loaded successfully
[2022.01.11-22.21.10:195][  0]LogMoviePlayer: Initializing movie player
[2022.01.11-22.21.10:328][  0]LogNiagaraDebuggerClient: Niagara Debugger Client Initialized | Session: 1095F7B94271EE0D3601EB979D21C07B | Instance: 2B84176F490566A8DC3E149CDC99E543 (LAPTOP-NS2BGKLM-13720).
[2022.01.11-22.21.10:362][  0]LogCollectionManager: Loaded 0 collections in 0.000935 seconds
[2022.01.11-22.21.10:366][  0]LogFileCache: Scanning file cache for directory 'D:/kinde/Alice/Saved/Collections/' took 0.00s
[2022.01.11-22.21.10:366][  0]LogFileCache: Scanning file cache for directory 'D:/kinde/Alice/Content/Developers/kinde/Collections/' took 0.00s
[2022.01.11-22.21.10:366][  0]LogCollectionManager: Fixed up redirectors for 0 collections in 0.000002 seconds (updated 0 objects)
[2022.01.11-22.21.10:565][  0]LogFileCache: Scanning file cache for directory 'D:/kinde/Alice/Content/Collections/' took 0.00s
[2022.01.11-22.21.10:565][  0]LogPython: Using Python 3.7.7
[2022.01.11-22.21.11:128][  0]LogUdpMessaging: Initializing bridge on interface 0.0.0.0:0 to multicast group 230.0.0.1:6666.
[2022.01.11-22.21.11:140][  0]LogTcpMessaging: Initializing TcpMessaging bridge
[2022.01.11-22.21.11:290][  0]SourceControl: Source control is disabled
[2022.01.11-22.21.11:290][  0]SourceControl: Source control is disabled
[2022.01.11-22.21.11:296][  0]SourceControl: Source control is disabled
[2022.01.11-22.21.11:307][  0]LogUProjectInfo: Found projects:
[2022.01.11-22.21.11:320][  0]LogVSAccessor: Display: Unable to create Visual Studio setup instance: 80040154
[2022.01.11-22.21.11:321][  0]LogVSAccessor: Display: Unable to create Visual Studio setup instance: 80040154
[2022.01.11-22.21.11:322][  0]LogVSAccessor: Display: Unable to create Visual Studio setup instance: 80040154
[2022.01.11-22.21.11:476][  0]LogOpenImageDenoise: OIDN starting up
[2022.01.11-22.21.11:529][  0]LogAndroidPermission: UAndroidPermissionCallbackProxy::GetInstance
[2022.01.11-22.21.11:560][  0]LogAudioCaptureCore: Display: No Audio Capture implementations found. Audio input will be silent.
[2022.01.11-22.21.11:560][  0]LogAudioCaptureCore: Display: No Audio Capture implementations found. Audio input will be silent.
[2022.01.11-22.21.11:669][  0]LogOcInput: OculusInput pre-init called
[2022.01.11-22.21.11:680][  0]LogUObjectArray: 22121 objects as part of root set at end of initial load.
[2022.01.11-22.21.11:680][  0]LogUObjectAllocator: 5975632 out of 0 bytes used by permanent object pool.
[2022.01.11-22.21.11:680][  0]LogUObjectArray: CloseDisregardForGC: 0/0 objects in disregard for GC pool
[2022.01.11-22.21.11:762][  0]LogEngine: Initializing Engine...
[2022.01.11-22.21.11:768][  0]LogHMD: Failed to enumerate extensions. Please check that you have a valid OpenXR runtime installed.
[2022.01.11-22.21.11:769][  0]LogHMD: Failed to initialize OpenVR with code 110
[2022.01.11-22.21.11:769][  0]LogMagicLeap: Warning: VR disabled because ZI is not enabled.  To enable, in the editor, Edit -> Project Settings -> Plugins -> Magic Leap Plugin -> Enable Zero Iteration
[2022.01.11-22.21.11:771][  0]LogStats: UGameplayTagsManager::InitializeManager -  0.000 s
[2022.01.11-22.21.11:903][  0]LogInit: Initializing FReadOnlyCVARCache
[2022.01.11-22.21.11:903][  0]LogAudio: Display: Initializing Audio Device Manager...
[2022.01.11-22.21.11:914][  0]LogAudio: Display: Loading Default Audio Settings Objects...
[2022.01.11-22.21.11:916][  0]LogAudio: Display: No default SoundConcurrencyObject specified (or failed to load).
[2022.01.11-22.21.11:917][  0]LogAudio: Display: Audio Device Manager Initialized
[2022.01.11-22.21.11:917][  0]LogAudio: Display: Creating Audio Device:                 Id: 1, Scope: Shared, Realtime: True
[2022.01.11-22.21.11:917][  0]LogAudioMixer: Display: Audio Mixer Platform Settings:
[2022.01.11-22.21.11:917][  0]LogAudioMixer: Display: 	Sample Rate:						  48000
[2022.01.11-22.21.11:917][  0]LogAudioMixer: Display: 	Callback Buffer Frame Size Requested: 1024
[2022.01.11-22.21.11:917][  0]LogAudioMixer: Display: 	Callback Buffer Frame Size To Use:	  1024
[2022.01.11-22.21.11:917][  0]LogAudioMixer: Display: 	Number of buffers to queue:			  2
[2022.01.11-22.21.11:917][  0]LogAudioMixer: Display: 	Max Channels (voices):				  32
[2022.01.11-22.21.11:917][  0]LogAudioMixer: Display: 	Number of Async Source Workers:		  0
[2022.01.11-22.21.11:917][  0]LogAudio: Display: AudioDevice MaxSources: 32
[2022.01.11-22.21.11:917][  0]LogAudio: Display: Audio Spatialization Plugin: None (built-in).
[2022.01.11-22.21.11:917][  0]LogAudio: Display: Audio Reverb Plugin: None (built-in).
[2022.01.11-22.21.11:917][  0]LogAudio: Display: Audio Occlusion Plugin: None (built-in).
[2022.01.11-22.21.11:917][  0]LogAudioMixer: Display: Initializing audio mixer.
[2022.01.11-22.21.11:936][  0]LogAudioMixer: Display: 0: FrontLeft
[2022.01.11-22.21.11:936][  0]LogAudioMixer: Display: 1: FrontRight
[2022.01.11-22.21.11:965][  0]LogAudioMixer: Display: Using Audio Device Speaker / Headphone (Realtek(R) Audio)
[2022.01.11-22.21.11:973][  0]LogAudioMixer: Display: Initializing Sound Submixes...
[2022.01.11-22.21.11:976][  0]LogAudioMixer: Display: Creating Master Submix 'MasterSubmixDefault'
[2022.01.11-22.21.11:976][  0]LogAudioMixer: Display: Creating Master Submix 'MasterReverbSubmixDefault'
[2022.01.11-22.21.11:977][  0]LogAudioMixer: Display: Creating Master Submix 'MasterEQSubmixDefault'
[2022.01.11-22.21.11:977][  0]LogAudioMixer: FMixerPlatformXAudio2::StartAudioStream() called
[2022.01.11-22.21.11:977][  0]LogAudioMixer: Display: Output buffers initialized: Frames=1024, Channels=2, Samples=2048
[2022.01.11-22.21.11:978][  0]LogAudioMixer: Display: Starting AudioMixerPlatformInterface::RunInternal()
[2022.01.11-22.21.11:978][  0]LogAudioMixer: Display: FMixerPlatformXAudio2::SubmitBuffer() called for the first time
[2022.01.11-22.21.11:978][  0]LogInit: FAudioDevice initialized.
[2022.01.11-22.21.11:981][  0]LogNetVersion: Set ProjectVersion to 1.0.0.0. Version Checksum will be recalculated on next use.
[2022.01.11-22.21.11:982][  0]LogInit: Texture streaming: Enabled
[2022.01.11-22.21.12:082][  0]LogAudio: Display: Audio Device (ID: 1) registered with world 'Untitled'.
[2022.01.11-22.21.12:082][  0]LogSlate: Updating window title bar state: overlay mode, drag disabled, window buttons hidden, title bar hidden
[2022.01.11-22.21.12:083][  0]LogInit: Display: Game Engine Initialized.
[2022.01.11-22.21.12:083][  0]LogNiagaraEditor: GEditor isn't valid! Particle reset commands will not work for Niagara components!
[2022.01.11-22.21.12:276][  0]LogInit: Display: Starting Game.
[2022.01.11-22.21.12:276][  0]LogNet: Browse: /Game/Maps/MainMenu?Name=Player
[2022.01.11-22.21.12:276][  0]LogLoad: LoadMap: /Game/Maps/MainMenu?Name=Player
[2022.01.11-22.21.12:276][  0]LogWorld: BeginTearingDown for /Temp/Untitled_0
[2022.01.11-22.21.12:278][  0]LogWorld: UWorld::CleanupWorld for Untitled, bSessionEnded=true, bCleanupResources=true
[2022.01.11-22.21.12:278][  0]LogSlate: InvalidateAllWidgets triggered.  All widgets were invalidated
[2022.01.11-22.21.12:284][  0]LogAudio: Display: Audio Device unregistered from world 'None'.
[2022.01.11-22.21.12:287][  0]LogUObjectHash: Compacting FUObjectHashTables data took   1.22ms
[2022.01.11-22.21.12:317][  0]LogBlueprint: Warning: [AssetLog] D:\kinde\Alice\Content\Blueprints\widget\WB_Options.uasset: [Compiler] 'WB Start Screen' does not inherit from 'Player Controller' ( Cast To WB_StartScreen  would always fail).
[2022.01.11-22.21.12:354][  0]LogAudio: Display: Audio Device (ID: 1) registered with world 'MainMenu'.
[2022.01.11-22.21.12:367][  0]LogAIModule: Creating AISystem for world MainMenu
[2022.01.11-22.21.12:436][  0]LogBlueprint: Warning: [AssetLog] D:\kinde\Alice\Content\ThirdPersonBP\Blueprints\ThirdPersonCharacter.uasset: [Compiler] InputAction Event references unknown Action 'ResetVR' for  InputAction ResetVR
[2022.01.11-22.21.12:437][  0]LogBlueprint: Warning: [AssetLog] D:\kinde\Alice\Content\ThirdPersonBP\Blueprints\ThirdPersonCharacter.uasset: [Compiler] Input Axis Event references unknown Axis 'LookUpRate' for  InputAxis LookUpRate
[2022.01.11-22.21.12:437][  0]LogBlueprint: Warning: [AssetLog] D:\kinde\Alice\Content\ThirdPersonBP\Blueprints\ThirdPersonCharacter.uasset: [Compiler] Input Axis Event references unknown Axis 'TurnRate' for  InputAxis TurnRate
[2022.01.11-22.21.12:607][  0]LogLoad: Game class is 'ThirdPersonGameMode_C'
[2022.01.11-22.21.12:608][  0]LogWorld: Bringing World /Game/Maps/MainMenu.MainMenu up for play (max tick rate 0) at 2022.01.11-23.21.12
[2022.01.11-22.21.12:609][  0]LogWorld: Bringing up level for play took: 0.000956
[2022.01.11-22.21.12:609][  0]LogGameMode: FindPlayerStart: PATHS NOT DEFINED or NO PLAYERSTART with positive rating
[2022.01.11-22.21.12:615][  0]LogLoad: Took 0.338960 seconds to LoadMap(/Game/Maps/MainMenu)
[2022.01.11-22.21.12:637][  0]LogSlate: Took 0.000367 seconds to synchronously load lazily loaded font '../../../Engine/Content/Slate/Fonts/Roboto-Regular.ttf' (155K)
[2022.01.11-22.21.12:669][  0]LogRenderer: Reallocating scene render targets to support 1280x720 Format 10 NumSamples 1 (Frame:1).
[2022.01.11-22.21.12:669][  0]LogInit: Display: Engine is initialized. Leaving FEngineLoop::Init()
[2022.01.11-22.21.12:669][  0]LogLoad: (Engine Initialization) Total time: 8.44 seconds
[2022.01.11-22.21.12:669][  0]LogLoad: (Engine Initialization) Total Blueprint compile time: 0.00 seconds
[2022.01.11-22.21.12:677][  0]LogContentStreaming: Texture pool size now 1000 MB
[2022.01.11-22.21.12:685][  0]LogSlate: InvalidateAllWidgets triggered.  All widgets were invalidated
[2022.01.11-22.21.12:805][  1]LogSlate: Took 0.000368 seconds to synchronously load lazily loaded font '../../../Engine/Content/Slate/Fonts/Roboto-Regular.ttf' (155K)
[2022.01.11-22.21.19:395][651]Command not recognized: r.SetResw
[2022.01.11-22.21.21:013][811]r.SetRes = "f"
[2022.01.11-22.21.22:261][934]r.SetRes = "f"
[2022.01.11-22.21.23:198][ 26]Command not recognized: r.SetResw
[2022.01.11-22.21.23:826][ 88]Command not recognized: r.SetResw
[2022.01.11-22.21.24:242][128]Command not recognized: r.SetResw
[2022.01.11-22.21.24:342][138]Command not recognized: r.SetResw
[2022.01.11-22.21.24:560][159]Command not recognized: r.SetResw
[2022.01.11-22.21.24:658][169]Command not recognized: r.SetResw
[2022.01.11-22.21.24:942][197]Command not recognized: r.SetResw
[2022.01.11-22.21.25:603][262]r.SetRes = "f"
[2022.01.11-22.21.25:702][272]r.SetRes = "f"
[2022.01.11-22.21.25:917][293]r.SetRes = "f"
[2022.01.11-22.21.26:016][303]r.SetRes = "f"
[2022.01.11-22.21.26:270][328]r.SetRes = "f"
[2022.01.11-22.25.36:855][520]LogActor: Warning: ThirdPersonCharacter_C_0 is outside the world bounds!
