Log file open, 01/13/22 00:20:01
LogWindows: Failed to load 'aqProf.dll' (GetLastError=126)
LogWindows: File 'aqProf.dll' does not exist
LogWindows: Failed to load 'VtuneApi.dll' (GetLastError=126)
LogWindows: File 'VtuneApi.dll' does not exist
LogWindows: Failed to load 'VtuneApi32e.dll' (GetLastError=126)
LogWindows: File 'VtuneApi32e.dll' does not exist
LogConsoleResponse: Display: Failed to find resolution value strings in scalability ini. Falling back to default.
LogConsoleResponse: Display: Failed to find resolution value strings in scalability ini. Falling back to default.
LogInit: Display: Running engine for game: Alice
LogPlatformFile: Not using cached read wrapper
LogTaskGraph: Started task graph with 5 named threads and 23 total threads with 3 sets of task threads.
LogStats: Stats thread started at 0.472902
LogICUInternationalization: ICU TimeZone Detection - Raw Offset: +1:00, Platform Override: ''
LogInit: Display: Loading text-based GConfig....
LogPluginManager: Mounting plugin MeshPainting
LogPluginManager: Mounting plugin XGEController
LogPluginManager: Mounting plugin Paper2D
LogPluginManager: Mounting plugin AISupport
LogPluginManager: Mounting plugin EnvironmentQueryEditor
LogPluginManager: Mounting plugin LightPropagationVolume
LogPluginManager: Mounting plugin LiveLink
LogPluginManager: Mounting plugin OodleData
LogPluginManager: Mounting plugin AssetManagerEditor
LogPluginManager: Mounting plugin AnimationSharing
LogPluginManager: Mounting plugin CurveEditorTools
LogPluginManager: Mounting plugin OodleNetwork
LogPluginManager: Mounting plugin CryptoKeys
LogPluginManager: Mounting plugin DataValidation
LogPluginManager: Mounting plugin FacialAnimation
LogPluginManager: Mounting plugin GameplayTagsEditor
LogPluginManager: Mounting plugin GeometryMode
LogPluginManager: Mounting plugin MacGraphicsSwitching
LogPluginManager: Mounting plugin MaterialAnalyzer
LogPluginManager: Mounting plugin CLionSourceCodeAccess
LogPluginManager: Mounting plugin MobileLauncherProfileWizard
LogPluginManager: Mounting plugin CodeLiteSourceCodeAccess
LogPluginManager: Mounting plugin PluginBrowser
LogPluginManager: Mounting plugin NullSourceCodeAccess
LogPluginManager: Mounting plugin KDevelopSourceCodeAccess
LogPluginManager: Mounting plugin GitSourceControl
LogPluginManager: Mounting plugin PerforceSourceControl
LogPluginManager: Mounting plugin PixWinPlugin
LogPluginManager: Mounting plugin PlasticSourceControl
LogPluginManager: Mounting plugin PluginUtils
LogPluginManager: Mounting plugin PropertyAccessNode
LogPluginManager: Mounting plugin SubversionSourceControl
LogPluginManager: Mounting plugin SpeedTreeImporter
LogPluginManager: Mounting plugin VisualStudioCodeSourceCodeAccess
LogPluginManager: Mounting plugin UObjectPlugin
LogPluginManager: Mounting plugin RiderSourceCodeAccess
LogPluginManager: Mounting plugin XCodeSourceCodeAccess
LogPluginManager: Mounting plugin VisualStudioSourceCodeAccess
LogPluginManager: Mounting plugin TextureFormatOodle
LogPluginManager: Mounting plugin VariantManagerContent
LogPluginManager: Mounting plugin DatasmithContent
LogPluginManager: Mounting plugin BackChannel
LogPluginManager: Mounting plugin AutomationUtils
LogPluginManager: Mounting plugin AlembicImporter
LogPluginManager: Mounting plugin ChaosClothEditor
LogPluginManager: Mounting plugin ChaosEditor
LogPluginManager: Mounting plugin ChaosCloth
LogPluginManager: Mounting plugin ChaosSolverPlugin
LogPluginManager: Mounting plugin ChaosNiagara
LogPluginManager: Mounting plugin CharacterAI
LogPluginManager: Mounting plugin Niagara
LogPluginManager: Mounting plugin GeometryCache
LogPluginManager: Mounting plugin GeometryProcessing
LogPluginManager: Mounting plugin GeometryCollectionPlugin
LogPluginManager: Mounting plugin OpenImageDenoise
LogPluginManager: Mounting plugin MotoSynth
LogPluginManager: Mounting plugin PlanarCut
LogPluginManager: Mounting plugin PlatformCrypto
LogPluginManager: Mounting plugin ProxyLODPlugin
LogPluginManager: Mounting plugin PythonScriptPlugin
LogPluginManager: Mounting plugin SkeletalReduction
LogPluginManager: Mounting plugin AndroidMedia
LogPluginManager: Mounting plugin AvfMedia
LogPluginManager: Mounting plugin LuminPlatformFeatures
LogPluginManager: Mounting plugin ImgMedia
LogPluginManager: Mounting plugin MagicLeap
LogPluginManager: Mounting plugin MediaCompositing
LogPluginManager: Mounting plugin MagicLeapLightEstimation
LogPluginManager: Mounting plugin MagicLeapMedia
LogPluginManager: Mounting plugin MagicLeapPassableWorld
LogPluginManager: Mounting plugin MediaPlayerEditor
LogPluginManager: Mounting plugin MLSDK
LogPluginManager: Mounting plugin WebMMedia
LogPluginManager: Mounting plugin WmfMedia
LogPluginManager: Mounting plugin TcpMessaging
LogPluginManager: Mounting plugin UdpMessaging
LogPluginManager: Mounting plugin ActorSequence
LogPluginManager: Mounting plugin LevelSequenceEditor
LogPluginManager: Mounting plugin MatineeToLevelSequence
LogPluginManager: Mounting plugin TemplateSequence
LogPluginManager: Mounting plugin OnlineSubsystem
LogPluginManager: Mounting plugin OnlineSubsystemNull
LogPluginManager: Mounting plugin OnlineSubsystemUtils
LogPluginManager: Mounting plugin LauncherChunkInstaller
LogPluginManager: Mounting plugin ActorLayerUtilities
LogPluginManager: Mounting plugin AndroidMoviePlayer
LogPluginManager: Mounting plugin AndroidDeviceProfileSelector
LogPluginManager: Mounting plugin AndroidPermission
LogPluginManager: Mounting plugin AppleImageUtils
LogPluginManager: Mounting plugin AppleMoviePlayer
LogPluginManager: Mounting plugin AssetTags
LogPluginManager: Mounting plugin ArchVisCharacter
LogPluginManager: Mounting plugin AudioCapture
LogPluginManager: Mounting plugin AudioSynesthesia
LogPluginManager: Mounting plugin CableComponent
LogPluginManager: Mounting plugin ChunkDownloader
LogPluginManager: Mounting plugin CustomMeshComponent
LogPluginManager: Mounting plugin ExampleDeviceProfileSelector
LogPluginManager: Mounting plugin EditableMesh
LogPluginManager: Mounting plugin GooglePAD
LogPluginManager: Mounting plugin GoogleCloudMessaging
LogPluginManager: Mounting plugin IOSDeviceProfileSelector
LogPluginManager: Mounting plugin LinuxDeviceProfileSelector
LogPluginManager: Mounting plugin LocationServicesBPLibrary
LogPluginManager: Mounting plugin MobilePatchingUtils
LogPluginManager: Mounting plugin OpenXR
LogPluginManager: Mounting plugin OpenXREyeTracker
LogPluginManager: Mounting plugin OpenXRHandTracking
LogPluginManager: Mounting plugin PhysXVehicles
LogPluginManager: Mounting plugin PostSplashScreen
LogPluginManager: Mounting plugin ProceduralMeshComponent
LogPluginManager: Mounting plugin PropertyAccessEditor
LogPluginManager: Mounting plugin RuntimePhysXCooking
LogPluginManager: Mounting plugin SignificanceManager
LogPluginManager: Mounting plugin SoundFields
LogPluginManager: Mounting plugin WebMMoviePlayer
LogPluginManager: Mounting plugin WindowsMoviePlayer
LogPluginManager: Mounting plugin ScreenshotTools
LogPluginManager: Mounting plugin Synthesis
LogPluginManager: Mounting plugin GameplayCameras
LogPluginManager: Mounting plugin CameraShakePreviewer
LogPluginManager: Mounting plugin Takes
LogPluginManager: Mounting plugin ContentBrowserFileDataSource
LogPluginManager: Mounting plugin ContentBrowserAssetDataSource
LogPluginManager: Mounting plugin ContentBrowserClassDataSource
LogPluginManager: Mounting plugin OnlineSubsystemGooglePlay
LogPluginManager: Mounting plugin OnlineSubsystemIOS
LogPluginManager: Mounting plugin OculusVR
LogPluginManager: Mounting plugin SteamVR
PixWinPlugin: PIX capture plugin failed to initialize! Check that the process is launched from PIX.
LogInit: Using libcurl 7.55.1-DEV
LogInit:  - built for x86_64-pc-win32
LogInit:  - supports SSL with OpenSSL/1.1.1
LogInit:  - supports HTTP deflate (compression) using libz 1.2.8
LogInit:  - other features:
LogInit:      CURL_VERSION_SSL
LogInit:      CURL_VERSION_LIBZ
LogInit:      CURL_VERSION_IPV6
LogInit:      CURL_VERSION_ASYNCHDNS
LogInit:      CURL_VERSION_LARGEFILE
LogInit:      CURL_VERSION_IDN
LogInit:  CurlRequestOptions (configurable via config and command line):
LogInit:  - bVerifyPeer = true  - Libcurl will verify peer certificate
LogInit:  - bUseHttpProxy = false  - Libcurl will NOT use HTTP proxy
LogInit:  - bDontReuseConnections = false  - Libcurl will reuse connections
LogInit:  - MaxHostConnections = 16  - Libcurl will limit the number of connections to a host
LogInit:  - LocalHostAddr = Default
LogInit:  - BufferSize = 65536
LogOnline: OSS: Creating online subsystem instance for: NULL
LogInit: WinSock: version 1.1 (2.2), MaxSocks=32767, MaxUdp=65467
LogOnline: OSS: TryLoadSubsystemAndSetDefault: Loaded subsystem for module [NULL]
LogOculusPluginWrapper: OculusPlugin initialized successfully
LogHMD: Failed initializing OVRPlugin 1.59.0
LogInit: Build: ++UE4+Release-4.27-CL-18319896
LogInit: Engine Version: 4.27.2-18319896+++UE4+Release-4.27
LogInit: Compatible Engine Version: 4.27.0-17155196+++UE4+Release-4.27
LogInit: Net CL: 17155196
LogInit: OS: Windows 10 (Release 2009) (), CPU: AMD Ryzen 7 3700U with Radeon Vega Mobile Gfx  , GPU: AMD Radeon(TM) RX Vega 10 Graphics
LogInit: Compiled (64-bit): Nov 30 2021 07:12:08
LogInit: Compiled with Visual C++: 19.24.28315.00
LogInit: Build Configuration: Development
LogInit: Branch Name: ++UE4+Release-4.27
LogInit: Command Line:  /Game/Maps/Level1 -game -PIEVIACONSOLE -Multiprocess GameUserSettingsINI=D:/kinde/Alice/Saved/Config/Windows/PIEGameUserSettings0.ini -MultiprocessSaveConfig -forcepassthrough -messaging -SessionName="Play in Standalone Game" -windowed -WinX=320 -WinY=180 SAVEWINPOS=1 -ResX=1270 -ResY=686
LogInit: Base Directory: D:/Program Files/Epic Games/UE_4.27/Engine/Binaries/Win64/
LogInit: Allocator: TBB
LogInit: Installed Engine Build: 1
LogDevObjectVersion: Number of dev versions registered: 29
LogDevObjectVersion:   Dev-Blueprints (B0D832E4-1F89-4F0D-ACCF-7EB736FD4AA2): 10
LogDevObjectVersion:   Dev-Build (E1C64328-A22C-4D53-A36C-8E866417BD8C): 0
LogDevObjectVersion:   Dev-Core (375EC13C-06E4-48FB-B500-84F0262A717E): 4
LogDevObjectVersion:   Dev-Editor (E4B068ED-F494-42E9-A231-DA0B2E46BB41): 40
LogDevObjectVersion:   Dev-Framework (CFFC743F-43B0-4480-9391-14DF171D2073): 37
LogDevObjectVersion:   Dev-Mobile (B02B49B5-BB20-44E9-A304-32B752E40360): 3
LogDevObjectVersion:   Dev-Networking (A4E4105C-59A1-49B5-A7C5-40C4547EDFEE): 0
LogDevObjectVersion:   Dev-Online (39C831C9-5AE6-47DC-9A44-9C173E1C8E7C): 0
LogDevObjectVersion:   Dev-Physics (78F01B33-EBEA-4F98-B9B4-84EACCB95AA2): 14
LogDevObjectVersion:   Dev-Platform (6631380F-2D4D-43E0-8009-CF276956A95A): 0
LogDevObjectVersion:   Dev-Rendering (12F88B9F-8875-4AFC-A67C-D90C383ABD29): 45
LogDevObjectVersion:   Dev-Sequencer (7B5AE74C-D270-4C10-A958-57980B212A5A): 13
LogDevObjectVersion:   Dev-VR (D7296918-1DD6-4BDD-9DE2-64A83CC13884): 3
LogDevObjectVersion:   Dev-LoadTimes (C2A15278-BFE7-4AFE-6C17-90FF531DF755): 1
LogDevObjectVersion:   Private-Geometry (6EACA3D4-40EC-4CC1-B786-8BED09428FC5): 3
LogDevObjectVersion:   Dev-AnimPhys (29E575DD-E0A3-4627-9D10-D276232CDCEA): 17
LogDevObjectVersion:   Dev-Anim (AF43A65D-7FD3-4947-9873-3E8ED9C1BB05): 15
LogDevObjectVersion:   Dev-ReflectionCapture (6B266CEC-1EC7-4B8F-A30B-E4D90942FC07): 1
LogDevObjectVersion:   Dev-Automation (0DF73D61-A23F-47EA-B727-89E90C41499A): 1
LogDevObjectVersion:   FortniteMain (601D1886-AC64-4F84-AA16-D3DE0DEAC7D6): 47
LogDevObjectVersion:   FortniteRelease (E7086368-6B23-4C58-8439-1B7016265E91): 1
LogDevObjectVersion:   Dev-Enterprise (9DFFBCD6-494F-0158-E221-12823C92A888): 10
LogDevObjectVersion:   Dev-Niagara (F2AED0AC-9AFE-416F-8664-AA7FFA26D6FC): 1
LogDevObjectVersion:   Dev-Destruction (174F1F0B-B4C6-45A5-B13F-2EE8D0FB917D): 10
LogDevObjectVersion:   Dev-Physics-Ext (35F94A83-E258-406C-A318-09F59610247C): 41
LogDevObjectVersion:   Dev-PhysicsMaterial-Chaos (B68FC16E-8B1B-42E2-B453-215C058844FE): 1
LogDevObjectVersion:   Dev-CineCamera (B2E18506-4273-CFC2-A54E-F4BB758BBA07): 1
LogDevObjectVersion:   Dev-VirtualProduction (64F58936-FD1B-42BA-BA96-7289D5D0FA4E): 1
LogDevObjectVersion:   Dev-MediaFramework (6F0ED827-A609-4895-9C91-998D90180EA4): 2
LogInit: Presizing for max 25165824 objects, including 0 objects not considered by GC, pre-allocating 0 bytes for permanent pool.
LogConfig: Applying CVar settings from Section [/Script/Engine.StreamingSettings] File [D:/kinde/Alice/Saved/Config/Windows/Engine.ini]
LogConfig: Setting CVar [[s.MinBulkDataSizeForAsyncLoading:131072]]
LogConfig: Setting CVar [[s.AsyncLoadingThreadEnabled:0]]
LogConfig: Setting CVar [[s.EventDrivenLoaderEnabled:1]]
LogConfig: Setting CVar [[s.WarnIfTimeLimitExceeded:0]]
LogConfig: Setting CVar [[s.TimeLimitExceededMultiplier:1.5]]
LogConfig: Setting CVar [[s.TimeLimitExceededMinTime:0.005]]
LogConfig: Setting CVar [[s.UseBackgroundLevelStreaming:1]]
LogConfig: Setting CVar [[s.PriorityAsyncLoadingExtraTime:15.0]]
LogConfig: Setting CVar [[s.LevelStreamingActorsUpdateTimeLimit:5.0]]
LogConfig: Setting CVar [[s.PriorityLevelStreamingActorsUpdateExtraTime:5.0]]
LogConfig: Setting CVar [[s.LevelStreamingComponentsRegistrationGranularity:10]]
LogConfig: Setting CVar [[s.UnregisterComponentsTimeLimit:1.0]]
LogConfig: Setting CVar [[s.LevelStreamingComponentsUnregistrationGranularity:5]]
LogConfig: Setting CVar [[s.FlushStreamingOnExit:1]]
LogInit: Object subsystem initialized
LogConfig: Setting CVar [[con.DebugEarlyDefault:1]]
LogConfig: Setting CVar [[r.setres:1280x720]]
[2022.01.12-23.20.02:384][  0]LogConfig: Setting CVar [[con.DebugEarlyDefault:1]]
[2022.01.12-23.20.02:384][  0]LogConfig: Setting CVar [[r.setres:1280x720]]
[2022.01.12-23.20.02:384][  0]LogConfig: Applying CVar settings from Section [/Script/Engine.RendererSettings] File [D:/kinde/Alice/Saved/Config/Windows/Engine.ini]
[2022.01.12-23.20.02:384][  0]LogConfig: Setting CVar [[r.GPUCrashDebugging:0]]
[2022.01.12-23.20.02:384][  0]LogConfig: Applying CVar settings from Section [/Script/Engine.RendererOverrideSettings] File [D:/kinde/Alice/Saved/Config/Windows/Engine.ini]
[2022.01.12-23.20.02:384][  0]LogConfig: Applying CVar settings from Section [/Script/Engine.StreamingSettings] File [D:/kinde/Alice/Saved/Config/Windows/Engine.ini]
[2022.01.12-23.20.02:384][  0]LogConfig: Setting CVar [[s.MinBulkDataSizeForAsyncLoading:131072]]
[2022.01.12-23.20.02:384][  0]LogConfig: Setting CVar [[s.AsyncLoadingThreadEnabled:0]]
[2022.01.12-23.20.02:384][  0]LogConfig: Setting CVar [[s.EventDrivenLoaderEnabled:1]]
[2022.01.12-23.20.02:384][  0]LogConfig: Setting CVar [[s.WarnIfTimeLimitExceeded:0]]
[2022.01.12-23.20.02:384][  0]LogConfig: Setting CVar [[s.TimeLimitExceededMultiplier:1.5]]
[2022.01.12-23.20.02:384][  0]LogConfig: Setting CVar [[s.TimeLimitExceededMinTime:0.005]]
[2022.01.12-23.20.02:384][  0]LogConfig: Setting CVar [[s.UseBackgroundLevelStreaming:1]]
[2022.01.12-23.20.02:384][  0]LogConfig: Setting CVar [[s.PriorityAsyncLoadingExtraTime:15.0]]
[2022.01.12-23.20.02:384][  0]LogConfig: Setting CVar [[s.LevelStreamingActorsUpdateTimeLimit:5.0]]
[2022.01.12-23.20.02:384][  0]LogConfig: Setting CVar [[s.PriorityLevelStreamingActorsUpdateExtraTime:5.0]]
[2022.01.12-23.20.02:384][  0]LogConfig: Setting CVar [[s.LevelStreamingComponentsRegistrationGranularity:10]]
[2022.01.12-23.20.02:384][  0]LogConfig: Setting CVar [[s.UnregisterComponentsTimeLimit:1.0]]
[2022.01.12-23.20.02:384][  0]LogConfig: Setting CVar [[s.LevelStreamingComponentsUnregistrationGranularity:5]]
[2022.01.12-23.20.02:384][  0]LogConfig: Setting CVar [[s.FlushStreamingOnExit:1]]
[2022.01.12-23.20.02:384][  0]LogConfig: Applying CVar settings from Section [/Script/Engine.GarbageCollectionSettings] File [D:/kinde/Alice/Saved/Config/Windows/Engine.ini]
[2022.01.12-23.20.02:384][  0]LogConfig: Setting CVar [[gc.MaxObjectsNotConsideredByGC:1]]
[2022.01.12-23.20.02:384][  0]LogConfig: Setting CVar [[gc.SizeOfPermanentObjectPool:0]]
[2022.01.12-23.20.02:384][  0]LogConfig: Setting CVar [[gc.FlushStreamingOnGC:0]]
[2022.01.12-23.20.02:384][  0]LogConfig: Setting CVar [[gc.NumRetriesBeforeForcingGC:10]]
[2022.01.12-23.20.02:384][  0]LogConfig: Setting CVar [[gc.AllowParallelGC:1]]
[2022.01.12-23.20.02:384][  0]LogConfig: Setting CVar [[gc.TimeBetweenPurgingPendingKillObjects:61.1]]
[2022.01.12-23.20.02:384][  0]LogConfig: Setting CVar [[gc.MaxObjectsInEditor:25165824]]
[2022.01.12-23.20.02:384][  0]LogConfig: Setting CVar [[gc.IncrementalBeginDestroyEnabled:1]]
[2022.01.12-23.20.02:384][  0]LogConfig: Setting CVar [[gc.CreateGCClusters:1]]
[2022.01.12-23.20.02:385][  0]LogConfig: Setting CVar [[gc.MinGCClusterSize:5]]
[2022.01.12-23.20.02:385][  0]LogConfig: Setting CVar [[gc.ActorClusteringEnabled:0]]
[2022.01.12-23.20.02:385][  0]LogConfig: Setting CVar [[gc.BlueprintClusteringEnabled:0]]
[2022.01.12-23.20.02:385][  0]LogConfig: Setting CVar [[gc.UseDisregardForGCOnDedicatedServers:0]]
[2022.01.12-23.20.02:385][  0]LogConfig: Setting CVar [[gc.MultithreadedDestructionEnabled:1]]
[2022.01.12-23.20.02:385][  0]LogConfig: Applying CVar settings from Section [/Script/Engine.NetworkSettings] File [D:/kinde/Alice/Saved/Config/Windows/Engine.ini]
[2022.01.12-23.20.02:385][  0]LogConfig: Applying CVar settings from Section [/Script/UnrealEd.CookerSettings] File [D:/kinde/Alice/Saved/Config/Windows/Engine.ini]
[2022.01.12-23.20.02:392][  0]LogConfig: Applying CVar settings from Section [ViewDistanceQuality@3] File [D:/kinde/Alice/Saved/Config/Windows/Scalability.ini]
[2022.01.12-23.20.02:392][  0]LogConfig: Setting CVar [[r.SkeletalMeshLODBias:0]]
[2022.01.12-23.20.02:392][  0]LogConfig: Setting CVar [[r.ViewDistanceScale:1.0]]
[2022.01.12-23.20.02:393][  0]LogConfig: Applying CVar settings from Section [AntiAliasingQuality@3] File [D:/kinde/Alice/Saved/Config/Windows/Scalability.ini]
[2022.01.12-23.20.02:393][  0]LogConfig: Setting CVar [[r.PostProcessAAQuality:4]]
[2022.01.12-23.20.02:393][  0]LogConfig: Applying CVar settings from Section [ShadowQuality@3] File [D:/kinde/Alice/Saved/Config/Windows/Scalability.ini]
[2022.01.12-23.20.02:393][  0]LogConfig: Setting CVar [[r.LightFunctionQuality:1]]
[2022.01.12-23.20.02:393][  0]LogConfig: Setting CVar [[r.ShadowQuality:5]]
[2022.01.12-23.20.02:393][  0]LogConfig: Setting CVar [[r.Shadow.CSM.MaxCascades:10]]
[2022.01.12-23.20.02:393][  0]LogConfig: Setting CVar [[r.Shadow.MaxResolution:2048]]
[2022.01.12-23.20.02:393][  0]LogConfig: Setting CVar [[r.Shadow.MaxCSMResolution:2048]]
[2022.01.12-23.20.02:393][  0]LogConfig: Setting CVar [[r.Shadow.RadiusThreshold:0.01]]
[2022.01.12-23.20.02:393][  0]LogConfig: Setting CVar [[r.Shadow.DistanceScale:1.0]]
[2022.01.12-23.20.02:393][  0]LogConfig: Setting CVar [[r.Shadow.CSM.TransitionScale:1.0]]
[2022.01.12-23.20.02:393][  0]LogConfig: Setting CVar [[r.Shadow.PreShadowResolutionFactor:1.0]]
[2022.01.12-23.20.02:393][  0]LogConfig: Setting CVar [[r.DistanceFieldShadowing:1]]
[2022.01.12-23.20.02:393][  0]LogConfig: Setting CVar [[r.DistanceFieldAO:1]]
[2022.01.12-23.20.02:393][  0]LogConfig: Setting CVar [[r.AOQuality:2]]
[2022.01.12-23.20.02:393][  0]LogConfig: Setting CVar [[r.VolumetricFog:1]]
[2022.01.12-23.20.02:393][  0]LogConfig: Setting CVar [[r.VolumetricFog.GridPixelSize:8]]
[2022.01.12-23.20.02:393][  0]LogConfig: Setting CVar [[r.VolumetricFog.GridSizeZ:128]]
[2022.01.12-23.20.02:393][  0]LogConfig: Setting CVar [[r.VolumetricFog.HistoryMissSupersampleCount:4]]
[2022.01.12-23.20.02:393][  0]LogConfig: Setting CVar [[r.LightMaxDrawDistanceScale:1]]
[2022.01.12-23.20.02:393][  0]LogConfig: Setting CVar [[r.CapsuleShadows:1]]
[2022.01.12-23.20.02:393][  0]LogConfig: Applying CVar settings from Section [PostProcessQuality@3] File [D:/kinde/Alice/Saved/Config/Windows/Scalability.ini]
[2022.01.12-23.20.02:393][  0]LogConfig: Setting CVar [[r.MotionBlurQuality:4]]
[2022.01.12-23.20.02:393][  0]LogConfig: Setting CVar [[r.AmbientOcclusionMipLevelFactor:0.4]]
[2022.01.12-23.20.02:393][  0]LogConfig: Setting CVar [[r.AmbientOcclusionMaxQuality:100]]
[2022.01.12-23.20.02:393][  0]LogConfig: Setting CVar [[r.AmbientOcclusionLevels:-1]]
[2022.01.12-23.20.02:393][  0]LogConfig: Setting CVar [[r.AmbientOcclusionRadiusScale:1.0]]
[2022.01.12-23.20.02:393][  0]LogConfig: Setting CVar [[r.DepthOfFieldQuality:2]]
[2022.01.12-23.20.02:393][  0]LogConfig: Setting CVar [[r.RenderTargetPoolMin:400]]
[2022.01.12-23.20.02:393][  0]LogConfig: Setting CVar [[r.LensFlareQuality:2]]
[2022.01.12-23.20.02:393][  0]LogConfig: Setting CVar [[r.SceneColorFringeQuality:1]]
[2022.01.12-23.20.02:393][  0]LogConfig: Setting CVar [[r.EyeAdaptationQuality:2]]
[2022.01.12-23.20.02:393][  0]LogConfig: Setting CVar [[r.BloomQuality:5]]
[2022.01.12-23.20.02:393][  0]LogConfig: Setting CVar [[r.FastBlurThreshold:100]]
[2022.01.12-23.20.02:393][  0]LogConfig: Setting CVar [[r.Upscale.Quality:3]]
[2022.01.12-23.20.02:393][  0]LogConfig: Setting CVar [[r.Tonemapper.GrainQuantization:1]]
[2022.01.12-23.20.02:393][  0]LogConfig: Setting CVar [[r.LightShaftQuality:1]]
[2022.01.12-23.20.02:393][  0]LogConfig: Setting CVar [[r.Filter.SizeScale:1]]
[2022.01.12-23.20.02:393][  0]LogConfig: Setting CVar [[r.Tonemapper.Quality:5]]
[2022.01.12-23.20.02:393][  0]LogConfig: Setting CVar [[r.DOF.Gather.AccumulatorQuality:1        ; higher gathering accumulator quality]]
[2022.01.12-23.20.02:393][  0]LogConfig: Setting CVar [[r.DOF.Gather.PostfilterMethod:1          ; Median3x3 postfilering method]]
[2022.01.12-23.20.02:393][  0]LogConfig: Setting CVar [[r.DOF.Gather.EnableBokehSettings:0       ; no bokeh simulation when gathering]]
[2022.01.12-23.20.02:393][  0]LogConfig: Setting CVar [[r.DOF.Gather.RingCount:4                 ; medium number of samples when gathering]]
[2022.01.12-23.20.02:393][  0]LogConfig: Setting CVar [[r.DOF.Scatter.ForegroundCompositing:1    ; additive foreground scattering]]
[2022.01.12-23.20.02:393][  0]LogConfig: Setting CVar [[r.DOF.Scatter.BackgroundCompositing:2    ; additive background scattering]]
[2022.01.12-23.20.02:393][  0]LogConfig: Setting CVar [[r.DOF.Scatter.EnableBokehSettings:1      ; bokeh simulation when scattering]]
[2022.01.12-23.20.02:393][  0]LogConfig: Setting CVar [[r.DOF.Scatter.MaxSpriteRatio:0.1         ; only a maximum of 10% of scattered bokeh]]
[2022.01.12-23.20.02:394][  0]LogConfig: Setting CVar [[r.DOF.Recombine.Quality:1                ; cheap slight out of focus]]
[2022.01.12-23.20.02:394][  0]LogConfig: Setting CVar [[r.DOF.Recombine.EnableBokehSettings:0    ; no bokeh simulation on slight out of focus]]
[2022.01.12-23.20.02:394][  0]LogConfig: Setting CVar [[r.DOF.TemporalAAQuality:1                ; more stable temporal accumulation]]
[2022.01.12-23.20.02:394][  0]LogConfig: Setting CVar [[r.DOF.Kernel.MaxForegroundRadius:0.025]]
[2022.01.12-23.20.02:394][  0]LogConfig: Setting CVar [[r.DOF.Kernel.MaxBackgroundRadius:0.025]]
[2022.01.12-23.20.02:394][  0]LogConfig: Applying CVar settings from Section [TextureQuality@3] File [D:/kinde/Alice/Saved/Config/Windows/Scalability.ini]
[2022.01.12-23.20.02:394][  0]LogConfig: Setting CVar [[r.Streaming.MipBias:0]]
[2022.01.12-23.20.02:394][  0]LogConfig: Setting CVar [[r.Streaming.AmortizeCPUToGPUCopy:0]]
[2022.01.12-23.20.02:394][  0]LogConfig: Setting CVar [[r.Streaming.MaxNumTexturesToStreamPerFrame:0]]
[2022.01.12-23.20.02:394][  0]LogConfig: Setting CVar [[r.Streaming.Boost:1]]
[2022.01.12-23.20.02:394][  0]LogConfig: Setting CVar [[r.MaxAnisotropy:8]]
[2022.01.12-23.20.02:394][  0]LogConfig: Setting CVar [[r.VT.MaxAnisotropy:8]]
[2022.01.12-23.20.02:394][  0]LogConfig: Setting CVar [[r.Streaming.LimitPoolSizeToVRAM:0]]
[2022.01.12-23.20.02:394][  0]LogConfig: Setting CVar [[r.Streaming.PoolSize:1000]]
[2022.01.12-23.20.02:394][  0]LogConfig: Setting CVar [[r.Streaming.MaxEffectiveScreenSize:0]]
[2022.01.12-23.20.02:394][  0]LogConfig: Applying CVar settings from Section [EffectsQuality@3] File [D:/kinde/Alice/Saved/Config/Windows/Scalability.ini]
[2022.01.12-23.20.02:394][  0]LogConfig: Setting CVar [[r.TranslucencyLightingVolumeDim:64]]
[2022.01.12-23.20.02:394][  0]LogConfig: Setting CVar [[r.RefractionQuality:2]]
[2022.01.12-23.20.02:394][  0]LogConfig: Setting CVar [[r.SSR.Quality:3]]
[2022.01.12-23.20.02:394][  0]LogConfig: Setting CVar [[r.SSR.HalfResSceneColor:0]]
[2022.01.12-23.20.02:394][  0]LogConfig: Setting CVar [[r.SceneColorFormat:4]]
[2022.01.12-23.20.02:394][  0]LogConfig: Setting CVar [[r.DetailMode:2]]
[2022.01.12-23.20.02:394][  0]LogConfig: Setting CVar [[r.TranslucencyVolumeBlur:1]]
[2022.01.12-23.20.02:394][  0]LogConfig: Setting CVar [[r.MaterialQualityLevel:1 ; High quality]]
[2022.01.12-23.20.02:394][  0]LogConfig: Setting CVar [[r.AnisotropicMaterials:1]]
[2022.01.12-23.20.02:394][  0]LogConfig: Setting CVar [[r.SSS.Scale:1]]
[2022.01.12-23.20.02:394][  0]LogConfig: Setting CVar [[r.SSS.SampleSet:2]]
[2022.01.12-23.20.02:394][  0]LogConfig: Setting CVar [[r.SSS.Quality:1]]
[2022.01.12-23.20.02:394][  0]LogConfig: Setting CVar [[r.SSS.HalfRes:0]]
[2022.01.12-23.20.02:394][  0]LogConfig: Setting CVar [[r.SSGI.Quality:3]]
[2022.01.12-23.20.02:394][  0]LogConfig: Setting CVar [[r.EmitterSpawnRateScale:1.0]]
[2022.01.12-23.20.02:394][  0]LogConfig: Setting CVar [[r.ParticleLightQuality:2]]
[2022.01.12-23.20.02:394][  0]LogConfig: Setting CVar [[r.SkyAtmosphere.AerialPerspectiveLUT.FastApplyOnOpaque:1 ; Always have FastSkyLUT 1 in this case to avoid wrong sky]]
[2022.01.12-23.20.02:394][  0]LogConfig: Setting CVar [[r.SkyAtmosphere.AerialPerspectiveLUT.SampleCountMaxPerSlice:4]]
[2022.01.12-23.20.02:394][  0]LogConfig: Setting CVar [[r.SkyAtmosphere.AerialPerspectiveLUT.DepthResolution:16.0]]
[2022.01.12-23.20.02:394][  0]LogConfig: Setting CVar [[r.SkyAtmosphere.FastSkyLUT:1]]
[2022.01.12-23.20.02:394][  0]LogConfig: Setting CVar [[r.SkyAtmosphere.FastSkyLUT.SampleCountMin:4.0]]
[2022.01.12-23.20.02:394][  0]LogConfig: Setting CVar [[r.SkyAtmosphere.FastSkyLUT.SampleCountMax:128.0]]
[2022.01.12-23.20.02:394][  0]LogConfig: Setting CVar [[r.SkyAtmosphere.SampleCountMin:4.0]]
[2022.01.12-23.20.02:394][  0]LogConfig: Setting CVar [[r.SkyAtmosphere.SampleCountMax:128.0]]
[2022.01.12-23.20.02:394][  0]LogConfig: Setting CVar [[r.SkyAtmosphere.TransmittanceLUT.UseSmallFormat:0]]
[2022.01.12-23.20.02:394][  0]LogConfig: Setting CVar [[r.SkyAtmosphere.TransmittanceLUT.SampleCount:10.0]]
[2022.01.12-23.20.02:394][  0]LogConfig: Setting CVar [[r.SkyAtmosphere.MultiScatteringLUT.SampleCount:15.0]]
[2022.01.12-23.20.02:394][  0]LogConfig: Setting CVar [[r.SkyLight.RealTimeReflectionCapture:1]]
[2022.01.12-23.20.02:395][  0]LogConfig: Applying CVar settings from Section [FoliageQuality@3] File [D:/kinde/Alice/Saved/Config/Windows/Scalability.ini]
[2022.01.12-23.20.02:395][  0]LogConfig: Setting CVar [[foliage.DensityScale:1.0]]
[2022.01.12-23.20.02:395][  0]LogConfig: Setting CVar [[grass.DensityScale:1.0]]
[2022.01.12-23.20.02:395][  0]LogConfig: Applying CVar settings from Section [ShadingQuality@3] File [D:/kinde/Alice/Saved/Config/Windows/Scalability.ini]
[2022.01.12-23.20.02:395][  0]LogConfig: Setting CVar [[r.HairStrands.SkyLighting.IntegrationType:2]]
[2022.01.12-23.20.02:395][  0]LogConfig: Setting CVar [[r.HairStrands.SkyAO.SampleCount:4]]
[2022.01.12-23.20.02:395][  0]LogConfig: Setting CVar [[r.HairStrands.Visibility.MSAA.SamplePerPixel:4]]
[2022.01.12-23.20.02:395][  0]LogInit: Selected Device Profile: [Windows]
[2022.01.12-23.20.02:395][  0]LogInit: Applying CVar settings loaded from the selected device profile: [Windows]
[2022.01.12-23.20.02:395][  0]LogHAL: Display: Platform has ~ 14 GB [14942519296 / 17179869184 / 14], which maps to Larger [LargestMinGB=32, LargerMinGB=12, DefaultMinGB=8, SmallerMinGB=6, SmallestMinGB=0)
[2022.01.12-23.20.02:395][  0]LogInit: Going up to parent DeviceProfile []
[2022.01.12-23.20.02:395][  0]LogConfig: Applying CVar settings from Section [ViewDistanceQuality@0] File [D:/kinde/Alice/Saved/Config/Windows/Scalability.ini]
[2022.01.12-23.20.02:395][  0]LogConfig: Setting CVar [[r.SkeletalMeshLODBias:2]]
[2022.01.12-23.20.02:395][  0]LogConfig: Setting CVar [[r.ViewDistanceScale:0.4]]
[2022.01.12-23.20.02:395][  0]LogConfig: Applying CVar settings from Section [AntiAliasingQuality@0] File [D:/kinde/Alice/Saved/Config/Windows/Scalability.ini]
[2022.01.12-23.20.02:395][  0]LogConfig: Setting CVar [[r.PostProcessAAQuality:0]]
[2022.01.12-23.20.02:395][  0]LogConfig: Applying CVar settings from Section [ShadowQuality@0] File [D:/kinde/Alice/Saved/Config/Windows/Scalability.ini]
[2022.01.12-23.20.02:395][  0]LogConfig: Setting CVar [[r.LightFunctionQuality:0]]
[2022.01.12-23.20.02:395][  0]LogConfig: Setting CVar [[r.ShadowQuality:0]]
[2022.01.12-23.20.02:395][  0]LogConfig: Setting CVar [[r.Shadow.CSM.MaxCascades:1]]
[2022.01.12-23.20.02:395][  0]LogConfig: Setting CVar [[r.Shadow.MaxResolution:512]]
[2022.01.12-23.20.02:395][  0]LogConfig: Setting CVar [[r.Shadow.MaxCSMResolution:512]]
[2022.01.12-23.20.02:395][  0]LogConfig: Setting CVar [[r.Shadow.RadiusThreshold:0.06]]
[2022.01.12-23.20.02:395][  0]LogConfig: Setting CVar [[r.Shadow.DistanceScale:0.6]]
[2022.01.12-23.20.02:395][  0]LogConfig: Setting CVar [[r.Shadow.CSM.TransitionScale:0]]
[2022.01.12-23.20.02:395][  0]LogConfig: Setting CVar [[r.Shadow.PreShadowResolutionFactor:0.5]]
[2022.01.12-23.20.02:395][  0]LogConfig: Setting CVar [[r.DistanceFieldShadowing:0]]
[2022.01.12-23.20.02:395][  0]LogConfig: Setting CVar [[r.DistanceFieldAO:0]]
[2022.01.12-23.20.02:395][  0]LogConfig: Setting CVar [[r.VolumetricFog:0]]
[2022.01.12-23.20.02:395][  0]LogConfig: Setting CVar [[r.LightMaxDrawDistanceScale:0]]
[2022.01.12-23.20.02:395][  0]LogConfig: Setting CVar [[r.CapsuleShadows:0]]
[2022.01.12-23.20.02:395][  0]LogConfig: Applying CVar settings from Section [PostProcessQuality@0] File [D:/kinde/Alice/Saved/Config/Windows/Scalability.ini]
[2022.01.12-23.20.02:395][  0]LogConfig: Setting CVar [[r.MotionBlurQuality:0]]
[2022.01.12-23.20.02:395][  0]LogConfig: Setting CVar [[r.AmbientOcclusionMipLevelFactor:1.0]]
[2022.01.12-23.20.02:396][  0]LogConfig: Setting CVar [[r.AmbientOcclusionMaxQuality:0]]
[2022.01.12-23.20.02:396][  0]LogConfig: Setting CVar [[r.AmbientOcclusionLevels:0]]
[2022.01.12-23.20.02:396][  0]LogConfig: Setting CVar [[r.AmbientOcclusionRadiusScale:1.2]]
[2022.01.12-23.20.02:396][  0]LogConfig: Setting CVar [[r.DepthOfFieldQuality:0]]
[2022.01.12-23.20.02:396][  0]LogConfig: Setting CVar [[r.RenderTargetPoolMin:300]]
[2022.01.12-23.20.02:396][  0]LogConfig: Setting CVar [[r.LensFlareQuality:0]]
[2022.01.12-23.20.02:396][  0]LogConfig: Setting CVar [[r.SceneColorFringeQuality:0]]
[2022.01.12-23.20.02:396][  0]LogConfig: Setting CVar [[r.EyeAdaptationQuality:2]]
[2022.01.12-23.20.02:396][  0]LogConfig: Setting CVar [[r.BloomQuality:4]]
[2022.01.12-23.20.02:396][  0]LogConfig: Setting CVar [[r.FastBlurThreshold:0]]
[2022.01.12-23.20.02:396][  0]LogConfig: Setting CVar [[r.Upscale.Quality:1]]
[2022.01.12-23.20.02:396][  0]LogConfig: Setting CVar [[r.Tonemapper.GrainQuantization:0]]
[2022.01.12-23.20.02:396][  0]LogConfig: Setting CVar [[r.LightShaftQuality:0]]
[2022.01.12-23.20.02:396][  0]LogConfig: Setting CVar [[r.Filter.SizeScale:0.6]]
[2022.01.12-23.20.02:396][  0]LogConfig: Setting CVar [[r.Tonemapper.Quality:0]]
[2022.01.12-23.20.02:396][  0]LogConfig: Applying CVar settings from Section [TextureQuality@0] File [D:/kinde/Alice/Saved/Config/Windows/Scalability.ini]
[2022.01.12-23.20.02:396][  0]LogConfig: Setting CVar [[r.Streaming.MipBias:16]]
[2022.01.12-23.20.02:396][  0]LogConfig: Setting CVar [[r.Streaming.AmortizeCPUToGPUCopy:1]]
[2022.01.12-23.20.02:396][  0]LogConfig: Setting CVar [[r.Streaming.MaxNumTexturesToStreamPerFrame:1]]
[2022.01.12-23.20.02:396][  0]LogConfig: Setting CVar [[r.Streaming.Boost:0.3]]
[2022.01.12-23.20.02:396][  0]LogConfig: Setting CVar [[r.MaxAnisotropy:0]]
[2022.01.12-23.20.02:396][  0]LogConfig: Setting CVar [[r.VT.MaxAnisotropy:4]]
[2022.01.12-23.20.02:396][  0]LogConfig: Setting CVar [[r.Streaming.LimitPoolSizeToVRAM:1]]
[2022.01.12-23.20.02:396][  0]LogConfig: Setting CVar [[r.Streaming.PoolSize:400]]
[2022.01.12-23.20.02:396][  0]LogConfig: Setting CVar [[r.Streaming.MaxEffectiveScreenSize:0]]
[2022.01.12-23.20.02:396][  0]LogConfig: Applying CVar settings from Section [EffectsQuality@0] File [D:/kinde/Alice/Saved/Config/Windows/Scalability.ini]
[2022.01.12-23.20.02:396][  0]LogConfig: Setting CVar [[r.TranslucencyLightingVolumeDim:24]]
[2022.01.12-23.20.02:396][  0]LogConfig: Setting CVar [[r.RefractionQuality:0]]
[2022.01.12-23.20.02:396][  0]LogConfig: Setting CVar [[r.SSR.Quality:0]]
[2022.01.12-23.20.02:396][  0]LogConfig: Setting CVar [[r.SSR.HalfResSceneColor:1]]
[2022.01.12-23.20.02:396][  0]LogConfig: Setting CVar [[r.SceneColorFormat:3]]
[2022.01.12-23.20.02:396][  0]LogConfig: Setting CVar [[r.DetailMode:0]]
[2022.01.12-23.20.02:396][  0]LogConfig: Setting CVar [[r.TranslucencyVolumeBlur:0]]
[2022.01.12-23.20.02:396][  0]LogConfig: Setting CVar [[r.MaterialQualityLevel:0 ; Low quality]]
[2022.01.12-23.20.02:396][  0]LogConfig: Setting CVar [[r.AnisotropicMaterials:0]]
[2022.01.12-23.20.02:396][  0]LogConfig: Setting CVar [[r.SSS.Scale:0]]
[2022.01.12-23.20.02:396][  0]LogConfig: Setting CVar [[r.SSS.SampleSet:0]]
[2022.01.12-23.20.02:396][  0]LogConfig: Setting CVar [[r.SSS.Quality:0]]
[2022.01.12-23.20.02:396][  0]LogConfig: Setting CVar [[r.SSS.HalfRes:1]]
[2022.01.12-23.20.02:396][  0]LogConfig: Setting CVar [[r.SSGI.Quality:0]]
[2022.01.12-23.20.02:396][  0]LogConfig: Setting CVar [[r.EmitterSpawnRateScale:0.125]]
[2022.01.12-23.20.02:396][  0]LogConfig: Setting CVar [[r.ParticleLightQuality:0]]
[2022.01.12-23.20.02:396][  0]LogConfig: Setting CVar [[r.SkyAtmosphere.AerialPerspectiveLUT.FastApplyOnOpaque:1 ; Always have FastSkyLUT 1 in this case to avoid wrong sky]]
[2022.01.12-23.20.02:396][  0]LogConfig: Setting CVar [[r.SkyAtmosphere.AerialPerspectiveLUT.SampleCountMaxPerSlice:1]]
[2022.01.12-23.20.02:396][  0]LogConfig: Setting CVar [[r.SkyAtmosphere.AerialPerspectiveLUT.DepthResolution:8.0]]
[2022.01.12-23.20.02:396][  0]LogConfig: Setting CVar [[r.SkyAtmosphere.FastSkyLUT:1]]
[2022.01.12-23.20.02:396][  0]LogConfig: Setting CVar [[r.SkyAtmosphere.FastSkyLUT.SampleCountMin:2.0]]
[2022.01.12-23.20.02:396][  0]LogConfig: Setting CVar [[r.SkyAtmosphere.FastSkyLUT.SampleCountMax:16.0]]
[2022.01.12-23.20.02:396][  0]LogConfig: Setting CVar [[r.SkyAtmosphere.SampleCountMin:2.0]]
[2022.01.12-23.20.02:396][  0]LogConfig: Setting CVar [[r.SkyAtmosphere.SampleCountMax:16.0]]
[2022.01.12-23.20.02:397][  0]LogConfig: Setting CVar [[r.SkyAtmosphere.TransmittanceLUT.UseSmallFormat:1]]
[2022.01.12-23.20.02:397][  0]LogConfig: Setting CVar [[r.SkyAtmosphere.TransmittanceLUT.SampleCount:10.0]]
[2022.01.12-23.20.02:397][  0]LogConfig: Setting CVar [[r.SkyAtmosphere.MultiScatteringLUT.SampleCount:15.0]]
[2022.01.12-23.20.02:397][  0]LogConfig: Setting CVar [[r.SkyLight.RealTimeReflectionCapture:0]]
[2022.01.12-23.20.02:397][  0]LogConfig: Applying CVar settings from Section [FoliageQuality@0] File [D:/kinde/Alice/Saved/Config/Windows/Scalability.ini]
[2022.01.12-23.20.02:397][  0]LogConfig: Setting CVar [[foliage.DensityScale:0]]
[2022.01.12-23.20.02:397][  0]LogConfig: Setting CVar [[grass.DensityScale:0]]
[2022.01.12-23.20.02:397][  0]LogConfig: Applying CVar settings from Section [ShadingQuality@3] File [D:/kinde/Alice/Saved/Config/Windows/Scalability.ini]
[2022.01.12-23.20.02:397][  0]LogConfig: Setting CVar [[r.HairStrands.SkyLighting.IntegrationType:2]]
[2022.01.12-23.20.02:397][  0]LogConfig: Setting CVar [[r.HairStrands.SkyAO.SampleCount:4]]
[2022.01.12-23.20.02:397][  0]LogConfig: Setting CVar [[r.HairStrands.Visibility.MSAA.SamplePerPixel:4]]
[2022.01.12-23.20.02:397][  0]LogConfig: Applying CVar settings from Section [Startup] File [../../../Engine/Config/ConsoleVariables.ini]
[2022.01.12-23.20.02:399][  0]LogConfig: Setting CVar [[net.UseAdaptiveNetUpdateFrequency:0]]
[2022.01.12-23.20.02:399][  0]LogConfig: Setting CVar [[p.chaos.AllowCreatePhysxBodies:1]]
[2022.01.12-23.20.02:399][  0]LogConfig: Setting CVar [[fx.SkipVectorVMBackendOptimizations:1]]
[2022.01.12-23.20.02:399][  0]LogConfig: Applying CVar settings from Section [ConsoleVariables] File [D:/kinde/Alice/Saved/Config/Windows/Engine.ini]
[2022.01.12-23.20.02:399][  0]LogConfig: Applying CVar settings from Section [ConsoleVariables] File [D:/kinde/Alice/Saved/Config/Windows/Editor.ini]
[2022.01.12-23.20.02:399][  0]LogInit: Computer: LAPTOP-NS2BGKLM
[2022.01.12-23.20.02:399][  0]LogInit: User: kinde
[2022.01.12-23.20.02:399][  0]LogInit: CPU Page size=4096, Cores=4
[2022.01.12-23.20.02:400][  0]LogInit: High frequency timer resolution =10.000000 MHz
[2022.01.12-23.20.02:400][  0]LogMemory: Memory total: Physical=13.9GB (14GB approx)
[2022.01.12-23.20.02:400][  0]LogMemory: Platform Memory Stats for Windows
[2022.01.12-23.20.02:400][  0]LogMemory: Process Physical Memory: 143.58 MB used, 143.58 MB peak
[2022.01.12-23.20.02:400][  0]LogMemory: Process Virtual Memory: 128.42 MB used, 128.42 MB peak
[2022.01.12-23.20.02:400][  0]LogMemory: Physical Memory: 9651.64 MB used,  4598.66 MB free, 14250.30 MB total
[2022.01.12-23.20.02:400][  0]LogMemory: Virtual Memory: 134213448.00 MB used,  4282.97 MB free, 134217728.00 MB total
[2022.01.12-23.20.02:414][  0]LogWindows: WindowsPlatformFeatures enabled
[2022.01.12-23.20.02:476][  0]LogInit: Physics initialised using underlying interface: PhysX
[2022.01.12-23.20.02:477][  0]LogInit: Using OS detected language (fr-FR).
[2022.01.12-23.20.02:477][  0]LogInit: Using OS detected locale (fr-FR).
[2022.01.12-23.20.02:481][  0]LogTextLocalizationManager: No specific localization for 'fr-FR' exists, so the 'fr' localization will be used.
[2022.01.12-23.20.02:485][  0]LogTextLocalizationResource: LocRes '../../../Engine/Content/Localization/Editor/fr/Editor.locres' could not be opened for reading!
[2022.01.12-23.20.02:485][  0]LogTextLocalizationResource: LocRes '../../../Engine/Content/Localization/EditorTutorials/fr/EditorTutorials.locres' could not be opened for reading!
[2022.01.12-23.20.02:485][  0]LogTextLocalizationResource: LocRes '../../../Engine/Content/Localization/Keywords/fr/Keywords.locres' could not be opened for reading!
[2022.01.12-23.20.02:485][  0]LogTextLocalizationResource: LocRes '../../../Engine/Content/Localization/Category/fr/Category.locres' could not be opened for reading!
[2022.01.12-23.20.02:486][  0]LogTextLocalizationResource: LocRes '../../../Engine/Content/Localization/ToolTips/fr/ToolTips.locres' could not be opened for reading!
[2022.01.12-23.20.02:486][  0]LogTextLocalizationResource: LocRes '../../../Engine/Content/Localization/PropertyNames/fr/PropertyNames.locres' could not be opened for reading!
[2022.01.12-23.20.02:486][  0]LogTextLocalizationResource: LocRes '../../../Engine/Content/Localization/Engine/fr/Engine.locres' could not be opened for reading!
[2022.01.12-23.20.02:506][  0]LogWindowsTextInputMethodSystem: Display: IME system deactivated.
[2022.01.12-23.20.02:541][  0]LogSlate: New Slate User Created.  User Index 0, Is Virtual User: 0
[2022.01.12-23.20.02:541][  0]LogSlate: Slate User Registered.  User Index 0, Is Virtual User: 0
[2022.01.12-23.20.02:569][  0]LogD3D11RHI: Loaded GFSDK_Aftermath_Lib.x64.dll
[2022.01.12-23.20.02:574][  0]LogHMD: Failed to initialize OpenVR with code 110
[2022.01.12-23.20.02:574][  0]LogD3D11RHI: D3D11 min allowed feature level: 11_0
[2022.01.12-23.20.02:574][  0]LogD3D11RHI: D3D11 max allowed feature level: 11_0
[2022.01.12-23.20.02:574][  0]LogD3D11RHI: D3D11 adapters:
[2022.01.12-23.20.02:635][  0]LogD3D11RHI:    0. 'AMD Radeon(TM) RX Vega 10 Graphics' (Feature Level 11_0)
[2022.01.12-23.20.02:635][  0]LogD3D11RHI:       2034/0/7125 MB DedicatedVideo/DedicatedSystem/SharedSystem, Outputs:1, VendorId:0x1002
[2022.01.12-23.20.02:639][  0]LogD3D11RHI:    1. 'Microsoft Basic Render Driver' (Feature Level 11_0)
[2022.01.12-23.20.02:640][  0]LogD3D11RHI:       0/0/7125 MB DedicatedVideo/DedicatedSystem/SharedSystem, Outputs:0, VendorId:0x1414
[2022.01.12-23.20.02:640][  0]LogD3D11RHI: Chosen D3D11 Adapter:
[2022.01.12-23.20.02:640][  0]LogD3D11RHI:     Description : AMD Radeon(TM) RX Vega 10 Graphics
[2022.01.12-23.20.02:640][  0]LogD3D11RHI:     VendorId    : 1002
[2022.01.12-23.20.02:640][  0]LogD3D11RHI:     DeviceId    : 15d8
[2022.01.12-23.20.02:640][  0]LogD3D11RHI:     SubSysId    : 85b3103c
[2022.01.12-23.20.02:640][  0]LogD3D11RHI:     Revision    : 00c1
[2022.01.12-23.20.02:640][  0]LogD3D11RHI:     DedicatedVideoMemory : 2133184512 bytes
[2022.01.12-23.20.02:640][  0]LogD3D11RHI:     DedicatedSystemMemory : 0 bytes
[2022.01.12-23.20.02:640][  0]LogD3D11RHI:     SharedSystemMemory : 7471259648 bytes
[2022.01.12-23.20.02:640][  0]LogD3D11RHI:     AdapterLuid : 0 66087
[2022.01.12-23.20.02:651][  0]LogD3D11RHI: Creating new Direct3DDevice
[2022.01.12-23.20.02:651][  0]LogD3D11RHI:     GPU DeviceId: 0x15d8 (for the marketing name, search the web for "GPU Device Id")
[2022.01.12-23.20.02:651][  0]LogWindows: EnumDisplayDevices:
[2022.01.12-23.20.02:652][  0]LogWindows:    0. 'AMD Radeon(TM) RX Vega 10 Graphics' (P:1 D:1)
[2022.01.12-23.20.02:652][  0]LogWindows:    1. 'AMD Radeon(TM) RX Vega 10 Graphics' (P:0 D:0)
[2022.01.12-23.20.02:652][  0]LogWindows:    2. 'AMD Radeon(TM) RX Vega 10 Graphics' (P:0 D:0)
[2022.01.12-23.20.02:653][  0]LogWindows:    3. 'AMD Radeon(TM) RX Vega 10 Graphics' (P:0 D:0)
[2022.01.12-23.20.02:653][  0]LogWindows:    4. 'AMD Radeon(TM) RX Vega 10 Graphics' (P:0 D:0)
[2022.01.12-23.20.02:654][  0]LogWindows:    5. 'AMD Radeon(TM) RX Vega 10 Graphics' (P:0 D:0)
[2022.01.12-23.20.02:654][  0]LogWindows: DebugString: FoundDriverCount:6 
[2022.01.12-23.20.02:654][  0]LogD3D11RHI:     Adapter Name: AMD Radeon(TM) RX Vega 10 Graphics
[2022.01.12-23.20.02:654][  0]LogD3D11RHI:   Driver Version: Adrenalin 20.50.30.04 (internal:27.20.15030.4000, unified:27.20.15030.4000)
[2022.01.12-23.20.02:654][  0]LogD3D11RHI:      Driver Date: 9-7-2021
[2022.01.12-23.20.02:654][  0]LogRHI: Texture pool is 5911 MB (70% of 8445 MB)
[2022.01.12-23.20.02:673][  0]LogD3D11RHI: Creating D3DDevice with AMD AGS, using adapter:
[2022.01.12-23.20.02:673][  0]LogD3D11RHI:     Description : AMD Radeon(TM) RX Vega 10 Graphics
[2022.01.12-23.20.02:673][  0]LogD3D11RHI:     VendorId    : 1002
[2022.01.12-23.20.02:673][  0]LogD3D11RHI:     DeviceId    : 15d8
[2022.01.12-23.20.02:673][  0]LogD3D11RHI:     SubSysId    : 85b3103c
[2022.01.12-23.20.02:673][  0]LogD3D11RHI:     Revision    : 00c1
[2022.01.12-23.20.02:673][  0]LogD3D11RHI:     DedicatedVideoMemory : 2133184512 bytes
[2022.01.12-23.20.02:673][  0]LogD3D11RHI:     DedicatedSystemMemory : 0 bytes
[2022.01.12-23.20.02:673][  0]LogD3D11RHI:     SharedSystemMemory : 7471259648 bytes
[2022.01.12-23.20.02:673][  0]LogD3D11RHI:     AdapterLuid : 0 66087
[2022.01.12-23.20.02:725][  0]LogD3D11RHI: Created device via AGS, feature level 11_0, supported extensions 1fffffbf.
[2022.01.12-23.20.02:725][  0]LogD3D11RHI: RHI has support for 64 bit atomics
[2022.01.12-23.20.02:725][  0]LogD3D11RHI: Async texture creation enabled
[2022.01.12-23.20.02:725][  0]LogD3D11RHI: Array index from any shader is supported
[2022.01.12-23.20.02:739][  0]LogD3D11RHI: GPU Timing Frequency: 25.000000 (Debug: 2 1)
[2022.01.12-23.20.03:168][  0]LogTargetPlatformManager: Display: Loaded TargetPlatform 'WindowsNoEditor'
[2022.01.12-23.20.03:179][  0]LogTargetPlatformManager: Display: Loaded TargetPlatform 'Windows'
[2022.01.12-23.20.03:191][  0]LogTargetPlatformManager: Display: Loaded TargetPlatform 'WindowsClient'
[2022.01.12-23.20.03:201][  0]LogTargetPlatformManager: Display: Loaded TargetPlatform 'WindowsServer'
[2022.01.12-23.20.03:201][  0]LogTargetPlatformManager: Display: Building Assets For Windows
[2022.01.12-23.20.03:215][  0]LogAudioDebug: Display: Lib vorbis DLL was dynamically loaded.
[2022.01.12-23.20.03:273][  0]LogTextureFormatOodle: Display: Oodle Texture 2.9.0 init RDO Off
[2022.01.12-23.20.03:331][  0]LogRendererCore: Ray tracing is disabled. Reason: r.RayTracing=0.
[2022.01.12-23.20.03:331][  0]LogShaderCompilers: Guid format shader working directory is 16 characters bigger than the processId version (../../../../../../kinde/Alice/Intermediate/Shaders/WorkingDirectory/36148/).
[2022.01.12-23.20.03:332][  0]LogShaderCompilers: Cleaned the shader compiler working directory 'C:/Users/kinde/AppData/Local/Temp/UnrealShaderWorkingDir/0756EFDD4DA9CB325E6752B607BB5A2F/'.
[2022.01.12-23.20.03:332][  0]LogXGEController: Cannot use XGE Controller as Incredibuild is not installed on this machine.
[2022.01.12-23.20.03:332][  0]LogShaderCompilers: Cannot use XGE Shader Compiler as Incredibuild is not installed on this machine.
[2022.01.12-23.20.03:332][  0]LogShaderCompilers: Display: Using Local Shader Compiler.
[2022.01.12-23.20.04:274][  0]LogDerivedDataCache: Display: Max Cache Size: 512 MB
[2022.01.12-23.20.04:328][  0]LogDerivedDataCache: Loaded boot cache 0.05s 94MB C:/Users/kinde/AppData/Local/UnrealEngine/4.27/DerivedDataCache/Boot.ddc.
[2022.01.12-23.20.04:328][  0]LogDerivedDataCache: Display: Loaded Boot cache: C:/Users/kinde/AppData/Local/UnrealEngine/4.27/DerivedDataCache/Boot.ddc
[2022.01.12-23.20.04:328][  0]LogDerivedDataCache: FDerivedDataBackendGraph:  Pak pak cache file ../../../../../../kinde/Alice/DerivedDataCache/DDC.ddp not found, will not use a pak cache.
[2022.01.12-23.20.04:328][  0]LogDerivedDataCache: Unable to find inner node Pak for hierarchical cache Hierarchy.
[2022.01.12-23.20.04:328][  0]LogDerivedDataCache: FDerivedDataBackendGraph:  CompressedPak pak cache file ../../../../../../kinde/Alice/DerivedDataCache/Compressed.ddp not found, will not use a pak cache.
[2022.01.12-23.20.04:328][  0]LogDerivedDataCache: Unable to find inner node CompressedPak for hierarchical cache Hierarchy.
[2022.01.12-23.20.04:348][  0]LogDerivedDataCache: Display: Pak cache opened for reading ../../../Engine/DerivedDataCache/Compressed.ddp.
[2022.01.12-23.20.04:348][  0]LogDerivedDataCache: FDerivedDataBackendGraph:  EnterprisePak pak cache file ../../../Enterprise/DerivedDataCache/Compressed.ddp not found, will not use a pak cache.
[2022.01.12-23.20.04:348][  0]LogDerivedDataCache: Unable to find inner node EnterprisePak for hierarchical cache Hierarchy.
[2022.01.12-23.20.04:371][  0]LogDerivedDataCache: Speed tests for C:/Users/kinde/AppData/Local/UnrealEngine/Common/DerivedDataCache took 0.02 seconds
[2022.01.12-23.20.04:371][  0]LogDerivedDataCache: Display: Performance to C:/Users/kinde/AppData/Local/UnrealEngine/Common/DerivedDataCache: Latency=0.05ms. RandomReadSpeed=88.39MBs, RandomWriteSpeed=80.73MBs. Assigned SpeedClass 'Local'
[2022.01.12-23.20.04:372][  0]LogDerivedDataCache: Using Local data cache path C:/Users/kinde/AppData/Local/UnrealEngine/Common/DerivedDataCache: Writable
[2022.01.12-23.20.04:372][  0]LogDerivedDataCache: Shared data cache path not found in *engine.ini, will not use an Shared cache.
[2022.01.12-23.20.04:372][  0]LogDerivedDataCache: Unable to find inner node Shared for hierarchical cache Hierarchy.
[2022.01.12-23.20.04:414][  0]LogSlate: Using FreeType 2.10.0
[2022.01.12-23.20.04:414][  0]LogSlate: SlateFontServices - WITH_FREETYPE: 1, WITH_HARFBUZZ: 1
[2022.01.12-23.20.04:525][  0]LogInit: Using OS detected language (fr-FR).
[2022.01.12-23.20.04:525][  0]LogInit: Using OS detected locale (fr-FR).
[2022.01.12-23.20.04:525][  0]LogTextLocalizationManager: No localization for 'fr-FR' exists, so 'en' will be used for the language.
[2022.01.12-23.20.04:525][  0]LogTextLocalizationManager: No localization for 'fr-FR' exists, so 'en' will be used for the locale.
[2022.01.12-23.20.04:525][  0]LogSlate: FontCache flush requested. Reason: Culture for localization was changed
[2022.01.12-23.20.04:525][  0]LogSlate: FontCache flush requested. Reason: Culture for localization was changed
[2022.01.12-23.20.04:531][  0]LogAssetRegistry: FAssetRegistry took 0.0039 seconds to start up
[2022.01.12-23.20.04:733][  0]LogTextLocalizationManager: Compacting localization data took   0.01ms
[2022.01.12-23.20.04:733][  0]LogPackageLocalizationCache: Processed 27 localized package path(s) for 1 prioritized culture(s) in 0.001999 seconds
[2022.01.12-23.20.04:818][  0]LogInit: Selected Device Profile: [Windows]
[2022.01.12-23.20.04:818][  0]LogInit: Active device profile: [00000284739A3900][0000028473315880 49] Windows
[2022.01.12-23.20.04:818][  0]LogInit: Profiles: [00000284739A3900][0000028473315880 49] Windows, [0000028473958800][0000028473319A00 49] WindowsNoEditor, [00000284739A0700][000002847331DB80 49] WindowsServer, [000002847395B700][0000028473320180 49] WindowsClient, [00000284739A3500][0000028473324300 49] IOS, [0000028473958E00][0000028473328480 49] iPadAir, [00000284739A0D00][000002847332C600 49] iPadAir2, [0000028473910700][00000284733348C0 49] IPadPro, [0000028473910800][0000028473330900 49] iPadAir3, [00000284739A3400][0000028473338A80 49] iPadAir4, [0000028473913900][000002847333CC00 49] iPadMini2, [00000284739A0F00][0000028473340D80 49] iPadMini3, [0000028473911700][0000028473344F00 49] iPadMini4, [00000284739A2C00][0000028473349080 49] iPadMini5, [000002847390BF00][0000028473351340 49] iPhone6, [000002847390BE00][000002847334D380 49] iPodTouch6, [000002847395B100][00000284733555C0 49] iPhone7, [000002847395B400][0000028473311600 49] iPodTouch7, [0000028473908B00][0000028473359740 49] iPhone5S, [000002847395A800][000002847335D880 49] iPhone6Plus, [000002847390B000][0000028473365A00 49] iPhone6S, [0000028473958200][0000028473369B80 49] iPhone6SPlus, [0000028473909100][000002847336C180 49] iPhone7Plus, [0000028473958F00][0000028473370300 49] iPhoneSE, [000002847390AB00][0000028473374480 49] iPhone8, [0000028473958400][0000028473378600 49] iPhone8Plus, [0000028473909600][000002847337C780 49] iPhoneX, [000002847395A500][0000028473380900 49] iPhoneXS, [000002847390A600][0000028473384A80 49] iPhoneXSMax, [0000028473959500][0000028473388C00 49] iPhoneXR, [0000028473908800][000002847338CD80 49] iPhone11, [0000028473958B00][0000028473390F00 49] iPhone11Pro, [0000028473908D00][0000028473395080 49] iPhone11ProMax, [000002847395A900][0000028473399200 49] iPhoneSE2, [0000028473908F00][000002847339D380 49] iPhone12Mini, [0000028473958C00][00000284733A1500 49] iPhone12, [000002847390A900][00000284733A5680 49] iPhone12Pro, [0000028473959D00][00000284733617C0 49] iPhone12ProMax, [000002847390A400][00000284733A9900 49] iPadPro105, [0000028473958D00][00000284733ADA40 49] iPadPro129, [000002847390BC00][00000284733B5BC0 49] iPadPro97, [0000028473958700][00000284733B81C0 49] iPadPro2_129, [0000028473908E00][00000284733BC340 49] iPad5, [000002847395A000][000002847146C4C0 49] iPad6, [0000028473908900][0000028471470640 49] iPad7, [000002847395A200][00000284714747C0 49] iPad8, [0000028473909900][0000028471478940 49] iPadPro11, [0000028473958100][000002847147CAC0 49] iPadPro2_11, [000002847390B200][0000028471480C40 49] iPadPro3_129, [000002847395AC00][0000028471484DC0 49] iPadPro4_129, [000002847390B500][0000028471488F40 49] AppleTV, [0000028473958900][000002847148D0C0 49] AppleTV4K, [0000028473908300][0000028471491240 49] TVOS, [000002847395A700][00000284714953C0 49] Mac, [000002847390B700][0000028471499540 49] MacClient, [000002847395BF00][000002847149D6C0 49] MacNoEditor, [0000028473908100][00000284714A1840 49] MacServer, [000002847395B900][00000284733B1980 49] Linux, [0000028473909400][0000028472C41AC0 49] LinuxAArch64, [000002847395AB00][0000028472C45C00 49] LinuxNoEditor, [000002847390B100][0000028472C481C0 49] LinuxAArch64NoEditor, [0000028473959C00][0000028472C50340 49] LinuxClient, [0000028473908600][0000028472C544C0 49] LinuxAArch64Client, [000002847395BC00][0000028472C58640 49] LinuxServer, [0000028473909E00][0000028472C5C7C0 49] LinuxAArch64Server, [000002847395A400][0000028472C60940 49] Android, [0000028473909700][0000028472C64AC0 49] Android_Low, [00000284739D8200][0000028472C68C40 49] Android_Mid, [00000284739A3B00][0000028472C6CDC0 49] Android_High, [00000284739DA600][0000028472C70F40 49] Android_Default, [00000284739A0900][0000028472C750C0 49] Android_Adreno4xx, [00000284739D9300][0000028472C79240 49] Android_Adreno5xx_Low, [00000284739A2600][0000028472C7D3C0 49] Android_Adreno5xx, [00000284739D9A00][0000028472C81540 49] Android_Adreno6xx, [00000284739A0200][0000028472C856C0 49] Android_Adreno6xx_Vulkan, [00000284739D9F00][0000028472C89840 49] Android_Mali_T6xx, [00000284739A1200][00000284712C39C0 49] Android_Mali_T7xx, [00000284739D8C00][0000028472C4DB00 49] Android_Mali_T8xx, [00000284739A2700][00000284712C60C0 49] Android_Mali_G71, [00000284739D9800][00000284712CA200 49] Android_Mali_G72, [00000284739A1A00][00000284712CE340 49] Android_Mali_G72_Vulkan, [00000284739D8D00][00000284712D64C0 49] Android_Mali_G76, [00000284739A3100][00000284712DA640 49] Android_Mali_G76_Vulkan, [00000284739D8B00][00000284712DE7C0 49] Android_Mali_G77, [00000284739A1B00][00000284712E2940 49] Android_Mali_G77_Vulkan, [00000284739D9700][00000284712E6AC0 49] Android_Mali_G78, [00000284739A2100][00000284712EAC40 49] Android_Mali_G78_Vulkan, [000002847390BD00][00000284712EEDC0 49] Android_Mali_G710, [0000028473959600][00000284712F2F40 49] Android_Mali_G710_Vulkan, [000002847390A800][00000284712F70C0 49] Android_Vulkan_SM5, [000002847395B500][00000284712FB240 49] Android_PowerVR_G6xxx, [000002847390AE00][00000284712FF3C0 49] Android_PowerVR_GT7xxx, [000002847395AF00][0000028471303540 49] Android_PowerVR_GE8xxx, [0000028473909B00][00000284713076C0 49] Android_PowerVR_GM9xxx, [00000284739D8F00][000002847130B840 49] Android_PowerVR_GM9xxx_Vulkan, [0000028473908C00][000002847130F9C0 49] Android_TegraK1, [00000284739D8500][0000028471313B40 49] Android_Unknown_Vulkan, [0000028473908200][0000028471316140 49] Lumin, [00000284739D8300][00000284712D2280 49] Lumin_Desktop, [000002847390AA00][000002847131A3C0 49] HoloLens, 
[2022.01.12-23.20.04:993][  0]LogMeshReduction: Using QuadricMeshReduction for automatic static mesh reduction
[2022.01.12-23.20.04:993][  0]LogMeshReduction: Using SimplygonMeshReduction for automatic skeletal mesh reduction
[2022.01.12-23.20.04:993][  0]LogMeshReduction: Using ProxyLODMeshReduction for automatic mesh merging
[2022.01.12-23.20.04:993][  0]LogMeshReduction: No distributed automatic mesh merging module available
[2022.01.12-23.20.04:993][  0]LogMeshMerging: No distributed automatic mesh merging module available
[2022.01.12-23.20.05:012][  0]LogNetVersion: Alice 1.0.0, NetCL: 17155196, EngineNetVer: 17, GameNetVer: 0 (Checksum: 885693577)
[2022.01.12-23.20.05:302][  0]LogTexture: Default maximum texture size for cubemaps generated from long-lat sources has been changed from 512 to unlimited. In order to preserve old behaiour for '/Engine/MapTemplates/Sky/DaylightAmbientCubemap.DaylightAmbientCubemap', its maximum texture size has been explicitly set to 512.
[2022.01.12-23.20.05:360][  0]LogHMD: PokeAHoleMaterial loaded successfully
[2022.01.12-23.20.05:546][  0]LogMoviePlayer: Initializing movie player
[2022.01.12-23.20.05:688][  0]LogNiagaraDebuggerClient: Niagara Debugger Client Initialized | Session: D3CAA5A7450F22839370C48CC4FD71F2 | Instance: CE8DE83840E5E0A74AFE7482CD94CB0A (LAPTOP-NS2BGKLM-36148).
[2022.01.12-23.20.05:719][  0]LogCollectionManager: Loaded 0 collections in 0.000918 seconds
[2022.01.12-23.20.05:723][  0]LogFileCache: Scanning file cache for directory 'D:/kinde/Alice/Saved/Collections/' took 0.00s
[2022.01.12-23.20.05:723][  0]LogFileCache: Scanning file cache for directory 'D:/kinde/Alice/Content/Developers/kinde/Collections/' took 0.00s
[2022.01.12-23.20.05:723][  0]LogCollectionManager: Fixed up redirectors for 0 collections in 0.000002 seconds (updated 0 objects)
[2022.01.12-23.20.05:749][  0]LogFileCache: Scanning file cache for directory 'D:/kinde/Alice/Content/Collections/' took 0.00s
[2022.01.12-23.20.05:749][  0]LogPython: Using Python 3.7.7
[2022.01.12-23.20.06:448][  0]LogTcpMessaging: Initializing TcpMessaging bridge
[2022.01.12-23.20.06:455][  0]LogUdpMessaging: Initializing bridge on interface 0.0.0.0:0 to multicast group 230.0.0.1:6666.
[2022.01.12-23.20.06:626][  0]SourceControl: Source control is disabled
[2022.01.12-23.20.06:626][  0]SourceControl: Source control is disabled
[2022.01.12-23.20.06:633][  0]SourceControl: Source control is disabled
[2022.01.12-23.20.06:639][  0]LogUProjectInfo: Found projects:
[2022.01.12-23.20.06:659][  0]LogVSAccessor: Display: Unable to create Visual Studio setup instance: 80040154
[2022.01.12-23.20.06:659][  0]LogVSAccessor: Display: Unable to create Visual Studio setup instance: 80040154
[2022.01.12-23.20.06:660][  0]LogVSAccessor: Display: Unable to create Visual Studio setup instance: 80040154
[2022.01.12-23.20.06:769][  0]LogOpenImageDenoise: OIDN starting up
[2022.01.12-23.20.06:837][  0]LogAndroidPermission: UAndroidPermissionCallbackProxy::GetInstance
[2022.01.12-23.20.06:874][  0]LogAudioCaptureCore: Display: No Audio Capture implementations found. Audio input will be silent.
[2022.01.12-23.20.06:874][  0]LogAudioCaptureCore: Display: No Audio Capture implementations found. Audio input will be silent.
[2022.01.12-23.20.06:969][  0]LogOcInput: OculusInput pre-init called
[2022.01.12-23.20.06:980][  0]LogUObjectArray: 22121 objects as part of root set at end of initial load.
[2022.01.12-23.20.06:980][  0]LogUObjectAllocator: 5975632 out of 0 bytes used by permanent object pool.
[2022.01.12-23.20.06:980][  0]LogUObjectArray: CloseDisregardForGC: 0/0 objects in disregard for GC pool
[2022.01.12-23.20.07:040][  0]LogEngine: Initializing Engine...
[2022.01.12-23.20.07:043][  0]LogHMD: Failed to enumerate extensions. Please check that you have a valid OpenXR runtime installed.
[2022.01.12-23.20.07:044][  0]LogHMD: Failed to initialize OpenVR with code 110
[2022.01.12-23.20.07:044][  0]LogMagicLeap: Warning: VR disabled because ZI is not enabled.  To enable, in the editor, Edit -> Project Settings -> Plugins -> Magic Leap Plugin -> Enable Zero Iteration
[2022.01.12-23.20.07:046][  0]LogStats: UGameplayTagsManager::InitializeManager -  0.000 s
[2022.01.12-23.20.07:153][  0]LogInit: Initializing FReadOnlyCVARCache
[2022.01.12-23.20.07:153][  0]LogAudio: Display: Initializing Audio Device Manager...
[2022.01.12-23.20.07:161][  0]LogAudio: Display: Loading Default Audio Settings Objects...
[2022.01.12-23.20.07:162][  0]LogAudio: Display: No default SoundConcurrencyObject specified (or failed to load).
[2022.01.12-23.20.07:162][  0]LogAudio: Display: Audio Device Manager Initialized
[2022.01.12-23.20.07:162][  0]LogAudio: Display: Creating Audio Device:                 Id: 1, Scope: Shared, Realtime: True
[2022.01.12-23.20.07:162][  0]LogAudioMixer: Display: Audio Mixer Platform Settings:
[2022.01.12-23.20.07:162][  0]LogAudioMixer: Display: 	Sample Rate:						  48000
[2022.01.12-23.20.07:162][  0]LogAudioMixer: Display: 	Callback Buffer Frame Size Requested: 1024
[2022.01.12-23.20.07:162][  0]LogAudioMixer: Display: 	Callback Buffer Frame Size To Use:	  1024
[2022.01.12-23.20.07:162][  0]LogAudioMixer: Display: 	Number of buffers to queue:			  2
[2022.01.12-23.20.07:162][  0]LogAudioMixer: Display: 	Max Channels (voices):				  32
[2022.01.12-23.20.07:162][  0]LogAudioMixer: Display: 	Number of Async Source Workers:		  0
[2022.01.12-23.20.07:162][  0]LogAudio: Display: AudioDevice MaxSources: 32
[2022.01.12-23.20.07:163][  0]LogAudio: Display: Audio Spatialization Plugin: None (built-in).
[2022.01.12-23.20.07:163][  0]LogAudio: Display: Audio Reverb Plugin: None (built-in).
[2022.01.12-23.20.07:163][  0]LogAudio: Display: Audio Occlusion Plugin: None (built-in).
[2022.01.12-23.20.07:163][  0]LogAudioMixer: Display: Initializing audio mixer.
[2022.01.12-23.20.07:180][  0]LogAudioMixer: Display: 0: FrontLeft
[2022.01.12-23.20.07:180][  0]LogAudioMixer: Display: 1: FrontRight
[2022.01.12-23.20.07:201][  0]LogAudioMixer: Display: Using Audio Device Speaker / Headphone (Realtek(R) Audio)
[2022.01.12-23.20.07:205][  0]LogAudioMixer: Display: Initializing Sound Submixes...
[2022.01.12-23.20.07:209][  0]LogAudioMixer: Display: Creating Master Submix 'MasterSubmixDefault'
[2022.01.12-23.20.07:209][  0]LogAudioMixer: Display: Creating Master Submix 'MasterReverbSubmixDefault'
[2022.01.12-23.20.07:210][  0]LogAudioMixer: Display: Creating Master Submix 'MasterEQSubmixDefault'
[2022.01.12-23.20.07:210][  0]LogAudioMixer: FMixerPlatformXAudio2::StartAudioStream() called
[2022.01.12-23.20.07:210][  0]LogAudioMixer: Display: Output buffers initialized: Frames=1024, Channels=2, Samples=2048
[2022.01.12-23.20.07:212][  0]LogAudioMixer: Display: Starting AudioMixerPlatformInterface::RunInternal()
[2022.01.12-23.20.07:212][  0]LogAudioMixer: Display: FMixerPlatformXAudio2::SubmitBuffer() called for the first time
[2022.01.12-23.20.07:212][  0]LogInit: FAudioDevice initialized.
[2022.01.12-23.20.07:214][  0]LogNetVersion: Set ProjectVersion to 1.0.0.0. Version Checksum will be recalculated on next use.
[2022.01.12-23.20.07:216][  0]LogInit: Texture streaming: Enabled
[2022.01.12-23.20.07:309][  0]LogAudio: Display: Audio Device (ID: 1) registered with world 'Untitled'.
[2022.01.12-23.20.07:309][  0]LogSlate: Updating window title bar state: overlay mode, drag disabled, window buttons hidden, title bar hidden
[2022.01.12-23.20.07:310][  0]LogInit: Display: Game Engine Initialized.
[2022.01.12-23.20.07:311][  0]LogNiagaraEditor: GEditor isn't valid! Particle reset commands will not work for Niagara components!
[2022.01.12-23.20.07:494][  0]LogInit: Display: Starting Game.
[2022.01.12-23.20.07:494][  0]LogNet: Browse: /Game/Maps/Level1?Name=Player
[2022.01.12-23.20.07:494][  0]LogLoad: LoadMap: /Game/Maps/Level1?Name=Player
[2022.01.12-23.20.07:494][  0]LogWorld: BeginTearingDown for /Temp/Untitled_0
[2022.01.12-23.20.07:496][  0]LogWorld: UWorld::CleanupWorld for Untitled, bSessionEnded=true, bCleanupResources=true
[2022.01.12-23.20.07:496][  0]LogSlate: InvalidateAllWidgets triggered.  All widgets were invalidated
[2022.01.12-23.20.07:502][  0]LogAudio: Display: Audio Device unregistered from world 'None'.
[2022.01.12-23.20.07:505][  0]LogUObjectHash: Compacting FUObjectHashTables data took   1.30ms
[2022.01.12-23.20.07:791][  0]LogAudio: Display: Audio Device (ID: 1) registered with world 'Level1'.
[2022.01.12-23.20.07:804][  0]LogAIModule: Creating AISystem for world Level1
[2022.01.12-23.20.07:840][  0]LogBlueprint: Warning: [AssetLog] D:\kinde\Alice\Content\ThirdPersonBP\Blueprints\ThirdPersonCharacter.uasset: [Compiler] InputAction Event references unknown Action 'ResetVR' for  InputAction ResetVR
[2022.01.12-23.20.07:840][  0]LogBlueprint: Warning: [AssetLog] D:\kinde\Alice\Content\ThirdPersonBP\Blueprints\ThirdPersonCharacter.uasset: [Compiler] Input Axis Event references unknown Axis 'LookUpRate' for  InputAxis LookUpRate
[2022.01.12-23.20.07:840][  0]LogBlueprint: Warning: [AssetLog] D:\kinde\Alice\Content\ThirdPersonBP\Blueprints\ThirdPersonCharacter.uasset: [Compiler] Input Axis Event references unknown Axis 'TurnRate' for  InputAxis TurnRate
[2022.01.12-23.20.08:013][  0]LogLoad: Game class is 'ThirdPersonGameMode_C'
[2022.01.12-23.20.08:034][  0]LogWorld: Bringing World /Game/Maps/Level1.Level1 up for play (max tick rate 0) at 2022.01.13-00.20.08
[2022.01.12-23.20.08:034][  0]LogWorld: Bringing up level for play took: 0.020167
[2022.01.12-23.20.08:038][  0]LogLoad: Took 0.543904 seconds to LoadMap(/Game/Maps/Level1)
[2022.01.12-23.20.08:055][  0]LogSlate: Took 0.000395 seconds to synchronously load lazily loaded font '../../../Engine/Content/Slate/Fonts/Roboto-Regular.ttf' (155K)
[2022.01.12-23.20.08:093][  0]LogRenderer: Reallocating scene render targets to support 1272x688 Format 9 NumSamples 1 (Frame:1).
[2022.01.12-23.20.08:093][  0]LogInit: Display: Engine is initialized. Leaving FEngineLoop::Init()
[2022.01.12-23.20.08:093][  0]LogLoad: (Engine Initialization) Total time: 8.60 seconds
[2022.01.12-23.20.08:093][  0]LogLoad: (Engine Initialization) Total Blueprint compile time: 0.00 seconds
[2022.01.12-23.20.08:097][  0]LogContentStreaming: Texture pool size now 400 MB
[2022.01.12-23.20.08:099][  0]LogSlate: InvalidateAllWidgets triggered.  All widgets were invalidated
[2022.01.12-23.20.08:180][  0]LogRenderer: Reallocating scene render targets to support 128x128 Format 9 NumSamples 1 (Frame:1).
[2022.01.12-23.20.08:220][  0]LogRenderer: Reallocating scene render targets to support 1272x688 Format 9 NumSamples 1 (Frame:2).
[2022.01.12-23.20.08:239][  1]LogSlate: Took 0.000335 seconds to synchronously load lazily loaded font '../../../Engine/Content/Slate/Fonts/Roboto-Regular.ttf' (155K)
[2022.01.12-23.20.20:729][775]Closing by request
[2022.01.12-23.20.20:729][775]LogWindows: FPlatformMisc::RequestExit(0)
[2022.01.12-23.20.20:729][775]LogWindows: FPlatformMisc::RequestExitWithStatus(0, 0)
[2022.01.12-23.20.20:730][775]LogCore: Engine exit requested (reason: Win RequestExit)
[2022.01.12-23.20.20:738][776]LogCore: Engine exit requested (reason: EngineExit() was called; note: exit was already requested)
[2022.01.12-23.20.20:738][776]LogInit: Display: PreExit Game.
[2022.01.12-23.20.20:762][776]LogWorld: BeginTearingDown for /Game/Maps/Level1
[2022.01.12-23.20.20:763][776]LogWorld: UWorld::CleanupWorld for Level1, bSessionEnded=true, bCleanupResources=true
[2022.01.12-23.20.20:763][776]LogSlate: InvalidateAllWidgets triggered.  All widgets were invalidated
[2022.01.12-23.20.21:055][776]LogAudio: Display: Beginning Audio Device Manager Shutdown (Module: AudioMixerXAudio2)...
[2022.01.12-23.20.21:055][776]LogAudio: Display: Destroying 1 Remaining Audio Device(s)...
[2022.01.12-23.20.21:055][776]LogAudio: Display: Audio Device unregistered from world 'Level1'.
[2022.01.12-23.20.21:084][776]LogAudioMixer: FMixerPlatformXAudio2::StopAudioStream() called
[2022.01.12-23.20.21:085][776]LogAudioMixer: FMixerPlatformXAudio2::StopAudioStream() called
[2022.01.12-23.20.21:089][776]LogAudio: Display: Audio Device Manager Shutdown
[2022.01.12-23.20.21:097][776]LogSlate: Window 'Alice (64-bit Development PCD3D_SM5) ' being destroyed
[2022.01.12-23.20.21:097][776]LogWindowsTextInputMethodSystem: Display: IME system deactivated.
[2022.01.12-23.20.21:102][776]LogWindowsTextInputMethodSystem: Display: IME system deactivated.
[2022.01.12-23.20.21:109][776]LogExit: Preparing to exit.
[2022.01.12-23.20.21:478][776]LogUObjectHash: Compacting FUObjectHashTables data took   1.93ms
[2022.01.12-23.20.21:632][776]LogMoviePlayer: Shutting down movie player
[2022.01.12-23.20.21:758][776]LogSlate: Updating window title bar state: overlay mode, drag disabled, window buttons hidden, title bar hidden
[2022.01.12-23.20.21:778][776]LogDemo: Cleaned up 0 splitscreen connections with owner deletion
[2022.01.12-23.20.21:783][776]LogExit: Game engine shut down
[2022.01.12-23.20.21:825][776]LogExit: Object subsystem successfully closed.
[2022.01.12-23.20.21:838][776]LogShaderCompilers: Display: === FShaderJobCache stats ===
[2022.01.12-23.20.21:838][776]LogShaderCompilers: Display: Total job queries 0, among them cache hits 0 (0.00%)
[2022.01.12-23.20.21:838][776]LogShaderCompilers: Display: Tracking 0 distinct input hashes that result in 0 distinct outputs (0.00%)
[2022.01.12-23.20.21:838][776]LogShaderCompilers: Display: RAM used: 0.00 MB (0.00 GB) of 716.80 MB (0.70 GB) budget. Usage: 0.00%
[2022.01.12-23.20.21:838][776]LogShaderCompilers: Display: ================================================
[2022.01.12-23.20.21:846][776]LogShaderCompilers: Display: Shaders left to compile 0
[2022.01.12-23.20.21:856][776]LogModuleManager: Shutting down and abandoning module SequenceRecorderSections (560)
[2022.01.12-23.20.21:856][776]LogModuleManager: Shutting down and abandoning module SequenceRecorder (558)
[2022.01.12-23.20.21:856][776]LogModuleManager: Shutting down and abandoning module AutomationController (556)
[2022.01.12-23.20.21:856][776]LogModuleManager: Shutting down and abandoning module AutomationWorker (554)
[2022.01.12-23.20.21:856][776]LogModuleManager: Shutting down and abandoning module Voice (552)
[2022.01.12-23.20.21:856][776]LogModuleManager: Shutting down and abandoning module AIModule (550)
[2022.01.12-23.20.21:856][776]LogModuleManager: Shutting down and abandoning module GameplayDebugger (549)
[2022.01.12-23.20.21:856][776]LogModuleManager: Shutting down and abandoning module AITestSuite (547)
[2022.01.12-23.20.21:856][776]LogModuleManager: Shutting down and abandoning module NavigationSystem (545)
[2022.01.12-23.20.21:856][776]LogModuleManager: Shutting down and abandoning module AnimGraph (542)
[2022.01.12-23.20.21:856][776]LogModuleManager: Shutting down and abandoning module SteamVREditor (540)
[2022.01.12-23.20.21:856][776]LogModuleManager: Shutting down and abandoning module ToolMenus (539)
[2022.01.12-23.20.21:856][776]LogModuleManager: Shutting down and abandoning module OculusMR (536)
[2022.01.12-23.20.21:856][776]LogModuleManager: Shutting down and abandoning module TakeRecorderSources (534)
[2022.01.12-23.20.21:856][776]LogModuleManager: Shutting down and abandoning module TakeRecorder (533)
[2022.01.12-23.20.21:856][776]LogModuleManager: Shutting down and abandoning module TakeTrackRecorders (530)
[2022.01.12-23.20.21:856][776]LogModuleManager: Shutting down and abandoning module TakesCore (528)
[2022.01.12-23.20.21:856][776]LogModuleManager: Shutting down and abandoning module OpenXRInput (526)
[2022.01.12-23.20.21:856][776]LogModuleManager: Shutting down and abandoning module WmfMediaFactory (524)
[2022.01.12-23.20.21:856][776]LogModuleManager: Shutting down and abandoning module WebMMediaFactory (522)
[2022.01.12-23.20.21:856][776]LogModuleManager: Shutting down and abandoning module WebMMedia (520)
[2022.01.12-23.20.21:856][776]LogModuleManager: Shutting down and abandoning module MagicLeapMediaCodecFactory (518)
[2022.01.12-23.20.21:856][776]LogModuleManager: Shutting down and abandoning module MagicLeapMediaFactory (516)
[2022.01.12-23.20.21:856][776]LogModuleManager: Shutting down and abandoning module OpenExrWrapper (514)
[2022.01.12-23.20.21:856][776]LogModuleManager: Shutting down and abandoning module ImgMediaFactory (512)
[2022.01.12-23.20.21:856][776]LogModuleManager: Shutting down and abandoning module AvfMediaFactory (510)
[2022.01.12-23.20.21:856][776]LogModuleManager: Shutting down and abandoning module PlanarCut (508)
[2022.01.12-23.20.21:856][776]LogModuleManager: Shutting down and abandoning module CharacterAI (506)
[2022.01.12-23.20.21:856][776]LogModuleManager: Shutting down and abandoning module SessionServices (504)
[2022.01.12-23.20.21:856][776]LogModuleManager: Shutting down and abandoning module MovieSceneCapture (502)
[2022.01.12-23.20.21:856][776]LogModuleManager: Shutting down and abandoning module LiveCoding (500)
[2022.01.12-23.20.21:857][776]LogModuleManager: Shutting down and abandoning module LevelSequence (498)
[2022.01.12-23.20.21:857][776]LogModuleManager: Shutting down and abandoning module MovieSceneTracks (496)
[2022.01.12-23.20.21:857][776]LogModuleManager: Shutting down and abandoning module MovieScene (494)
[2022.01.12-23.20.21:857][776]LogModuleManager: Shutting down and abandoning module StreamingPauseRendering (492)
[2022.01.12-23.20.21:857][776]LogModuleManager: Shutting down and abandoning module PortalServices (490)
[2022.01.12-23.20.21:857][776]LogModuleManager: Shutting down and abandoning module PortalRpc (488)
[2022.01.12-23.20.21:857][776]LogModuleManager: Shutting down and abandoning module MessagingRpc (486)
[2022.01.12-23.20.21:857][776]LogModuleManager: Shutting down and abandoning module AudioMixerXAudio2 (484)
[2022.01.12-23.20.21:857][776]LogModuleManager: Shutting down and abandoning module AudioMixerCore (483)
[2022.01.12-23.20.21:857][776]LogModuleManager: Shutting down and abandoning module ImageWriteQueue (480)
[2022.01.12-23.20.21:857][776]LogModuleManager: Shutting down and abandoning module ProfilerService (478)
[2022.01.12-23.20.22:014][776]LogModuleManager: Shutting down and abandoning module TaskGraph (476)
[2022.01.12-23.20.22:014][776]LogModuleManager: Shutting down and abandoning module OculusInput (474)
[2022.01.12-23.20.22:014][776]LogModuleManager: Shutting down and abandoning module TakeMovieScene (472)
[2022.01.12-23.20.22:015][776]LogModuleManager: Shutting down and abandoning module Synthesis (470)
[2022.01.12-23.20.22:015][776]LogModuleManager: Shutting down and abandoning module ProceduralMeshComponent (468)
[2022.01.12-23.20.22:015][776]LogModuleManager: Shutting down and abandoning module MobilePatchingUtils (466)
[2022.01.12-23.20.22:015][776]LogModuleManager: Shutting down and abandoning module GooglePAD (464)
[2022.01.12-23.20.22:015][776]LogModuleManager: Shutting down and abandoning module EditableMesh (462)
[2022.01.12-23.20.22:015][776]LogModuleManager: Shutting down and abandoning module CustomMeshComponent (460)
[2022.01.12-23.20.22:015][776]LogModuleManager: Shutting down and abandoning module CableComponent (458)
[2022.01.12-23.20.22:015][776]LogModuleManager: Shutting down and abandoning module AudioCapture (456)
[2022.01.12-23.20.22:015][776]LogModuleManager: Shutting down and abandoning module AudioCaptureRtAudio (455)
[2022.01.12-23.20.22:015][776]LogModuleManager: Shutting down and abandoning module ArchVisCharacter (452)
[2022.01.12-23.20.22:015][776]LogModuleManager: Shutting down and abandoning module AssetTags (450)
[2022.01.12-23.20.22:015][776]LogModuleManager: Shutting down and abandoning module AppleImageUtilsBlueprintSupport (448)
[2022.01.12-23.20.22:015][776]LogModuleManager: Shutting down and abandoning module AppleImageUtils (446)
[2022.01.12-23.20.22:015][776]LogModuleManager: Shutting down and abandoning module AndroidPermission (444)
[2022.01.12-23.20.22:015][776]LogModuleManager: Shutting down and abandoning module ActorLayerUtilities (442)
[2022.01.12-23.20.22:015][776]LogModuleManager: Shutting down and abandoning module TemplateSequence (440)
[2022.01.12-23.20.22:015][776]LogModuleManager: Shutting down and abandoning module MagicLeapSharedWorld (438)
[2022.01.12-23.20.22:015][776]LogModuleManager: Shutting down and abandoning module MagicLeapLightEstimation (436)
[2022.01.12-23.20.22:015][776]LogModuleManager: Shutting down and abandoning module MediaCompositing (434)
[2022.01.12-23.20.22:015][776]LogModuleManager: Shutting down and abandoning module MagicLeapHelperVulkan (432)
[2022.01.12-23.20.22:015][776]LogModuleManager: Shutting down and abandoning module MagicLeapHelperOpenGL (430)
[2022.01.12-23.20.22:015][776]LogModuleManager: Shutting down and abandoning module MagicLeapAudio (428)
[2022.01.12-23.20.22:015][776]LogModuleManager: Shutting down and abandoning module ImgMedia (426)
[2022.01.12-23.20.22:015][776]LogModuleManager: Shutting down and abandoning module MotoSynth (424)
[2022.01.12-23.20.22:015][776]LogModuleManager: Shutting down and abandoning module OpenImageDenoise (422)
[2022.01.12-23.20.22:015][776]LogOpenImageDenoise: OIDN shutting down
[2022.01.12-23.20.22:015][776]LogModuleManager: Shutting down and abandoning module GeometryCollectionTracks (420)
[2022.01.12-23.20.22:015][776]LogModuleManager: Shutting down and abandoning module GeometryCollectionSequencer (419)
[2022.01.12-23.20.22:015][776]LogModuleManager: Shutting down and abandoning module MeshConversion (416)
[2022.01.12-23.20.22:015][776]LogModuleManager: Shutting down and abandoning module DynamicMesh (414)
[2022.01.12-23.20.22:015][776]LogModuleManager: Shutting down and abandoning module GeometryAlgorithms (412)
[2022.01.12-23.20.22:015][776]LogModuleManager: Shutting down and abandoning module GeometricObjects (410)
[2022.01.12-23.20.22:015][776]LogModuleManager: Shutting down and abandoning module GeometryCacheTracks (408)
[2022.01.12-23.20.22:015][776]LogModuleManager: Shutting down and abandoning module GeometryCacheSequencer (407)
[2022.01.12-23.20.22:015][776]LogModuleManager: Shutting down and abandoning module GeometryCache (404)
[2022.01.12-23.20.22:015][776]LogModuleManager: Shutting down and abandoning module GeometryCacheEd (403)
[2022.01.12-23.20.22:015][776]LogModuleManager: Shutting down and abandoning module ChaosNiagara (400)
[2022.01.12-23.20.22:015][776]LogModuleManager: Shutting down and abandoning module FieldSystemEngine (399)
[2022.01.12-23.20.22:015][776]LogModuleManager: Shutting down and abandoning module AutomationUtils (396)
[2022.01.12-23.20.22:015][776]LogModuleManager: Shutting down and abandoning module BackChannel (394)
[2022.01.12-23.20.22:015][776]LogModuleManager: Shutting down and abandoning module VisualStudioSourceCodeAccess (392)
[2022.01.12-23.20.22:015][776]LogModuleManager: Shutting down and abandoning module HotReload (391)
[2022.01.12-23.20.22:015][776]LogModuleManager: Shutting down and abandoning module UObjectPlugin (388)
[2022.01.12-23.20.22:015][776]LogModuleManager: Shutting down and abandoning module VisualStudioCodeSourceCodeAccess (386)
[2022.01.12-23.20.22:015][776]LogModuleManager: Shutting down and abandoning module SubversionSourceControl (384)
[2022.01.12-23.20.22:015][776]LogModuleManager: Shutting down and abandoning module PerforceSourceControl (382)
[2022.01.12-23.20.22:015][776]LogModuleManager: Shutting down and abandoning module SourceControl (381)
[2022.01.12-23.20.22:015][776]LogModuleManager: Shutting down and abandoning module CLionSourceCodeAccess (378)
[2022.01.12-23.20.22:015][776]LogModuleManager: Shutting down and abandoning module OodleNetworkHandlerComponent (376)
[2022.01.12-23.20.22:016][776]LogModuleManager: Shutting down and abandoning module LiveLinkSequencer (374)
[2022.01.12-23.20.22:016][776]LogModuleManager: Shutting down and abandoning module LiveLinkMovieScene (372)
[2022.01.12-23.20.22:016][776]LogModuleManager: Shutting down and abandoning module LiveLinkGraphNode (370)
[2022.01.12-23.20.22:016][776]LogModuleManager: Shutting down and abandoning module LiveLinkComponents (368)
[2022.01.12-23.20.22:016][776]LogModuleManager: Shutting down and abandoning module LiveLink (366)
[2022.01.12-23.20.22:546][776]LogModuleManager: Shutting down and abandoning module GameplayCameras (364)
[2022.01.12-23.20.22:547][776]LogModuleManager: Shutting down and abandoning module SoundFields (362)
[2022.01.12-23.20.22:547][776]LogModuleManager: Shutting down and abandoning module SignificanceManager (360)
[2022.01.12-23.20.22:547][776]LogModuleManager: Shutting down and abandoning module RuntimePhysXCooking (358)
[2022.01.12-23.20.22:547][776]LogModuleManager: Shutting down and abandoning module PropertyAccessEditor (356)
[2022.01.12-23.20.22:547][776]LogModuleManager: Shutting down and abandoning module PhysXVehiclesEditor (354)
[2022.01.12-23.20.22:547][776]LogModuleManager: Shutting down and abandoning module LocationServicesBPLibrary (350)
[2022.01.12-23.20.22:547][776]LogModuleManager: Shutting down and abandoning module AudioSynesthesia (348)
[2022.01.12-23.20.22:547][776]LogModuleManager: Shutting down and abandoning module AudioSynesthesiaCore (346)
[2022.01.12-23.20.22:547][776]LogModuleManager: Shutting down and abandoning module ActorSequence (344)
[2022.01.12-23.20.22:547][776]LogModuleManager: Shutting down and abandoning module UdpMessaging (342)
[2022.01.12-23.20.22:649][776]LogModuleManager: Shutting down and abandoning module TcpMessaging (340)
[2022.01.12-23.20.22:750][776]LogModuleManager: Shutting down and abandoning module MagicLeapARPin (338)
[2022.01.12-23.20.22:750][776]LogModuleManager: Shutting down and abandoning module MagicLeapHandMeshing (336)
[2022.01.12-23.20.22:750][776]LogModuleManager: Shutting down and abandoning module MagicLeapSecureStorage (334)
[2022.01.12-23.20.22:750][776]LogModuleManager: Shutting down and abandoning module MagicLeapPrivileges (332)
[2022.01.12-23.20.22:750][776]LogModuleManager: Shutting down and abandoning module MagicLeapPlanes (330)
[2022.01.12-23.20.22:750][776]LogMagicLeapPlanes: Planes tracker already destroyed.
[2022.01.12-23.20.22:750][776]LogModuleManager: Shutting down and abandoning module MagicLeapImageTracker (328)
[2022.01.12-23.20.22:750][776]LogModuleManager: Shutting down and abandoning module MagicLeapIdentity (326)
[2022.01.12-23.20.22:750][776]LogModuleManager: Shutting down and abandoning module MagicLeapHandTracking (324)
[2022.01.12-23.20.22:750][776]LogModuleManager: Shutting down and abandoning module MagicLeapEyeTracker (322)
[2022.01.12-23.20.22:750][776]LogModuleManager: Shutting down and abandoning module MagicLeapController (320)
[2022.01.12-23.20.22:750][776]LogModuleManager: Shutting down and abandoning module MagicLeapARPinImpl (318)
[2022.01.12-23.20.22:750][776]LogModuleManager: Shutting down and abandoning module MagicLeapAR (316)
[2022.01.12-23.20.22:750][776]LogModuleManager: Shutting down and abandoning module ImgMediaEngine (314)
[2022.01.12-23.20.22:750][776]LogModuleManager: Shutting down and abandoning module PythonScriptPlugin (312)
[2022.01.12-23.20.22:750][776]LogModuleManager: Shutting down and abandoning module NiagaraAnimNotifies (310)
[2022.01.12-23.20.22:750][776]LogModuleManager: Shutting down and abandoning module Niagara (308)
[2022.01.12-23.20.22:750][776]LogModuleManager: Shutting down and abandoning module SignalProcessing (307)
[2022.01.12-23.20.22:750][776]LogModuleManager: Shutting down and abandoning module NiagaraEditor (305)
[2022.01.12-23.20.22:751][776]LogModuleManager: Shutting down and abandoning module ContentBrowser (304)
[2022.01.12-23.20.22:751][776]LogModuleManager: Shutting down and abandoning module CollectionManager (303)
[2022.01.12-23.20.22:751][776]LogModuleManager: Shutting down and abandoning module DirectoryWatcher (302)
[2022.01.12-23.20.22:752][776]LogModuleManager: Shutting down and abandoning module ContentBrowserData (299)
[2022.01.12-23.20.22:752][776]LogModuleManager: Shutting down and abandoning module NiagaraCore (294)
[2022.01.12-23.20.22:752][776]LogModuleManager: Shutting down and abandoning module PropertyAccessNode (292)
[2022.01.12-23.20.22:752][776]LogModuleManager: Shutting down and abandoning module GameplayTagsEditor (290)
[2022.01.12-23.20.22:752][776]LogModuleManager: Shutting down and abandoning module FacialAnimation (288)
[2022.01.12-23.20.22:752][776]LogModuleManager: Shutting down and abandoning module AnimationSharing (286)
[2022.01.12-23.20.22:752][776]LogModuleManager: Shutting down and abandoning module AssetManagerEditor (284)
[2022.01.12-23.20.22:752][776]LogModuleManager: Shutting down and abandoning module TreeMap (283)
[2022.01.12-23.20.22:752][776]LogModuleManager: Shutting down and abandoning module LightPropagationVolumeRuntime (280)
[2022.01.12-23.20.22:752][776]LogModuleManager: Shutting down and abandoning module EnvironmentQueryEditor (278)
[2022.01.12-23.20.22:752][776]LogModuleManager: Shutting down and abandoning module Paper2D (276)
[2022.01.12-23.20.22:752][776]LogModuleManager: Shutting down and abandoning module WindowsMoviePlayer (274)
[2022.01.12-23.20.22:753][776]LogModuleManager: Shutting down and abandoning module WebMMoviePlayer (272)
[2022.01.12-23.20.22:753][776]LogModuleManager: Shutting down and abandoning module NetworkReplayStreaming (270)
[2022.01.12-23.20.22:753][776]LogModuleManager: Shutting down and abandoning module PacketHandler (268)
[2022.01.12-23.20.22:753][776]LogModuleManager: Shutting down and abandoning module ClothingSystemEditor (266)
[2022.01.12-23.20.22:753][776]LogModuleManager: Shutting down and abandoning module ClothingSystemRuntimeNv (264)
[2022.01.12-23.20.22:753][776]LogModuleManager: Shutting down and abandoning module MediaAssets (262)
[2022.01.12-23.20.22:753][776]LogModuleManager: Shutting down and abandoning module Overlay (260)
[2022.01.12-23.20.22:753][776]LogModuleManager: Shutting down and abandoning module OverlayEditor (259)
[2022.01.12-23.20.22:754][776]LogModuleManager: Shutting down and abandoning module VREditor (256)
[2022.01.12-23.20.22:754][776]LogModuleManager: Shutting down and abandoning module StringTableEditor (254)
[2022.01.12-23.20.22:754][776]LogModuleManager: Shutting down and abandoning module GameplayTasksEditor (252)
[2022.01.12-23.20.22:754][776]LogModuleManager: Shutting down and abandoning module BehaviorTreeEditor (250)
[2022.01.12-23.20.22:754][776]LogModuleManager: Shutting down and abandoning module FunctionalTesting (248)
[2022.01.12-23.20.22:754][776]LogModuleManager: Shutting down and abandoning module CollisionAnalyzer (246)
[2022.01.12-23.20.22:754][776]LogModuleManager: Shutting down and abandoning module WorkspaceMenuStructure (245)
[2022.01.12-23.20.22:754][776]LogModuleManager: Shutting down and abandoning module UMG (242)
[2022.01.12-23.20.22:754][776]LogModuleManager: Shutting down and abandoning module UMGEditor (241)
[2022.01.12-23.20.22:754][776]LogModuleManager: Shutting down and abandoning module Sequencer (240)
[2022.01.12-23.20.22:754][776]LogModuleManager: Shutting down and abandoning module MessageLog (237)
[2022.01.12-23.20.22:754][776]LogModuleManager: Shutting down and abandoning module SlateReflector (232)
[2022.01.12-23.20.22:754][776]LogModuleManager: Shutting down and abandoning module Slate (230)
[2022.01.12-23.20.22:754][776]LogModuleManager: Shutting down and abandoning module SlateCore (228)
[2022.01.12-23.20.22:757][776]LogModuleManager: Shutting down and abandoning module LandscapeEditorUtilities (226)
[2022.01.12-23.20.22:757][776]LogModuleManager: Shutting down and abandoning module UnrealEd (224)
[2022.01.12-23.20.22:758][776]LogModuleManager: Shutting down and abandoning module MRMesh (222)
[2022.01.12-23.20.22:758][776]LogModuleManager: Shutting down and abandoning module Messaging (220)
[2022.01.12-23.20.22:758][776]LogModuleManager: Shutting down and abandoning module SourceCodeAccess (218)
[2022.01.12-23.20.22:758][776]LogModuleManager: Shutting down and abandoning module HeadMountedDisplay (216)
[2022.01.12-23.20.22:758][776]LogModuleManager: Shutting down and abandoning module XAudio2 (214)
[2022.01.12-23.20.22:758][776]LogModuleManager: Shutting down and abandoning module Networking (212)
[2022.01.12-23.20.22:758][776]LogModuleManager: Shutting down and abandoning module Core (210)
[2022.01.12-23.20.22:758][776]LogModuleManager: Shutting down and abandoning module MaterialEditor (208)
[2022.01.12-23.20.22:758][776]LogModuleManager: Shutting down and abandoning module MovieSceneTools (206)
[2022.01.12-23.20.22:758][776]LogModuleManager: Shutting down and abandoning module EditorStyle (205)
[2022.01.12-23.20.22:759][776]LogModuleManager: Shutting down and abandoning module KismetCompiler (202)
[2022.01.12-23.20.22:759][776]LogModuleManager: Shutting down and abandoning module MeshBuilder (200)
[2022.01.12-23.20.22:759][776]LogModuleManager: Shutting down and abandoning module MeshUtilities (198)
[2022.01.12-23.20.22:759][776]LogModuleManager: Shutting down and abandoning module MeshMergeUtilities (197)
[2022.01.12-23.20.22:759][776]LogModuleManager: Shutting down and abandoning module MeshReductionInterface (196)
[2022.01.12-23.20.22:759][776]LogModuleManager: Shutting down and abandoning module MeshBoneReduction (195)
[2022.01.12-23.20.22:759][776]LogModuleManager: Shutting down and abandoning module SkeletalMeshReduction (193)
[2022.01.12-23.20.22:759][776]LogModuleManager: Shutting down and abandoning module ProxyLODMeshReduction (191)
[2022.01.12-23.20.22:759][776]LogModuleManager: Shutting down and abandoning module QuadricMeshReduction (189)
[2022.01.12-23.20.22:759][776]LogModuleManager: Shutting down and abandoning module MaterialBaking (185)
[2022.01.12-23.20.22:759][776]LogModuleManager: Shutting down and abandoning module NullInstallBundleManager (180)
[2022.01.12-23.20.22:759][776]LogModuleManager: Shutting down and abandoning module PIEPreviewDeviceProfileSelector (178)
[2022.01.12-23.20.22:759][776]LogModuleManager: Shutting down and abandoning module DerivedDataCache (176)
[2022.01.12-23.20.22:760][776]LogModuleManager: Shutting down and abandoning module TargetPlatform (174)
[2022.01.12-23.20.22:760][776]LogModuleManager: Shutting down and abandoning module VulkanShaderFormat (173)
[2022.01.12-23.20.22:760][776]LogModuleManager: Shutting down and abandoning module ShaderFormatVectorVM (171)
[2022.01.12-23.20.22:760][776]LogModuleManager: Shutting down and abandoning module ShaderFormatOpenGL (169)
[2022.01.12-23.20.22:760][776]LogModuleManager: Shutting down and abandoning module ShaderFormatD3D (167)
[2022.01.12-23.20.22:760][776]LogModuleManager: Shutting down and abandoning module MetalShaderFormat (165)
[2022.01.12-23.20.22:760][776]LogModuleManager: Shutting down and abandoning module TextureFormatOodle (163)
[2022.01.12-23.20.22:760][776]LogModuleManager: Shutting down and abandoning module TextureFormatUncompressed (161)
[2022.01.12-23.20.22:760][776]LogModuleManager: Shutting down and abandoning module TextureFormatPVR (159)
[2022.01.12-23.20.22:760][776]LogModuleManager: Shutting down and abandoning module TextureFormatETC2 (157)
[2022.01.12-23.20.22:760][776]LogModuleManager: Shutting down and abandoning module TextureFormatDXT (155)
[2022.01.12-23.20.22:760][776]LogModuleManager: Shutting down and abandoning module TextureFormatIntelISPCTexComp (153)
[2022.01.12-23.20.22:760][776]LogModuleManager: Shutting down and abandoning module TextureFormatASTC (151)
[2022.01.12-23.20.22:760][776]LogModuleManager: Shutting down and abandoning module ImageWrapper (150)
[2022.01.12-23.20.22:760][776]LogModuleManager: Shutting down and abandoning module AudioFormatOpus (147)
[2022.01.12-23.20.22:760][776]LogModuleManager: Shutting down and abandoning module AudioFormatOgg (145)
[2022.01.12-23.20.22:760][776]LogModuleManager: Shutting down and abandoning module AudioFormatADPCM (143)
[2022.01.12-23.20.22:760][776]LogModuleManager: Shutting down and abandoning module WindowsServerTargetPlatform (141)
[2022.01.12-23.20.22:760][776]LogModuleManager: Shutting down and abandoning module WindowsClientTargetPlatform (139)
[2022.01.12-23.20.22:760][776]LogModuleManager: Shutting down and abandoning module WindowsTargetPlatform (137)
[2022.01.12-23.20.22:760][776]LogModuleManager: Shutting down and abandoning module WindowsNoEditorTargetPlatform (135)
[2022.01.12-23.20.22:760][776]LogModuleManager: Shutting down and abandoning module D3D11RHI (132)
[2022.01.12-23.20.22:760][776]LogModuleManager: Shutting down and abandoning module InputCore (130)
[2022.01.12-23.20.22:760][776]LogModuleManager: Shutting down and abandoning module Settings (128)
[2022.01.12-23.20.22:760][776]LogModuleManager: Shutting down and abandoning module PhysXCooking (126)
[2022.01.12-23.20.22:760][776]LogModuleManager: Shutting down and abandoning module Chaos (124)
[2022.01.12-23.20.22:760][776]LogModuleManager: Shutting down and abandoning module WindowsPlatformFeatures (122)
[2022.01.12-23.20.22:760][776]LogModuleManager: Shutting down and abandoning module GameplayMediaEncoder (121)
[2022.01.12-23.20.22:760][776]LogModuleManager: Shutting down and abandoning module AVEncoder (120)
[2022.01.12-23.20.22:760][776]LogModuleManager: Shutting down and abandoning module SteamVRInputDevice (116)
[2022.01.12-23.20.22:761][776]LogModuleManager: Shutting down and abandoning module SteamVRInput (114)
[2022.01.12-23.20.22:761][776]LogModuleManager: Shutting down and abandoning module SteamVR (112)
[2022.01.12-23.20.22:761][776]LogHMD: Freeing OpenVRDLLHandle.
[2022.01.12-23.20.22:761][776]LogModuleManager: Shutting down and abandoning module OculusHMD (110)
[2022.01.12-23.20.22:761][776]LogModuleManager: Shutting down and abandoning module OpenXRHandTracking (108)
[2022.01.12-23.20.22:761][776]LogSlate: Slate User Destroyed.  User Index 0, Is Virtual User: 0
[2022.01.12-23.20.22:761][776]LogModuleManager: Shutting down and abandoning module OpenXREyeTracker (106)
[2022.01.12-23.20.22:761][776]LogModuleManager: Shutting down and abandoning module OpenXRAR (104)
[2022.01.12-23.20.22:761][776]LogModuleManager: Shutting down and abandoning module AugmentedReality (103)
[2022.01.12-23.20.22:761][776]LogModuleManager: Shutting down and abandoning module OpenXRHMD (100)
[2022.01.12-23.20.22:761][776]LogModuleManager: Shutting down and abandoning module ExampleDeviceProfileSelector (98)
[2022.01.12-23.20.22:761][776]LogModuleManager: Shutting down and abandoning module ChunkDownloader (96)
[2022.01.12-23.20.22:761][776]LogModuleManager: Shutting down and abandoning module LauncherChunkInstaller (94)
[2022.01.12-23.20.22:761][776]LogModuleManager: Shutting down and abandoning module OnlineBlueprintSupport (92)
[2022.01.12-23.20.22:761][776]LogModuleManager: Shutting down and abandoning module OnlineSubsystem (88)
[2022.01.12-23.20.22:762][776]LogModuleManager: Shutting down and abandoning module XMPP (83)
[2022.01.12-23.20.22:762][776]LogModuleManager: Shutting down and abandoning module WebSockets (82)
[2022.01.12-23.20.22:787][776]LogModuleManager: Shutting down and abandoning module HTTP (79)
[2022.01.12-23.20.22:787][776]LogHttp: Display: cleaning up 0 outstanding Http requests.
[2022.01.12-23.20.22:818][776]LogModuleManager: Shutting down and abandoning module SSL (78)
[2022.01.12-23.20.22:820][776]LogModuleManager: Shutting down and abandoning module WmfMedia (74)
[2022.01.12-23.20.22:822][776]LogModuleManager: Shutting down and abandoning module Media (73)
[2022.01.12-23.20.22:823][776]LogModuleManager: Shutting down and abandoning module MediaInfo (72)
[2022.01.12-23.20.22:823][776]LogModuleManager: Shutting down and abandoning module MLSDK (68)
[2022.01.12-23.20.22:823][776]LogModuleManager: Shutting down and abandoning module MagicLeap (66)
[2022.01.12-23.20.22:823][776]LogModuleManager: Shutting down and abandoning module ExrReaderGpu (64)
[2022.01.12-23.20.22:823][776]LogModuleManager: Shutting down and abandoning module NiagaraVertexFactories (62)
[2022.01.12-23.20.22:823][776]LogModuleManager: Shutting down and abandoning module NiagaraShader (60)
[2022.01.12-23.20.22:823][776]LogModuleManager: Shutting down and abandoning module ChaosCloth (58)
[2022.01.12-23.20.22:823][776]LogModuleManager: Shutting down and abandoning module DatasmithContent (56)
[2022.01.12-23.20.22:824][776]LogModuleManager: Shutting down and abandoning module VariantManagerContent (54)
[2022.01.12-23.20.22:824][776]LogModuleManager: Shutting down and abandoning module PixWinPlugin (52)
[2022.01.12-23.20.22:824][776]LogModuleManager: Shutting down and abandoning module AISupportModule (50)
[2022.01.12-23.20.22:824][776]LogModuleManager: Shutting down and abandoning module DesktopPlatform (48)
[2022.01.12-23.20.22:824][776]LogModuleManager: Shutting down and abandoning module PythonScriptPluginPreload (46)
[2022.01.12-23.20.22:824][776]LogModuleManager: Shutting down and abandoning module PlatformCryptoOpenSSL (44)
[2022.01.12-23.20.22:824][776]LogModuleManager: Shutting down and abandoning module PlatformCryptoTypes (42)
[2022.01.12-23.20.22:824][776]LogModuleManager: Shutting down and abandoning module PlatformCrypto (40)
[2022.01.12-23.20.22:824][776]LogModuleManager: Shutting down and abandoning module OodleDataCompressionFormat (38)
[2022.01.12-23.20.22:824][776]LogModuleManager: Shutting down and abandoning module XGEController (36)
[2022.01.12-23.20.22:824][776]LogModuleManager: Shutting down and abandoning module AnimationModifiers (34)
[2022.01.12-23.20.22:824][776]LogModuleManager: Shutting down and abandoning module AudioEditor (32)
[2022.01.12-23.20.22:824][776]LogModuleManager: Shutting down and abandoning module PropertyEditor (31)
[2022.01.12-23.20.22:825][776]LogModuleManager: Shutting down and abandoning module TextureCompressor (28)
[2022.01.12-23.20.22:825][776]LogModuleManager: Shutting down and abandoning module RenderCore (26)
[2022.01.12-23.20.22:825][776]LogModuleManager: Shutting down and abandoning module Landscape (24)
[2022.01.12-23.20.22:825][776]LogModuleManager: Shutting down and abandoning module SlateRHIRenderer (22)
[2022.01.12-23.20.22:825][776]LogModuleManager: Shutting down and abandoning module AnimGraphRuntime (20)
[2022.01.12-23.20.22:825][776]LogModuleManager: Shutting down and abandoning module Renderer (18)
[2022.01.12-23.20.22:825][776]LogModuleManager: Shutting down and abandoning module Engine (16)
[2022.01.12-23.20.22:825][776]LogModuleManager: Shutting down and abandoning module CoreUObject (14)
[2022.01.12-23.20.22:825][776]LogModuleManager: Shutting down and abandoning module NetworkFile (12)
[2022.01.12-23.20.22:825][776]LogModuleManager: Shutting down and abandoning module CookedIterativeFile (10)
[2022.01.12-23.20.22:825][776]LogModuleManager: Shutting down and abandoning module StreamingFile (8)
[2022.01.12-23.20.22:825][776]LogModuleManager: Shutting down and abandoning module SandboxFile (6)
[2022.01.12-23.20.22:825][776]LogModuleManager: Shutting down and abandoning module PakFile (4)
[2022.01.12-23.20.22:825][776]LogModuleManager: Shutting down and abandoning module RSA (3)
[2022.01.12-23.20.22:840][776]LogContentStreaming: Display: There are 1 unreleased StreamingManagers
[2022.01.12-23.20.22:853][776]LogD3D11RHI: Shutdown
[2022.01.12-23.20.22:853][776]LogD3D11RHI: CleanupD3DDevice
[2022.01.12-23.20.22:855][776]LogExit: Exiting.
[2022.01.12-23.20.23:017][776]Log file closed, 01/13/22 00:20:23
