Log file open, 01/13/22 00:43:23
LogWindows: Failed to load 'aqProf.dll' (GetLastError=126)
LogWindows: File 'aqProf.dll' does not exist
LogWindows: Failed to load 'VtuneApi.dll' (GetLastError=126)
LogWindows: File 'VtuneApi.dll' does not exist
LogWindows: Failed to load 'VtuneApi32e.dll' (GetLastError=126)
LogWindows: File 'VtuneApi32e.dll' does not exist
LogConsoleResponse: Display: Failed to find resolution value strings in scalability ini. Falling back to default.
LogConsoleResponse: Display: Failed to find resolution value strings in scalability ini. Falling back to default.
LogInit: Display: Running engine for game: Alice
LogPlatformFile: Not using cached read wrapper
LogTaskGraph: Started task graph with 5 named threads and 23 total threads with 3 sets of task threads.
LogStats: Stats thread started at 0.474636
LogICUInternationalization: ICU TimeZone Detection - Raw Offset: +1:00, Platform Override: ''
LogInit: Display: Loading text-based GConfig....
LogPluginManager: Mounting plugin MeshPainting
LogPluginManager: Mounting plugin XGEController
LogPluginManager: Mounting plugin LightPropagationVolume
LogPluginManager: Mounting plugin Paper2D
LogPluginManager: Mounting plugin EnvironmentQueryEditor
LogPluginManager: Mounting plugin AISupport
LogPluginManager: Mounting plugin LiveLink
LogPluginManager: Mounting plugin AnimationSharing
LogPluginManager: Mounting plugin CLionSourceCodeAccess
LogPluginManager: Mounting plugin CodeLiteSourceCodeAccess
LogPluginManager: Mounting plugin GitSourceControl
LogPluginManager: Mounting plugin KDevelopSourceCodeAccess
LogPluginManager: Mounting plugin NullSourceCodeAccess
LogPluginManager: Mounting plugin PerforceSourceControl
LogPluginManager: Mounting plugin PixWinPlugin
LogPluginManager: Mounting plugin PlasticSourceControl
LogPluginManager: Mounting plugin PluginUtils
LogPluginManager: Mounting plugin PropertyAccessNode
LogPluginManager: Mounting plugin RiderSourceCodeAccess
LogPluginManager: Mounting plugin TextureFormatOodle
LogPluginManager: Mounting plugin SubversionSourceControl
LogPluginManager: Mounting plugin UObjectPlugin
LogPluginManager: Mounting plugin XCodeSourceCodeAccess
LogPluginManager: Mounting plugin CameraShakePreviewer
LogPluginManager: Mounting plugin VisualStudioSourceCodeAccess
LogPluginManager: Mounting plugin VisualStudioCodeSourceCodeAccess
LogPluginManager: Mounting plugin GameplayCameras
LogPluginManager: Mounting plugin AssetManagerEditor
LogPluginManager: Mounting plugin CryptoKeys
LogPluginManager: Mounting plugin DataValidation
LogPluginManager: Mounting plugin CurveEditorTools
LogPluginManager: Mounting plugin FacialAnimation
LogPluginManager: Mounting plugin GeometryMode
LogPluginManager: Mounting plugin GameplayTagsEditor
LogPluginManager: Mounting plugin MacGraphicsSwitching
LogPluginManager: Mounting plugin MaterialAnalyzer
LogPluginManager: Mounting plugin MobileLauncherProfileWizard
LogPluginManager: Mounting plugin SpeedTreeImporter
LogPluginManager: Mounting plugin PluginBrowser
LogPluginManager: Mounting plugin AutomationUtils
LogPluginManager: Mounting plugin AlembicImporter
LogPluginManager: Mounting plugin BackChannel
LogPluginManager: Mounting plugin ChaosCloth
LogPluginManager: Mounting plugin ChaosClothEditor
LogPluginManager: Mounting plugin ChaosEditor
LogPluginManager: Mounting plugin ChaosSolverPlugin
LogPluginManager: Mounting plugin ChaosNiagara
LogPluginManager: Mounting plugin CharacterAI
LogPluginManager: Mounting plugin GeometryCache
LogPluginManager: Mounting plugin GeometryCollectionPlugin
LogPluginManager: Mounting plugin OodleData
LogPluginManager: Mounting plugin GeometryProcessing
LogPluginManager: Mounting plugin DatasmithContent
LogPluginManager: Mounting plugin OodleNetwork
LogPluginManager: Mounting plugin VariantManagerContent
LogPluginManager: Mounting plugin OpenImageDenoise
LogPluginManager: Mounting plugin MotoSynth
LogPluginManager: Mounting plugin PlanarCut
LogPluginManager: Mounting plugin PlatformCrypto
LogPluginManager: Mounting plugin ProxyLODPlugin
LogPluginManager: Mounting plugin PythonScriptPlugin
LogPluginManager: Mounting plugin SkeletalReduction
LogPluginManager: Mounting plugin Niagara
LogPluginManager: Mounting plugin LuminPlatformFeatures
LogPluginManager: Mounting plugin MagicLeap
LogPluginManager: Mounting plugin MagicLeapMedia
LogPluginManager: Mounting plugin MagicLeapLightEstimation
LogPluginManager: Mounting plugin MagicLeapPassableWorld
LogPluginManager: Mounting plugin MLSDK
LogPluginManager: Mounting plugin AndroidMedia
LogPluginManager: Mounting plugin AvfMedia
LogPluginManager: Mounting plugin ImgMedia
LogPluginManager: Mounting plugin MediaCompositing
LogPluginManager: Mounting plugin MediaPlayerEditor
LogPluginManager: Mounting plugin WebMMedia
LogPluginManager: Mounting plugin WmfMedia
LogPluginManager: Mounting plugin ActorSequence
LogPluginManager: Mounting plugin TcpMessaging
LogPluginManager: Mounting plugin UdpMessaging
LogPluginManager: Mounting plugin LevelSequenceEditor
LogPluginManager: Mounting plugin MatineeToLevelSequence
LogPluginManager: Mounting plugin TemplateSequence
LogPluginManager: Mounting plugin LauncherChunkInstaller
LogPluginManager: Mounting plugin OnlineSubsystem
LogPluginManager: Mounting plugin OnlineSubsystemNull
LogPluginManager: Mounting plugin OnlineSubsystemUtils
LogPluginManager: Mounting plugin ActorLayerUtilities
LogPluginManager: Mounting plugin AndroidDeviceProfileSelector
LogPluginManager: Mounting plugin AndroidPermission
LogPluginManager: Mounting plugin AndroidMoviePlayer
LogPluginManager: Mounting plugin AppleImageUtils
LogPluginManager: Mounting plugin AppleMoviePlayer
LogPluginManager: Mounting plugin ArchVisCharacter
LogPluginManager: Mounting plugin AssetTags
LogPluginManager: Mounting plugin AudioCapture
LogPluginManager: Mounting plugin AudioSynesthesia
LogPluginManager: Mounting plugin CableComponent
LogPluginManager: Mounting plugin ChunkDownloader
LogPluginManager: Mounting plugin CustomMeshComponent
LogPluginManager: Mounting plugin EditableMesh
LogPluginManager: Mounting plugin ExampleDeviceProfileSelector
LogPluginManager: Mounting plugin GoogleCloudMessaging
LogPluginManager: Mounting plugin GooglePAD
LogPluginManager: Mounting plugin IOSDeviceProfileSelector
LogPluginManager: Mounting plugin LinuxDeviceProfileSelector
LogPluginManager: Mounting plugin LocationServicesBPLibrary
LogPluginManager: Mounting plugin MobilePatchingUtils
LogPluginManager: Mounting plugin OpenXR
LogPluginManager: Mounting plugin OpenXRHandTracking
LogPluginManager: Mounting plugin OpenXREyeTracker
LogPluginManager: Mounting plugin PhysXVehicles
LogPluginManager: Mounting plugin PostSplashScreen
LogPluginManager: Mounting plugin ProceduralMeshComponent
LogPluginManager: Mounting plugin PropertyAccessEditor
LogPluginManager: Mounting plugin RuntimePhysXCooking
LogPluginManager: Mounting plugin SignificanceManager
LogPluginManager: Mounting plugin SoundFields
LogPluginManager: Mounting plugin Synthesis
LogPluginManager: Mounting plugin WebMMoviePlayer
LogPluginManager: Mounting plugin WindowsMoviePlayer
LogPluginManager: Mounting plugin ScreenshotTools
LogPluginManager: Mounting plugin Takes
LogPluginManager: Mounting plugin ContentBrowserAssetDataSource
LogPluginManager: Mounting plugin ContentBrowserFileDataSource
LogPluginManager: Mounting plugin ContentBrowserClassDataSource
LogPluginManager: Mounting plugin OnlineSubsystemGooglePlay
LogPluginManager: Mounting plugin OnlineSubsystemIOS
LogPluginManager: Mounting plugin OculusVR
LogPluginManager: Mounting plugin SteamVR
PixWinPlugin: PIX capture plugin failed to initialize! Check that the process is launched from PIX.
LogInit: Using libcurl 7.55.1-DEV
LogInit:  - built for x86_64-pc-win32
LogInit:  - supports SSL with OpenSSL/1.1.1
LogInit:  - supports HTTP deflate (compression) using libz 1.2.8
LogInit:  - other features:
LogInit:      CURL_VERSION_SSL
LogInit:      CURL_VERSION_LIBZ
LogInit:      CURL_VERSION_IPV6
LogInit:      CURL_VERSION_ASYNCHDNS
LogInit:      CURL_VERSION_LARGEFILE
LogInit:      CURL_VERSION_IDN
LogInit:  CurlRequestOptions (configurable via config and command line):
LogInit:  - bVerifyPeer = true  - Libcurl will verify peer certificate
LogInit:  - bUseHttpProxy = false  - Libcurl will NOT use HTTP proxy
LogInit:  - bDontReuseConnections = false  - Libcurl will reuse connections
LogInit:  - MaxHostConnections = 16  - Libcurl will limit the number of connections to a host
LogInit:  - LocalHostAddr = Default
LogInit:  - BufferSize = 65536
LogOnline: OSS: Creating online subsystem instance for: NULL
LogInit: WinSock: version 1.1 (2.2), MaxSocks=32767, MaxUdp=65467
LogOnline: OSS: TryLoadSubsystemAndSetDefault: Loaded subsystem for module [NULL]
LogOculusPluginWrapper: OculusPlugin initialized successfully
LogHMD: Failed initializing OVRPlugin 1.59.0
LogInit: Build: ++UE4+Release-4.27-CL-18319896
LogInit: Engine Version: 4.27.2-18319896+++UE4+Release-4.27
LogInit: Compatible Engine Version: 4.27.0-17155196+++UE4+Release-4.27
LogInit: Net CL: 17155196
LogInit: OS: Windows 10 (Release 2009) (), CPU: AMD Ryzen 7 3700U with Radeon Vega Mobile Gfx  , GPU: AMD Radeon(TM) RX Vega 10 Graphics
LogInit: Compiled (64-bit): Nov 30 2021 07:12:08
LogInit: Compiled with Visual C++: 19.24.28315.00
LogInit: Build Configuration: Development
LogInit: Branch Name: ++UE4+Release-4.27
LogInit: Command Line:  /Game/Maps/Level1 -game -PIEVIACONSOLE -Multiprocess GameUserSettingsINI=D:/kinde/Alice/Saved/Config/Windows/PIEGameUserSettings0.ini -MultiprocessSaveConfig -forcepassthrough -messaging -SessionName="Play in Standalone Game" -featureleveles31 -faketouches -MultiprocessSaveConfig -windowed -WinX=320 -WinY=180 SAVEWINPOS=1 -ResX=1270 -ResY=686
LogInit: Base Directory: D:/Program Files/Epic Games/UE_4.27/Engine/Binaries/Win64/
LogInit: Allocator: TBB
LogInit: Installed Engine Build: 1
LogDevObjectVersion: Number of dev versions registered: 29
LogDevObjectVersion:   Dev-Blueprints (B0D832E4-1F89-4F0D-ACCF-7EB736FD4AA2): 10
LogDevObjectVersion:   Dev-Build (E1C64328-A22C-4D53-A36C-8E866417BD8C): 0
LogDevObjectVersion:   Dev-Core (375EC13C-06E4-48FB-B500-84F0262A717E): 4
LogDevObjectVersion:   Dev-Editor (E4B068ED-F494-42E9-A231-DA0B2E46BB41): 40
LogDevObjectVersion:   Dev-Framework (CFFC743F-43B0-4480-9391-14DF171D2073): 37
LogDevObjectVersion:   Dev-Mobile (B02B49B5-BB20-44E9-A304-32B752E40360): 3
LogDevObjectVersion:   Dev-Networking (A4E4105C-59A1-49B5-A7C5-40C4547EDFEE): 0
LogDevObjectVersion:   Dev-Online (39C831C9-5AE6-47DC-9A44-9C173E1C8E7C): 0
LogDevObjectVersion:   Dev-Physics (78F01B33-EBEA-4F98-B9B4-84EACCB95AA2): 14
LogDevObjectVersion:   Dev-Platform (6631380F-2D4D-43E0-8009-CF276956A95A): 0
LogDevObjectVersion:   Dev-Rendering (12F88B9F-8875-4AFC-A67C-D90C383ABD29): 45
LogDevObjectVersion:   Dev-Sequencer (7B5AE74C-D270-4C10-A958-57980B212A5A): 13
LogDevObjectVersion:   Dev-VR (D7296918-1DD6-4BDD-9DE2-64A83CC13884): 3
LogDevObjectVersion:   Dev-LoadTimes (C2A15278-BFE7-4AFE-6C17-90FF531DF755): 1
LogDevObjectVersion:   Private-Geometry (6EACA3D4-40EC-4CC1-B786-8BED09428FC5): 3
LogDevObjectVersion:   Dev-AnimPhys (29E575DD-E0A3-4627-9D10-D276232CDCEA): 17
LogDevObjectVersion:   Dev-Anim (AF43A65D-7FD3-4947-9873-3E8ED9C1BB05): 15
LogDevObjectVersion:   Dev-ReflectionCapture (6B266CEC-1EC7-4B8F-A30B-E4D90942FC07): 1
LogDevObjectVersion:   Dev-Automation (0DF73D61-A23F-47EA-B727-89E90C41499A): 1
LogDevObjectVersion:   FortniteMain (601D1886-AC64-4F84-AA16-D3DE0DEAC7D6): 47
LogDevObjectVersion:   FortniteRelease (E7086368-6B23-4C58-8439-1B7016265E91): 1
LogDevObjectVersion:   Dev-Enterprise (9DFFBCD6-494F-0158-E221-12823C92A888): 10
LogDevObjectVersion:   Dev-Niagara (F2AED0AC-9AFE-416F-8664-AA7FFA26D6FC): 1
LogDevObjectVersion:   Dev-Destruction (174F1F0B-B4C6-45A5-B13F-2EE8D0FB917D): 10
LogDevObjectVersion:   Dev-Physics-Ext (35F94A83-E258-406C-A318-09F59610247C): 41
LogDevObjectVersion:   Dev-PhysicsMaterial-Chaos (B68FC16E-8B1B-42E2-B453-215C058844FE): 1
LogDevObjectVersion:   Dev-CineCamera (B2E18506-4273-CFC2-A54E-F4BB758BBA07): 1
LogDevObjectVersion:   Dev-VirtualProduction (64F58936-FD1B-42BA-BA96-7289D5D0FA4E): 1
LogDevObjectVersion:   Dev-MediaFramework (6F0ED827-A609-4895-9C91-998D90180EA4): 2
LogInit: Presizing for max 25165824 objects, including 0 objects not considered by GC, pre-allocating 0 bytes for permanent pool.
LogConfig: Applying CVar settings from Section [/Script/Engine.StreamingSettings] File [D:/kinde/Alice/Saved/Config/Windows/Engine.ini]
LogConfig: Setting CVar [[s.MinBulkDataSizeForAsyncLoading:131072]]
LogConfig: Setting CVar [[s.AsyncLoadingThreadEnabled:0]]
LogConfig: Setting CVar [[s.EventDrivenLoaderEnabled:1]]
LogConfig: Setting CVar [[s.WarnIfTimeLimitExceeded:0]]
LogConfig: Setting CVar [[s.TimeLimitExceededMultiplier:1.5]]
LogConfig: Setting CVar [[s.TimeLimitExceededMinTime:0.005]]
LogConfig: Setting CVar [[s.UseBackgroundLevelStreaming:1]]
LogConfig: Setting CVar [[s.PriorityAsyncLoadingExtraTime:15.0]]
LogConfig: Setting CVar [[s.LevelStreamingActorsUpdateTimeLimit:5.0]]
LogConfig: Setting CVar [[s.PriorityLevelStreamingActorsUpdateExtraTime:5.0]]
LogConfig: Setting CVar [[s.LevelStreamingComponentsRegistrationGranularity:10]]
LogConfig: Setting CVar [[s.UnregisterComponentsTimeLimit:1.0]]
LogConfig: Setting CVar [[s.LevelStreamingComponentsUnregistrationGranularity:5]]
LogConfig: Setting CVar [[s.FlushStreamingOnExit:1]]
LogInit: Object subsystem initialized
LogConfig: Setting CVar [[con.DebugEarlyDefault:1]]
LogConfig: Setting CVar [[r.setres:1280x720]]
[2022.01.12-23.43.25:106][  0]LogConfig: Setting CVar [[con.DebugEarlyDefault:1]]
[2022.01.12-23.43.25:106][  0]LogConfig: Setting CVar [[r.setres:1280x720]]
[2022.01.12-23.43.25:106][  0]LogConfig: Applying CVar settings from Section [/Script/Engine.RendererSettings] File [D:/kinde/Alice/Saved/Config/Windows/Engine.ini]
[2022.01.12-23.43.25:106][  0]LogConfig: Setting CVar [[r.GPUCrashDebugging:0]]
[2022.01.12-23.43.25:106][  0]LogConfig: Applying CVar settings from Section [/Script/Engine.RendererOverrideSettings] File [D:/kinde/Alice/Saved/Config/Windows/Engine.ini]
[2022.01.12-23.43.25:106][  0]LogConfig: Applying CVar settings from Section [/Script/Engine.StreamingSettings] File [D:/kinde/Alice/Saved/Config/Windows/Engine.ini]
[2022.01.12-23.43.25:106][  0]LogConfig: Setting CVar [[s.MinBulkDataSizeForAsyncLoading:131072]]
[2022.01.12-23.43.25:106][  0]LogConfig: Setting CVar [[s.AsyncLoadingThreadEnabled:0]]
[2022.01.12-23.43.25:106][  0]LogConfig: Setting CVar [[s.EventDrivenLoaderEnabled:1]]
[2022.01.12-23.43.25:106][  0]LogConfig: Setting CVar [[s.WarnIfTimeLimitExceeded:0]]
[2022.01.12-23.43.25:106][  0]LogConfig: Setting CVar [[s.TimeLimitExceededMultiplier:1.5]]
[2022.01.12-23.43.25:106][  0]LogConfig: Setting CVar [[s.TimeLimitExceededMinTime:0.005]]
[2022.01.12-23.43.25:106][  0]LogConfig: Setting CVar [[s.UseBackgroundLevelStreaming:1]]
[2022.01.12-23.43.25:106][  0]LogConfig: Setting CVar [[s.PriorityAsyncLoadingExtraTime:15.0]]
[2022.01.12-23.43.25:106][  0]LogConfig: Setting CVar [[s.LevelStreamingActorsUpdateTimeLimit:5.0]]
[2022.01.12-23.43.25:106][  0]LogConfig: Setting CVar [[s.PriorityLevelStreamingActorsUpdateExtraTime:5.0]]
[2022.01.12-23.43.25:106][  0]LogConfig: Setting CVar [[s.LevelStreamingComponentsRegistrationGranularity:10]]
[2022.01.12-23.43.25:106][  0]LogConfig: Setting CVar [[s.UnregisterComponentsTimeLimit:1.0]]
[2022.01.12-23.43.25:106][  0]LogConfig: Setting CVar [[s.LevelStreamingComponentsUnregistrationGranularity:5]]
[2022.01.12-23.43.25:106][  0]LogConfig: Setting CVar [[s.FlushStreamingOnExit:1]]
[2022.01.12-23.43.25:107][  0]LogConfig: Applying CVar settings from Section [/Script/Engine.GarbageCollectionSettings] File [D:/kinde/Alice/Saved/Config/Windows/Engine.ini]
[2022.01.12-23.43.25:107][  0]LogConfig: Setting CVar [[gc.MaxObjectsNotConsideredByGC:1]]
[2022.01.12-23.43.25:107][  0]LogConfig: Setting CVar [[gc.SizeOfPermanentObjectPool:0]]
[2022.01.12-23.43.25:107][  0]LogConfig: Setting CVar [[gc.FlushStreamingOnGC:0]]
[2022.01.12-23.43.25:107][  0]LogConfig: Setting CVar [[gc.NumRetriesBeforeForcingGC:10]]
[2022.01.12-23.43.25:107][  0]LogConfig: Setting CVar [[gc.AllowParallelGC:1]]
[2022.01.12-23.43.25:107][  0]LogConfig: Setting CVar [[gc.TimeBetweenPurgingPendingKillObjects:61.1]]
[2022.01.12-23.43.25:107][  0]LogConfig: Setting CVar [[gc.MaxObjectsInEditor:25165824]]
[2022.01.12-23.43.25:107][  0]LogConfig: Setting CVar [[gc.IncrementalBeginDestroyEnabled:1]]
[2022.01.12-23.43.25:107][  0]LogConfig: Setting CVar [[gc.CreateGCClusters:1]]
[2022.01.12-23.43.25:107][  0]LogConfig: Setting CVar [[gc.MinGCClusterSize:5]]
[2022.01.12-23.43.25:107][  0]LogConfig: Setting CVar [[gc.ActorClusteringEnabled:0]]
[2022.01.12-23.43.25:107][  0]LogConfig: Setting CVar [[gc.BlueprintClusteringEnabled:0]]
[2022.01.12-23.43.25:107][  0]LogConfig: Setting CVar [[gc.UseDisregardForGCOnDedicatedServers:0]]
[2022.01.12-23.43.25:107][  0]LogConfig: Setting CVar [[gc.MultithreadedDestructionEnabled:1]]
[2022.01.12-23.43.25:107][  0]LogConfig: Applying CVar settings from Section [/Script/Engine.NetworkSettings] File [D:/kinde/Alice/Saved/Config/Windows/Engine.ini]
[2022.01.12-23.43.25:107][  0]LogConfig: Applying CVar settings from Section [/Script/UnrealEd.CookerSettings] File [D:/kinde/Alice/Saved/Config/Windows/Engine.ini]
[2022.01.12-23.43.25:114][  0]LogConfig: Applying CVar settings from Section [ViewDistanceQuality@3] File [D:/kinde/Alice/Saved/Config/Windows/Scalability.ini]
[2022.01.12-23.43.25:114][  0]LogConfig: Setting CVar [[r.SkeletalMeshLODBias:0]]
[2022.01.12-23.43.25:114][  0]LogConfig: Setting CVar [[r.ViewDistanceScale:1.0]]
[2022.01.12-23.43.25:114][  0]LogConfig: Applying CVar settings from Section [AntiAliasingQuality@3] File [D:/kinde/Alice/Saved/Config/Windows/Scalability.ini]
[2022.01.12-23.43.25:114][  0]LogConfig: Setting CVar [[r.PostProcessAAQuality:4]]
[2022.01.12-23.43.25:114][  0]LogConfig: Applying CVar settings from Section [ShadowQuality@3] File [D:/kinde/Alice/Saved/Config/Windows/Scalability.ini]
[2022.01.12-23.43.25:114][  0]LogConfig: Setting CVar [[r.LightFunctionQuality:1]]
[2022.01.12-23.43.25:114][  0]LogConfig: Setting CVar [[r.ShadowQuality:5]]
[2022.01.12-23.43.25:114][  0]LogConfig: Setting CVar [[r.Shadow.CSM.MaxCascades:10]]
[2022.01.12-23.43.25:114][  0]LogConfig: Setting CVar [[r.Shadow.MaxResolution:2048]]
[2022.01.12-23.43.25:114][  0]LogConfig: Setting CVar [[r.Shadow.MaxCSMResolution:2048]]
[2022.01.12-23.43.25:114][  0]LogConfig: Setting CVar [[r.Shadow.RadiusThreshold:0.01]]
[2022.01.12-23.43.25:114][  0]LogConfig: Setting CVar [[r.Shadow.DistanceScale:1.0]]
[2022.01.12-23.43.25:114][  0]LogConfig: Setting CVar [[r.Shadow.CSM.TransitionScale:1.0]]
[2022.01.12-23.43.25:114][  0]LogConfig: Setting CVar [[r.Shadow.PreShadowResolutionFactor:1.0]]
[2022.01.12-23.43.25:114][  0]LogConfig: Setting CVar [[r.DistanceFieldShadowing:1]]
[2022.01.12-23.43.25:114][  0]LogConfig: Setting CVar [[r.DistanceFieldAO:1]]
[2022.01.12-23.43.25:114][  0]LogConfig: Setting CVar [[r.AOQuality:2]]
[2022.01.12-23.43.25:114][  0]LogConfig: Setting CVar [[r.VolumetricFog:1]]
[2022.01.12-23.43.25:114][  0]LogConfig: Setting CVar [[r.VolumetricFog.GridPixelSize:8]]
[2022.01.12-23.43.25:114][  0]LogConfig: Setting CVar [[r.VolumetricFog.GridSizeZ:128]]
[2022.01.12-23.43.25:114][  0]LogConfig: Setting CVar [[r.VolumetricFog.HistoryMissSupersampleCount:4]]
[2022.01.12-23.43.25:114][  0]LogConfig: Setting CVar [[r.LightMaxDrawDistanceScale:1]]
[2022.01.12-23.43.25:114][  0]LogConfig: Setting CVar [[r.CapsuleShadows:1]]
[2022.01.12-23.43.25:114][  0]LogConfig: Applying CVar settings from Section [PostProcessQuality@3] File [D:/kinde/Alice/Saved/Config/Windows/Scalability.ini]
[2022.01.12-23.43.25:114][  0]LogConfig: Setting CVar [[r.MotionBlurQuality:4]]
[2022.01.12-23.43.25:114][  0]LogConfig: Setting CVar [[r.AmbientOcclusionMipLevelFactor:0.4]]
[2022.01.12-23.43.25:114][  0]LogConfig: Setting CVar [[r.AmbientOcclusionMaxQuality:100]]
[2022.01.12-23.43.25:114][  0]LogConfig: Setting CVar [[r.AmbientOcclusionLevels:-1]]
[2022.01.12-23.43.25:114][  0]LogConfig: Setting CVar [[r.AmbientOcclusionRadiusScale:1.0]]
[2022.01.12-23.43.25:114][  0]LogConfig: Setting CVar [[r.DepthOfFieldQuality:2]]
[2022.01.12-23.43.25:114][  0]LogConfig: Setting CVar [[r.RenderTargetPoolMin:400]]
[2022.01.12-23.43.25:114][  0]LogConfig: Setting CVar [[r.LensFlareQuality:2]]
[2022.01.12-23.43.25:114][  0]LogConfig: Setting CVar [[r.SceneColorFringeQuality:1]]
[2022.01.12-23.43.25:114][  0]LogConfig: Setting CVar [[r.EyeAdaptationQuality:2]]
[2022.01.12-23.43.25:114][  0]LogConfig: Setting CVar [[r.BloomQuality:5]]
[2022.01.12-23.43.25:114][  0]LogConfig: Setting CVar [[r.FastBlurThreshold:100]]
[2022.01.12-23.43.25:114][  0]LogConfig: Setting CVar [[r.Upscale.Quality:3]]
[2022.01.12-23.43.25:114][  0]LogConfig: Setting CVar [[r.Tonemapper.GrainQuantization:1]]
[2022.01.12-23.43.25:114][  0]LogConfig: Setting CVar [[r.LightShaftQuality:1]]
[2022.01.12-23.43.25:114][  0]LogConfig: Setting CVar [[r.Filter.SizeScale:1]]
[2022.01.12-23.43.25:115][  0]LogConfig: Setting CVar [[r.Tonemapper.Quality:5]]
[2022.01.12-23.43.25:115][  0]LogConfig: Setting CVar [[r.DOF.Gather.AccumulatorQuality:1        ; higher gathering accumulator quality]]
[2022.01.12-23.43.25:115][  0]LogConfig: Setting CVar [[r.DOF.Gather.PostfilterMethod:1          ; Median3x3 postfilering method]]
[2022.01.12-23.43.25:115][  0]LogConfig: Setting CVar [[r.DOF.Gather.EnableBokehSettings:0       ; no bokeh simulation when gathering]]
[2022.01.12-23.43.25:115][  0]LogConfig: Setting CVar [[r.DOF.Gather.RingCount:4                 ; medium number of samples when gathering]]
[2022.01.12-23.43.25:115][  0]LogConfig: Setting CVar [[r.DOF.Scatter.ForegroundCompositing:1    ; additive foreground scattering]]
[2022.01.12-23.43.25:115][  0]LogConfig: Setting CVar [[r.DOF.Scatter.BackgroundCompositing:2    ; additive background scattering]]
[2022.01.12-23.43.25:115][  0]LogConfig: Setting CVar [[r.DOF.Scatter.EnableBokehSettings:1      ; bokeh simulation when scattering]]
[2022.01.12-23.43.25:115][  0]LogConfig: Setting CVar [[r.DOF.Scatter.MaxSpriteRatio:0.1         ; only a maximum of 10% of scattered bokeh]]
[2022.01.12-23.43.25:115][  0]LogConfig: Setting CVar [[r.DOF.Recombine.Quality:1                ; cheap slight out of focus]]
[2022.01.12-23.43.25:115][  0]LogConfig: Setting CVar [[r.DOF.Recombine.EnableBokehSettings:0    ; no bokeh simulation on slight out of focus]]
[2022.01.12-23.43.25:115][  0]LogConfig: Setting CVar [[r.DOF.TemporalAAQuality:1                ; more stable temporal accumulation]]
[2022.01.12-23.43.25:115][  0]LogConfig: Setting CVar [[r.DOF.Kernel.MaxForegroundRadius:0.025]]
[2022.01.12-23.43.25:115][  0]LogConfig: Setting CVar [[r.DOF.Kernel.MaxBackgroundRadius:0.025]]
[2022.01.12-23.43.25:115][  0]LogConfig: Applying CVar settings from Section [TextureQuality@3] File [D:/kinde/Alice/Saved/Config/Windows/Scalability.ini]
[2022.01.12-23.43.25:115][  0]LogConfig: Setting CVar [[r.Streaming.MipBias:0]]
[2022.01.12-23.43.25:115][  0]LogConfig: Setting CVar [[r.Streaming.AmortizeCPUToGPUCopy:0]]
[2022.01.12-23.43.25:115][  0]LogConfig: Setting CVar [[r.Streaming.MaxNumTexturesToStreamPerFrame:0]]
[2022.01.12-23.43.25:115][  0]LogConfig: Setting CVar [[r.Streaming.Boost:1]]
[2022.01.12-23.43.25:115][  0]LogConfig: Setting CVar [[r.MaxAnisotropy:8]]
[2022.01.12-23.43.25:115][  0]LogConfig: Setting CVar [[r.VT.MaxAnisotropy:8]]
[2022.01.12-23.43.25:115][  0]LogConfig: Setting CVar [[r.Streaming.LimitPoolSizeToVRAM:0]]
[2022.01.12-23.43.25:115][  0]LogConfig: Setting CVar [[r.Streaming.PoolSize:1000]]
[2022.01.12-23.43.25:115][  0]LogConfig: Setting CVar [[r.Streaming.MaxEffectiveScreenSize:0]]
[2022.01.12-23.43.25:115][  0]LogConfig: Applying CVar settings from Section [EffectsQuality@3] File [D:/kinde/Alice/Saved/Config/Windows/Scalability.ini]
[2022.01.12-23.43.25:115][  0]LogConfig: Setting CVar [[r.TranslucencyLightingVolumeDim:64]]
[2022.01.12-23.43.25:115][  0]LogConfig: Setting CVar [[r.RefractionQuality:2]]
[2022.01.12-23.43.25:115][  0]LogConfig: Setting CVar [[r.SSR.Quality:3]]
[2022.01.12-23.43.25:115][  0]LogConfig: Setting CVar [[r.SSR.HalfResSceneColor:0]]
[2022.01.12-23.43.25:115][  0]LogConfig: Setting CVar [[r.SceneColorFormat:4]]
[2022.01.12-23.43.25:115][  0]LogConfig: Setting CVar [[r.DetailMode:2]]
[2022.01.12-23.43.25:115][  0]LogConfig: Setting CVar [[r.TranslucencyVolumeBlur:1]]
[2022.01.12-23.43.25:115][  0]LogConfig: Setting CVar [[r.MaterialQualityLevel:1 ; High quality]]
[2022.01.12-23.43.25:115][  0]LogConfig: Setting CVar [[r.AnisotropicMaterials:1]]
[2022.01.12-23.43.25:115][  0]LogConfig: Setting CVar [[r.SSS.Scale:1]]
[2022.01.12-23.43.25:115][  0]LogConfig: Setting CVar [[r.SSS.SampleSet:2]]
[2022.01.12-23.43.25:115][  0]LogConfig: Setting CVar [[r.SSS.Quality:1]]
[2022.01.12-23.43.25:115][  0]LogConfig: Setting CVar [[r.SSS.HalfRes:0]]
[2022.01.12-23.43.25:115][  0]LogConfig: Setting CVar [[r.SSGI.Quality:3]]
[2022.01.12-23.43.25:115][  0]LogConfig: Setting CVar [[r.EmitterSpawnRateScale:1.0]]
[2022.01.12-23.43.25:115][  0]LogConfig: Setting CVar [[r.ParticleLightQuality:2]]
[2022.01.12-23.43.25:115][  0]LogConfig: Setting CVar [[r.SkyAtmosphere.AerialPerspectiveLUT.FastApplyOnOpaque:1 ; Always have FastSkyLUT 1 in this case to avoid wrong sky]]
[2022.01.12-23.43.25:115][  0]LogConfig: Setting CVar [[r.SkyAtmosphere.AerialPerspectiveLUT.SampleCountMaxPerSlice:4]]
[2022.01.12-23.43.25:115][  0]LogConfig: Setting CVar [[r.SkyAtmosphere.AerialPerspectiveLUT.DepthResolution:16.0]]
[2022.01.12-23.43.25:115][  0]LogConfig: Setting CVar [[r.SkyAtmosphere.FastSkyLUT:1]]
[2022.01.12-23.43.25:115][  0]LogConfig: Setting CVar [[r.SkyAtmosphere.FastSkyLUT.SampleCountMin:4.0]]
[2022.01.12-23.43.25:115][  0]LogConfig: Setting CVar [[r.SkyAtmosphere.FastSkyLUT.SampleCountMax:128.0]]
[2022.01.12-23.43.25:115][  0]LogConfig: Setting CVar [[r.SkyAtmosphere.SampleCountMin:4.0]]
[2022.01.12-23.43.25:115][  0]LogConfig: Setting CVar [[r.SkyAtmosphere.SampleCountMax:128.0]]
[2022.01.12-23.43.25:115][  0]LogConfig: Setting CVar [[r.SkyAtmosphere.TransmittanceLUT.UseSmallFormat:0]]
[2022.01.12-23.43.25:115][  0]LogConfig: Setting CVar [[r.SkyAtmosphere.TransmittanceLUT.SampleCount:10.0]]
[2022.01.12-23.43.25:115][  0]LogConfig: Setting CVar [[r.SkyAtmosphere.MultiScatteringLUT.SampleCount:15.0]]
[2022.01.12-23.43.25:115][  0]LogConfig: Setting CVar [[r.SkyLight.RealTimeReflectionCapture:1]]
[2022.01.12-23.43.25:115][  0]LogConfig: Applying CVar settings from Section [FoliageQuality@3] File [D:/kinde/Alice/Saved/Config/Windows/Scalability.ini]
[2022.01.12-23.43.25:115][  0]LogConfig: Setting CVar [[foliage.DensityScale:1.0]]
[2022.01.12-23.43.25:115][  0]LogConfig: Setting CVar [[grass.DensityScale:1.0]]
[2022.01.12-23.43.25:115][  0]LogConfig: Applying CVar settings from Section [ShadingQuality@3] File [D:/kinde/Alice/Saved/Config/Windows/Scalability.ini]
[2022.01.12-23.43.25:115][  0]LogConfig: Setting CVar [[r.HairStrands.SkyLighting.IntegrationType:2]]
[2022.01.12-23.43.25:116][  0]LogConfig: Setting CVar [[r.HairStrands.SkyAO.SampleCount:4]]
[2022.01.12-23.43.25:116][  0]LogConfig: Setting CVar [[r.HairStrands.Visibility.MSAA.SamplePerPixel:4]]
[2022.01.12-23.43.25:116][  0]LogInit: Selected Device Profile: [Windows]
[2022.01.12-23.43.25:116][  0]LogInit: Applying CVar settings loaded from the selected device profile: [Windows]
[2022.01.12-23.43.25:116][  0]LogHAL: Display: Platform has ~ 14 GB [14942519296 / 17179869184 / 14], which maps to Larger [LargestMinGB=32, LargerMinGB=12, DefaultMinGB=8, SmallerMinGB=6, SmallestMinGB=0)
[2022.01.12-23.43.25:116][  0]LogInit: Going up to parent DeviceProfile []
[2022.01.12-23.43.25:116][  0]LogConfig: Applying CVar settings from Section [ViewDistanceQuality@0] File [D:/kinde/Alice/Saved/Config/Windows/Scalability.ini]
[2022.01.12-23.43.25:116][  0]LogConfig: Setting CVar [[r.SkeletalMeshLODBias:2]]
[2022.01.12-23.43.25:116][  0]LogConfig: Setting CVar [[r.ViewDistanceScale:0.4]]
[2022.01.12-23.43.25:116][  0]LogConfig: Applying CVar settings from Section [AntiAliasingQuality@0] File [D:/kinde/Alice/Saved/Config/Windows/Scalability.ini]
[2022.01.12-23.43.25:116][  0]LogConfig: Setting CVar [[r.PostProcessAAQuality:0]]
[2022.01.12-23.43.25:116][  0]LogConfig: Applying CVar settings from Section [ShadowQuality@0] File [D:/kinde/Alice/Saved/Config/Windows/Scalability.ini]
[2022.01.12-23.43.25:116][  0]LogConfig: Setting CVar [[r.LightFunctionQuality:0]]
[2022.01.12-23.43.25:116][  0]LogConfig: Setting CVar [[r.ShadowQuality:0]]
[2022.01.12-23.43.25:116][  0]LogConfig: Setting CVar [[r.Shadow.CSM.MaxCascades:1]]
[2022.01.12-23.43.25:116][  0]LogConfig: Setting CVar [[r.Shadow.MaxResolution:512]]
[2022.01.12-23.43.25:116][  0]LogConfig: Setting CVar [[r.Shadow.MaxCSMResolution:512]]
[2022.01.12-23.43.25:116][  0]LogConfig: Setting CVar [[r.Shadow.RadiusThreshold:0.06]]
[2022.01.12-23.43.25:116][  0]LogConfig: Setting CVar [[r.Shadow.DistanceScale:0.6]]
[2022.01.12-23.43.25:116][  0]LogConfig: Setting CVar [[r.Shadow.CSM.TransitionScale:0]]
[2022.01.12-23.43.25:116][  0]LogConfig: Setting CVar [[r.Shadow.PreShadowResolutionFactor:0.5]]
[2022.01.12-23.43.25:116][  0]LogConfig: Setting CVar [[r.DistanceFieldShadowing:0]]
[2022.01.12-23.43.25:116][  0]LogConfig: Setting CVar [[r.DistanceFieldAO:0]]
[2022.01.12-23.43.25:116][  0]LogConfig: Setting CVar [[r.VolumetricFog:0]]
[2022.01.12-23.43.25:116][  0]LogConfig: Setting CVar [[r.LightMaxDrawDistanceScale:0]]
[2022.01.12-23.43.25:116][  0]LogConfig: Setting CVar [[r.CapsuleShadows:0]]
[2022.01.12-23.43.25:116][  0]LogConfig: Applying CVar settings from Section [PostProcessQuality@0] File [D:/kinde/Alice/Saved/Config/Windows/Scalability.ini]
[2022.01.12-23.43.25:116][  0]LogConfig: Setting CVar [[r.MotionBlurQuality:0]]
[2022.01.12-23.43.25:116][  0]LogConfig: Setting CVar [[r.AmbientOcclusionMipLevelFactor:1.0]]
[2022.01.12-23.43.25:116][  0]LogConfig: Setting CVar [[r.AmbientOcclusionMaxQuality:0]]
[2022.01.12-23.43.25:116][  0]LogConfig: Setting CVar [[r.AmbientOcclusionLevels:0]]
[2022.01.12-23.43.25:116][  0]LogConfig: Setting CVar [[r.AmbientOcclusionRadiusScale:1.2]]
[2022.01.12-23.43.25:116][  0]LogConfig: Setting CVar [[r.DepthOfFieldQuality:0]]
[2022.01.12-23.43.25:116][  0]LogConfig: Setting CVar [[r.RenderTargetPoolMin:300]]
[2022.01.12-23.43.25:116][  0]LogConfig: Setting CVar [[r.LensFlareQuality:0]]
[2022.01.12-23.43.25:116][  0]LogConfig: Setting CVar [[r.SceneColorFringeQuality:0]]
[2022.01.12-23.43.25:116][  0]LogConfig: Setting CVar [[r.EyeAdaptationQuality:2]]
[2022.01.12-23.43.25:116][  0]LogConfig: Setting CVar [[r.BloomQuality:4]]
[2022.01.12-23.43.25:116][  0]LogConfig: Setting CVar [[r.FastBlurThreshold:0]]
[2022.01.12-23.43.25:116][  0]LogConfig: Setting CVar [[r.Upscale.Quality:1]]
[2022.01.12-23.43.25:116][  0]LogConfig: Setting CVar [[r.Tonemapper.GrainQuantization:0]]
[2022.01.12-23.43.25:116][  0]LogConfig: Setting CVar [[r.LightShaftQuality:0]]
[2022.01.12-23.43.25:116][  0]LogConfig: Setting CVar [[r.Filter.SizeScale:0.6]]
[2022.01.12-23.43.25:116][  0]LogConfig: Setting CVar [[r.Tonemapper.Quality:0]]
[2022.01.12-23.43.25:116][  0]LogConfig: Applying CVar settings from Section [TextureQuality@0] File [D:/kinde/Alice/Saved/Config/Windows/Scalability.ini]
[2022.01.12-23.43.25:116][  0]LogConfig: Setting CVar [[r.Streaming.MipBias:16]]
[2022.01.12-23.43.25:116][  0]LogConfig: Setting CVar [[r.Streaming.AmortizeCPUToGPUCopy:1]]
[2022.01.12-23.43.25:117][  0]LogConfig: Setting CVar [[r.Streaming.MaxNumTexturesToStreamPerFrame:1]]
[2022.01.12-23.43.25:117][  0]LogConfig: Setting CVar [[r.Streaming.Boost:0.3]]
[2022.01.12-23.43.25:117][  0]LogConfig: Setting CVar [[r.MaxAnisotropy:0]]
[2022.01.12-23.43.25:117][  0]LogConfig: Setting CVar [[r.VT.MaxAnisotropy:4]]
[2022.01.12-23.43.25:117][  0]LogConfig: Setting CVar [[r.Streaming.LimitPoolSizeToVRAM:1]]
[2022.01.12-23.43.25:117][  0]LogConfig: Setting CVar [[r.Streaming.PoolSize:400]]
[2022.01.12-23.43.25:117][  0]LogConfig: Setting CVar [[r.Streaming.MaxEffectiveScreenSize:0]]
[2022.01.12-23.43.25:117][  0]LogConfig: Applying CVar settings from Section [EffectsQuality@0] File [D:/kinde/Alice/Saved/Config/Windows/Scalability.ini]
[2022.01.12-23.43.25:117][  0]LogConfig: Setting CVar [[r.TranslucencyLightingVolumeDim:24]]
[2022.01.12-23.43.25:117][  0]LogConfig: Setting CVar [[r.RefractionQuality:0]]
[2022.01.12-23.43.25:117][  0]LogConfig: Setting CVar [[r.SSR.Quality:0]]
[2022.01.12-23.43.25:117][  0]LogConfig: Setting CVar [[r.SSR.HalfResSceneColor:1]]
[2022.01.12-23.43.25:117][  0]LogConfig: Setting CVar [[r.SceneColorFormat:3]]
[2022.01.12-23.43.25:117][  0]LogConfig: Setting CVar [[r.DetailMode:0]]
[2022.01.12-23.43.25:117][  0]LogConfig: Setting CVar [[r.TranslucencyVolumeBlur:0]]
[2022.01.12-23.43.25:117][  0]LogConfig: Setting CVar [[r.MaterialQualityLevel:0 ; Low quality]]
[2022.01.12-23.43.25:117][  0]LogConfig: Setting CVar [[r.AnisotropicMaterials:0]]
[2022.01.12-23.43.25:117][  0]LogConfig: Setting CVar [[r.SSS.Scale:0]]
[2022.01.12-23.43.25:117][  0]LogConfig: Setting CVar [[r.SSS.SampleSet:0]]
[2022.01.12-23.43.25:117][  0]LogConfig: Setting CVar [[r.SSS.Quality:0]]
[2022.01.12-23.43.25:117][  0]LogConfig: Setting CVar [[r.SSS.HalfRes:1]]
[2022.01.12-23.43.25:117][  0]LogConfig: Setting CVar [[r.SSGI.Quality:0]]
[2022.01.12-23.43.25:117][  0]LogConfig: Setting CVar [[r.EmitterSpawnRateScale:0.125]]
[2022.01.12-23.43.25:117][  0]LogConfig: Setting CVar [[r.ParticleLightQuality:0]]
[2022.01.12-23.43.25:117][  0]LogConfig: Setting CVar [[r.SkyAtmosphere.AerialPerspectiveLUT.FastApplyOnOpaque:1 ; Always have FastSkyLUT 1 in this case to avoid wrong sky]]
[2022.01.12-23.43.25:117][  0]LogConfig: Setting CVar [[r.SkyAtmosphere.AerialPerspectiveLUT.SampleCountMaxPerSlice:1]]
[2022.01.12-23.43.25:117][  0]LogConfig: Setting CVar [[r.SkyAtmosphere.AerialPerspectiveLUT.DepthResolution:8.0]]
[2022.01.12-23.43.25:117][  0]LogConfig: Setting CVar [[r.SkyAtmosphere.FastSkyLUT:1]]
[2022.01.12-23.43.25:117][  0]LogConfig: Setting CVar [[r.SkyAtmosphere.FastSkyLUT.SampleCountMin:2.0]]
[2022.01.12-23.43.25:117][  0]LogConfig: Setting CVar [[r.SkyAtmosphere.FastSkyLUT.SampleCountMax:16.0]]
[2022.01.12-23.43.25:117][  0]LogConfig: Setting CVar [[r.SkyAtmosphere.SampleCountMin:2.0]]
[2022.01.12-23.43.25:117][  0]LogConfig: Setting CVar [[r.SkyAtmosphere.SampleCountMax:16.0]]
[2022.01.12-23.43.25:117][  0]LogConfig: Setting CVar [[r.SkyAtmosphere.TransmittanceLUT.UseSmallFormat:1]]
[2022.01.12-23.43.25:117][  0]LogConfig: Setting CVar [[r.SkyAtmosphere.TransmittanceLUT.SampleCount:10.0]]
[2022.01.12-23.43.25:117][  0]LogConfig: Setting CVar [[r.SkyAtmosphere.MultiScatteringLUT.SampleCount:15.0]]
[2022.01.12-23.43.25:117][  0]LogConfig: Setting CVar [[r.SkyLight.RealTimeReflectionCapture:0]]
[2022.01.12-23.43.25:117][  0]LogConfig: Applying CVar settings from Section [FoliageQuality@0] File [D:/kinde/Alice/Saved/Config/Windows/Scalability.ini]
[2022.01.12-23.43.25:117][  0]LogConfig: Setting CVar [[foliage.DensityScale:0]]
[2022.01.12-23.43.25:117][  0]LogConfig: Setting CVar [[grass.DensityScale:0]]
[2022.01.12-23.43.25:117][  0]LogConfig: Applying CVar settings from Section [ShadingQuality@3] File [D:/kinde/Alice/Saved/Config/Windows/Scalability.ini]
[2022.01.12-23.43.25:117][  0]LogConfig: Setting CVar [[r.HairStrands.SkyLighting.IntegrationType:2]]
[2022.01.12-23.43.25:117][  0]LogConfig: Setting CVar [[r.HairStrands.SkyAO.SampleCount:4]]
[2022.01.12-23.43.25:117][  0]LogConfig: Setting CVar [[r.HairStrands.Visibility.MSAA.SamplePerPixel:4]]
[2022.01.12-23.43.25:117][  0]LogConfig: Applying CVar settings from Section [Startup] File [../../../Engine/Config/ConsoleVariables.ini]
[2022.01.12-23.43.25:119][  0]LogConfig: Setting CVar [[net.UseAdaptiveNetUpdateFrequency:0]]
[2022.01.12-23.43.25:119][  0]LogConfig: Setting CVar [[p.chaos.AllowCreatePhysxBodies:1]]
[2022.01.12-23.43.25:119][  0]LogConfig: Setting CVar [[fx.SkipVectorVMBackendOptimizations:1]]
[2022.01.12-23.43.25:119][  0]LogConfig: Applying CVar settings from Section [ConsoleVariables] File [D:/kinde/Alice/Saved/Config/Windows/Engine.ini]
[2022.01.12-23.43.25:119][  0]LogConfig: Applying CVar settings from Section [ConsoleVariables] File [D:/kinde/Alice/Saved/Config/Windows/Editor.ini]
[2022.01.12-23.43.25:119][  0]LogInit: Computer: LAPTOP-NS2BGKLM
[2022.01.12-23.43.25:119][  0]LogInit: User: kinde
[2022.01.12-23.43.25:119][  0]LogInit: CPU Page size=4096, Cores=4
[2022.01.12-23.43.25:119][  0]LogInit: High frequency timer resolution =10.000000 MHz
[2022.01.12-23.43.25:119][  0]LogMemory: Memory total: Physical=13.9GB (14GB approx)
[2022.01.12-23.43.25:120][  0]LogMemory: Platform Memory Stats for Windows
[2022.01.12-23.43.25:120][  0]LogMemory: Process Physical Memory: 143.92 MB used, 143.92 MB peak
[2022.01.12-23.43.25:120][  0]LogMemory: Process Virtual Memory: 128.64 MB used, 128.64 MB peak
[2022.01.12-23.43.25:120][  0]LogMemory: Physical Memory: 9530.70 MB used,  4719.60 MB free, 14250.30 MB total
[2022.01.12-23.43.25:120][  0]LogMemory: Virtual Memory: 134213352.00 MB used,  4375.61 MB free, 134217728.00 MB total
[2022.01.12-23.43.25:134][  0]LogWindows: WindowsPlatformFeatures enabled
[2022.01.12-23.43.25:205][  0]LogInit: Physics initialised using underlying interface: PhysX
[2022.01.12-23.43.25:205][  0]LogInit: Using OS detected language (fr-FR).
[2022.01.12-23.43.25:205][  0]LogInit: Using OS detected locale (fr-FR).
[2022.01.12-23.43.25:212][  0]LogTextLocalizationManager: No specific localization for 'fr-FR' exists, so the 'fr' localization will be used.
[2022.01.12-23.43.25:216][  0]LogTextLocalizationResource: LocRes '../../../Engine/Content/Localization/Editor/fr/Editor.locres' could not be opened for reading!
[2022.01.12-23.43.25:216][  0]LogTextLocalizationResource: LocRes '../../../Engine/Content/Localization/EditorTutorials/fr/EditorTutorials.locres' could not be opened for reading!
[2022.01.12-23.43.25:216][  0]LogTextLocalizationResource: LocRes '../../../Engine/Content/Localization/Keywords/fr/Keywords.locres' could not be opened for reading!
[2022.01.12-23.43.25:216][  0]LogTextLocalizationResource: LocRes '../../../Engine/Content/Localization/Category/fr/Category.locres' could not be opened for reading!
[2022.01.12-23.43.25:216][  0]LogTextLocalizationResource: LocRes '../../../Engine/Content/Localization/ToolTips/fr/ToolTips.locres' could not be opened for reading!
[2022.01.12-23.43.25:216][  0]LogTextLocalizationResource: LocRes '../../../Engine/Content/Localization/PropertyNames/fr/PropertyNames.locres' could not be opened for reading!
[2022.01.12-23.43.25:217][  0]LogTextLocalizationResource: LocRes '../../../Engine/Content/Localization/Engine/fr/Engine.locres' could not be opened for reading!
[2022.01.12-23.43.25:235][  0]LogWindowsTextInputMethodSystem: Display: IME system deactivated.
[2022.01.12-23.43.25:266][  0]LogSlate: New Slate User Created.  User Index 0, Is Virtual User: 0
[2022.01.12-23.43.25:266][  0]LogSlate: Slate User Registered.  User Index 0, Is Virtual User: 0
[2022.01.12-23.43.25:290][  0]LogD3D11RHI: Loaded GFSDK_Aftermath_Lib.x64.dll
[2022.01.12-23.43.25:295][  0]LogHMD: Failed to initialize OpenVR with code 110
[2022.01.12-23.43.25:295][  0]LogD3D11RHI: D3D11 min allowed feature level: 11_0
[2022.01.12-23.43.25:295][  0]LogD3D11RHI: D3D11 max allowed feature level: 11_0
[2022.01.12-23.43.25:295][  0]LogD3D11RHI: D3D11 adapters:
[2022.01.12-23.43.25:361][  0]LogD3D11RHI:    0. 'AMD Radeon(TM) RX Vega 10 Graphics' (Feature Level 11_0)
[2022.01.12-23.43.25:361][  0]LogD3D11RHI:       2034/0/7125 MB DedicatedVideo/DedicatedSystem/SharedSystem, Outputs:1, VendorId:0x1002
[2022.01.12-23.43.25:365][  0]LogD3D11RHI:    1. 'Microsoft Basic Render Driver' (Feature Level 11_0)
[2022.01.12-23.43.25:365][  0]LogD3D11RHI:       0/0/7125 MB DedicatedVideo/DedicatedSystem/SharedSystem, Outputs:0, VendorId:0x1414
[2022.01.12-23.43.25:365][  0]LogD3D11RHI: Chosen D3D11 Adapter:
[2022.01.12-23.43.25:365][  0]LogD3D11RHI:     Description : AMD Radeon(TM) RX Vega 10 Graphics
[2022.01.12-23.43.25:365][  0]LogD3D11RHI:     VendorId    : 1002
[2022.01.12-23.43.25:365][  0]LogD3D11RHI:     DeviceId    : 15d8
[2022.01.12-23.43.25:365][  0]LogD3D11RHI:     SubSysId    : 85b3103c
[2022.01.12-23.43.25:365][  0]LogD3D11RHI:     Revision    : 00c1
[2022.01.12-23.43.25:365][  0]LogD3D11RHI:     DedicatedVideoMemory : 2133184512 bytes
[2022.01.12-23.43.25:365][  0]LogD3D11RHI:     DedicatedSystemMemory : 0 bytes
[2022.01.12-23.43.25:365][  0]LogD3D11RHI:     SharedSystemMemory : 7471259648 bytes
[2022.01.12-23.43.25:365][  0]LogD3D11RHI:     AdapterLuid : 0 66087
[2022.01.12-23.43.25:377][  0]LogD3D11RHI: Creating new Direct3DDevice
[2022.01.12-23.43.25:377][  0]LogD3D11RHI:     GPU DeviceId: 0x15d8 (for the marketing name, search the web for "GPU Device Id")
[2022.01.12-23.43.25:377][  0]LogWindows: EnumDisplayDevices:
[2022.01.12-23.43.25:378][  0]LogWindows:    0. 'AMD Radeon(TM) RX Vega 10 Graphics' (P:1 D:1)
[2022.01.12-23.43.25:378][  0]LogWindows:    1. 'AMD Radeon(TM) RX Vega 10 Graphics' (P:0 D:0)
[2022.01.12-23.43.25:378][  0]LogWindows:    2. 'AMD Radeon(TM) RX Vega 10 Graphics' (P:0 D:0)
[2022.01.12-23.43.25:379][  0]LogWindows:    3. 'AMD Radeon(TM) RX Vega 10 Graphics' (P:0 D:0)
[2022.01.12-23.43.25:379][  0]LogWindows:    4. 'AMD Radeon(TM) RX Vega 10 Graphics' (P:0 D:0)
[2022.01.12-23.43.25:379][  0]LogWindows:    5. 'AMD Radeon(TM) RX Vega 10 Graphics' (P:0 D:0)
[2022.01.12-23.43.25:380][  0]LogWindows: DebugString: FoundDriverCount:6 
[2022.01.12-23.43.25:380][  0]LogD3D11RHI:     Adapter Name: AMD Radeon(TM) RX Vega 10 Graphics
[2022.01.12-23.43.25:380][  0]LogD3D11RHI:   Driver Version: Adrenalin 20.50.30.04 (internal:27.20.15030.4000, unified:27.20.15030.4000)
[2022.01.12-23.43.25:380][  0]LogD3D11RHI:      Driver Date: 9-7-2021
[2022.01.12-23.43.25:380][  0]LogRHI: Texture pool is 5911 MB (70% of 8445 MB)
[2022.01.12-23.43.25:397][  0]LogD3D11RHI: Creating D3DDevice with AMD AGS, using adapter:
[2022.01.12-23.43.25:397][  0]LogD3D11RHI:     Description : AMD Radeon(TM) RX Vega 10 Graphics
[2022.01.12-23.43.25:397][  0]LogD3D11RHI:     VendorId    : 1002
[2022.01.12-23.43.25:397][  0]LogD3D11RHI:     DeviceId    : 15d8
[2022.01.12-23.43.25:397][  0]LogD3D11RHI:     SubSysId    : 85b3103c
[2022.01.12-23.43.25:397][  0]LogD3D11RHI:     Revision    : 00c1
[2022.01.12-23.43.25:397][  0]LogD3D11RHI:     DedicatedVideoMemory : 2133184512 bytes
[2022.01.12-23.43.25:397][  0]LogD3D11RHI:     DedicatedSystemMemory : 0 bytes
[2022.01.12-23.43.25:397][  0]LogD3D11RHI:     SharedSystemMemory : 7471259648 bytes
[2022.01.12-23.43.25:397][  0]LogD3D11RHI:     AdapterLuid : 0 66087
[2022.01.12-23.43.25:449][  0]LogD3D11RHI: Created device via AGS, feature level 11_0, supported extensions 1fffffbf.
[2022.01.12-23.43.25:449][  0]LogD3D11RHI: RHI has support for 64 bit atomics
[2022.01.12-23.43.25:449][  0]LogD3D11RHI: Async texture creation enabled
[2022.01.12-23.43.25:450][  0]LogD3D11RHI: Array index from any shader is supported
[2022.01.12-23.43.25:464][  0]LogD3D11RHI: GPU Timing Frequency: 25.000000 (Debug: 2 1)
[2022.01.12-23.43.25:893][  0]LogTargetPlatformManager: Display: Loaded TargetPlatform 'WindowsNoEditor'
[2022.01.12-23.43.25:905][  0]LogTargetPlatformManager: Display: Loaded TargetPlatform 'Windows'
[2022.01.12-23.43.25:914][  0]LogTargetPlatformManager: Display: Loaded TargetPlatform 'WindowsClient'
[2022.01.12-23.43.25:922][  0]LogTargetPlatformManager: Display: Loaded TargetPlatform 'WindowsServer'
[2022.01.12-23.43.25:922][  0]LogTargetPlatformManager: Display: Building Assets For Windows
[2022.01.12-23.43.25:936][  0]LogAudioDebug: Display: Lib vorbis DLL was dynamically loaded.
[2022.01.12-23.43.25:994][  0]LogTextureFormatOodle: Display: Oodle Texture 2.9.0 init RDO Off
[2022.01.12-23.43.26:053][  0]LogRendererCore: Ray tracing is disabled. Reason: r.RayTracing=0.
[2022.01.12-23.43.26:054][  0]LogShaderCompilers: Guid format shader working directory is 16 characters bigger than the processId version (../../../../../../kinde/Alice/Intermediate/Shaders/WorkingDirectory/36632/).
[2022.01.12-23.43.26:054][  0]LogShaderCompilers: Cleaned the shader compiler working directory 'C:/Users/kinde/AppData/Local/Temp/UnrealShaderWorkingDir/755041BA46B06A4FB3921BB8430A1250/'.
[2022.01.12-23.43.26:054][  0]LogXGEController: Cannot use XGE Controller as Incredibuild is not installed on this machine.
[2022.01.12-23.43.26:054][  0]LogShaderCompilers: Cannot use XGE Shader Compiler as Incredibuild is not installed on this machine.
[2022.01.12-23.43.26:054][  0]LogShaderCompilers: Display: Using Local Shader Compiler.
[2022.01.12-23.43.26:914][  0]LogDerivedDataCache: Display: Max Cache Size: 512 MB
[2022.01.12-23.43.26:969][  0]LogDerivedDataCache: Loaded boot cache 0.05s 94MB C:/Users/kinde/AppData/Local/UnrealEngine/4.27/DerivedDataCache/Boot.ddc.
[2022.01.12-23.43.26:969][  0]LogDerivedDataCache: Display: Loaded Boot cache: C:/Users/kinde/AppData/Local/UnrealEngine/4.27/DerivedDataCache/Boot.ddc
[2022.01.12-23.43.26:969][  0]LogDerivedDataCache: FDerivedDataBackendGraph:  Pak pak cache file ../../../../../../kinde/Alice/DerivedDataCache/DDC.ddp not found, will not use a pak cache.
[2022.01.12-23.43.26:969][  0]LogDerivedDataCache: Unable to find inner node Pak for hierarchical cache Hierarchy.
[2022.01.12-23.43.26:969][  0]LogDerivedDataCache: FDerivedDataBackendGraph:  CompressedPak pak cache file ../../../../../../kinde/Alice/DerivedDataCache/Compressed.ddp not found, will not use a pak cache.
[2022.01.12-23.43.26:969][  0]LogDerivedDataCache: Unable to find inner node CompressedPak for hierarchical cache Hierarchy.
[2022.01.12-23.43.26:991][  0]LogDerivedDataCache: Display: Pak cache opened for reading ../../../Engine/DerivedDataCache/Compressed.ddp.
[2022.01.12-23.43.26:991][  0]LogDerivedDataCache: FDerivedDataBackendGraph:  EnterprisePak pak cache file ../../../Enterprise/DerivedDataCache/Compressed.ddp not found, will not use a pak cache.
[2022.01.12-23.43.26:991][  0]LogDerivedDataCache: Unable to find inner node EnterprisePak for hierarchical cache Hierarchy.
[2022.01.12-23.43.27:015][  0]LogDerivedDataCache: Speed tests for C:/Users/kinde/AppData/Local/UnrealEngine/Common/DerivedDataCache took 0.02 seconds
[2022.01.12-23.43.27:015][  0]LogDerivedDataCache: Display: Performance to C:/Users/kinde/AppData/Local/UnrealEngine/Common/DerivedDataCache: Latency=0.05ms. RandomReadSpeed=80.74MBs, RandomWriteSpeed=78.91MBs. Assigned SpeedClass 'Local'
[2022.01.12-23.43.27:015][  0]LogDerivedDataCache: Using Local data cache path C:/Users/kinde/AppData/Local/UnrealEngine/Common/DerivedDataCache: Writable
[2022.01.12-23.43.27:016][  0]LogDerivedDataCache: Shared data cache path not found in *engine.ini, will not use an Shared cache.
[2022.01.12-23.43.27:016][  0]LogDerivedDataCache: Unable to find inner node Shared for hierarchical cache Hierarchy.
[2022.01.12-23.43.27:911][  0]LogShaderCompilers: Display: Submitted 690 shader compile jobs with 'High' priority
[2022.01.12-23.43.27:911][  0]LogSlate: Using FreeType 2.10.0
[2022.01.12-23.43.27:912][  0]LogSlate: SlateFontServices - WITH_FREETYPE: 1, WITH_HARFBUZZ: 1
[2022.01.12-23.43.28:490][  0]LogShaderCompilers: Display: Worker (1/5): shaders left to compile 690
[2022.01.12-23.43.28:490][  0]LogShaderCompilers: Display: Worker (2/5): shaders left to compile 680
[2022.01.12-23.43.28:490][  0]LogShaderCompilers: Display: Worker (3/5): shaders left to compile 670
[2022.01.12-23.43.28:490][  0]LogShaderCompilers: Display: Worker (4/5): shaders left to compile 660
[2022.01.12-23.43.28:490][  0]LogShaderCompilers: Display: Worker (5/5): shaders left to compile 650
[2022.01.12-23.43.28:490][  0]LogShaderCompilers: Display: Started 50 'Local' shader compile jobs with 'High' priority
[2022.01.12-23.43.30:733][  0]LogShaderCompilers: Display: Worker (4/5): shaders left to compile 640
[2022.01.12-23.43.30:733][  0]LogShaderCompilers: Display: Started 10 'Local' shader compile jobs with 'High' priority
[2022.01.12-23.43.30:733][  0]LogShaderCompilers: Display: Worker (1/5): shaders left to compile 630
[2022.01.12-23.43.30:733][  0]LogShaderCompilers: Display: Worker (3/5): shaders left to compile 620
[2022.01.12-23.43.30:733][  0]LogShaderCompilers: Display: Started 20 'Local' shader compile jobs with 'High' priority
[2022.01.12-23.43.30:733][  0]LogShaderCompilers: Display: Worker (2/5): shaders left to compile 610
[2022.01.12-23.43.30:733][  0]LogShaderCompilers: Display: Started 10 'Local' shader compile jobs with 'High' priority
[2022.01.12-23.43.30:733][  0]LogShaderCompilers: Display: Worker (5/5): shaders left to compile 600
[2022.01.12-23.43.30:733][  0]LogShaderCompilers: Display: Started 10 'Local' shader compile jobs with 'High' priority
[2022.01.12-23.43.31:855][  0]LogShaderCompilers: Display: Worker (3/5): shaders left to compile 590
[2022.01.12-23.43.31:855][  0]LogShaderCompilers: Display: Started 10 'Local' shader compile jobs with 'High' priority
[2022.01.12-23.43.31:855][  0]LogShaderCompilers: Display: Worker (5/5): shaders left to compile 580
[2022.01.12-23.43.31:855][  0]LogShaderCompilers: Display: Started 10 'Local' shader compile jobs with 'High' priority
[2022.01.12-23.43.31:855][  0]LogShaderCompilers: Display: Worker (4/5): shaders left to compile 570
[2022.01.12-23.43.31:855][  0]LogShaderCompilers: Display: Started 10 'Local' shader compile jobs with 'High' priority
[2022.01.12-23.43.31:855][  0]LogShaderCompilers: Display: Worker (2/5): shaders left to compile 560
[2022.01.12-23.43.31:855][  0]LogShaderCompilers: Display: Started 10 'Local' shader compile jobs with 'High' priority
[2022.01.12-23.43.31:855][  0]LogShaderCompilers: Display: Worker (1/5): shaders left to compile 550
[2022.01.12-23.43.31:855][  0]LogShaderCompilers: Display: Started 10 'Local' shader compile jobs with 'High' priority
[2022.01.12-23.43.32:416][  0]LogShaderCompilers: Display: Worker (3/5): shaders left to compile 540
[2022.01.12-23.43.32:416][  0]LogShaderCompilers: Display: Started 10 'Local' shader compile jobs with 'High' priority
[2022.01.12-23.43.32:977][  0]LogShaderCompilers: Display: Worker (4/5): shaders left to compile 530
[2022.01.12-23.43.32:977][  0]LogShaderCompilers: Display: Started 10 'Local' shader compile jobs with 'High' priority
[2022.01.12-23.43.32:977][  0]LogShaderCompilers: Display: Worker (2/5): shaders left to compile 520
[2022.01.12-23.43.32:977][  0]LogShaderCompilers: Display: Worker (5/5): shaders left to compile 510
[2022.01.12-23.43.32:977][  0]LogShaderCompilers: Display: Started 20 'Local' shader compile jobs with 'High' priority
[2022.01.12-23.43.32:977][  0]LogShaderCompilers: Display: Worker (1/5): shaders left to compile 500
[2022.01.12-23.43.32:977][  0]LogShaderCompilers: Display: Started 10 'Local' shader compile jobs with 'High' priority
[2022.01.12-23.43.34:099][  0]LogShaderCompilers: Display: Worker (1/5): shaders left to compile 490
[2022.01.12-23.43.34:099][  0]LogShaderCompilers: Display: Started 10 'Local' shader compile jobs with 'High' priority
[2022.01.12-23.43.34:099][  0]LogShaderCompilers: Display: Worker (2/5): shaders left to compile 480
[2022.01.12-23.43.34:099][  0]LogShaderCompilers: Display: Started 10 'Local' shader compile jobs with 'High' priority
[2022.01.12-23.43.34:099][  0]LogShaderCompilers: Display: Worker (5/5): shaders left to compile 470
[2022.01.12-23.43.34:099][  0]LogShaderCompilers: Display: Started 10 'Local' shader compile jobs with 'High' priority
[2022.01.12-23.43.34:099][  0]LogShaderCompilers: Display: Worker (3/5): shaders left to compile 460
[2022.01.12-23.43.34:099][  0]LogShaderCompilers: Display: Started 10 'Local' shader compile jobs with 'High' priority
[2022.01.12-23.43.35:221][  0]LogShaderCompilers: Display: Worker (1/5): shaders left to compile 450
[2022.01.12-23.43.35:221][  0]LogShaderCompilers: Display: Worker (2/5): shaders left to compile 440
[2022.01.12-23.43.35:221][  0]LogShaderCompilers: Display: Started 20 'Local' shader compile jobs with 'High' priority
[2022.01.12-23.43.35:221][  0]LogShaderCompilers: Display: Worker (5/5): shaders left to compile 430
[2022.01.12-23.43.35:221][  0]LogShaderCompilers: Display: Started 10 'Local' shader compile jobs with 'High' priority
[2022.01.12-23.43.35:221][  0]LogShaderCompilers: Display: Worker (3/5): shaders left to compile 420
[2022.01.12-23.43.35:221][  0]LogShaderCompilers: Display: Started 10 'Local' shader compile jobs with 'High' priority
[2022.01.12-23.43.36:343][  0]LogShaderCompilers: Display: Worker (4/5): shaders left to compile 410
[2022.01.12-23.43.36:343][  0]LogShaderCompilers: Display: Started 10 'Local' shader compile jobs with 'High' priority
[2022.01.12-23.43.36:904][  0]LogShaderCompilers: Display: Worker (3/5): shaders left to compile 400
[2022.01.12-23.43.36:904][  0]LogShaderCompilers: Display: Started 10 'Local' shader compile jobs with 'High' priority
[2022.01.12-23.43.36:904][  0]LogShaderCompilers: Display: Worker (5/5): shaders left to compile 390
[2022.01.12-23.43.36:904][  0]LogShaderCompilers: Display: Started 10 'Local' shader compile jobs with 'High' priority
[2022.01.12-23.43.36:904][  0]LogShaderCompilers: Display: Worker (2/5): shaders left to compile 380
[2022.01.12-23.43.36:904][  0]LogShaderCompilers: Display: Started 10 'Local' shader compile jobs with 'High' priority
[2022.01.12-23.43.38:026][  0]LogShaderCompilers: Display: Worker (4/5): shaders left to compile 370
[2022.01.12-23.43.38:026][  0]LogShaderCompilers: Display: Started 10 'Local' shader compile jobs with 'High' priority
[2022.01.12-23.43.38:026][  0]LogShaderCompilers: Display: Worker (1/5): shaders left to compile 360
[2022.01.12-23.43.38:026][  0]LogShaderCompilers: Display: Started 10 'Local' shader compile jobs with 'High' priority
[2022.01.12-23.43.38:587][  0]LogShaderCompilers: Display: Worker (5/5): shaders left to compile 350
[2022.01.12-23.43.38:587][  0]LogShaderCompilers: Display: Started 10 'Local' shader compile jobs with 'High' priority
[2022.01.12-23.43.38:587][  0]LogShaderCompilers: Display: Worker (2/5): shaders left to compile 340
[2022.01.12-23.43.38:587][  0]LogShaderCompilers: Display: Worker (3/5): shaders left to compile 330
[2022.01.12-23.43.38:587][  0]LogShaderCompilers: Display: Started 20 'Local' shader compile jobs with 'High' priority
[2022.01.12-23.43.39:709][  0]LogShaderCompilers: Display: Worker (4/5): shaders left to compile 320
[2022.01.12-23.43.39:709][  0]LogShaderCompilers: Display: Started 10 'Local' shader compile jobs with 'High' priority
[2022.01.12-23.43.39:709][  0]LogShaderCompilers: Display: Worker (3/5): shaders left to compile 310
[2022.01.12-23.43.39:709][  0]LogShaderCompilers: Display: Started 10 'Local' shader compile jobs with 'High' priority
[2022.01.12-23.43.39:709][  0]LogShaderCompilers: Display: Worker (2/5): shaders left to compile 300
[2022.01.12-23.43.39:709][  0]LogShaderCompilers: Display: Started 10 'Local' shader compile jobs with 'High' priority
[2022.01.12-23.43.39:709][  0]LogShaderCompilers: Display: Worker (1/5): shaders left to compile 290
[2022.01.12-23.43.39:709][  0]LogShaderCompilers: Display: Started 10 'Local' shader compile jobs with 'High' priority
[2022.01.12-23.43.39:709][  0]LogShaderCompilers: Display: Worker (5/5): shaders left to compile 280
[2022.01.12-23.43.39:709][  0]LogShaderCompilers: Display: Started 10 'Local' shader compile jobs with 'High' priority
[2022.01.12-23.43.40:831][  0]LogShaderCompilers: Display: Worker (3/5): shaders left to compile 270
[2022.01.12-23.43.40:831][  0]LogShaderCompilers: Display: Worker (4/5): shaders left to compile 260
[2022.01.12-23.43.40:831][  0]LogShaderCompilers: Display: Started 20 'Local' shader compile jobs with 'High' priority
[2022.01.12-23.43.41:392][  0]LogShaderCompilers: Display: Worker (1/5): shaders left to compile 250
[2022.01.12-23.43.41:392][  0]LogShaderCompilers: Display: Started 10 'Local' shader compile jobs with 'High' priority
[2022.01.12-23.43.41:392][  0]LogShaderCompilers: Display: Worker (5/5): shaders left to compile 240
[2022.01.12-23.43.41:392][  0]LogShaderCompilers: Display: Started 10 'Local' shader compile jobs with 'High' priority
[2022.01.12-23.43.41:392][  0]LogShaderCompilers: Display: Worker (2/5): shaders left to compile 230
[2022.01.12-23.43.41:392][  0]LogShaderCompilers: Display: Started 10 'Local' shader compile jobs with 'High' priority
[2022.01.12-23.43.41:953][  0]LogShaderCompilers: Display: Worker (3/5): shaders left to compile 220
[2022.01.12-23.43.41:953][  0]LogShaderCompilers: Display: Started 10 'Local' shader compile jobs with 'High' priority
[2022.01.12-23.43.43:636][  0]LogShaderCompilers: Display: Worker (4/5): shaders left to compile 210
[2022.01.12-23.43.43:636][  0]LogShaderCompilers: Display: Started 10 'Local' shader compile jobs with 'High' priority
[2022.01.12-23.43.45:880][  0]LogShaderCompilers: Display: Worker (3/5): shaders left to compile 200
[2022.01.12-23.43.45:880][  0]LogShaderCompilers: Display: Started 10 'Local' shader compile jobs with 'High' priority
[2022.01.12-23.43.46:441][  0]LogShaderCompilers: Display: Worker (1/5): shaders left to compile 190
[2022.01.12-23.43.46:441][  0]LogShaderCompilers: Display: Started 10 'Local' shader compile jobs with 'High' priority
[2022.01.12-23.43.46:441][  0]LogShaderCompilers: Display: Worker (2/5): shaders left to compile 180
[2022.01.12-23.43.46:441][  0]LogShaderCompilers: Display: Started 10 'Local' shader compile jobs with 'High' priority
[2022.01.12-23.43.47:001][  0]LogShaderCompilers: Display: Worker (5/5): shaders left to compile 170
[2022.01.12-23.43.47:001][  0]LogShaderCompilers: Display: Started 10 'Local' shader compile jobs with 'High' priority
[2022.01.12-23.43.49:246][  0]LogShaderCompilers: Display: Worker (4/5): shaders left to compile 160
[2022.01.12-23.43.49:246][  0]LogShaderCompilers: Display: Started 10 'Local' shader compile jobs with 'High' priority
[2022.01.12-23.43.50:368][  0]LogShaderCompilers: Display: Worker (3/5): shaders left to compile 150
[2022.01.12-23.43.50:368][  0]LogShaderCompilers: Display: Started 10 'Local' shader compile jobs with 'High' priority
[2022.01.12-23.43.50:929][  0]LogShaderCompilers: Display: Worker (2/5): shaders left to compile 140
[2022.01.12-23.43.50:929][  0]LogShaderCompilers: Display: Started 10 'Local' shader compile jobs with 'High' priority
[2022.01.12-23.43.50:929][  0]LogShaderCompilers: Display: Worker (5/5): shaders left to compile 130
[2022.01.12-23.43.50:929][  0]LogShaderCompilers: Display: Started 10 'Local' shader compile jobs with 'High' priority
[2022.01.12-23.43.52:051][  0]LogShaderCompilers: Display: Worker (1/5): shaders left to compile 120
[2022.01.12-23.43.52:051][  0]LogShaderCompilers: Display: Started 10 'Local' shader compile jobs with 'High' priority
[2022.01.12-23.43.53:173][  0]LogShaderCompilers: Display: Worker (3/5): shaders left to compile 110
[2022.01.12-23.43.53:173][  0]LogShaderCompilers: Display: Started 10 'Local' shader compile jobs with 'High' priority
[2022.01.12-23.43.54:294][  0]LogShaderCompilers: Display: Worker (4/5): shaders left to compile 100
[2022.01.12-23.43.54:294][  0]LogShaderCompilers: Display: Started 10 'Local' shader compile jobs with 'High' priority
[2022.01.12-23.43.55:976][  0]LogShaderCompilers: Display: Worker (5/5): shaders left to compile 90
[2022.01.12-23.43.55:976][  0]LogShaderCompilers: Display: Started 10 'Local' shader compile jobs with 'High' priority
[2022.01.12-23.43.56:537][  0]LogShaderCompilers: Display: Worker (2/5): shaders left to compile 80
[2022.01.12-23.43.56:537][  0]LogShaderCompilers: Display: Started 10 'Local' shader compile jobs with 'High' priority
[2022.01.12-23.43.57:097][  0]LogShaderCompilers: Display: Worker (5/5): shaders left to compile 70
[2022.01.12-23.43.57:097][  0]LogShaderCompilers: Display: Started 10 'Local' shader compile jobs with 'High' priority
[2022.01.12-23.43.57:658][  0]LogShaderCompilers: Display: Worker (4/5): shaders left to compile 60
[2022.01.12-23.43.57:658][  0]LogShaderCompilers: Display: Started 10 'Local' shader compile jobs with 'High' priority
[2022.01.12-23.43.57:658][  0]LogShaderCompilers: Display: Worker (5/5): shaders left to compile 50
[2022.01.12-23.43.57:658][  0]LogShaderCompilers: Display: Started 10 'Local' shader compile jobs with 'High' priority
[2022.01.12-23.43.58:780][  0]LogShaderCompilers: Display: Worker (4/5): shaders left to compile 40
[2022.01.12-23.43.58:780][  0]LogShaderCompilers: Display: Started 9 'Local' shader compile jobs with 'High' priority
[2022.01.12-23.43.58:780][  0]LogShaderCompilers: Display: Worker (5/5): shaders left to compile 31
[2022.01.12-23.43.58:780][  0]LogShaderCompilers: Display: Started 7 'Local' shader compile jobs with 'High' priority
[2022.01.12-23.43.58:780][  0]LogShaderCompilers: Display: Worker (1/5): shaders left to compile 24
[2022.01.12-23.43.58:780][  0]LogShaderCompilers: Display: Started 5 'Local' shader compile jobs with 'High' priority
[2022.01.12-23.43.59:341][  0]LogShaderCompilers: Display: Worker (1/5): shaders left to compile 19
[2022.01.12-23.43.59:341][  0]LogShaderCompilers: Display: Started 4 'Local' shader compile jobs with 'High' priority
[2022.01.12-23.43.59:341][  0]LogShaderCompilers: Display: Worker (5/5): shaders left to compile 15
[2022.01.12-23.43.59:341][  0]LogShaderCompilers: Display: Started 4 'Local' shader compile jobs with 'High' priority
[2022.01.12-23.43.59:341][  0]LogShaderCompilers: Display: Worker (4/5): shaders left to compile 11
[2022.01.12-23.43.59:341][  0]LogShaderCompilers: Display: Started 3 'Local' shader compile jobs with 'High' priority
[2022.01.12-23.43.59:902][  0]LogShaderCompilers: Display: Worker (4/5): shaders left to compile 8
[2022.01.12-23.43.59:902][  0]LogShaderCompilers: Display: Started 2 'Local' shader compile jobs with 'High' priority
[2022.01.12-23.43.59:902][  0]LogShaderCompilers: Display: Worker (1/5): shaders left to compile 6
[2022.01.12-23.43.59:902][  0]LogShaderCompilers: Display: Started 2 'Local' shader compile jobs with 'High' priority
[2022.01.12-23.43.59:902][  0]LogShaderCompilers: Display: Worker (3/5): shaders left to compile 4
[2022.01.12-23.43.59:902][  0]LogShaderCompilers: Display: Started 1 'Local' shader compile jobs with 'High' priority
[2022.01.12-23.43.59:902][  0]LogShaderCompilers: Display: Worker (5/5): shaders left to compile 3
[2022.01.12-23.43.59:902][  0]LogShaderCompilers: Display: Started 1 'Local' shader compile jobs with 'High' priority
[2022.01.12-23.44.00:463][  0]LogShaderCompilers: Display: Worker (4/5): shaders left to compile 2
[2022.01.12-23.44.00:463][  0]LogShaderCompilers: Display: Started 1 'Local' shader compile jobs with 'High' priority
[2022.01.12-23.44.00:463][  0]LogShaderCompilers: Display: Worker (1/5): shaders left to compile 1
[2022.01.12-23.44.00:463][  0]LogShaderCompilers: Display: Started 1 'Local' shader compile jobs with 'High' priority
[2022.01.12-23.44.05:628][  0]LogInit: Using OS detected language (fr-FR).
[2022.01.12-23.44.05:629][  0]LogInit: Using OS detected locale (fr-FR).
[2022.01.12-23.44.05:629][  0]LogTextLocalizationManager: No localization for 'fr-FR' exists, so 'en' will be used for the language.
[2022.01.12-23.44.05:629][  0]LogTextLocalizationManager: No localization for 'fr-FR' exists, so 'en' will be used for the locale.
[2022.01.12-23.44.05:629][  0]LogSlate: FontCache flush requested. Reason: Culture for localization was changed
[2022.01.12-23.44.05:629][  0]LogSlate: FontCache flush requested. Reason: Culture for localization was changed
[2022.01.12-23.44.05:637][  0]LogAssetRegistry: FAssetRegistry took 0.0058 seconds to start up
[2022.01.12-23.44.05:867][  0]LogTextLocalizationManager: Compacting localization data took   0.01ms
[2022.01.12-23.44.05:867][  0]LogPackageLocalizationCache: Processed 27 localized package path(s) for 1 prioritized culture(s) in 0.002069 seconds
[2022.01.12-23.44.05:956][  0]LogInit: Selected Device Profile: [Windows]
[2022.01.12-23.44.05:956][  0]LogInit: Active device profile: [0000025B46677400][0000025B416EB800 49] Windows
[2022.01.12-23.44.05:956][  0]LogInit: Profiles: [0000025B46677400][0000025B416EB800 49] Windows, [0000025B46640E00][0000025B43CE1940 49] WindowsNoEditor, [0000025B46674D00][0000025B43CE9AC0 49] WindowsServer, [0000025B46643100][0000025B43CEC0C0 49] WindowsClient, [0000025B46676F00][0000025B43CF0240 49] IOS, [0000025B46641400][0000025B43CF43C0 49] iPadAir, [0000025B46675200][0000025B43CF8540 49] iPadAir2, [0000025B465E4200][0000025B43D06800 49] IPadPro, [0000025B465E4300][0000025B43CFC840 49] iPadAir3, [0000025B46676C00][0000025B43D109C0 49] iPadAir4, [0000025B465E6F00][0000025B43D14B40 49] iPadMini2, [0000025B46675400][0000025B43D18CC0 49] iPadMini3, [0000025B465E5700][0000025B43D1CE40 49] iPadMini4, [0000025B46676700][0000025B444E6FC0 49] iPadMini5, [0000025B465D3A00][0000025B444EF280 49] iPhone6, [0000025B465D3B00][0000025B444EB2C0 49] iPodTouch6, [0000025B465E6B00][0000025B444F7580 49] iPhone7, [0000025B465E6A00][0000025B444F35C0 49] iPodTouch7, [0000025B465D1100][0000025B444FB740 49] iPhone5S, [0000025B465E5E00][0000025B43CE5880 49] iPhone6Plus, [0000025B465D2B00][0000025B444FF9C0 49] iPhone6S, [0000025B465E7000][0000025B44503B00 49] iPhone6SPlus, [0000025B465D1600][0000025B4450A100 49] iPhone7Plus, [0000025B465E7500][0000025B4450E280 49] iPhoneSE, [0000025B465D2600][0000025B44512400 49] iPhone8, [0000025B465E5100][0000025B44516580 49] iPhone8Plus, [0000025B465D0E00][0000025B4451A700 49] iPhoneX, [0000025B465E6800][0000025B4451E880 49] iPhoneXS, [0000025B465D0500][0000025B44522A00 49] iPhoneXSMax, [0000025B465E6400][0000025B44526B80 49] iPhoneXR, [0000025B465D1400][0000025B4452AD00 49] iPhone11, [0000025B465E6000][0000025B4452EE80 49] iPhone11Pro, [0000025B465D0C00][0000025B44533000 49] iPhone11ProMax, [0000025B465E5D00][0000025B44537180 49] iPhoneSE2, [0000025B465D2400][0000025B4453B300 49] iPhone12Mini, [0000025B465E5B00][0000025B43E33480 49] iPhone12, [0000025B465D0600][0000025B43E37600 49] iPhone12Pro, [0000025B465E4800][0000025B43E3B780 49] iPhone12ProMax, [0000025B465D2900][0000025B43E3F900 49] iPadPro105, [0000025B465E5300][0000025B44507A40 49] iPadPro129, [0000025B465D3900][0000025B43E43B80 49] iPadPro97, [0000025B465E7C00][0000025B43E46140 49] iPadPro2_129, [0000025B465D2200][0000025B43E4E2C0 49] iPad5, [0000025B465E7100][0000025B43E52440 49] iPad6, [0000025B465D1C00][0000025B43E565C0 49] iPad7, [0000025B465E6C00][0000025B43E5A740 49] iPad8, [0000025B465D2500][0000025B43E5E8C0 49] iPadPro11, [0000025B465E6900][0000025B43E62A40 49] iPadPro2_11, [0000025B465D0700][0000025B43E66BC0 49] iPadPro3_129, [0000025B465E7200][0000025B43E6AD40 49] iPadPro4_129, [0000025B465D1300][0000025B43E6EEC0 49] AppleTV, [0000025B465E5200][0000025B43E73040 49] AppleTV4K, [0000025B465D2C00][0000025B43E771C0 49] TVOS, [0000025B465E6600][0000025B43E7B340 49] Mac, [0000025B465D0300][0000025B43E7F4C0 49] MacClient, [0000025B465E6700][0000025B43E83640 49] MacNoEditor, [0000025B465D3D00][0000025B43E877C0 49] MacServer, [0000025B465E7800][0000025B43E8B940 49] Linux, [0000025B465D1A00][0000025B43E8FAC0 49] LinuxAArch64, [0000025B465E4100][0000025B43E4BC00 49] LinuxNoEditor, [0000025B465D3200][0000025B43E921C0 49] LinuxAArch64NoEditor, [0000025B465E4900][0000025B43E96300 49] LinuxClient, [0000025B466BD600][0000025B43E9A440 49] LinuxAArch64Client, [0000025B46641000][0000025B43EA25C0 49] LinuxServer, [0000025B466BC300][0000025B43EA6740 49] LinuxAArch64Server, [0000025B46641800][0000025B43EAA8C0 49] Android, [0000025B466BD700][0000025B43EAEA40 49] Android_Low, [0000025B46641F00][0000025B43EB2BC0 49] Android_Mid, [0000025B466BCF00][0000025B43EB6D40 49] Android_High, [0000025B46641A00][0000025B43EBAEC0 49] Android_Default, [0000025B466BE100][0000025B43EBF040 49] Android_Adreno4xx, [0000025B46642200][0000025B43EC31C0 49] Android_Adreno5xx_Low, [0000025B466BC200][0000025B43EC7340 49] Android_Adreno5xx, [0000025B46641500][0000025B43ECB4C0 49] Android_Adreno6xx, [0000025B466BCB00][0000025B43ECF640 49] Android_Adreno6xx_Vulkan, [0000025B46640900][0000025B43ED37C0 49] Android_Mali_T6xx, [0000025B466BC500][0000025B43ED7940 49] Android_Mali_T7xx, [0000025B46642100][0000025B43EDBAC0 49] Android_Mali_T8xx, [0000025B466BDA00][0000025B43EDE0C0 49] Android_Mali_G71, [0000025B46642900][0000025B43E9E200 49] Android_Mali_G72, [0000025B466BDF00][0000025B43EE2340 49] Android_Mali_G72_Vulkan, [0000025B46643700][0000025B43EE6480 49] Android_Mali_G76, [0000025B465E7400][0000025B43EEA5C0 49] Android_Mali_G76_Vulkan, [0000025B465D2800][0000025B43EF2740 49] Android_Mali_G77, [0000025B465E4E00][0000025B43EF68C0 49] Android_Mali_G77_Vulkan, [0000025B465D0100][0000025B43EFAA40 49] Android_Mali_G78, [0000025B465E5000][0000025B43EFEBC0 49] Android_Mali_G78_Vulkan, [0000025B465D1800][0000025B43F02D40 49] Android_Mali_G710, [0000025B465E4500][0000025B43F06EC0 49] Android_Mali_G710_Vulkan, [0000025B465D2700][0000025B43F0B040 49] Android_Vulkan_SM5, [0000025B465E6100][0000025B43F0F1C0 49] Android_PowerVR_G6xxx, [0000025B465D3500][0000025B43F13340 49] Android_PowerVR_GT7xxx, [0000025B465E4F00][0000025B43F174C0 49] Android_PowerVR_GE8xxx, [0000025B465D0900][0000025B43F1B640 49] Android_PowerVR_GM9xxx, [0000025B465E7300][0000025B43F1F7C0 49] Android_PowerVR_GM9xxx_Vulkan, [0000025B465D2300][0000025B43F23940 49] Android_TegraK1, [0000025B465E7D00][0000025B43F27AC0 49] Android_Unknown_Vulkan, [0000025B465D1900][0000025B43F2A0C0 49] Lumin, [0000025B465E4A00][0000025B43F2E240 49] Lumin_Desktop, [0000025B466BD900][0000025B43F323C0 49] HoloLens, 
[2022.01.12-23.44.06:046][  0]LogMaterial: Display: Missing cached shadermap for WorldGridMaterial in PCD3D_ES3_1, Default, ES3_1 (DDC key hash: E840969D2D5B4300D0D4534DED98D63934FF389A), compiling. Is special engine material.
[2022.01.12-23.44.07:116][  0]LogShaderCompilers: Display: Submitted 762 shader compile jobs with 'High' priority
[2022.01.12-23.44.07:679][  0]LogShaderCompilers: Display: Worker (1/5): shaders left to compile 762
[2022.01.12-23.44.07:679][  0]LogShaderCompilers: Display: Worker (2/5): shaders left to compile 752
[2022.01.12-23.44.07:679][  0]LogShaderCompilers: Display: Worker (3/5): shaders left to compile 742
[2022.01.12-23.44.07:679][  0]LogShaderCompilers: Display: Worker (4/5): shaders left to compile 732
[2022.01.12-23.44.07:679][  0]LogShaderCompilers: Display: Worker (5/5): shaders left to compile 722
[2022.01.12-23.44.07:679][  0]LogShaderCompilers: Display: Started 50 'Local' shader compile jobs with 'High' priority
[2022.01.12-23.44.11:045][  0]LogShaderCompilers: Display: Worker (3/5): shaders left to compile 712
[2022.01.12-23.44.11:045][  0]LogShaderCompilers: Display: Started 10 'Local' shader compile jobs with 'High' priority
[2022.01.12-23.44.11:606][  0]LogShaderCompilers: Display: Worker (2/5): shaders left to compile 702
[2022.01.12-23.44.11:606][  0]LogShaderCompilers: Display: Started 10 'Local' shader compile jobs with 'High' priority
[2022.01.12-23.44.11:606][  0]LogShaderCompilers: Display: Worker (4/5): shaders left to compile 692
[2022.01.12-23.44.11:606][  0]LogShaderCompilers: Display: Started 10 'Local' shader compile jobs with 'High' priority
[2022.01.12-23.44.11:606][  0]LogShaderCompilers: Display: Worker (1/5): shaders left to compile 682
[2022.01.12-23.44.11:606][  0]LogShaderCompilers: Display: Started 10 'Local' shader compile jobs with 'High' priority
[2022.01.12-23.44.12:728][  0]LogShaderCompilers: Display: Worker (5/5): shaders left to compile 672
[2022.01.12-23.44.12:728][  0]LogShaderCompilers: Display: Started 10 'Local' shader compile jobs with 'High' priority
[2022.01.12-23.44.14:972][  0]LogShaderCompilers: Display: Worker (4/5): shaders left to compile 662
[2022.01.12-23.44.14:972][  0]LogShaderCompilers: Display: Started 10 'Local' shader compile jobs with 'High' priority
[2022.01.12-23.44.16:094][  0]LogShaderCompilers: Display: Worker (3/5): shaders left to compile 652
[2022.01.12-23.44.16:094][  0]LogShaderCompilers: Display: Started 10 'Local' shader compile jobs with 'High' priority
[2022.01.12-23.44.16:094][  0]LogShaderCompilers: Display: Worker (2/5): shaders left to compile 642
[2022.01.12-23.44.16:094][  0]LogShaderCompilers: Display: Started 10 'Local' shader compile jobs with 'High' priority
[2022.01.12-23.44.16:654][  0]LogShaderCompilers: Display: Worker (1/5): shaders left to compile 632
[2022.01.12-23.44.16:654][  0]LogShaderCompilers: Display: Started 10 'Local' shader compile jobs with 'High' priority
[2022.01.12-23.44.16:654][  0]LogShaderCompilers: Display: Worker (5/5): shaders left to compile 622
[2022.01.12-23.44.16:654][  0]LogShaderCompilers: Display: Started 10 'Local' shader compile jobs with 'High' priority
[2022.01.12-23.44.18:337][  0]LogShaderCompilers: Display: Worker (4/5): shaders left to compile 612
[2022.01.12-23.44.18:337][  0]LogShaderCompilers: Display: Started 10 'Local' shader compile jobs with 'High' priority
[2022.01.12-23.44.20:019][  0]LogShaderCompilers: Display: Worker (3/5): shaders left to compile 602
[2022.01.12-23.44.20:019][  0]LogShaderCompilers: Display: Started 10 'Local' shader compile jobs with 'High' priority
[2022.01.12-23.44.21:141][  0]LogShaderCompilers: Display: Worker (2/5): shaders left to compile 592
[2022.01.12-23.44.21:141][  0]LogShaderCompilers: Display: Started 10 'Local' shader compile jobs with 'High' priority
[2022.01.12-23.44.21:141][  0]LogShaderCompilers: Display: Worker (1/5): shaders left to compile 582
[2022.01.12-23.44.21:141][  0]LogShaderCompilers: Display: Started 10 'Local' shader compile jobs with 'High' priority
[2022.01.12-23.44.21:141][  0]LogShaderCompilers: Display: Worker (5/5): shaders left to compile 572
[2022.01.12-23.44.21:141][  0]LogShaderCompilers: Display: Started 10 'Local' shader compile jobs with 'High' priority
[2022.01.12-23.44.22:823][  0]LogShaderCompilers: Display: Worker (4/5): shaders left to compile 562
[2022.01.12-23.44.22:823][  0]LogShaderCompilers: Display: Started 10 'Local' shader compile jobs with 'High' priority
[2022.01.12-23.44.25:068][  0]LogShaderCompilers: Display: Worker (1/5): shaders left to compile 552
[2022.01.12-23.44.25:068][  0]LogShaderCompilers: Display: Started 10 'Local' shader compile jobs with 'High' priority
[2022.01.12-23.44.25:068][  0]LogShaderCompilers: Display: Worker (2/5): shaders left to compile 542
[2022.01.12-23.44.25:068][  0]LogShaderCompilers: Display: Started 10 'Local' shader compile jobs with 'High' priority
[2022.01.12-23.44.25:068][  0]LogShaderCompilers: Display: Worker (3/5): shaders left to compile 532
[2022.01.12-23.44.25:068][  0]LogShaderCompilers: Display: Started 10 'Local' shader compile jobs with 'High' priority
[2022.01.12-23.44.25:629][  0]LogShaderCompilers: Display: Worker (5/5): shaders left to compile 522
[2022.01.12-23.44.25:629][  0]LogShaderCompilers: Display: Started 10 'Local' shader compile jobs with 'High' priority
[2022.01.12-23.44.27:872][  0]LogShaderCompilers: Display: Worker (4/5): shaders left to compile 512
[2022.01.12-23.44.27:872][  0]LogShaderCompilers: Display: Started 10 'Local' shader compile jobs with 'High' priority
[2022.01.12-23.44.28:993][  0]LogShaderCompilers: Display: Worker (3/5): shaders left to compile 502
[2022.01.12-23.44.28:993][  0]LogShaderCompilers: Display: Started 10 'Local' shader compile jobs with 'High' priority
[2022.01.12-23.44.29:554][  0]LogShaderCompilers: Display: Worker (5/5): shaders left to compile 492
[2022.01.12-23.44.29:554][  0]LogShaderCompilers: Display: Started 10 'Local' shader compile jobs with 'High' priority
[2022.01.12-23.44.29:554][  0]LogShaderCompilers: Display: Worker (1/5): shaders left to compile 482
[2022.01.12-23.44.29:554][  0]LogShaderCompilers: Display: Started 10 'Local' shader compile jobs with 'High' priority
[2022.01.12-23.44.30:115][  0]LogShaderCompilers: Display: Worker (2/5): shaders left to compile 472
[2022.01.12-23.44.30:115][  0]LogShaderCompilers: Display: Started 10 'Local' shader compile jobs with 'High' priority
[2022.01.12-23.44.32:359][  0]LogShaderCompilers: Display: Worker (4/5): shaders left to compile 462
[2022.01.12-23.44.32:359][  0]LogShaderCompilers: Display: Started 10 'Local' shader compile jobs with 'High' priority
[2022.01.12-23.44.34:040][  0]LogShaderCompilers: Display: Worker (3/5): shaders left to compile 452
[2022.01.12-23.44.34:040][  0]LogShaderCompilers: Display: Started 10 'Local' shader compile jobs with 'High' priority
[2022.01.12-23.44.34:040][  0]LogShaderCompilers: Display: Worker (5/5): shaders left to compile 442
[2022.01.12-23.44.34:040][  0]LogShaderCompilers: Display: Started 10 'Local' shader compile jobs with 'High' priority
[2022.01.12-23.44.34:040][  0]LogShaderCompilers: Display: Worker (2/5): shaders left to compile 432
[2022.01.12-23.44.34:040][  0]LogShaderCompilers: Display: Started 10 'Local' shader compile jobs with 'High' priority
[2022.01.12-23.44.34:601][  0]LogShaderCompilers: Display: Worker (1/5): shaders left to compile 422
[2022.01.12-23.44.34:601][  0]LogShaderCompilers: Display: Started 10 'Local' shader compile jobs with 'High' priority
[2022.01.12-23.44.36:282][  0]LogShaderCompilers: Display: Worker (4/5): shaders left to compile 412
[2022.01.12-23.44.36:282][  0]LogShaderCompilers: Display: Started 10 'Local' shader compile jobs with 'High' priority
[2022.01.12-23.44.37:966][  0]LogShaderCompilers: Display: Worker (1/5): shaders left to compile 402
[2022.01.12-23.44.37:966][  0]LogShaderCompilers: Display: Started 10 'Local' shader compile jobs with 'High' priority
[2022.01.12-23.44.37:966][  0]LogShaderCompilers: Display: Worker (5/5): shaders left to compile 392
[2022.01.12-23.44.37:966][  0]LogShaderCompilers: Display: Started 10 'Local' shader compile jobs with 'High' priority
[2022.01.12-23.44.37:966][  0]LogShaderCompilers: Display: Worker (2/5): shaders left to compile 382
[2022.01.12-23.44.37:966][  0]LogShaderCompilers: Display: Started 10 'Local' shader compile jobs with 'High' priority
[2022.01.12-23.44.38:526][  0]LogShaderCompilers: Display: Worker (3/5): shaders left to compile 372
[2022.01.12-23.44.38:526][  0]LogShaderCompilers: Display: Started 10 'Local' shader compile jobs with 'High' priority
[2022.01.12-23.44.41:330][  0]LogShaderCompilers: Display: Worker (1/5): shaders left to compile 362
[2022.01.12-23.44.41:330][  0]LogShaderCompilers: Display: Started 10 'Local' shader compile jobs with 'High' priority
[2022.01.12-23.44.42:451][  0]LogShaderCompilers: Display: Worker (4/5): shaders left to compile 352
[2022.01.12-23.44.42:451][  0]LogShaderCompilers: Display: Started 10 'Local' shader compile jobs with 'High' priority
[2022.01.12-23.44.42:451][  0]LogShaderCompilers: Display: Worker (2/5): shaders left to compile 342
[2022.01.12-23.44.42:451][  0]LogShaderCompilers: Display: Started 10 'Local' shader compile jobs with 'High' priority
[2022.01.12-23.44.43:012][  0]LogShaderCompilers: Display: Worker (3/5): shaders left to compile 332
[2022.01.12-23.44.43:012][  0]LogShaderCompilers: Display: Started 10 'Local' shader compile jobs with 'High' priority
[2022.01.12-23.44.43:012][  0]LogShaderCompilers: Display: Worker (5/5): shaders left to compile 322
[2022.01.12-23.44.43:012][  0]LogShaderCompilers: Display: Started 10 'Local' shader compile jobs with 'High' priority
[2022.01.12-23.44.45:256][  0]LogShaderCompilers: Display: Worker (2/5): shaders left to compile 312
[2022.01.12-23.44.45:256][  0]LogShaderCompilers: Display: Started 10 'Local' shader compile jobs with 'High' priority
[2022.01.12-23.44.45:815][  0]LogShaderCompilers: Display: Worker (1/5): shaders left to compile 302
[2022.01.12-23.44.45:815][  0]LogShaderCompilers: Display: Started 10 'Local' shader compile jobs with 'High' priority
[2022.01.12-23.44.46:376][  0]LogShaderCompilers: Display: Worker (4/5): shaders left to compile 292
[2022.01.12-23.44.46:376][  0]LogShaderCompilers: Display: Started 10 'Local' shader compile jobs with 'High' priority
[2022.01.12-23.44.47:498][  0]LogShaderCompilers: Display: Worker (3/5): shaders left to compile 282
[2022.01.12-23.44.47:498][  0]LogShaderCompilers: Display: Started 10 'Local' shader compile jobs with 'High' priority
[2022.01.12-23.44.47:498][  0]LogShaderCompilers: Display: Worker (5/5): shaders left to compile 272
[2022.01.12-23.44.47:498][  0]LogShaderCompilers: Display: Started 10 'Local' shader compile jobs with 'High' priority
[2022.01.12-23.44.48:620][  0]LogShaderCompilers: Display: Worker (2/5): shaders left to compile 262
[2022.01.12-23.44.48:620][  0]LogShaderCompilers: Display: Started 10 'Local' shader compile jobs with 'High' priority
[2022.01.12-23.44.49:742][  0]LogShaderCompilers: Display: Worker (1/5): shaders left to compile 252
[2022.01.12-23.44.49:742][  0]LogShaderCompilers: Display: Started 10 'Local' shader compile jobs with 'High' priority
[2022.01.12-23.44.50:303][  0]LogShaderCompilers: Display: Worker (4/5): shaders left to compile 242
[2022.01.12-23.44.50:303][  0]LogShaderCompilers: Display: Started 10 'Local' shader compile jobs with 'High' priority
[2022.01.12-23.44.50:864][  0]LogShaderCompilers: Display: Worker (3/5): shaders left to compile 232
[2022.01.12-23.44.50:864][  0]LogShaderCompilers: Display: Started 10 'Local' shader compile jobs with 'High' priority
[2022.01.12-23.44.52:547][  0]LogShaderCompilers: Display: Worker (2/5): shaders left to compile 222
[2022.01.12-23.44.52:547][  0]LogShaderCompilers: Display: Started 10 'Local' shader compile jobs with 'High' priority
[2022.01.12-23.44.52:547][  0]LogShaderCompilers: Display: Worker (5/5): shaders left to compile 212
[2022.01.12-23.44.52:547][  0]LogShaderCompilers: Display: Started 10 'Local' shader compile jobs with 'High' priority
[2022.01.12-23.44.53:107][  0]LogShaderCompilers: Display: Worker (1/5): shaders left to compile 202
[2022.01.12-23.44.53:107][  0]LogShaderCompilers: Display: Started 10 'Local' shader compile jobs with 'High' priority
[2022.01.12-23.44.53:667][  0]LogShaderCompilers: Display: Worker (3/5): shaders left to compile 192
[2022.01.12-23.44.53:667][  0]LogShaderCompilers: Display: Started 10 'Local' shader compile jobs with 'High' priority
[2022.01.12-23.44.54:789][  0]LogShaderCompilers: Display: Worker (4/5): shaders left to compile 182
[2022.01.12-23.44.54:789][  0]LogShaderCompilers: Display: Started 10 'Local' shader compile jobs with 'High' priority
[2022.01.12-23.44.55:911][  0]LogShaderCompilers: Display: Worker (2/5): shaders left to compile 172
[2022.01.12-23.44.55:911][  0]LogShaderCompilers: Display: Started 10 'Local' shader compile jobs with 'High' priority
[2022.01.12-23.44.57:033][  0]LogShaderCompilers: Display: Worker (1/5): shaders left to compile 162
[2022.01.12-23.44.57:033][  0]LogShaderCompilers: Display: Worker (5/5): shaders left to compile 152
[2022.01.12-23.44.57:033][  0]LogShaderCompilers: Display: Started 20 'Local' shader compile jobs with 'High' priority
[2022.01.12-23.44.58:155][  0]LogShaderCompilers: Display: Worker (3/5): shaders left to compile 142
[2022.01.12-23.44.58:155][  0]LogShaderCompilers: Display: Started 10 'Local' shader compile jobs with 'High' priority
[2022.01.12-23.44.59:277][  0]LogShaderCompilers: Display: Worker (4/5): shaders left to compile 132
[2022.01.12-23.44.59:277][  0]LogShaderCompilers: Display: Started 10 'Local' shader compile jobs with 'High' priority
[2022.01.12-23.44.59:838][  0]LogShaderCompilers: Display: Worker (2/5): shaders left to compile 122
[2022.01.12-23.44.59:838][  0]LogShaderCompilers: Display: Started 10 'Local' shader compile jobs with 'High' priority
