Log file open, 01/13/22 00:13:09
LogWindows: Failed to load 'aqProf.dll' (GetLastError=126)
LogWindows: File 'aqProf.dll' does not exist
LogWindows: Failed to load 'VtuneApi.dll' (GetLastError=126)
LogWindows: File 'VtuneApi.dll' does not exist
LogWindows: Failed to load 'VtuneApi32e.dll' (GetLastError=126)
LogWindows: File 'VtuneApi32e.dll' does not exist
LogConsoleResponse: Display: Failed to find resolution value strings in scalability ini. Falling back to default.
LogConsoleResponse: Display: Failed to find resolution value strings in scalability ini. Falling back to default.
LogInit: Display: Running engine for game: Alice
LogPlatformFile: Not using cached read wrapper
LogTaskGraph: Started task graph with 5 named threads and 23 total threads with 3 sets of task threads.
LogStats: Stats thread started at 0.459141
LogICUInternationalization: ICU TimeZone Detection - Raw Offset: +1:00, Platform Override: ''
LogInit: Display: Loading text-based GConfig....
LogPluginManager: Mounting plugin MeshPainting
LogPluginManager: Mounting plugin XGEController
LogPluginManager: Mounting plugin Paper2D
LogPluginManager: Mounting plugin AISupport
LogPluginManager: Mounting plugin EnvironmentQueryEditor
LogPluginManager: Mounting plugin LightPropagationVolume
LogPluginManager: Mounting plugin OodleNetwork
LogPluginManager: Mounting plugin AnimationSharing
LogPluginManager: Mounting plugin OodleData
LogPluginManager: Mounting plugin CLionSourceCodeAccess
LogPluginManager: Mounting plugin CodeLiteSourceCodeAccess
LogPluginManager: Mounting plugin KDevelopSourceCodeAccess
LogPluginManager: Mounting plugin GitSourceControl
LogPluginManager: Mounting plugin NullSourceCodeAccess
LogPluginManager: Mounting plugin PixWinPlugin
LogPluginManager: Mounting plugin PropertyAccessNode
LogPluginManager: Mounting plugin PluginUtils
LogPluginManager: Mounting plugin PerforceSourceControl
LogPluginManager: Mounting plugin PlasticSourceControl
LogPluginManager: Mounting plugin SubversionSourceControl
LogPluginManager: Mounting plugin RiderSourceCodeAccess
LogPluginManager: Mounting plugin TextureFormatOodle
LogPluginManager: Mounting plugin UObjectPlugin
LogPluginManager: Mounting plugin VisualStudioCodeSourceCodeAccess
LogPluginManager: Mounting plugin VisualStudioSourceCodeAccess
LogPluginManager: Mounting plugin XCodeSourceCodeAccess
LogPluginManager: Mounting plugin AssetManagerEditor
LogPluginManager: Mounting plugin CurveEditorTools
LogPluginManager: Mounting plugin DataValidation
LogPluginManager: Mounting plugin CryptoKeys
LogPluginManager: Mounting plugin GameplayTagsEditor
LogPluginManager: Mounting plugin GeometryMode
LogPluginManager: Mounting plugin FacialAnimation
LogPluginManager: Mounting plugin MacGraphicsSwitching
LogPluginManager: Mounting plugin MaterialAnalyzer
LogPluginManager: Mounting plugin PluginBrowser
LogPluginManager: Mounting plugin MobileLauncherProfileWizard
LogPluginManager: Mounting plugin SpeedTreeImporter
LogPluginManager: Mounting plugin DatasmithContent
LogPluginManager: Mounting plugin VariantManagerContent
LogPluginManager: Mounting plugin LiveLink
LogPluginManager: Mounting plugin AlembicImporter
LogPluginManager: Mounting plugin AutomationUtils
LogPluginManager: Mounting plugin BackChannel
LogPluginManager: Mounting plugin ChaosCloth
LogPluginManager: Mounting plugin ChaosClothEditor
LogPluginManager: Mounting plugin ChaosEditor
LogPluginManager: Mounting plugin ChaosSolverPlugin
LogPluginManager: Mounting plugin ChaosNiagara
LogPluginManager: Mounting plugin CharacterAI
LogPluginManager: Mounting plugin GeometryCollectionPlugin
LogPluginManager: Mounting plugin GeometryCache
LogPluginManager: Mounting plugin Niagara
LogPluginManager: Mounting plugin GeometryProcessing
LogPluginManager: Mounting plugin OpenImageDenoise
LogPluginManager: Mounting plugin MotoSynth
LogPluginManager: Mounting plugin LuminPlatformFeatures
LogPluginManager: Mounting plugin PlanarCut
LogPluginManager: Mounting plugin PlatformCrypto
LogPluginManager: Mounting plugin MagicLeap
LogPluginManager: Mounting plugin PythonScriptPlugin
LogPluginManager: Mounting plugin ProxyLODPlugin
LogPluginManager: Mounting plugin MagicLeapMedia
LogPluginManager: Mounting plugin MagicLeapPassableWorld
LogPluginManager: Mounting plugin MagicLeapLightEstimation
LogPluginManager: Mounting plugin SkeletalReduction
LogPluginManager: Mounting plugin MLSDK
LogPluginManager: Mounting plugin AndroidMedia
LogPluginManager: Mounting plugin AvfMedia
LogPluginManager: Mounting plugin ImgMedia
LogPluginManager: Mounting plugin MediaCompositing
LogPluginManager: Mounting plugin MediaPlayerEditor
LogPluginManager: Mounting plugin WmfMedia
LogPluginManager: Mounting plugin WebMMedia
LogPluginManager: Mounting plugin UdpMessaging
LogPluginManager: Mounting plugin TcpMessaging
LogPluginManager: Mounting plugin LevelSequenceEditor
LogPluginManager: Mounting plugin ActorSequence
LogPluginManager: Mounting plugin MatineeToLevelSequence
LogPluginManager: Mounting plugin TemplateSequence
LogPluginManager: Mounting plugin OnlineSubsystem
LogPluginManager: Mounting plugin OnlineSubsystemNull
LogPluginManager: Mounting plugin OnlineSubsystemUtils
LogPluginManager: Mounting plugin ActorLayerUtilities
LogPluginManager: Mounting plugin AndroidDeviceProfileSelector
LogPluginManager: Mounting plugin LauncherChunkInstaller
LogPluginManager: Mounting plugin AndroidPermission
LogPluginManager: Mounting plugin AppleMoviePlayer
LogPluginManager: Mounting plugin AndroidMoviePlayer
LogPluginManager: Mounting plugin AssetTags
LogPluginManager: Mounting plugin ArchVisCharacter
LogPluginManager: Mounting plugin AudioSynesthesia
LogPluginManager: Mounting plugin CableComponent
LogPluginManager: Mounting plugin ChunkDownloader
LogPluginManager: Mounting plugin AudioCapture
LogPluginManager: Mounting plugin AppleImageUtils
LogPluginManager: Mounting plugin EditableMesh
LogPluginManager: Mounting plugin ExampleDeviceProfileSelector
LogPluginManager: Mounting plugin CustomMeshComponent
LogPluginManager: Mounting plugin GoogleCloudMessaging
LogPluginManager: Mounting plugin GooglePAD
LogPluginManager: Mounting plugin LinuxDeviceProfileSelector
LogPluginManager: Mounting plugin LocationServicesBPLibrary
LogPluginManager: Mounting plugin IOSDeviceProfileSelector
LogPluginManager: Mounting plugin MobilePatchingUtils
LogPluginManager: Mounting plugin OpenXREyeTracker
LogPluginManager: Mounting plugin OpenXRHandTracking
LogPluginManager: Mounting plugin OpenXR
LogPluginManager: Mounting plugin PostSplashScreen
LogPluginManager: Mounting plugin ProceduralMeshComponent
LogPluginManager: Mounting plugin PropertyAccessEditor
LogPluginManager: Mounting plugin SignificanceManager
LogPluginManager: Mounting plugin SoundFields
LogPluginManager: Mounting plugin RuntimePhysXCooking
LogPluginManager: Mounting plugin Synthesis
LogPluginManager: Mounting plugin PhysXVehicles
LogPluginManager: Mounting plugin WebMMoviePlayer
LogPluginManager: Mounting plugin WindowsMoviePlayer
LogPluginManager: Mounting plugin ScreenshotTools
LogPluginManager: Mounting plugin Takes
LogPluginManager: Mounting plugin CameraShakePreviewer
LogPluginManager: Mounting plugin GameplayCameras
LogPluginManager: Mounting plugin ContentBrowserAssetDataSource
LogPluginManager: Mounting plugin ContentBrowserClassDataSource
LogPluginManager: Mounting plugin ContentBrowserFileDataSource
LogPluginManager: Mounting plugin OnlineSubsystemGooglePlay
LogPluginManager: Mounting plugin OnlineSubsystemIOS
LogPluginManager: Mounting plugin OculusVR
LogPluginManager: Mounting plugin SteamVR
PixWinPlugin: PIX capture plugin failed to initialize! Check that the process is launched from PIX.
LogInit: Using libcurl 7.55.1-DEV
LogInit:  - built for x86_64-pc-win32
LogInit:  - supports SSL with OpenSSL/1.1.1
LogInit:  - supports HTTP deflate (compression) using libz 1.2.8
LogInit:  - other features:
LogInit:      CURL_VERSION_SSL
LogInit:      CURL_VERSION_LIBZ
LogInit:      CURL_VERSION_IPV6
LogInit:      CURL_VERSION_ASYNCHDNS
LogInit:      CURL_VERSION_LARGEFILE
LogInit:      CURL_VERSION_IDN
LogInit:  CurlRequestOptions (configurable via config and command line):
LogInit:  - bVerifyPeer = true  - Libcurl will verify peer certificate
LogInit:  - bUseHttpProxy = false  - Libcurl will NOT use HTTP proxy
LogInit:  - bDontReuseConnections = false  - Libcurl will reuse connections
LogInit:  - MaxHostConnections = 16  - Libcurl will limit the number of connections to a host
LogInit:  - LocalHostAddr = Default
LogInit:  - BufferSize = 65536
LogOnline: OSS: Creating online subsystem instance for: NULL
LogInit: WinSock: version 1.1 (2.2), MaxSocks=32767, MaxUdp=65467
LogOnline: OSS: TryLoadSubsystemAndSetDefault: Loaded subsystem for module [NULL]
LogOculusPluginWrapper: OculusPlugin initialized successfully
LogHMD: Failed initializing OVRPlugin 1.59.0
LogInit: Build: ++UE4+Release-4.27-CL-18319896
LogInit: Engine Version: 4.27.2-18319896+++UE4+Release-4.27
LogInit: Compatible Engine Version: 4.27.0-17155196+++UE4+Release-4.27
LogInit: Net CL: 17155196
LogInit: OS: Windows 10 (Release 2009) (), CPU: AMD Ryzen 7 3700U with Radeon Vega Mobile Gfx  , GPU: AMD Radeon(TM) RX Vega 10 Graphics
LogInit: Compiled (64-bit): Nov 30 2021 07:12:08
LogInit: Compiled with Visual C++: 19.24.28315.00
LogInit: Build Configuration: Development
LogInit: Branch Name: ++UE4+Release-4.27
LogInit: Command Line:  /Game/Maps/Level1 -game -PIEVIACONSOLE -Multiprocess GameUserSettingsINI=D:/kinde/Alice/Saved/Config/Windows/PIEGameUserSettings0.ini -MultiprocessSaveConfig -forcepassthrough -messaging -SessionName="Play in Standalone Game" -windowed -WinX=320 -WinY=180 SAVEWINPOS=1 -ResX=1270 -ResY=686
LogInit: Base Directory: D:/Program Files/Epic Games/UE_4.27/Engine/Binaries/Win64/
LogInit: Allocator: TBB
LogInit: Installed Engine Build: 1
LogDevObjectVersion: Number of dev versions registered: 29
LogDevObjectVersion:   Dev-Blueprints (B0D832E4-1F89-4F0D-ACCF-7EB736FD4AA2): 10
LogDevObjectVersion:   Dev-Build (E1C64328-A22C-4D53-A36C-8E866417BD8C): 0
LogDevObjectVersion:   Dev-Core (375EC13C-06E4-48FB-B500-84F0262A717E): 4
LogDevObjectVersion:   Dev-Editor (E4B068ED-F494-42E9-A231-DA0B2E46BB41): 40
LogDevObjectVersion:   Dev-Framework (CFFC743F-43B0-4480-9391-14DF171D2073): 37
LogDevObjectVersion:   Dev-Mobile (B02B49B5-BB20-44E9-A304-32B752E40360): 3
LogDevObjectVersion:   Dev-Networking (A4E4105C-59A1-49B5-A7C5-40C4547EDFEE): 0
LogDevObjectVersion:   Dev-Online (39C831C9-5AE6-47DC-9A44-9C173E1C8E7C): 0
LogDevObjectVersion:   Dev-Physics (78F01B33-EBEA-4F98-B9B4-84EACCB95AA2): 14
LogDevObjectVersion:   Dev-Platform (6631380F-2D4D-43E0-8009-CF276956A95A): 0
LogDevObjectVersion:   Dev-Rendering (12F88B9F-8875-4AFC-A67C-D90C383ABD29): 45
LogDevObjectVersion:   Dev-Sequencer (7B5AE74C-D270-4C10-A958-57980B212A5A): 13
LogDevObjectVersion:   Dev-VR (D7296918-1DD6-4BDD-9DE2-64A83CC13884): 3
LogDevObjectVersion:   Dev-LoadTimes (C2A15278-BFE7-4AFE-6C17-90FF531DF755): 1
LogDevObjectVersion:   Private-Geometry (6EACA3D4-40EC-4CC1-B786-8BED09428FC5): 3
LogDevObjectVersion:   Dev-AnimPhys (29E575DD-E0A3-4627-9D10-D276232CDCEA): 17
LogDevObjectVersion:   Dev-Anim (AF43A65D-7FD3-4947-9873-3E8ED9C1BB05): 15
LogDevObjectVersion:   Dev-ReflectionCapture (6B266CEC-1EC7-4B8F-A30B-E4D90942FC07): 1
LogDevObjectVersion:   Dev-Automation (0DF73D61-A23F-47EA-B727-89E90C41499A): 1
LogDevObjectVersion:   FortniteMain (601D1886-AC64-4F84-AA16-D3DE0DEAC7D6): 47
LogDevObjectVersion:   FortniteRelease (E7086368-6B23-4C58-8439-1B7016265E91): 1
LogDevObjectVersion:   Dev-Enterprise (9DFFBCD6-494F-0158-E221-12823C92A888): 10
LogDevObjectVersion:   Dev-Niagara (F2AED0AC-9AFE-416F-8664-AA7FFA26D6FC): 1
LogDevObjectVersion:   Dev-Destruction (174F1F0B-B4C6-45A5-B13F-2EE8D0FB917D): 10
LogDevObjectVersion:   Dev-Physics-Ext (35F94A83-E258-406C-A318-09F59610247C): 41
LogDevObjectVersion:   Dev-PhysicsMaterial-Chaos (B68FC16E-8B1B-42E2-B453-215C058844FE): 1
LogDevObjectVersion:   Dev-CineCamera (B2E18506-4273-CFC2-A54E-F4BB758BBA07): 1
LogDevObjectVersion:   Dev-VirtualProduction (64F58936-FD1B-42BA-BA96-7289D5D0FA4E): 1
LogDevObjectVersion:   Dev-MediaFramework (6F0ED827-A609-4895-9C91-998D90180EA4): 2
LogInit: Presizing for max 25165824 objects, including 0 objects not considered by GC, pre-allocating 0 bytes for permanent pool.
LogConfig: Applying CVar settings from Section [/Script/Engine.StreamingSettings] File [D:/kinde/Alice/Saved/Config/Windows/Engine.ini]
LogConfig: Setting CVar [[s.MinBulkDataSizeForAsyncLoading:131072]]
LogConfig: Setting CVar [[s.AsyncLoadingThreadEnabled:0]]
LogConfig: Setting CVar [[s.EventDrivenLoaderEnabled:1]]
LogConfig: Setting CVar [[s.WarnIfTimeLimitExceeded:0]]
LogConfig: Setting CVar [[s.TimeLimitExceededMultiplier:1.5]]
LogConfig: Setting CVar [[s.TimeLimitExceededMinTime:0.005]]
LogConfig: Setting CVar [[s.UseBackgroundLevelStreaming:1]]
LogConfig: Setting CVar [[s.PriorityAsyncLoadingExtraTime:15.0]]
LogConfig: Setting CVar [[s.LevelStreamingActorsUpdateTimeLimit:5.0]]
LogConfig: Setting CVar [[s.PriorityLevelStreamingActorsUpdateExtraTime:5.0]]
LogConfig: Setting CVar [[s.LevelStreamingComponentsRegistrationGranularity:10]]
LogConfig: Setting CVar [[s.UnregisterComponentsTimeLimit:1.0]]
LogConfig: Setting CVar [[s.LevelStreamingComponentsUnregistrationGranularity:5]]
LogConfig: Setting CVar [[s.FlushStreamingOnExit:1]]
LogInit: Object subsystem initialized
LogConfig: Setting CVar [[con.DebugEarlyDefault:1]]
LogConfig: Setting CVar [[r.setres:1280x720]]
[2022.01.12-23.13.10:238][  0]LogConfig: Setting CVar [[con.DebugEarlyDefault:1]]
[2022.01.12-23.13.10:238][  0]LogConfig: Setting CVar [[r.setres:1280x720]]
[2022.01.12-23.13.10:238][  0]LogConfig: Applying CVar settings from Section [/Script/Engine.RendererSettings] File [D:/kinde/Alice/Saved/Config/Windows/Engine.ini]
[2022.01.12-23.13.10:238][  0]LogConfig: Setting CVar [[r.GPUCrashDebugging:0]]
[2022.01.12-23.13.10:238][  0]LogConfig: Applying CVar settings from Section [/Script/Engine.RendererOverrideSettings] File [D:/kinde/Alice/Saved/Config/Windows/Engine.ini]
[2022.01.12-23.13.10:238][  0]LogConfig: Applying CVar settings from Section [/Script/Engine.StreamingSettings] File [D:/kinde/Alice/Saved/Config/Windows/Engine.ini]
[2022.01.12-23.13.10:238][  0]LogConfig: Setting CVar [[s.MinBulkDataSizeForAsyncLoading:131072]]
[2022.01.12-23.13.10:238][  0]LogConfig: Setting CVar [[s.AsyncLoadingThreadEnabled:0]]
[2022.01.12-23.13.10:238][  0]LogConfig: Setting CVar [[s.EventDrivenLoaderEnabled:1]]
[2022.01.12-23.13.10:238][  0]LogConfig: Setting CVar [[s.WarnIfTimeLimitExceeded:0]]
[2022.01.12-23.13.10:238][  0]LogConfig: Setting CVar [[s.TimeLimitExceededMultiplier:1.5]]
[2022.01.12-23.13.10:238][  0]LogConfig: Setting CVar [[s.TimeLimitExceededMinTime:0.005]]
[2022.01.12-23.13.10:238][  0]LogConfig: Setting CVar [[s.UseBackgroundLevelStreaming:1]]
[2022.01.12-23.13.10:238][  0]LogConfig: Setting CVar [[s.PriorityAsyncLoadingExtraTime:15.0]]
[2022.01.12-23.13.10:238][  0]LogConfig: Setting CVar [[s.LevelStreamingActorsUpdateTimeLimit:5.0]]
[2022.01.12-23.13.10:238][  0]LogConfig: Setting CVar [[s.PriorityLevelStreamingActorsUpdateExtraTime:5.0]]
[2022.01.12-23.13.10:238][  0]LogConfig: Setting CVar [[s.LevelStreamingComponentsRegistrationGranularity:10]]
[2022.01.12-23.13.10:238][  0]LogConfig: Setting CVar [[s.UnregisterComponentsTimeLimit:1.0]]
[2022.01.12-23.13.10:238][  0]LogConfig: Setting CVar [[s.LevelStreamingComponentsUnregistrationGranularity:5]]
[2022.01.12-23.13.10:238][  0]LogConfig: Setting CVar [[s.FlushStreamingOnExit:1]]
[2022.01.12-23.13.10:238][  0]LogConfig: Applying CVar settings from Section [/Script/Engine.GarbageCollectionSettings] File [D:/kinde/Alice/Saved/Config/Windows/Engine.ini]
[2022.01.12-23.13.10:238][  0]LogConfig: Setting CVar [[gc.MaxObjectsNotConsideredByGC:1]]
[2022.01.12-23.13.10:238][  0]LogConfig: Setting CVar [[gc.SizeOfPermanentObjectPool:0]]
[2022.01.12-23.13.10:239][  0]LogConfig: Setting CVar [[gc.FlushStreamingOnGC:0]]
[2022.01.12-23.13.10:239][  0]LogConfig: Setting CVar [[gc.NumRetriesBeforeForcingGC:10]]
[2022.01.12-23.13.10:239][  0]LogConfig: Setting CVar [[gc.AllowParallelGC:1]]
[2022.01.12-23.13.10:239][  0]LogConfig: Setting CVar [[gc.TimeBetweenPurgingPendingKillObjects:61.1]]
[2022.01.12-23.13.10:239][  0]LogConfig: Setting CVar [[gc.MaxObjectsInEditor:25165824]]
[2022.01.12-23.13.10:239][  0]LogConfig: Setting CVar [[gc.IncrementalBeginDestroyEnabled:1]]
[2022.01.12-23.13.10:239][  0]LogConfig: Setting CVar [[gc.CreateGCClusters:1]]
[2022.01.12-23.13.10:239][  0]LogConfig: Setting CVar [[gc.MinGCClusterSize:5]]
[2022.01.12-23.13.10:239][  0]LogConfig: Setting CVar [[gc.ActorClusteringEnabled:0]]
[2022.01.12-23.13.10:239][  0]LogConfig: Setting CVar [[gc.BlueprintClusteringEnabled:0]]
[2022.01.12-23.13.10:239][  0]LogConfig: Setting CVar [[gc.UseDisregardForGCOnDedicatedServers:0]]
[2022.01.12-23.13.10:239][  0]LogConfig: Setting CVar [[gc.MultithreadedDestructionEnabled:1]]
[2022.01.12-23.13.10:239][  0]LogConfig: Applying CVar settings from Section [/Script/Engine.NetworkSettings] File [D:/kinde/Alice/Saved/Config/Windows/Engine.ini]
[2022.01.12-23.13.10:239][  0]LogConfig: Applying CVar settings from Section [/Script/UnrealEd.CookerSettings] File [D:/kinde/Alice/Saved/Config/Windows/Engine.ini]
[2022.01.12-23.13.10:244][  0]LogConfig: Applying CVar settings from Section [ViewDistanceQuality@3] File [D:/kinde/Alice/Saved/Config/Windows/Scalability.ini]
[2022.01.12-23.13.10:244][  0]LogConfig: Setting CVar [[r.SkeletalMeshLODBias:0]]
[2022.01.12-23.13.10:244][  0]LogConfig: Setting CVar [[r.ViewDistanceScale:1.0]]
[2022.01.12-23.13.10:245][  0]LogConfig: Applying CVar settings from Section [AntiAliasingQuality@3] File [D:/kinde/Alice/Saved/Config/Windows/Scalability.ini]
[2022.01.12-23.13.10:245][  0]LogConfig: Setting CVar [[r.PostProcessAAQuality:4]]
[2022.01.12-23.13.10:245][  0]LogConfig: Applying CVar settings from Section [ShadowQuality@3] File [D:/kinde/Alice/Saved/Config/Windows/Scalability.ini]
[2022.01.12-23.13.10:245][  0]LogConfig: Setting CVar [[r.LightFunctionQuality:1]]
[2022.01.12-23.13.10:245][  0]LogConfig: Setting CVar [[r.ShadowQuality:5]]
[2022.01.12-23.13.10:245][  0]LogConfig: Setting CVar [[r.Shadow.CSM.MaxCascades:10]]
[2022.01.12-23.13.10:245][  0]LogConfig: Setting CVar [[r.Shadow.MaxResolution:2048]]
[2022.01.12-23.13.10:245][  0]LogConfig: Setting CVar [[r.Shadow.MaxCSMResolution:2048]]
[2022.01.12-23.13.10:245][  0]LogConfig: Setting CVar [[r.Shadow.RadiusThreshold:0.01]]
[2022.01.12-23.13.10:245][  0]LogConfig: Setting CVar [[r.Shadow.DistanceScale:1.0]]
[2022.01.12-23.13.10:245][  0]LogConfig: Setting CVar [[r.Shadow.CSM.TransitionScale:1.0]]
[2022.01.12-23.13.10:245][  0]LogConfig: Setting CVar [[r.Shadow.PreShadowResolutionFactor:1.0]]
[2022.01.12-23.13.10:245][  0]LogConfig: Setting CVar [[r.DistanceFieldShadowing:1]]
[2022.01.12-23.13.10:245][  0]LogConfig: Setting CVar [[r.DistanceFieldAO:1]]
[2022.01.12-23.13.10:245][  0]LogConfig: Setting CVar [[r.AOQuality:2]]
[2022.01.12-23.13.10:245][  0]LogConfig: Setting CVar [[r.VolumetricFog:1]]
[2022.01.12-23.13.10:245][  0]LogConfig: Setting CVar [[r.VolumetricFog.GridPixelSize:8]]
[2022.01.12-23.13.10:245][  0]LogConfig: Setting CVar [[r.VolumetricFog.GridSizeZ:128]]
[2022.01.12-23.13.10:245][  0]LogConfig: Setting CVar [[r.VolumetricFog.HistoryMissSupersampleCount:4]]
[2022.01.12-23.13.10:245][  0]LogConfig: Setting CVar [[r.LightMaxDrawDistanceScale:1]]
[2022.01.12-23.13.10:245][  0]LogConfig: Setting CVar [[r.CapsuleShadows:1]]
[2022.01.12-23.13.10:245][  0]LogConfig: Applying CVar settings from Section [PostProcessQuality@3] File [D:/kinde/Alice/Saved/Config/Windows/Scalability.ini]
[2022.01.12-23.13.10:245][  0]LogConfig: Setting CVar [[r.MotionBlurQuality:4]]
[2022.01.12-23.13.10:245][  0]LogConfig: Setting CVar [[r.AmbientOcclusionMipLevelFactor:0.4]]
[2022.01.12-23.13.10:245][  0]LogConfig: Setting CVar [[r.AmbientOcclusionMaxQuality:100]]
[2022.01.12-23.13.10:245][  0]LogConfig: Setting CVar [[r.AmbientOcclusionLevels:-1]]
[2022.01.12-23.13.10:245][  0]LogConfig: Setting CVar [[r.AmbientOcclusionRadiusScale:1.0]]
[2022.01.12-23.13.10:245][  0]LogConfig: Setting CVar [[r.DepthOfFieldQuality:2]]
[2022.01.12-23.13.10:245][  0]LogConfig: Setting CVar [[r.RenderTargetPoolMin:400]]
[2022.01.12-23.13.10:245][  0]LogConfig: Setting CVar [[r.LensFlareQuality:2]]
[2022.01.12-23.13.10:245][  0]LogConfig: Setting CVar [[r.SceneColorFringeQuality:1]]
[2022.01.12-23.13.10:245][  0]LogConfig: Setting CVar [[r.EyeAdaptationQuality:2]]
[2022.01.12-23.13.10:245][  0]LogConfig: Setting CVar [[r.BloomQuality:5]]
[2022.01.12-23.13.10:245][  0]LogConfig: Setting CVar [[r.FastBlurThreshold:100]]
[2022.01.12-23.13.10:245][  0]LogConfig: Setting CVar [[r.Upscale.Quality:3]]
[2022.01.12-23.13.10:245][  0]LogConfig: Setting CVar [[r.Tonemapper.GrainQuantization:1]]
[2022.01.12-23.13.10:245][  0]LogConfig: Setting CVar [[r.LightShaftQuality:1]]
[2022.01.12-23.13.10:245][  0]LogConfig: Setting CVar [[r.Filter.SizeScale:1]]
[2022.01.12-23.13.10:245][  0]LogConfig: Setting CVar [[r.Tonemapper.Quality:5]]
[2022.01.12-23.13.10:245][  0]LogConfig: Setting CVar [[r.DOF.Gather.AccumulatorQuality:1        ; higher gathering accumulator quality]]
[2022.01.12-23.13.10:245][  0]LogConfig: Setting CVar [[r.DOF.Gather.PostfilterMethod:1          ; Median3x3 postfilering method]]
[2022.01.12-23.13.10:245][  0]LogConfig: Setting CVar [[r.DOF.Gather.EnableBokehSettings:0       ; no bokeh simulation when gathering]]
[2022.01.12-23.13.10:245][  0]LogConfig: Setting CVar [[r.DOF.Gather.RingCount:4                 ; medium number of samples when gathering]]
[2022.01.12-23.13.10:245][  0]LogConfig: Setting CVar [[r.DOF.Scatter.ForegroundCompositing:1    ; additive foreground scattering]]
[2022.01.12-23.13.10:245][  0]LogConfig: Setting CVar [[r.DOF.Scatter.BackgroundCompositing:2    ; additive background scattering]]
[2022.01.12-23.13.10:245][  0]LogConfig: Setting CVar [[r.DOF.Scatter.EnableBokehSettings:1      ; bokeh simulation when scattering]]
[2022.01.12-23.13.10:245][  0]LogConfig: Setting CVar [[r.DOF.Scatter.MaxSpriteRatio:0.1         ; only a maximum of 10% of scattered bokeh]]
[2022.01.12-23.13.10:245][  0]LogConfig: Setting CVar [[r.DOF.Recombine.Quality:1                ; cheap slight out of focus]]
[2022.01.12-23.13.10:245][  0]LogConfig: Setting CVar [[r.DOF.Recombine.EnableBokehSettings:0    ; no bokeh simulation on slight out of focus]]
[2022.01.12-23.13.10:245][  0]LogConfig: Setting CVar [[r.DOF.TemporalAAQuality:1                ; more stable temporal accumulation]]
[2022.01.12-23.13.10:245][  0]LogConfig: Setting CVar [[r.DOF.Kernel.MaxForegroundRadius:0.025]]
[2022.01.12-23.13.10:245][  0]LogConfig: Setting CVar [[r.DOF.Kernel.MaxBackgroundRadius:0.025]]
[2022.01.12-23.13.10:245][  0]LogConfig: Applying CVar settings from Section [TextureQuality@3] File [D:/kinde/Alice/Saved/Config/Windows/Scalability.ini]
[2022.01.12-23.13.10:245][  0]LogConfig: Setting CVar [[r.Streaming.MipBias:0]]
[2022.01.12-23.13.10:245][  0]LogConfig: Setting CVar [[r.Streaming.AmortizeCPUToGPUCopy:0]]
[2022.01.12-23.13.10:245][  0]LogConfig: Setting CVar [[r.Streaming.MaxNumTexturesToStreamPerFrame:0]]
[2022.01.12-23.13.10:246][  0]LogConfig: Setting CVar [[r.Streaming.Boost:1]]
[2022.01.12-23.13.10:246][  0]LogConfig: Setting CVar [[r.MaxAnisotropy:8]]
[2022.01.12-23.13.10:246][  0]LogConfig: Setting CVar [[r.VT.MaxAnisotropy:8]]
[2022.01.12-23.13.10:246][  0]LogConfig: Setting CVar [[r.Streaming.LimitPoolSizeToVRAM:0]]
[2022.01.12-23.13.10:246][  0]LogConfig: Setting CVar [[r.Streaming.PoolSize:1000]]
[2022.01.12-23.13.10:246][  0]LogConfig: Setting CVar [[r.Streaming.MaxEffectiveScreenSize:0]]
[2022.01.12-23.13.10:246][  0]LogConfig: Applying CVar settings from Section [EffectsQuality@3] File [D:/kinde/Alice/Saved/Config/Windows/Scalability.ini]
[2022.01.12-23.13.10:246][  0]LogConfig: Setting CVar [[r.TranslucencyLightingVolumeDim:64]]
[2022.01.12-23.13.10:246][  0]LogConfig: Setting CVar [[r.RefractionQuality:2]]
[2022.01.12-23.13.10:246][  0]LogConfig: Setting CVar [[r.SSR.Quality:3]]
[2022.01.12-23.13.10:246][  0]LogConfig: Setting CVar [[r.SSR.HalfResSceneColor:0]]
[2022.01.12-23.13.10:246][  0]LogConfig: Setting CVar [[r.SceneColorFormat:4]]
[2022.01.12-23.13.10:246][  0]LogConfig: Setting CVar [[r.DetailMode:2]]
[2022.01.12-23.13.10:246][  0]LogConfig: Setting CVar [[r.TranslucencyVolumeBlur:1]]
[2022.01.12-23.13.10:246][  0]LogConfig: Setting CVar [[r.MaterialQualityLevel:1 ; High quality]]
[2022.01.12-23.13.10:246][  0]LogConfig: Setting CVar [[r.AnisotropicMaterials:1]]
[2022.01.12-23.13.10:246][  0]LogConfig: Setting CVar [[r.SSS.Scale:1]]
[2022.01.12-23.13.10:246][  0]LogConfig: Setting CVar [[r.SSS.SampleSet:2]]
[2022.01.12-23.13.10:246][  0]LogConfig: Setting CVar [[r.SSS.Quality:1]]
[2022.01.12-23.13.10:246][  0]LogConfig: Setting CVar [[r.SSS.HalfRes:0]]
[2022.01.12-23.13.10:246][  0]LogConfig: Setting CVar [[r.SSGI.Quality:3]]
[2022.01.12-23.13.10:246][  0]LogConfig: Setting CVar [[r.EmitterSpawnRateScale:1.0]]
[2022.01.12-23.13.10:246][  0]LogConfig: Setting CVar [[r.ParticleLightQuality:2]]
[2022.01.12-23.13.10:246][  0]LogConfig: Setting CVar [[r.SkyAtmosphere.AerialPerspectiveLUT.FastApplyOnOpaque:1 ; Always have FastSkyLUT 1 in this case to avoid wrong sky]]
[2022.01.12-23.13.10:246][  0]LogConfig: Setting CVar [[r.SkyAtmosphere.AerialPerspectiveLUT.SampleCountMaxPerSlice:4]]
[2022.01.12-23.13.10:246][  0]LogConfig: Setting CVar [[r.SkyAtmosphere.AerialPerspectiveLUT.DepthResolution:16.0]]
[2022.01.12-23.13.10:246][  0]LogConfig: Setting CVar [[r.SkyAtmosphere.FastSkyLUT:1]]
[2022.01.12-23.13.10:246][  0]LogConfig: Setting CVar [[r.SkyAtmosphere.FastSkyLUT.SampleCountMin:4.0]]
[2022.01.12-23.13.10:246][  0]LogConfig: Setting CVar [[r.SkyAtmosphere.FastSkyLUT.SampleCountMax:128.0]]
[2022.01.12-23.13.10:246][  0]LogConfig: Setting CVar [[r.SkyAtmosphere.SampleCountMin:4.0]]
[2022.01.12-23.13.10:246][  0]LogConfig: Setting CVar [[r.SkyAtmosphere.SampleCountMax:128.0]]
[2022.01.12-23.13.10:246][  0]LogConfig: Setting CVar [[r.SkyAtmosphere.TransmittanceLUT.UseSmallFormat:0]]
[2022.01.12-23.13.10:246][  0]LogConfig: Setting CVar [[r.SkyAtmosphere.TransmittanceLUT.SampleCount:10.0]]
[2022.01.12-23.13.10:246][  0]LogConfig: Setting CVar [[r.SkyAtmosphere.MultiScatteringLUT.SampleCount:15.0]]
[2022.01.12-23.13.10:246][  0]LogConfig: Setting CVar [[r.SkyLight.RealTimeReflectionCapture:1]]
[2022.01.12-23.13.10:246][  0]LogConfig: Applying CVar settings from Section [FoliageQuality@3] File [D:/kinde/Alice/Saved/Config/Windows/Scalability.ini]
[2022.01.12-23.13.10:246][  0]LogConfig: Setting CVar [[foliage.DensityScale:1.0]]
[2022.01.12-23.13.10:246][  0]LogConfig: Setting CVar [[grass.DensityScale:1.0]]
[2022.01.12-23.13.10:246][  0]LogConfig: Applying CVar settings from Section [ShadingQuality@3] File [D:/kinde/Alice/Saved/Config/Windows/Scalability.ini]
[2022.01.12-23.13.10:246][  0]LogConfig: Setting CVar [[r.HairStrands.SkyLighting.IntegrationType:2]]
[2022.01.12-23.13.10:246][  0]LogConfig: Setting CVar [[r.HairStrands.SkyAO.SampleCount:4]]
[2022.01.12-23.13.10:246][  0]LogConfig: Setting CVar [[r.HairStrands.Visibility.MSAA.SamplePerPixel:4]]
[2022.01.12-23.13.10:246][  0]LogInit: Selected Device Profile: [Windows]
[2022.01.12-23.13.10:246][  0]LogInit: Applying CVar settings loaded from the selected device profile: [Windows]
[2022.01.12-23.13.10:246][  0]LogHAL: Display: Platform has ~ 14 GB [14942519296 / 17179869184 / 14], which maps to Larger [LargestMinGB=32, LargerMinGB=12, DefaultMinGB=8, SmallerMinGB=6, SmallestMinGB=0)
[2022.01.12-23.13.10:246][  0]LogInit: Going up to parent DeviceProfile []
[2022.01.12-23.13.10:246][  0]LogConfig: Applying CVar settings from Section [ViewDistanceQuality@0] File [D:/kinde/Alice/Saved/Config/Windows/Scalability.ini]
[2022.01.12-23.13.10:246][  0]LogConfig: Setting CVar [[r.SkeletalMeshLODBias:2]]
[2022.01.12-23.13.10:246][  0]LogConfig: Setting CVar [[r.ViewDistanceScale:0.4]]
[2022.01.12-23.13.10:246][  0]LogConfig: Applying CVar settings from Section [AntiAliasingQuality@0] File [D:/kinde/Alice/Saved/Config/Windows/Scalability.ini]
[2022.01.12-23.13.10:246][  0]LogConfig: Setting CVar [[r.PostProcessAAQuality:0]]
[2022.01.12-23.13.10:247][  0]LogConfig: Applying CVar settings from Section [ShadowQuality@0] File [D:/kinde/Alice/Saved/Config/Windows/Scalability.ini]
[2022.01.12-23.13.10:247][  0]LogConfig: Setting CVar [[r.LightFunctionQuality:0]]
[2022.01.12-23.13.10:247][  0]LogConfig: Setting CVar [[r.ShadowQuality:0]]
[2022.01.12-23.13.10:247][  0]LogConfig: Setting CVar [[r.Shadow.CSM.MaxCascades:1]]
[2022.01.12-23.13.10:247][  0]LogConfig: Setting CVar [[r.Shadow.MaxResolution:512]]
[2022.01.12-23.13.10:247][  0]LogConfig: Setting CVar [[r.Shadow.MaxCSMResolution:512]]
[2022.01.12-23.13.10:247][  0]LogConfig: Setting CVar [[r.Shadow.RadiusThreshold:0.06]]
[2022.01.12-23.13.10:247][  0]LogConfig: Setting CVar [[r.Shadow.DistanceScale:0.6]]
[2022.01.12-23.13.10:247][  0]LogConfig: Setting CVar [[r.Shadow.CSM.TransitionScale:0]]
[2022.01.12-23.13.10:247][  0]LogConfig: Setting CVar [[r.Shadow.PreShadowResolutionFactor:0.5]]
[2022.01.12-23.13.10:247][  0]LogConfig: Setting CVar [[r.DistanceFieldShadowing:0]]
[2022.01.12-23.13.10:247][  0]LogConfig: Setting CVar [[r.DistanceFieldAO:0]]
[2022.01.12-23.13.10:247][  0]LogConfig: Setting CVar [[r.VolumetricFog:0]]
[2022.01.12-23.13.10:247][  0]LogConfig: Setting CVar [[r.LightMaxDrawDistanceScale:0]]
[2022.01.12-23.13.10:247][  0]LogConfig: Setting CVar [[r.CapsuleShadows:0]]
[2022.01.12-23.13.10:247][  0]LogConfig: Applying CVar settings from Section [PostProcessQuality@0] File [D:/kinde/Alice/Saved/Config/Windows/Scalability.ini]
[2022.01.12-23.13.10:247][  0]LogConfig: Setting CVar [[r.MotionBlurQuality:0]]
[2022.01.12-23.13.10:247][  0]LogConfig: Setting CVar [[r.AmbientOcclusionMipLevelFactor:1.0]]
[2022.01.12-23.13.10:247][  0]LogConfig: Setting CVar [[r.AmbientOcclusionMaxQuality:0]]
[2022.01.12-23.13.10:247][  0]LogConfig: Setting CVar [[r.AmbientOcclusionLevels:0]]
[2022.01.12-23.13.10:247][  0]LogConfig: Setting CVar [[r.AmbientOcclusionRadiusScale:1.2]]
[2022.01.12-23.13.10:247][  0]LogConfig: Setting CVar [[r.DepthOfFieldQuality:0]]
[2022.01.12-23.13.10:247][  0]LogConfig: Setting CVar [[r.RenderTargetPoolMin:300]]
[2022.01.12-23.13.10:247][  0]LogConfig: Setting CVar [[r.LensFlareQuality:0]]
[2022.01.12-23.13.10:247][  0]LogConfig: Setting CVar [[r.SceneColorFringeQuality:0]]
[2022.01.12-23.13.10:247][  0]LogConfig: Setting CVar [[r.EyeAdaptationQuality:2]]
[2022.01.12-23.13.10:247][  0]LogConfig: Setting CVar [[r.BloomQuality:4]]
[2022.01.12-23.13.10:247][  0]LogConfig: Setting CVar [[r.FastBlurThreshold:0]]
[2022.01.12-23.13.10:247][  0]LogConfig: Setting CVar [[r.Upscale.Quality:1]]
[2022.01.12-23.13.10:247][  0]LogConfig: Setting CVar [[r.Tonemapper.GrainQuantization:0]]
[2022.01.12-23.13.10:247][  0]LogConfig: Setting CVar [[r.LightShaftQuality:0]]
[2022.01.12-23.13.10:247][  0]LogConfig: Setting CVar [[r.Filter.SizeScale:0.6]]
[2022.01.12-23.13.10:247][  0]LogConfig: Setting CVar [[r.Tonemapper.Quality:0]]
[2022.01.12-23.13.10:247][  0]LogConfig: Applying CVar settings from Section [TextureQuality@0] File [D:/kinde/Alice/Saved/Config/Windows/Scalability.ini]
[2022.01.12-23.13.10:247][  0]LogConfig: Setting CVar [[r.Streaming.MipBias:16]]
[2022.01.12-23.13.10:247][  0]LogConfig: Setting CVar [[r.Streaming.AmortizeCPUToGPUCopy:1]]
[2022.01.12-23.13.10:247][  0]LogConfig: Setting CVar [[r.Streaming.MaxNumTexturesToStreamPerFrame:1]]
[2022.01.12-23.13.10:247][  0]LogConfig: Setting CVar [[r.Streaming.Boost:0.3]]
[2022.01.12-23.13.10:247][  0]LogConfig: Setting CVar [[r.MaxAnisotropy:0]]
[2022.01.12-23.13.10:247][  0]LogConfig: Setting CVar [[r.VT.MaxAnisotropy:4]]
[2022.01.12-23.13.10:247][  0]LogConfig: Setting CVar [[r.Streaming.LimitPoolSizeToVRAM:1]]
[2022.01.12-23.13.10:247][  0]LogConfig: Setting CVar [[r.Streaming.PoolSize:400]]
[2022.01.12-23.13.10:247][  0]LogConfig: Setting CVar [[r.Streaming.MaxEffectiveScreenSize:0]]
[2022.01.12-23.13.10:247][  0]LogConfig: Applying CVar settings from Section [EffectsQuality@0] File [D:/kinde/Alice/Saved/Config/Windows/Scalability.ini]
[2022.01.12-23.13.10:247][  0]LogConfig: Setting CVar [[r.TranslucencyLightingVolumeDim:24]]
[2022.01.12-23.13.10:247][  0]LogConfig: Setting CVar [[r.RefractionQuality:0]]
[2022.01.12-23.13.10:247][  0]LogConfig: Setting CVar [[r.SSR.Quality:0]]
[2022.01.12-23.13.10:247][  0]LogConfig: Setting CVar [[r.SSR.HalfResSceneColor:1]]
[2022.01.12-23.13.10:247][  0]LogConfig: Setting CVar [[r.SceneColorFormat:3]]
[2022.01.12-23.13.10:247][  0]LogConfig: Setting CVar [[r.DetailMode:0]]
[2022.01.12-23.13.10:247][  0]LogConfig: Setting CVar [[r.TranslucencyVolumeBlur:0]]
[2022.01.12-23.13.10:247][  0]LogConfig: Setting CVar [[r.MaterialQualityLevel:0 ; Low quality]]
[2022.01.12-23.13.10:247][  0]LogConfig: Setting CVar [[r.AnisotropicMaterials:0]]
[2022.01.12-23.13.10:247][  0]LogConfig: Setting CVar [[r.SSS.Scale:0]]
[2022.01.12-23.13.10:247][  0]LogConfig: Setting CVar [[r.SSS.SampleSet:0]]
[2022.01.12-23.13.10:247][  0]LogConfig: Setting CVar [[r.SSS.Quality:0]]
[2022.01.12-23.13.10:247][  0]LogConfig: Setting CVar [[r.SSS.HalfRes:1]]
[2022.01.12-23.13.10:247][  0]LogConfig: Setting CVar [[r.SSGI.Quality:0]]
[2022.01.12-23.13.10:247][  0]LogConfig: Setting CVar [[r.EmitterSpawnRateScale:0.125]]
[2022.01.12-23.13.10:248][  0]LogConfig: Setting CVar [[r.ParticleLightQuality:0]]
[2022.01.12-23.13.10:248][  0]LogConfig: Setting CVar [[r.SkyAtmosphere.AerialPerspectiveLUT.FastApplyOnOpaque:1 ; Always have FastSkyLUT 1 in this case to avoid wrong sky]]
[2022.01.12-23.13.10:248][  0]LogConfig: Setting CVar [[r.SkyAtmosphere.AerialPerspectiveLUT.SampleCountMaxPerSlice:1]]
[2022.01.12-23.13.10:248][  0]LogConfig: Setting CVar [[r.SkyAtmosphere.AerialPerspectiveLUT.DepthResolution:8.0]]
[2022.01.12-23.13.10:248][  0]LogConfig: Setting CVar [[r.SkyAtmosphere.FastSkyLUT:1]]
[2022.01.12-23.13.10:248][  0]LogConfig: Setting CVar [[r.SkyAtmosphere.FastSkyLUT.SampleCountMin:2.0]]
[2022.01.12-23.13.10:248][  0]LogConfig: Setting CVar [[r.SkyAtmosphere.FastSkyLUT.SampleCountMax:16.0]]
[2022.01.12-23.13.10:248][  0]LogConfig: Setting CVar [[r.SkyAtmosphere.SampleCountMin:2.0]]
[2022.01.12-23.13.10:248][  0]LogConfig: Setting CVar [[r.SkyAtmosphere.SampleCountMax:16.0]]
[2022.01.12-23.13.10:248][  0]LogConfig: Setting CVar [[r.SkyAtmosphere.TransmittanceLUT.UseSmallFormat:1]]
[2022.01.12-23.13.10:248][  0]LogConfig: Setting CVar [[r.SkyAtmosphere.TransmittanceLUT.SampleCount:10.0]]
[2022.01.12-23.13.10:248][  0]LogConfig: Setting CVar [[r.SkyAtmosphere.MultiScatteringLUT.SampleCount:15.0]]
[2022.01.12-23.13.10:248][  0]LogConfig: Setting CVar [[r.SkyLight.RealTimeReflectionCapture:0]]
[2022.01.12-23.13.10:248][  0]LogConfig: Applying CVar settings from Section [FoliageQuality@0] File [D:/kinde/Alice/Saved/Config/Windows/Scalability.ini]
[2022.01.12-23.13.10:248][  0]LogConfig: Setting CVar [[foliage.DensityScale:0]]
[2022.01.12-23.13.10:248][  0]LogConfig: Setting CVar [[grass.DensityScale:0]]
[2022.01.12-23.13.10:248][  0]LogConfig: Applying CVar settings from Section [ShadingQuality@3] File [D:/kinde/Alice/Saved/Config/Windows/Scalability.ini]
[2022.01.12-23.13.10:248][  0]LogConfig: Setting CVar [[r.HairStrands.SkyLighting.IntegrationType:2]]
[2022.01.12-23.13.10:248][  0]LogConfig: Setting CVar [[r.HairStrands.SkyAO.SampleCount:4]]
[2022.01.12-23.13.10:248][  0]LogConfig: Setting CVar [[r.HairStrands.Visibility.MSAA.SamplePerPixel:4]]
[2022.01.12-23.13.10:248][  0]LogConfig: Applying CVar settings from Section [Startup] File [../../../Engine/Config/ConsoleVariables.ini]
[2022.01.12-23.13.10:250][  0]LogConfig: Setting CVar [[net.UseAdaptiveNetUpdateFrequency:0]]
[2022.01.12-23.13.10:250][  0]LogConfig: Setting CVar [[p.chaos.AllowCreatePhysxBodies:1]]
[2022.01.12-23.13.10:250][  0]LogConfig: Setting CVar [[fx.SkipVectorVMBackendOptimizations:1]]
[2022.01.12-23.13.10:250][  0]LogConfig: Applying CVar settings from Section [ConsoleVariables] File [D:/kinde/Alice/Saved/Config/Windows/Engine.ini]
[2022.01.12-23.13.10:250][  0]LogConfig: Applying CVar settings from Section [ConsoleVariables] File [D:/kinde/Alice/Saved/Config/Windows/Editor.ini]
[2022.01.12-23.13.10:251][  0]LogInit: Computer: LAPTOP-NS2BGKLM
[2022.01.12-23.13.10:251][  0]LogInit: User: kinde
[2022.01.12-23.13.10:251][  0]LogInit: CPU Page size=4096, Cores=4
[2022.01.12-23.13.10:251][  0]LogInit: High frequency timer resolution =10.000000 MHz
[2022.01.12-23.13.10:251][  0]LogMemory: Memory total: Physical=13.9GB (14GB approx)
[2022.01.12-23.13.10:251][  0]LogMemory: Platform Memory Stats for Windows
[2022.01.12-23.13.10:251][  0]LogMemory: Process Physical Memory: 143.75 MB used, 143.75 MB peak
[2022.01.12-23.13.10:251][  0]LogMemory: Process Virtual Memory: 128.63 MB used, 128.63 MB peak
[2022.01.12-23.13.10:251][  0]LogMemory: Physical Memory: 9883.50 MB used,  4366.80 MB free, 14250.30 MB total
[2022.01.12-23.13.10:251][  0]LogMemory: Virtual Memory: 134213952.00 MB used,  3772.36 MB free, 134217728.00 MB total
[2022.01.12-23.13.10:265][  0]LogWindows: WindowsPlatformFeatures enabled
[2022.01.12-23.13.10:325][  0]LogInit: Physics initialised using underlying interface: PhysX
[2022.01.12-23.13.10:326][  0]LogInit: Using OS detected language (fr-FR).
[2022.01.12-23.13.10:326][  0]LogInit: Using OS detected locale (fr-FR).
[2022.01.12-23.13.10:330][  0]LogTextLocalizationManager: No specific localization for 'fr-FR' exists, so the 'fr' localization will be used.
[2022.01.12-23.13.10:333][  0]LogTextLocalizationResource: LocRes '../../../Engine/Content/Localization/Editor/fr/Editor.locres' could not be opened for reading!
[2022.01.12-23.13.10:333][  0]LogTextLocalizationResource: LocRes '../../../Engine/Content/Localization/EditorTutorials/fr/EditorTutorials.locres' could not be opened for reading!
[2022.01.12-23.13.10:333][  0]LogTextLocalizationResource: LocRes '../../../Engine/Content/Localization/Keywords/fr/Keywords.locres' could not be opened for reading!
[2022.01.12-23.13.10:334][  0]LogTextLocalizationResource: LocRes '../../../Engine/Content/Localization/Category/fr/Category.locres' could not be opened for reading!
[2022.01.12-23.13.10:334][  0]LogTextLocalizationResource: LocRes '../../../Engine/Content/Localization/ToolTips/fr/ToolTips.locres' could not be opened for reading!
[2022.01.12-23.13.10:334][  0]LogTextLocalizationResource: LocRes '../../../Engine/Content/Localization/PropertyNames/fr/PropertyNames.locres' could not be opened for reading!
[2022.01.12-23.13.10:334][  0]LogTextLocalizationResource: LocRes '../../../Engine/Content/Localization/Engine/fr/Engine.locres' could not be opened for reading!
[2022.01.12-23.13.10:355][  0]LogWindowsTextInputMethodSystem: Display: IME system deactivated.
[2022.01.12-23.13.10:383][  0]LogSlate: New Slate User Created.  User Index 0, Is Virtual User: 0
[2022.01.12-23.13.10:383][  0]LogSlate: Slate User Registered.  User Index 0, Is Virtual User: 0
[2022.01.12-23.13.10:410][  0]LogD3D11RHI: Loaded GFSDK_Aftermath_Lib.x64.dll
[2022.01.12-23.13.10:416][  0]LogHMD: Failed to initialize OpenVR with code 110
[2022.01.12-23.13.10:416][  0]LogD3D11RHI: D3D11 min allowed feature level: 11_0
[2022.01.12-23.13.10:416][  0]LogD3D11RHI: D3D11 max allowed feature level: 11_0
[2022.01.12-23.13.10:416][  0]LogD3D11RHI: D3D11 adapters:
[2022.01.12-23.13.10:477][  0]LogD3D11RHI:    0. 'AMD Radeon(TM) RX Vega 10 Graphics' (Feature Level 11_0)
[2022.01.12-23.13.10:477][  0]LogD3D11RHI:       2034/0/7125 MB DedicatedVideo/DedicatedSystem/SharedSystem, Outputs:1, VendorId:0x1002
[2022.01.12-23.13.10:480][  0]LogD3D11RHI:    1. 'Microsoft Basic Render Driver' (Feature Level 11_0)
[2022.01.12-23.13.10:480][  0]LogD3D11RHI:       0/0/7125 MB DedicatedVideo/DedicatedSystem/SharedSystem, Outputs:0, VendorId:0x1414
[2022.01.12-23.13.10:480][  0]LogD3D11RHI: Chosen D3D11 Adapter:
[2022.01.12-23.13.10:480][  0]LogD3D11RHI:     Description : AMD Radeon(TM) RX Vega 10 Graphics
[2022.01.12-23.13.10:480][  0]LogD3D11RHI:     VendorId    : 1002
[2022.01.12-23.13.10:480][  0]LogD3D11RHI:     DeviceId    : 15d8
[2022.01.12-23.13.10:480][  0]LogD3D11RHI:     SubSysId    : 85b3103c
[2022.01.12-23.13.10:480][  0]LogD3D11RHI:     Revision    : 00c1
[2022.01.12-23.13.10:480][  0]LogD3D11RHI:     DedicatedVideoMemory : 2133184512 bytes
[2022.01.12-23.13.10:480][  0]LogD3D11RHI:     DedicatedSystemMemory : 0 bytes
[2022.01.12-23.13.10:480][  0]LogD3D11RHI:     SharedSystemMemory : 7471259648 bytes
[2022.01.12-23.13.10:480][  0]LogD3D11RHI:     AdapterLuid : 0 66087
[2022.01.12-23.13.10:493][  0]LogD3D11RHI: Creating new Direct3DDevice
[2022.01.12-23.13.10:493][  0]LogD3D11RHI:     GPU DeviceId: 0x15d8 (for the marketing name, search the web for "GPU Device Id")
[2022.01.12-23.13.10:493][  0]LogWindows: EnumDisplayDevices:
[2022.01.12-23.13.10:494][  0]LogWindows:    0. 'AMD Radeon(TM) RX Vega 10 Graphics' (P:1 D:1)
[2022.01.12-23.13.10:494][  0]LogWindows:    1. 'AMD Radeon(TM) RX Vega 10 Graphics' (P:0 D:0)
[2022.01.12-23.13.10:495][  0]LogWindows:    2. 'AMD Radeon(TM) RX Vega 10 Graphics' (P:0 D:0)
[2022.01.12-23.13.10:495][  0]LogWindows:    3. 'AMD Radeon(TM) RX Vega 10 Graphics' (P:0 D:0)
[2022.01.12-23.13.10:495][  0]LogWindows:    4. 'AMD Radeon(TM) RX Vega 10 Graphics' (P:0 D:0)
[2022.01.12-23.13.10:496][  0]LogWindows:    5. 'AMD Radeon(TM) RX Vega 10 Graphics' (P:0 D:0)
[2022.01.12-23.13.10:496][  0]LogWindows: DebugString: FoundDriverCount:6 
[2022.01.12-23.13.10:496][  0]LogD3D11RHI:     Adapter Name: AMD Radeon(TM) RX Vega 10 Graphics
[2022.01.12-23.13.10:496][  0]LogD3D11RHI:   Driver Version: Adrenalin 20.50.30.04 (internal:27.20.15030.4000, unified:27.20.15030.4000)
[2022.01.12-23.13.10:496][  0]LogD3D11RHI:      Driver Date: 9-7-2021
[2022.01.12-23.13.10:496][  0]LogRHI: Texture pool is 5911 MB (70% of 8445 MB)
[2022.01.12-23.13.10:516][  0]LogD3D11RHI: Creating D3DDevice with AMD AGS, using adapter:
[2022.01.12-23.13.10:516][  0]LogD3D11RHI:     Description : AMD Radeon(TM) RX Vega 10 Graphics
[2022.01.12-23.13.10:516][  0]LogD3D11RHI:     VendorId    : 1002
[2022.01.12-23.13.10:516][  0]LogD3D11RHI:     DeviceId    : 15d8
[2022.01.12-23.13.10:516][  0]LogD3D11RHI:     SubSysId    : 85b3103c
[2022.01.12-23.13.10:516][  0]LogD3D11RHI:     Revision    : 00c1
[2022.01.12-23.13.10:516][  0]LogD3D11RHI:     DedicatedVideoMemory : 2133184512 bytes
[2022.01.12-23.13.10:516][  0]LogD3D11RHI:     DedicatedSystemMemory : 0 bytes
[2022.01.12-23.13.10:516][  0]LogD3D11RHI:     SharedSystemMemory : 7471259648 bytes
[2022.01.12-23.13.10:516][  0]LogD3D11RHI:     AdapterLuid : 0 66087
[2022.01.12-23.13.10:572][  0]LogD3D11RHI: Created device via AGS, feature level 11_0, supported extensions 1fffffbf.
[2022.01.12-23.13.10:572][  0]LogD3D11RHI: RHI has support for 64 bit atomics
[2022.01.12-23.13.10:572][  0]LogD3D11RHI: Async texture creation enabled
[2022.01.12-23.13.10:572][  0]LogD3D11RHI: Array index from any shader is supported
[2022.01.12-23.13.10:587][  0]LogD3D11RHI: GPU Timing Frequency: 25.000000 (Debug: 2 1)
[2022.01.12-23.13.11:040][  0]LogTargetPlatformManager: Display: Loaded TargetPlatform 'WindowsNoEditor'
[2022.01.12-23.13.11:052][  0]LogTargetPlatformManager: Display: Loaded TargetPlatform 'Windows'
[2022.01.12-23.13.11:060][  0]LogTargetPlatformManager: Display: Loaded TargetPlatform 'WindowsClient'
[2022.01.12-23.13.11:069][  0]LogTargetPlatformManager: Display: Loaded TargetPlatform 'WindowsServer'
[2022.01.12-23.13.11:069][  0]LogTargetPlatformManager: Display: Building Assets For Windows
[2022.01.12-23.13.11:088][  0]LogAudioDebug: Display: Lib vorbis DLL was dynamically loaded.
[2022.01.12-23.13.11:156][  0]LogTextureFormatOodle: Display: Oodle Texture 2.9.0 init RDO Off
[2022.01.12-23.13.11:215][  0]LogRendererCore: Ray tracing is disabled. Reason: r.RayTracing=0.
[2022.01.12-23.13.11:216][  0]LogShaderCompilers: Guid format shader working directory is 16 characters bigger than the processId version (../../../../../../kinde/Alice/Intermediate/Shaders/WorkingDirectory/21640/).
[2022.01.12-23.13.11:216][  0]LogShaderCompilers: Cleaned the shader compiler working directory 'C:/Users/kinde/AppData/Local/Temp/UnrealShaderWorkingDir/75A6FE024ACFAA3E9508348E7136F17A/'.
[2022.01.12-23.13.11:216][  0]LogXGEController: Cannot use XGE Controller as Incredibuild is not installed on this machine.
[2022.01.12-23.13.11:216][  0]LogShaderCompilers: Cannot use XGE Shader Compiler as Incredibuild is not installed on this machine.
[2022.01.12-23.13.11:216][  0]LogShaderCompilers: Display: Using Local Shader Compiler.
[2022.01.12-23.13.12:183][  0]LogDerivedDataCache: Display: Max Cache Size: 512 MB
[2022.01.12-23.13.12:241][  0]LogDerivedDataCache: Loaded boot cache 0.06s 94MB C:/Users/kinde/AppData/Local/UnrealEngine/4.27/DerivedDataCache/Boot.ddc.
[2022.01.12-23.13.12:241][  0]LogDerivedDataCache: Display: Loaded Boot cache: C:/Users/kinde/AppData/Local/UnrealEngine/4.27/DerivedDataCache/Boot.ddc
[2022.01.12-23.13.12:242][  0]LogDerivedDataCache: FDerivedDataBackendGraph:  Pak pak cache file ../../../../../../kinde/Alice/DerivedDataCache/DDC.ddp not found, will not use a pak cache.
[2022.01.12-23.13.12:242][  0]LogDerivedDataCache: Unable to find inner node Pak for hierarchical cache Hierarchy.
[2022.01.12-23.13.12:242][  0]LogDerivedDataCache: FDerivedDataBackendGraph:  CompressedPak pak cache file ../../../../../../kinde/Alice/DerivedDataCache/Compressed.ddp not found, will not use a pak cache.
[2022.01.12-23.13.12:242][  0]LogDerivedDataCache: Unable to find inner node CompressedPak for hierarchical cache Hierarchy.
[2022.01.12-23.13.12:263][  0]LogDerivedDataCache: Display: Pak cache opened for reading ../../../Engine/DerivedDataCache/Compressed.ddp.
[2022.01.12-23.13.12:263][  0]LogDerivedDataCache: FDerivedDataBackendGraph:  EnterprisePak pak cache file ../../../Enterprise/DerivedDataCache/Compressed.ddp not found, will not use a pak cache.
[2022.01.12-23.13.12:263][  0]LogDerivedDataCache: Unable to find inner node EnterprisePak for hierarchical cache Hierarchy.
[2022.01.12-23.13.12:287][  0]LogDerivedDataCache: Speed tests for C:/Users/kinde/AppData/Local/UnrealEngine/Common/DerivedDataCache took 0.02 seconds
[2022.01.12-23.13.12:287][  0]LogDerivedDataCache: Display: Performance to C:/Users/kinde/AppData/Local/UnrealEngine/Common/DerivedDataCache: Latency=0.05ms. RandomReadSpeed=82.53MBs, RandomWriteSpeed=76.75MBs. Assigned SpeedClass 'Local'
[2022.01.12-23.13.12:288][  0]LogDerivedDataCache: Using Local data cache path C:/Users/kinde/AppData/Local/UnrealEngine/Common/DerivedDataCache: Writable
[2022.01.12-23.13.12:288][  0]LogDerivedDataCache: Shared data cache path not found in *engine.ini, will not use an Shared cache.
[2022.01.12-23.13.12:288][  0]LogDerivedDataCache: Unable to find inner node Shared for hierarchical cache Hierarchy.
[2022.01.12-23.13.12:332][  0]LogSlate: Using FreeType 2.10.0
[2022.01.12-23.13.12:333][  0]LogSlate: SlateFontServices - WITH_FREETYPE: 1, WITH_HARFBUZZ: 1
[2022.01.12-23.13.12:445][  0]LogInit: Using OS detected language (fr-FR).
[2022.01.12-23.13.12:445][  0]LogInit: Using OS detected locale (fr-FR).
[2022.01.12-23.13.12:445][  0]LogTextLocalizationManager: No localization for 'fr-FR' exists, so 'en' will be used for the language.
[2022.01.12-23.13.12:445][  0]LogTextLocalizationManager: No localization for 'fr-FR' exists, so 'en' will be used for the locale.
[2022.01.12-23.13.12:445][  0]LogSlate: FontCache flush requested. Reason: Culture for localization was changed
[2022.01.12-23.13.12:445][  0]LogSlate: FontCache flush requested. Reason: Culture for localization was changed
[2022.01.12-23.13.12:450][  0]LogAssetRegistry: FAssetRegistry took 0.0034 seconds to start up
[2022.01.12-23.13.12:662][  0]LogTextLocalizationManager: Compacting localization data took   0.01ms
[2022.01.12-23.13.12:662][  0]LogPackageLocalizationCache: Processed 27 localized package path(s) for 1 prioritized culture(s) in 0.002114 seconds
[2022.01.12-23.13.12:755][  0]LogInit: Selected Device Profile: [Windows]
[2022.01.12-23.13.12:755][  0]LogInit: Active device profile: [000001FF3DFFE800][000001FF3915C180 49] Windows
[2022.01.12-23.13.12:755][  0]LogInit: Profiles: [000001FF3DFFE800][000001FF3915C180 49] Windows, [000001FF3DFC1A00][000001FF3D8D4300 49] WindowsNoEditor, [000001FF3DFFD900][000001FF3D8D8480 49] WindowsServer, [000001FF3DFC0D00][000001FF3D8DC600 49] WindowsClient, [000001FF3DFFEA00][000001FF3D8E0780 49] IOS, [000001FF3DFC1E00][000001FF3D8E4900 49] iPadAir, [000001FF3DFFDC00][000001FF3D8E8A80 49] iPadAir2, [000001FF3DF6B500][000001FF3D8F0D40 49] IPadPro, [000001FF3DF6B600][000001FF3D8ECD80 49] iPadAir3, [000001FF3DFFCF00][000001FF3D8F4F00 49] iPadAir4, [000001FF3DF69E00][000001FF3D8F9080 49] iPadMini2, [000001FF3DFFF400][000001FF3D8FD200 49] iPadMini3, [000001FF3DF6A000][000001FF3D901380 49] iPadMini4, [000001FF3DFFE100][000001FF3D8D14C0 49] iPadMini5, [000001FF3DFDEE00][000001FF3D909700 49] iPhone6, [000001FF3DFDEF00][000001FF3D905740 49] iPodTouch6, [000001FF3DF68D00][000001FF3D9159C0 49] iPhone7, [000001FF3DF68B00][000001FF3D90DA00 49] iPodTouch7, [000001FF3DFDDD00][000001FF3D919B80 49] iPhone5S, [000001FF3DF6B800][000001FF3D91C180 49] iPhone6Plus, [000001FF3DFDE100][000001FF3D920300 49] iPhone6S, [000001FF3DF69A00][000001FF3D924480 49] iPhone6SPlus, [000001FF3DFDE000][000001FF3D928600 49] iPhone7Plus, [000001FF3DF6A100][000001FF3D92C780 49] iPhoneSE, [000001FF3DFDD900][000001FF3D930900 49] iPhone8, [000001FF3DF6BA00][000001FF3D934A80 49] iPhone8Plus, [000001FF3DFDDC00][000001FF3D938C00 49] iPhoneX, [000001FF3DF6A500][000001FF3D93CD80 49] iPhoneXS, [000001FF3DFDF100][000001FF3D940F00 49] iPhoneXSMax, [000001FF3DF6A200][000001FF3D945080 49] iPhoneXR, [000001FF3DFDF800][000001FF3D949200 49] iPhone11, [000001FF3DF69B00][000001FF3D94D380 49] iPhone11Pro, [000001FF3DFDD000][000001FF3D951500 49] iPhone11ProMax, [000001FF3DF6AD00][000001FF3D955680 49] iPhoneSE2, [000001FF3DFDFE00][000001FF3D9117C0 49] iPhone12Mini, [000001FF3DF6B700][000001FF3D959900 49] iPhone12, [000001FF3DFDE400][000001FF3D95DA40 49] iPhone12Pro, [000001FF3DF6AF00][000001FF3D965BC0 49] iPhone12ProMax, [000001FF3DFDF300][000001FF3D9681C0 49] iPadPro105, [000001FF3DF6A900][000001FF3D96C340 49] iPadPro129, [000001FF3DFDC400][000001FF3D9704C0 49] iPadPro97, [000001FF3DF6B100][000001FF3D974640 49] iPadPro2_129, [000001FF3DFDC200][000001FF3D9787C0 49] iPad5, [000001FF3DF68700][000001FF3D97C940 49] iPad6, [000001FF3DFDD200][000001FF38302AC0 49] iPad7, [000001FF3DF6AA00][000001FF38306C40 49] iPad8, [000001FF3DFDC500][000001FF3830ADC0 49] iPadPro11, [000001FF3DF69900][000001FF3830EF40 49] iPadPro2_11, [000001FF3DFDC700][000001FF383130C0 49] iPadPro3_129, [000001FF3E048800][000001FF38317240 49] iPadPro4_129, [000001FF3DFC3300][000001FF3831B3C0 49] AppleTV, [000001FF3E048100][000001FF3831F540 49] AppleTV4K, [000001FF3DFC2B00][000001FF383236C0 49] TVOS, [000001FF3E048F00][000001FF38327840 49] Mac, [000001FF3DFC0B00][000001FF3D961980 49] MacClient, [000001FF3E048E00][000001FF3832BAC0 49] MacNoEditor, [000001FF3DFC2500][000001FF3832FC00 49] MacServer, [000001FF3E048B00][000001FF383321C0 49] Linux, [000001FF3DFC3000][000001FF39070340 49] LinuxAArch64, [000001FF3E049300][000001FF390744C0 49] LinuxNoEditor, [000001FF3DFC1D00][000001FF39078640 49] LinuxAArch64NoEditor, [000001FF3DF6AB00][000001FF3907C7C0 49] LinuxClient, [000001FF3DFC1700][000001FF39080940 49] LinuxAArch64Client, [000001FF3DF68500][000001FF39084AC0 49] LinuxServer, [000001FF3DFC0E00][000001FF39088C40 49] LinuxAArch64Server, [000001FF3DF68A00][000001FF3908CDC0 49] Android, [000001FF3DFC2700][000001FF39090F40 49] Android_Low, [000001FF3DF6BB00][000001FF390950C0 49] Android_Mid, [000001FF3DFC2200][000001FF39099240 49] Android_High, [000001FF3DF6B000][000001FF3909D3C0 49] Android_Default, [000001FF3DFC2800][000001FF390A1540 49] Android_Adreno4xx, [000001FF3DF6B200][000001FF390A56C0 49] Android_Adreno5xx_Low, [000001FF3DFC0700][000001FF390A9840 49] Android_Adreno5xx, [000001FF3DF69800][000001FF390AD9C0 49] Android_Adreno6xx, [000001FF3DFC3F00][000001FF38337B00 49] Android_Adreno6xx_Vulkan, [000001FF3DF69100][000001FF390B00C0 49] Android_Mali_T6xx, [000001FF3DFC2300][000001FF390B4200 49] Android_Mali_T7xx, [000001FF3DF69F00][000001FF390B8340 49] Android_Mali_T8xx, [000001FF3DFC3900][000001FF387504C0 49] Android_Mali_G71, [000001FF3DF6BD00][000001FF38754640 49] Android_Mali_G72, [000001FF3DFC0C00][000001FF387587C0 49] Android_Mali_G72_Vulkan, [000001FF3DF68400][000001FF3875C940 49] Android_Mali_G76, [000001FF3DFC0300][000001FF38760AC0 49] Android_Mali_G76_Vulkan, [000001FF3DF69200][000001FF38764C40 49] Android_Mali_G77, [000001FF3DFC1200][000001FF38768DC0 49] Android_Mali_G77_Vulkan, [000001FF3DF68C00][000001FF3876CF40 49] Android_Mali_G78, [000001FF3DFC2000][000001FF387710C0 49] Android_Mali_G78_Vulkan, [000001FF3DF6A700][000001FF38775240 49] Android_Mali_G710, [000001FF3DFC3A00][000001FF387793C0 49] Android_Mali_G710_Vulkan, [000001FF3DF69400][000001FF3877D540 49] Android_Vulkan_SM5, [000001FF3DFC0800][000001FF387816C0 49] Android_PowerVR_G6xxx, [000001FF3DF68600][000001FF38785840 49] Android_PowerVR_GT7xxx, [000001FF3DFC3200][000001FF387899C0 49] Android_PowerVR_GE8xxx, [000001FF3DF6A300][000001FF3878DB40 49] Android_PowerVR_GM9xxx, [000001FF3DFDFA00][000001FF38790140 49] Android_PowerVR_GM9xxx_Vulkan, [000001FF3DFFD000][000001FF3874C280 49] Android_TegraK1, [000001FF3DFDEC00][000001FF387943C0 49] Android_Unknown_Vulkan, [000001FF3DFFCC00][000001FF38798500 49] Lumin, [000001FF3DFDF900][000001FF387A0680 49] Lumin_Desktop, [000001FF3DFFF800][000001FF387A4800 49] HoloLens, 
[2022.01.12-23.13.12:921][  0]LogMeshReduction: Using QuadricMeshReduction for automatic static mesh reduction
[2022.01.12-23.13.12:921][  0]LogMeshReduction: Using SimplygonMeshReduction for automatic skeletal mesh reduction
[2022.01.12-23.13.12:921][  0]LogMeshReduction: Using ProxyLODMeshReduction for automatic mesh merging
[2022.01.12-23.13.12:921][  0]LogMeshReduction: No distributed automatic mesh merging module available
[2022.01.12-23.13.12:921][  0]LogMeshMerging: No distributed automatic mesh merging module available
[2022.01.12-23.13.12:941][  0]LogNetVersion: Alice 1.0.0, NetCL: 17155196, EngineNetVer: 17, GameNetVer: 0 (Checksum: 885693577)
[2022.01.12-23.13.13:248][  0]LogTexture: Default maximum texture size for cubemaps generated from long-lat sources has been changed from 512 to unlimited. In order to preserve old behaiour for '/Engine/MapTemplates/Sky/DaylightAmbientCubemap.DaylightAmbientCubemap', its maximum texture size has been explicitly set to 512.
[2022.01.12-23.13.13:314][  0]LogHMD: PokeAHoleMaterial loaded successfully
[2022.01.12-23.13.13:511][  0]LogMoviePlayer: Initializing movie player
[2022.01.12-23.13.13:655][  0]LogNiagaraDebuggerClient: Niagara Debugger Client Initialized | Session: 276BE6CE421BCC06175BFEAE351AF328 | Instance: F8A0CD024FA544F5F91983A4FE96F1DD (LAPTOP-NS2BGKLM-21640).
[2022.01.12-23.13.13:685][  0]LogCollectionManager: Loaded 0 collections in 0.000977 seconds
[2022.01.12-23.13.13:691][  0]LogFileCache: Scanning file cache for directory 'D:/kinde/Alice/Saved/Collections/' took 0.00s
[2022.01.12-23.13.13:691][  0]LogFileCache: Scanning file cache for directory 'D:/kinde/Alice/Content/Developers/kinde/Collections/' took 0.00s
[2022.01.12-23.13.13:691][  0]LogCollectionManager: Fixed up redirectors for 0 collections in 0.000002 seconds (updated 0 objects)
[2022.01.12-23.13.13:842][  0]LogFileCache: Scanning file cache for directory 'D:/kinde/Alice/Content/Collections/' took 0.00s
[2022.01.12-23.13.13:842][  0]LogPython: Using Python 3.7.7
[2022.01.12-23.13.14:404][  0]LogUdpMessaging: Initializing bridge on interface 0.0.0.0:0 to multicast group 230.0.0.1:6666.
[2022.01.12-23.13.14:414][  0]LogTcpMessaging: Initializing TcpMessaging bridge
[2022.01.12-23.13.14:520][  0]SourceControl: Source control is disabled
[2022.01.12-23.13.14:520][  0]SourceControl: Source control is disabled
[2022.01.12-23.13.14:525][  0]SourceControl: Source control is disabled
[2022.01.12-23.13.14:536][  0]LogUProjectInfo: Found projects:
[2022.01.12-23.13.14:549][  0]LogVSAccessor: Display: Unable to create Visual Studio setup instance: 80040154
[2022.01.12-23.13.14:550][  0]LogVSAccessor: Display: Unable to create Visual Studio setup instance: 80040154
[2022.01.12-23.13.14:550][  0]LogVSAccessor: Display: Unable to create Visual Studio setup instance: 80040154
[2022.01.12-23.13.14:728][  0]LogOpenImageDenoise: OIDN starting up
[2022.01.12-23.13.14:801][  0]LogAndroidPermission: UAndroidPermissionCallbackProxy::GetInstance
[2022.01.12-23.13.14:834][  0]LogAudioCaptureCore: Display: No Audio Capture implementations found. Audio input will be silent.
[2022.01.12-23.13.14:834][  0]LogAudioCaptureCore: Display: No Audio Capture implementations found. Audio input will be silent.
[2022.01.12-23.13.14:937][  0]LogOcInput: OculusInput pre-init called
[2022.01.12-23.13.14:949][  0]LogUObjectArray: 22121 objects as part of root set at end of initial load.
[2022.01.12-23.13.14:949][  0]LogUObjectAllocator: 5975632 out of 0 bytes used by permanent object pool.
[2022.01.12-23.13.14:949][  0]LogUObjectArray: CloseDisregardForGC: 0/0 objects in disregard for GC pool
[2022.01.12-23.13.15:015][  0]LogEngine: Initializing Engine...
[2022.01.12-23.13.15:021][  0]LogHMD: Failed to enumerate extensions. Please check that you have a valid OpenXR runtime installed.
[2022.01.12-23.13.15:022][  0]LogHMD: Failed to initialize OpenVR with code 110
[2022.01.12-23.13.15:022][  0]LogMagicLeap: Warning: VR disabled because ZI is not enabled.  To enable, in the editor, Edit -> Project Settings -> Plugins -> Magic Leap Plugin -> Enable Zero Iteration
[2022.01.12-23.13.15:024][  0]LogStats: UGameplayTagsManager::InitializeManager -  0.001 s
[2022.01.12-23.13.15:145][  0]LogInit: Initializing FReadOnlyCVARCache
[2022.01.12-23.13.15:145][  0]LogAudio: Display: Initializing Audio Device Manager...
[2022.01.12-23.13.15:154][  0]LogAudio: Display: Loading Default Audio Settings Objects...
[2022.01.12-23.13.15:155][  0]LogAudio: Display: No default SoundConcurrencyObject specified (or failed to load).
[2022.01.12-23.13.15:156][  0]LogAudio: Display: Audio Device Manager Initialized
[2022.01.12-23.13.15:156][  0]LogAudio: Display: Creating Audio Device:                 Id: 1, Scope: Shared, Realtime: True
[2022.01.12-23.13.15:156][  0]LogAudioMixer: Display: Audio Mixer Platform Settings:
[2022.01.12-23.13.15:156][  0]LogAudioMixer: Display: 	Sample Rate:						  48000
[2022.01.12-23.13.15:156][  0]LogAudioMixer: Display: 	Callback Buffer Frame Size Requested: 1024
[2022.01.12-23.13.15:156][  0]LogAudioMixer: Display: 	Callback Buffer Frame Size To Use:	  1024
[2022.01.12-23.13.15:156][  0]LogAudioMixer: Display: 	Number of buffers to queue:			  2
[2022.01.12-23.13.15:156][  0]LogAudioMixer: Display: 	Max Channels (voices):				  32
[2022.01.12-23.13.15:156][  0]LogAudioMixer: Display: 	Number of Async Source Workers:		  0
[2022.01.12-23.13.15:156][  0]LogAudio: Display: AudioDevice MaxSources: 32
[2022.01.12-23.13.15:157][  0]LogAudio: Display: Audio Spatialization Plugin: None (built-in).
[2022.01.12-23.13.15:157][  0]LogAudio: Display: Audio Reverb Plugin: None (built-in).
[2022.01.12-23.13.15:157][  0]LogAudio: Display: Audio Occlusion Plugin: None (built-in).
[2022.01.12-23.13.15:157][  0]LogAudioMixer: Display: Initializing audio mixer.
[2022.01.12-23.13.15:175][  0]LogAudioMixer: Display: 0: FrontLeft
[2022.01.12-23.13.15:175][  0]LogAudioMixer: Display: 1: FrontRight
[2022.01.12-23.13.15:198][  0]LogAudioMixer: Display: Using Audio Device Speaker / Headphone (Realtek(R) Audio)
[2022.01.12-23.13.15:206][  0]LogAudioMixer: Display: Initializing Sound Submixes...
[2022.01.12-23.13.15:210][  0]LogAudioMixer: Display: Creating Master Submix 'MasterSubmixDefault'
[2022.01.12-23.13.15:210][  0]LogAudioMixer: Display: Creating Master Submix 'MasterReverbSubmixDefault'
[2022.01.12-23.13.15:210][  0]LogAudioMixer: Display: Creating Master Submix 'MasterEQSubmixDefault'
[2022.01.12-23.13.15:210][  0]LogAudioMixer: FMixerPlatformXAudio2::StartAudioStream() called
[2022.01.12-23.13.15:210][  0]LogAudioMixer: Display: Output buffers initialized: Frames=1024, Channels=2, Samples=2048
[2022.01.12-23.13.15:212][  0]LogAudioMixer: Display: Starting AudioMixerPlatformInterface::RunInternal()
[2022.01.12-23.13.15:212][  0]LogAudioMixer: Display: FMixerPlatformXAudio2::SubmitBuffer() called for the first time
[2022.01.12-23.13.15:212][  0]LogInit: FAudioDevice initialized.
[2022.01.12-23.13.15:214][  0]LogNetVersion: Set ProjectVersion to 1.0.0.0. Version Checksum will be recalculated on next use.
[2022.01.12-23.13.15:216][  0]LogInit: Texture streaming: Enabled
[2022.01.12-23.13.15:318][  0]LogAudio: Display: Audio Device (ID: 1) registered with world 'Untitled'.
[2022.01.12-23.13.15:318][  0]LogSlate: Updating window title bar state: overlay mode, drag disabled, window buttons hidden, title bar hidden
[2022.01.12-23.13.15:319][  0]LogInit: Display: Game Engine Initialized.
[2022.01.12-23.13.15:319][  0]LogNiagaraEditor: GEditor isn't valid! Particle reset commands will not work for Niagara components!
[2022.01.12-23.13.15:509][  0]LogInit: Display: Starting Game.
[2022.01.12-23.13.15:510][  0]LogNet: Browse: /Game/Maps/Level1?Name=Player
[2022.01.12-23.13.15:510][  0]LogLoad: LoadMap: /Game/Maps/Level1?Name=Player
[2022.01.12-23.13.15:510][  0]LogWorld: BeginTearingDown for /Temp/Untitled_0
[2022.01.12-23.13.15:511][  0]LogWorld: UWorld::CleanupWorld for Untitled, bSessionEnded=true, bCleanupResources=true
[2022.01.12-23.13.15:512][  0]LogSlate: InvalidateAllWidgets triggered.  All widgets were invalidated
[2022.01.12-23.13.15:517][  0]LogAudio: Display: Audio Device unregistered from world 'None'.
[2022.01.12-23.13.15:520][  0]LogUObjectHash: Compacting FUObjectHashTables data took   1.07ms
[2022.01.12-23.13.15:811][  0]LogAudio: Display: Audio Device (ID: 1) registered with world 'Level1'.
[2022.01.12-23.13.15:825][  0]LogAIModule: Creating AISystem for world Level1
[2022.01.12-23.13.15:865][  0]LogBlueprint: Warning: [AssetLog] D:\kinde\Alice\Content\ThirdPersonBP\Blueprints\ThirdPersonCharacter.uasset: [Compiler] InputAction Event references unknown Action 'ResetVR' for  InputAction ResetVR
[2022.01.12-23.13.15:865][  0]LogBlueprint: Warning: [AssetLog] D:\kinde\Alice\Content\ThirdPersonBP\Blueprints\ThirdPersonCharacter.uasset: [Compiler] Input Axis Event references unknown Axis 'LookUpRate' for  InputAxis LookUpRate
[2022.01.12-23.13.15:865][  0]LogBlueprint: Warning: [AssetLog] D:\kinde\Alice\Content\ThirdPersonBP\Blueprints\ThirdPersonCharacter.uasset: [Compiler] Input Axis Event references unknown Axis 'TurnRate' for  InputAxis TurnRate
[2022.01.12-23.13.16:034][  0]LogLoad: Game class is 'ThirdPersonGameMode_C'
[2022.01.12-23.13.16:058][  0]LogWorld: Bringing World /Game/Maps/Level1.Level1 up for play (max tick rate 0) at 2022.01.13-00.13.16
[2022.01.12-23.13.16:059][  0]LogWorld: Bringing up level for play took: 0.023627
[2022.01.12-23.13.16:063][  0]LogLoad: Took 0.553214 seconds to LoadMap(/Game/Maps/Level1)
[2022.01.12-23.13.16:083][  0]LogSlate: Took 0.000350 seconds to synchronously load lazily loaded font '../../../Engine/Content/Slate/Fonts/Roboto-Regular.ttf' (155K)
[2022.01.12-23.13.16:122][  0]LogRenderer: Reallocating scene render targets to support 1272x688 Format 9 NumSamples 1 (Frame:1).
[2022.01.12-23.13.16:122][  0]LogInit: Display: Engine is initialized. Leaving FEngineLoop::Init()
[2022.01.12-23.13.16:122][  0]LogLoad: (Engine Initialization) Total time: 8.70 seconds
[2022.01.12-23.13.16:122][  0]LogLoad: (Engine Initialization) Total Blueprint compile time: 0.00 seconds
[2022.01.12-23.13.16:126][  0]LogContentStreaming: Texture pool size now 400 MB
[2022.01.12-23.13.16:129][  0]LogSlate: InvalidateAllWidgets triggered.  All widgets were invalidated
[2022.01.12-23.13.16:208][  0]LogRenderer: Reallocating scene render targets to support 128x128 Format 9 NumSamples 1 (Frame:1).
[2022.01.12-23.13.16:246][  0]LogRenderer: Reallocating scene render targets to support 1272x688 Format 9 NumSamples 1 (Frame:2).
[2022.01.12-23.13.16:264][  1]LogSlate: Took 0.000427 seconds to synchronously load lazily loaded font '../../../Engine/Content/Slate/Fonts/Roboto-Regular.ttf' (155K)
[2022.01.12-23.13.27:181][486]Closing by request
[2022.01.12-23.13.27:181][486]LogWindows: FPlatformMisc::RequestExit(0)
[2022.01.12-23.13.27:181][486]LogWindows: FPlatformMisc::RequestExitWithStatus(0, 0)
[2022.01.12-23.13.27:181][486]LogCore: Engine exit requested (reason: Win RequestExit)
[2022.01.12-23.13.27:189][487]LogCore: Engine exit requested (reason: EngineExit() was called; note: exit was already requested)
[2022.01.12-23.13.27:189][487]LogInit: Display: PreExit Game.
[2022.01.12-23.13.27:213][487]LogWorld: BeginTearingDown for /Game/Maps/Level1
[2022.01.12-23.13.27:213][487]LogWorld: UWorld::CleanupWorld for Level1, bSessionEnded=true, bCleanupResources=true
[2022.01.12-23.13.27:214][487]LogSlate: InvalidateAllWidgets triggered.  All widgets were invalidated
[2022.01.12-23.13.28:030][487]LogAudio: Display: Beginning Audio Device Manager Shutdown (Module: AudioMixerXAudio2)...
[2022.01.12-23.13.28:030][487]LogAudio: Display: Destroying 1 Remaining Audio Device(s)...
[2022.01.12-23.13.28:030][487]LogAudio: Display: Audio Device unregistered from world 'Level1'.
[2022.01.12-23.13.28:060][487]LogAudioMixer: FMixerPlatformXAudio2::StopAudioStream() called
[2022.01.12-23.13.28:061][487]LogAudioMixer: FMixerPlatformXAudio2::StopAudioStream() called
[2022.01.12-23.13.28:065][487]LogAudio: Display: Audio Device Manager Shutdown
[2022.01.12-23.13.28:070][487]LogSlate: Window 'Alice (64-bit Development PCD3D_SM5) ' being destroyed
[2022.01.12-23.13.28:071][487]LogWindowsTextInputMethodSystem: Display: IME system deactivated.
[2022.01.12-23.13.28:076][487]LogWindowsTextInputMethodSystem: Display: IME system deactivated.
[2022.01.12-23.13.28:085][487]LogExit: Preparing to exit.
[2022.01.12-23.13.28:425][487]LogUObjectHash: Compacting FUObjectHashTables data took   1.11ms
[2022.01.12-23.13.28:648][487]LogMoviePlayer: Shutting down movie player
[2022.01.12-23.13.28:794][487]LogSlate: Updating window title bar state: overlay mode, drag disabled, window buttons hidden, title bar hidden
[2022.01.12-23.13.28:804][487]LogDemo: Cleaned up 0 splitscreen connections with owner deletion
[2022.01.12-23.13.28:808][487]LogExit: Game engine shut down
[2022.01.12-23.13.28:856][487]LogExit: Object subsystem successfully closed.
[2022.01.12-23.13.28:871][487]LogShaderCompilers: Display: === FShaderJobCache stats ===
[2022.01.12-23.13.28:871][487]LogShaderCompilers: Display: Total job queries 0, among them cache hits 0 (0.00%)
[2022.01.12-23.13.28:871][487]LogShaderCompilers: Display: Tracking 0 distinct input hashes that result in 0 distinct outputs (0.00%)
[2022.01.12-23.13.28:872][487]LogShaderCompilers: Display: RAM used: 0.00 MB (0.00 GB) of 716.80 MB (0.70 GB) budget. Usage: 0.00%
[2022.01.12-23.13.28:872][487]LogShaderCompilers: Display: ================================================
[2022.01.12-23.13.28:887][487]LogShaderCompilers: Display: Shaders left to compile 0
[2022.01.12-23.13.28:897][487]LogModuleManager: Shutting down and abandoning module SequenceRecorderSections (560)
[2022.01.12-23.13.28:897][487]LogModuleManager: Shutting down and abandoning module SequenceRecorder (558)
[2022.01.12-23.13.28:897][487]LogModuleManager: Shutting down and abandoning module AutomationController (556)
[2022.01.12-23.13.28:897][487]LogModuleManager: Shutting down and abandoning module AutomationWorker (554)
[2022.01.12-23.13.28:897][487]LogModuleManager: Shutting down and abandoning module Voice (552)
[2022.01.12-23.13.28:897][487]LogModuleManager: Shutting down and abandoning module AIModule (550)
[2022.01.12-23.13.28:897][487]LogModuleManager: Shutting down and abandoning module GameplayDebugger (549)
[2022.01.12-23.13.28:897][487]LogModuleManager: Shutting down and abandoning module AITestSuite (547)
[2022.01.12-23.13.28:898][487]LogModuleManager: Shutting down and abandoning module NavigationSystem (545)
[2022.01.12-23.13.28:898][487]LogModuleManager: Shutting down and abandoning module AnimGraph (542)
[2022.01.12-23.13.28:898][487]LogModuleManager: Shutting down and abandoning module SteamVREditor (540)
[2022.01.12-23.13.28:898][487]LogModuleManager: Shutting down and abandoning module ToolMenus (539)
[2022.01.12-23.13.28:898][487]LogModuleManager: Shutting down and abandoning module OculusMR (536)
[2022.01.12-23.13.28:898][487]LogModuleManager: Shutting down and abandoning module TakeRecorderSources (534)
[2022.01.12-23.13.28:898][487]LogModuleManager: Shutting down and abandoning module TakeRecorder (533)
[2022.01.12-23.13.28:898][487]LogModuleManager: Shutting down and abandoning module TakeTrackRecorders (530)
[2022.01.12-23.13.28:898][487]LogModuleManager: Shutting down and abandoning module TakesCore (528)
[2022.01.12-23.13.28:898][487]LogModuleManager: Shutting down and abandoning module OpenXRInput (526)
[2022.01.12-23.13.28:898][487]LogModuleManager: Shutting down and abandoning module WebMMediaFactory (524)
[2022.01.12-23.13.28:898][487]LogModuleManager: Shutting down and abandoning module WebMMedia (522)
[2022.01.12-23.13.28:898][487]LogModuleManager: Shutting down and abandoning module WmfMediaFactory (520)
[2022.01.12-23.13.28:898][487]LogModuleManager: Shutting down and abandoning module OpenExrWrapper (518)
[2022.01.12-23.13.28:898][487]LogModuleManager: Shutting down and abandoning module ImgMediaFactory (516)
[2022.01.12-23.13.28:898][487]LogModuleManager: Shutting down and abandoning module AvfMediaFactory (514)
[2022.01.12-23.13.28:898][487]LogModuleManager: Shutting down and abandoning module MagicLeapMediaCodecFactory (512)
[2022.01.12-23.13.28:898][487]LogModuleManager: Shutting down and abandoning module MagicLeapMediaFactory (510)
[2022.01.12-23.13.28:898][487]LogModuleManager: Shutting down and abandoning module PlanarCut (508)
[2022.01.12-23.13.28:898][487]LogModuleManager: Shutting down and abandoning module CharacterAI (506)
[2022.01.12-23.13.28:898][487]LogModuleManager: Shutting down and abandoning module SessionServices (504)
[2022.01.12-23.13.28:898][487]LogModuleManager: Shutting down and abandoning module MovieSceneCapture (502)
[2022.01.12-23.13.28:898][487]LogModuleManager: Shutting down and abandoning module LiveCoding (500)
[2022.01.12-23.13.28:898][487]LogModuleManager: Shutting down and abandoning module LevelSequence (498)
[2022.01.12-23.13.28:898][487]LogModuleManager: Shutting down and abandoning module MovieSceneTracks (496)
[2022.01.12-23.13.28:898][487]LogModuleManager: Shutting down and abandoning module MovieScene (494)
[2022.01.12-23.13.28:898][487]LogModuleManager: Shutting down and abandoning module StreamingPauseRendering (492)
[2022.01.12-23.13.28:898][487]LogModuleManager: Shutting down and abandoning module PortalServices (490)
[2022.01.12-23.13.28:898][487]LogModuleManager: Shutting down and abandoning module PortalRpc (488)
[2022.01.12-23.13.28:898][487]LogModuleManager: Shutting down and abandoning module MessagingRpc (486)
[2022.01.12-23.13.28:898][487]LogModuleManager: Shutting down and abandoning module AudioMixerXAudio2 (484)
[2022.01.12-23.13.28:898][487]LogModuleManager: Shutting down and abandoning module AudioMixerCore (483)
[2022.01.12-23.13.28:898][487]LogModuleManager: Shutting down and abandoning module ImageWriteQueue (480)
[2022.01.12-23.13.28:898][487]LogModuleManager: Shutting down and abandoning module ProfilerService (478)
[2022.01.12-23.13.28:987][487]LogModuleManager: Shutting down and abandoning module TaskGraph (476)
[2022.01.12-23.13.28:987][487]LogModuleManager: Shutting down and abandoning module OculusInput (474)
[2022.01.12-23.13.28:987][487]LogModuleManager: Shutting down and abandoning module TakeMovieScene (472)
[2022.01.12-23.13.28:987][487]LogModuleManager: Shutting down and abandoning module Synthesis (470)
[2022.01.12-23.13.28:987][487]LogModuleManager: Shutting down and abandoning module ProceduralMeshComponent (468)
[2022.01.12-23.13.28:987][487]LogModuleManager: Shutting down and abandoning module MobilePatchingUtils (466)
[2022.01.12-23.13.28:987][487]LogModuleManager: Shutting down and abandoning module GooglePAD (464)
[2022.01.12-23.13.28:987][487]LogModuleManager: Shutting down and abandoning module CustomMeshComponent (462)
[2022.01.12-23.13.28:987][487]LogModuleManager: Shutting down and abandoning module EditableMesh (460)
[2022.01.12-23.13.28:987][487]LogModuleManager: Shutting down and abandoning module AppleImageUtilsBlueprintSupport (458)
[2022.01.12-23.13.28:987][487]LogModuleManager: Shutting down and abandoning module AppleImageUtils (456)
[2022.01.12-23.13.28:987][487]LogModuleManager: Shutting down and abandoning module AudioCapture (454)
[2022.01.12-23.13.28:987][487]LogModuleManager: Shutting down and abandoning module AudioCaptureRtAudio (453)
[2022.01.12-23.13.28:987][487]LogModuleManager: Shutting down and abandoning module CableComponent (450)
[2022.01.12-23.13.28:987][487]LogModuleManager: Shutting down and abandoning module ArchVisCharacter (448)
[2022.01.12-23.13.28:987][487]LogModuleManager: Shutting down and abandoning module AssetTags (446)
[2022.01.12-23.13.28:987][487]LogModuleManager: Shutting down and abandoning module AndroidPermission (444)
[2022.01.12-23.13.28:987][487]LogModuleManager: Shutting down and abandoning module ActorLayerUtilities (442)
[2022.01.12-23.13.28:988][487]LogModuleManager: Shutting down and abandoning module TemplateSequence (440)
[2022.01.12-23.13.28:988][487]LogModuleManager: Shutting down and abandoning module MediaCompositing (438)
[2022.01.12-23.13.28:988][487]LogModuleManager: Shutting down and abandoning module ImgMedia (436)
[2022.01.12-23.13.28:988][487]LogModuleManager: Shutting down and abandoning module MagicLeapLightEstimation (434)
[2022.01.12-23.13.28:988][487]LogModuleManager: Shutting down and abandoning module MagicLeapSharedWorld (432)
[2022.01.12-23.13.28:988][487]LogModuleManager: Shutting down and abandoning module MagicLeapHelperVulkan (430)
[2022.01.12-23.13.28:988][487]LogModuleManager: Shutting down and abandoning module MagicLeapHelperOpenGL (428)
[2022.01.12-23.13.28:988][487]LogModuleManager: Shutting down and abandoning module MagicLeapAudio (426)
[2022.01.12-23.13.28:988][487]LogModuleManager: Shutting down and abandoning module MotoSynth (424)
[2022.01.12-23.13.28:988][487]LogModuleManager: Shutting down and abandoning module OpenImageDenoise (422)
[2022.01.12-23.13.28:988][487]LogOpenImageDenoise: OIDN shutting down
[2022.01.12-23.13.28:988][487]LogModuleManager: Shutting down and abandoning module MeshConversion (420)
[2022.01.12-23.13.28:988][487]LogModuleManager: Shutting down and abandoning module DynamicMesh (418)
[2022.01.12-23.13.28:988][487]LogModuleManager: Shutting down and abandoning module GeometryAlgorithms (416)
[2022.01.12-23.13.28:988][487]LogModuleManager: Shutting down and abandoning module GeometricObjects (414)
[2022.01.12-23.13.28:988][487]LogModuleManager: Shutting down and abandoning module GeometryCacheTracks (412)
[2022.01.12-23.13.28:988][487]LogModuleManager: Shutting down and abandoning module GeometryCacheSequencer (411)
[2022.01.12-23.13.28:988][487]LogModuleManager: Shutting down and abandoning module GeometryCache (408)
[2022.01.12-23.13.28:988][487]LogModuleManager: Shutting down and abandoning module GeometryCacheEd (407)
[2022.01.12-23.13.28:988][487]LogModuleManager: Shutting down and abandoning module GeometryCollectionTracks (404)
[2022.01.12-23.13.28:988][487]LogModuleManager: Shutting down and abandoning module GeometryCollectionSequencer (403)
[2022.01.12-23.13.28:988][487]LogModuleManager: Shutting down and abandoning module ChaosNiagara (400)
[2022.01.12-23.13.28:988][487]LogModuleManager: Shutting down and abandoning module FieldSystemEngine (399)
[2022.01.12-23.13.28:988][487]LogModuleManager: Shutting down and abandoning module BackChannel (396)
[2022.01.12-23.13.28:988][487]LogModuleManager: Shutting down and abandoning module AutomationUtils (394)
[2022.01.12-23.13.28:988][487]LogModuleManager: Shutting down and abandoning module LiveLinkSequencer (392)
[2022.01.12-23.13.28:988][487]LogModuleManager: Shutting down and abandoning module LiveLinkMovieScene (390)
[2022.01.12-23.13.28:988][487]LogModuleManager: Shutting down and abandoning module LiveLinkGraphNode (388)
[2022.01.12-23.13.28:988][487]LogModuleManager: Shutting down and abandoning module LiveLinkComponents (386)
[2022.01.12-23.13.28:988][487]LogModuleManager: Shutting down and abandoning module LiveLink (384)
[2022.01.12-23.13.29:562][487]LogModuleManager: Shutting down and abandoning module VisualStudioSourceCodeAccess (382)
[2022.01.12-23.13.29:562][487]LogModuleManager: Shutting down and abandoning module HotReload (381)
[2022.01.12-23.13.29:562][487]LogModuleManager: Shutting down and abandoning module VisualStudioCodeSourceCodeAccess (378)
[2022.01.12-23.13.29:562][487]LogModuleManager: Shutting down and abandoning module UObjectPlugin (376)
[2022.01.12-23.13.29:562][487]LogModuleManager: Shutting down and abandoning module SubversionSourceControl (374)
[2022.01.12-23.13.29:562][487]LogModuleManager: Shutting down and abandoning module PerforceSourceControl (372)
[2022.01.12-23.13.29:563][487]LogModuleManager: Shutting down and abandoning module SourceControl (371)
[2022.01.12-23.13.29:563][487]LogModuleManager: Shutting down and abandoning module CLionSourceCodeAccess (368)
[2022.01.12-23.13.29:563][487]LogModuleManager: Shutting down and abandoning module OodleNetworkHandlerComponent (366)
[2022.01.12-23.13.29:563][487]LogModuleManager: Shutting down and abandoning module GameplayCameras (364)
[2022.01.12-23.13.29:563][487]LogModuleManager: Shutting down and abandoning module PhysXVehiclesEditor (362)
[2022.01.12-23.13.29:563][487]LogModuleManager: Shutting down and abandoning module RuntimePhysXCooking (358)
[2022.01.12-23.13.29:563][487]LogModuleManager: Shutting down and abandoning module SoundFields (356)
[2022.01.12-23.13.29:563][487]LogModuleManager: Shutting down and abandoning module SignificanceManager (354)
[2022.01.12-23.13.29:563][487]LogModuleManager: Shutting down and abandoning module PropertyAccessEditor (352)
[2022.01.12-23.13.29:563][487]LogModuleManager: Shutting down and abandoning module LocationServicesBPLibrary (350)
[2022.01.12-23.13.29:563][487]LogModuleManager: Shutting down and abandoning module AudioSynesthesia (348)
[2022.01.12-23.13.29:563][487]LogModuleManager: Shutting down and abandoning module AudioSynesthesiaCore (346)
[2022.01.12-23.13.29:563][487]LogModuleManager: Shutting down and abandoning module ActorSequence (344)
[2022.01.12-23.13.29:563][487]LogModuleManager: Shutting down and abandoning module TcpMessaging (342)
[2022.01.12-23.13.29:665][487]LogModuleManager: Shutting down and abandoning module UdpMessaging (340)
[2022.01.12-23.13.29:766][487]LogModuleManager: Shutting down and abandoning module ImgMediaEngine (338)
[2022.01.12-23.13.29:766][487]LogModuleManager: Shutting down and abandoning module MagicLeapARPin (336)
[2022.01.12-23.13.29:766][487]LogModuleManager: Shutting down and abandoning module PythonScriptPlugin (334)
[2022.01.12-23.13.29:766][487]LogModuleManager: Shutting down and abandoning module MagicLeapHandMeshing (332)
[2022.01.12-23.13.29:766][487]LogModuleManager: Shutting down and abandoning module MagicLeapSecureStorage (330)
[2022.01.12-23.13.29:766][487]LogModuleManager: Shutting down and abandoning module MagicLeapPrivileges (328)
[2022.01.12-23.13.29:766][487]LogModuleManager: Shutting down and abandoning module MagicLeapPlanes (326)
[2022.01.12-23.13.29:766][487]LogMagicLeapPlanes: Planes tracker already destroyed.
[2022.01.12-23.13.29:766][487]LogModuleManager: Shutting down and abandoning module MagicLeapImageTracker (324)
[2022.01.12-23.13.29:766][487]LogModuleManager: Shutting down and abandoning module MagicLeapIdentity (322)
[2022.01.12-23.13.29:766][487]LogModuleManager: Shutting down and abandoning module MagicLeapHandTracking (320)
[2022.01.12-23.13.29:766][487]LogModuleManager: Shutting down and abandoning module MagicLeapEyeTracker (318)
[2022.01.12-23.13.29:766][487]LogModuleManager: Shutting down and abandoning module MagicLeapController (316)
[2022.01.12-23.13.29:766][487]LogModuleManager: Shutting down and abandoning module MagicLeapARPinImpl (314)
[2022.01.12-23.13.29:766][487]LogModuleManager: Shutting down and abandoning module MagicLeapAR (312)
[2022.01.12-23.13.29:766][487]LogModuleManager: Shutting down and abandoning module NiagaraAnimNotifies (310)
[2022.01.12-23.13.29:766][487]LogModuleManager: Shutting down and abandoning module Niagara (308)
[2022.01.12-23.13.29:766][487]LogModuleManager: Shutting down and abandoning module SignalProcessing (307)
[2022.01.12-23.13.29:767][487]LogModuleManager: Shutting down and abandoning module NiagaraEditor (305)
[2022.01.12-23.13.29:767][487]LogModuleManager: Shutting down and abandoning module ContentBrowser (304)
[2022.01.12-23.13.29:767][487]LogModuleManager: Shutting down and abandoning module CollectionManager (303)
[2022.01.12-23.13.29:768][487]LogModuleManager: Shutting down and abandoning module DirectoryWatcher (302)
[2022.01.12-23.13.29:768][487]LogModuleManager: Shutting down and abandoning module ContentBrowserData (299)
[2022.01.12-23.13.29:768][487]LogModuleManager: Shutting down and abandoning module NiagaraCore (294)
[2022.01.12-23.13.29:768][487]LogModuleManager: Shutting down and abandoning module FacialAnimation (292)
[2022.01.12-23.13.29:768][487]LogModuleManager: Shutting down and abandoning module GameplayTagsEditor (290)
[2022.01.12-23.13.29:768][487]LogModuleManager: Shutting down and abandoning module AssetManagerEditor (288)
[2022.01.12-23.13.29:768][487]LogModuleManager: Shutting down and abandoning module TreeMap (287)
[2022.01.12-23.13.29:768][487]LogModuleManager: Shutting down and abandoning module PropertyAccessNode (284)
[2022.01.12-23.13.29:768][487]LogModuleManager: Shutting down and abandoning module AnimationSharing (282)
[2022.01.12-23.13.29:768][487]LogModuleManager: Shutting down and abandoning module LightPropagationVolumeRuntime (280)
[2022.01.12-23.13.29:768][487]LogModuleManager: Shutting down and abandoning module EnvironmentQueryEditor (278)
[2022.01.12-23.13.29:768][487]LogModuleManager: Shutting down and abandoning module Paper2D (276)
[2022.01.12-23.13.29:768][487]LogModuleManager: Shutting down and abandoning module WindowsMoviePlayer (274)
[2022.01.12-23.13.29:769][487]LogModuleManager: Shutting down and abandoning module WebMMoviePlayer (272)
[2022.01.12-23.13.29:769][487]LogModuleManager: Shutting down and abandoning module NetworkReplayStreaming (270)
[2022.01.12-23.13.29:769][487]LogModuleManager: Shutting down and abandoning module PacketHandler (268)
[2022.01.12-23.13.29:769][487]LogModuleManager: Shutting down and abandoning module ClothingSystemEditor (266)
[2022.01.12-23.13.29:769][487]LogModuleManager: Shutting down and abandoning module ClothingSystemRuntimeNv (264)
[2022.01.12-23.13.29:769][487]LogModuleManager: Shutting down and abandoning module MediaAssets (262)
[2022.01.12-23.13.29:769][487]LogModuleManager: Shutting down and abandoning module Overlay (260)
[2022.01.12-23.13.29:769][487]LogModuleManager: Shutting down and abandoning module OverlayEditor (259)
[2022.01.12-23.13.29:769][487]LogModuleManager: Shutting down and abandoning module VREditor (256)
[2022.01.12-23.13.29:769][487]LogModuleManager: Shutting down and abandoning module StringTableEditor (254)
[2022.01.12-23.13.29:769][487]LogModuleManager: Shutting down and abandoning module GameplayTasksEditor (252)
[2022.01.12-23.13.29:769][487]LogModuleManager: Shutting down and abandoning module BehaviorTreeEditor (250)
[2022.01.12-23.13.29:769][487]LogModuleManager: Shutting down and abandoning module FunctionalTesting (248)
[2022.01.12-23.13.29:769][487]LogModuleManager: Shutting down and abandoning module CollisionAnalyzer (246)
[2022.01.12-23.13.29:769][487]LogModuleManager: Shutting down and abandoning module WorkspaceMenuStructure (245)
[2022.01.12-23.13.29:769][487]LogModuleManager: Shutting down and abandoning module UMG (242)
[2022.01.12-23.13.29:769][487]LogModuleManager: Shutting down and abandoning module UMGEditor (241)
[2022.01.12-23.13.29:769][487]LogModuleManager: Shutting down and abandoning module Sequencer (240)
[2022.01.12-23.13.29:769][487]LogModuleManager: Shutting down and abandoning module MessageLog (237)
[2022.01.12-23.13.29:769][487]LogModuleManager: Shutting down and abandoning module SlateReflector (232)
[2022.01.12-23.13.29:770][487]LogModuleManager: Shutting down and abandoning module Slate (230)
[2022.01.12-23.13.29:770][487]LogModuleManager: Shutting down and abandoning module SlateCore (228)
[2022.01.12-23.13.29:772][487]LogModuleManager: Shutting down and abandoning module LandscapeEditorUtilities (226)
[2022.01.12-23.13.29:772][487]LogModuleManager: Shutting down and abandoning module UnrealEd (224)
[2022.01.12-23.13.29:772][487]LogModuleManager: Shutting down and abandoning module MRMesh (222)
[2022.01.12-23.13.29:772][487]LogModuleManager: Shutting down and abandoning module Messaging (220)
[2022.01.12-23.13.29:772][487]LogModuleManager: Shutting down and abandoning module SourceCodeAccess (218)
[2022.01.12-23.13.29:772][487]LogModuleManager: Shutting down and abandoning module HeadMountedDisplay (216)
[2022.01.12-23.13.29:772][487]LogModuleManager: Shutting down and abandoning module XAudio2 (214)
[2022.01.12-23.13.29:772][487]LogModuleManager: Shutting down and abandoning module Networking (212)
[2022.01.12-23.13.29:772][487]LogModuleManager: Shutting down and abandoning module Core (210)
[2022.01.12-23.13.29:772][487]LogModuleManager: Shutting down and abandoning module MaterialEditor (208)
[2022.01.12-23.13.29:772][487]LogModuleManager: Shutting down and abandoning module MovieSceneTools (206)
[2022.01.12-23.13.29:772][487]LogModuleManager: Shutting down and abandoning module EditorStyle (205)
[2022.01.12-23.13.29:773][487]LogModuleManager: Shutting down and abandoning module KismetCompiler (202)
[2022.01.12-23.13.29:774][487]LogModuleManager: Shutting down and abandoning module MeshBuilder (200)
[2022.01.12-23.13.29:774][487]LogModuleManager: Shutting down and abandoning module MeshUtilities (198)
[2022.01.12-23.13.29:774][487]LogModuleManager: Shutting down and abandoning module MeshMergeUtilities (197)
[2022.01.12-23.13.29:774][487]LogModuleManager: Shutting down and abandoning module MeshReductionInterface (196)
[2022.01.12-23.13.29:774][487]LogModuleManager: Shutting down and abandoning module MeshBoneReduction (195)
[2022.01.12-23.13.29:774][487]LogModuleManager: Shutting down and abandoning module SkeletalMeshReduction (193)
[2022.01.12-23.13.29:774][487]LogModuleManager: Shutting down and abandoning module ProxyLODMeshReduction (191)
[2022.01.12-23.13.29:774][487]LogModuleManager: Shutting down and abandoning module QuadricMeshReduction (189)
[2022.01.12-23.13.29:774][487]LogModuleManager: Shutting down and abandoning module MaterialBaking (185)
[2022.01.12-23.13.29:774][487]LogModuleManager: Shutting down and abandoning module NullInstallBundleManager (180)
[2022.01.12-23.13.29:774][487]LogModuleManager: Shutting down and abandoning module PIEPreviewDeviceProfileSelector (178)
[2022.01.12-23.13.29:774][487]LogModuleManager: Shutting down and abandoning module DerivedDataCache (176)
[2022.01.12-23.13.29:774][487]LogModuleManager: Shutting down and abandoning module TargetPlatform (174)
[2022.01.12-23.13.29:774][487]LogModuleManager: Shutting down and abandoning module VulkanShaderFormat (173)
[2022.01.12-23.13.29:774][487]LogModuleManager: Shutting down and abandoning module ShaderFormatVectorVM (171)
[2022.01.12-23.13.29:774][487]LogModuleManager: Shutting down and abandoning module ShaderFormatOpenGL (169)
[2022.01.12-23.13.29:774][487]LogModuleManager: Shutting down and abandoning module ShaderFormatD3D (167)
[2022.01.12-23.13.29:775][487]LogModuleManager: Shutting down and abandoning module MetalShaderFormat (165)
[2022.01.12-23.13.29:775][487]LogModuleManager: Shutting down and abandoning module TextureFormatOodle (163)
[2022.01.12-23.13.29:775][487]LogModuleManager: Shutting down and abandoning module TextureFormatUncompressed (161)
[2022.01.12-23.13.29:775][487]LogModuleManager: Shutting down and abandoning module TextureFormatPVR (159)
[2022.01.12-23.13.29:775][487]LogModuleManager: Shutting down and abandoning module TextureFormatETC2 (157)
[2022.01.12-23.13.29:775][487]LogModuleManager: Shutting down and abandoning module TextureFormatDXT (155)
[2022.01.12-23.13.29:775][487]LogModuleManager: Shutting down and abandoning module TextureFormatIntelISPCTexComp (153)
[2022.01.12-23.13.29:775][487]LogModuleManager: Shutting down and abandoning module TextureFormatASTC (151)
[2022.01.12-23.13.29:775][487]LogModuleManager: Shutting down and abandoning module ImageWrapper (150)
[2022.01.12-23.13.29:775][487]LogModuleManager: Shutting down and abandoning module AudioFormatOpus (147)
[2022.01.12-23.13.29:775][487]LogModuleManager: Shutting down and abandoning module AudioFormatOgg (145)
[2022.01.12-23.13.29:775][487]LogModuleManager: Shutting down and abandoning module AudioFormatADPCM (143)
[2022.01.12-23.13.29:775][487]LogModuleManager: Shutting down and abandoning module WindowsServerTargetPlatform (141)
[2022.01.12-23.13.29:775][487]LogModuleManager: Shutting down and abandoning module WindowsClientTargetPlatform (139)
[2022.01.12-23.13.29:775][487]LogModuleManager: Shutting down and abandoning module WindowsTargetPlatform (137)
[2022.01.12-23.13.29:775][487]LogModuleManager: Shutting down and abandoning module WindowsNoEditorTargetPlatform (135)
[2022.01.12-23.13.29:775][487]LogModuleManager: Shutting down and abandoning module D3D11RHI (132)
[2022.01.12-23.13.29:775][487]LogModuleManager: Shutting down and abandoning module InputCore (130)
[2022.01.12-23.13.29:775][487]LogModuleManager: Shutting down and abandoning module Settings (128)
[2022.01.12-23.13.29:775][487]LogModuleManager: Shutting down and abandoning module PhysXCooking (126)
[2022.01.12-23.13.29:775][487]LogModuleManager: Shutting down and abandoning module Chaos (124)
[2022.01.12-23.13.29:775][487]LogModuleManager: Shutting down and abandoning module WindowsPlatformFeatures (122)
[2022.01.12-23.13.29:775][487]LogModuleManager: Shutting down and abandoning module GameplayMediaEncoder (121)
[2022.01.12-23.13.29:775][487]LogModuleManager: Shutting down and abandoning module AVEncoder (120)
[2022.01.12-23.13.29:775][487]LogModuleManager: Shutting down and abandoning module SteamVRInputDevice (116)
[2022.01.12-23.13.29:775][487]LogModuleManager: Shutting down and abandoning module SteamVRInput (114)
[2022.01.12-23.13.29:775][487]LogModuleManager: Shutting down and abandoning module SteamVR (112)
[2022.01.12-23.13.29:775][487]LogHMD: Freeing OpenVRDLLHandle.
[2022.01.12-23.13.29:775][487]LogModuleManager: Shutting down and abandoning module OculusHMD (110)
[2022.01.12-23.13.29:775][487]LogModuleManager: Shutting down and abandoning module OpenXRAR (108)
[2022.01.12-23.13.29:775][487]LogModuleManager: Shutting down and abandoning module AugmentedReality (107)
[2022.01.12-23.13.29:775][487]LogModuleManager: Shutting down and abandoning module OpenXRHandTracking (104)
[2022.01.12-23.13.29:775][487]LogSlate: Slate User Destroyed.  User Index 0, Is Virtual User: 0
[2022.01.12-23.13.29:775][487]LogModuleManager: Shutting down and abandoning module OpenXRHMD (103)
[2022.01.12-23.13.29:776][487]LogModuleManager: Shutting down and abandoning module OpenXREyeTracker (100)
[2022.01.12-23.13.29:776][487]LogModuleManager: Shutting down and abandoning module ExampleDeviceProfileSelector (98)
[2022.01.12-23.13.29:776][487]LogModuleManager: Shutting down and abandoning module ChunkDownloader (96)
[2022.01.12-23.13.29:776][487]LogModuleManager: Shutting down and abandoning module LauncherChunkInstaller (94)
[2022.01.12-23.13.29:776][487]LogModuleManager: Shutting down and abandoning module OnlineBlueprintSupport (92)
[2022.01.12-23.13.29:776][487]LogModuleManager: Shutting down and abandoning module OnlineSubsystem (88)
[2022.01.12-23.13.29:777][487]LogModuleManager: Shutting down and abandoning module XMPP (83)
[2022.01.12-23.13.29:777][487]LogModuleManager: Shutting down and abandoning module WebSockets (82)
[2022.01.12-23.13.29:787][487]LogModuleManager: Shutting down and abandoning module HTTP (79)
[2022.01.12-23.13.29:787][487]LogHttp: Display: cleaning up 0 outstanding Http requests.
[2022.01.12-23.13.29:802][487]LogModuleManager: Shutting down and abandoning module SSL (78)
[2022.01.12-23.13.29:804][487]LogModuleManager: Shutting down and abandoning module WmfMedia (74)
[2022.01.12-23.13.29:807][487]LogModuleManager: Shutting down and abandoning module Media (73)
[2022.01.12-23.13.29:808][487]LogModuleManager: Shutting down and abandoning module MediaInfo (72)
[2022.01.12-23.13.29:808][487]LogModuleManager: Shutting down and abandoning module ExrReaderGpu (68)
[2022.01.12-23.13.29:808][487]LogModuleManager: Shutting down and abandoning module MLSDK (66)
[2022.01.12-23.13.29:808][487]LogModuleManager: Shutting down and abandoning module MagicLeap (64)
[2022.01.12-23.13.29:808][487]LogModuleManager: Shutting down and abandoning module NiagaraVertexFactories (62)
[2022.01.12-23.13.29:808][487]LogModuleManager: Shutting down and abandoning module NiagaraShader (60)
[2022.01.12-23.13.29:808][487]LogModuleManager: Shutting down and abandoning module ChaosCloth (58)
[2022.01.12-23.13.29:808][487]LogModuleManager: Shutting down and abandoning module VariantManagerContent (56)
[2022.01.12-23.13.29:808][487]LogModuleManager: Shutting down and abandoning module DatasmithContent (54)
[2022.01.12-23.13.29:810][487]LogModuleManager: Shutting down and abandoning module PixWinPlugin (52)
[2022.01.12-23.13.29:810][487]LogModuleManager: Shutting down and abandoning module AISupportModule (50)
[2022.01.12-23.13.29:810][487]LogModuleManager: Shutting down and abandoning module DesktopPlatform (48)
[2022.01.12-23.13.29:810][487]LogModuleManager: Shutting down and abandoning module PythonScriptPluginPreload (46)
[2022.01.12-23.13.29:810][487]LogModuleManager: Shutting down and abandoning module PlatformCryptoOpenSSL (44)
[2022.01.12-23.13.29:810][487]LogModuleManager: Shutting down and abandoning module PlatformCryptoTypes (42)
[2022.01.12-23.13.29:810][487]LogModuleManager: Shutting down and abandoning module PlatformCrypto (40)
[2022.01.12-23.13.29:810][487]LogModuleManager: Shutting down and abandoning module OodleDataCompressionFormat (38)
[2022.01.12-23.13.29:810][487]LogModuleManager: Shutting down and abandoning module XGEController (36)
[2022.01.12-23.13.29:810][487]LogModuleManager: Shutting down and abandoning module AnimationModifiers (34)
[2022.01.12-23.13.29:810][487]LogModuleManager: Shutting down and abandoning module AudioEditor (32)
[2022.01.12-23.13.29:810][487]LogModuleManager: Shutting down and abandoning module PropertyEditor (31)
[2022.01.12-23.13.29:810][487]LogModuleManager: Shutting down and abandoning module TextureCompressor (28)
[2022.01.12-23.13.29:811][487]LogModuleManager: Shutting down and abandoning module RenderCore (26)
[2022.01.12-23.13.29:811][487]LogModuleManager: Shutting down and abandoning module Landscape (24)
[2022.01.12-23.13.29:811][487]LogModuleManager: Shutting down and abandoning module SlateRHIRenderer (22)
[2022.01.12-23.13.29:811][487]LogModuleManager: Shutting down and abandoning module AnimGraphRuntime (20)
[2022.01.12-23.13.29:811][487]LogModuleManager: Shutting down and abandoning module Renderer (18)
[2022.01.12-23.13.29:811][487]LogModuleManager: Shutting down and abandoning module Engine (16)
[2022.01.12-23.13.29:811][487]LogModuleManager: Shutting down and abandoning module CoreUObject (14)
[2022.01.12-23.13.29:811][487]LogModuleManager: Shutting down and abandoning module NetworkFile (12)
[2022.01.12-23.13.29:811][487]LogModuleManager: Shutting down and abandoning module CookedIterativeFile (10)
[2022.01.12-23.13.29:811][487]LogModuleManager: Shutting down and abandoning module StreamingFile (8)
[2022.01.12-23.13.29:811][487]LogModuleManager: Shutting down and abandoning module SandboxFile (6)
[2022.01.12-23.13.29:811][487]LogModuleManager: Shutting down and abandoning module PakFile (4)
[2022.01.12-23.13.29:811][487]LogModuleManager: Shutting down and abandoning module RSA (3)
[2022.01.12-23.13.30:279][487]LogContentStreaming: Display: There are 1 unreleased StreamingManagers
[2022.01.12-23.13.30:301][487]LogD3D11RHI: Shutdown
[2022.01.12-23.13.30:301][487]LogD3D11RHI: CleanupD3DDevice
[2022.01.12-23.13.30:303][487]LogExit: Exiting.
[2022.01.12-23.13.30:530][487]Log file closed, 01/13/22 00:13:30
